#
# A fatal error has been detected by the Java Runtime Environment:
#
#  SIGSEGV (0xb) at pc=0x00007f964e70f820, pid=19045, tid=0x00007f964f86b700
#
# JRE version: Java(TM) SE Runtime Environment (8.0_161-b12) (build 1.8.0_161-b12)
# Java VM: Java HotSpot(TM) 64-Bit Server VM (25.161-b12 mixed mode linux-amd64 compressed oops)
# Problematic frame:
# V  [libjvm.so+0xaa5820]  UTF8::unicode_length(char const*)+0x0
#
# Failed to write core dump. Core dumps have been disabled. To enable core dumping, try "ulimit -c unlimited" before starting Java again
#
# If you would like to submit a bug report, please visit:
#   http://bugreport.java.com/bugreport/crash.jsp
#

---------------  T H R E A D  ---------------

Current thread (0x00007f964800a800):  JavaThread "main" [_thread_in_vm, id=19046, stack(0x00007f964f76b000,0x00007f964f86c000)]

siginfo: si_signo: 11 (SIGSEGV), si_code: 1 (SEGV_MAPERR), si_addr: 0x0000000000000074

Registers:
RAX=0x0000000000000000, RBX=0x0000000000000074, RCX=0x0000000000000074, RDX=0x00007f964ec358b0
RSP=0x00007f964f86a778, RBP=0x00007f964f86a7a0, RSI=0x00007f964800a800, RDI=0x0000000000000074
R8 =0x0000000000000000, R9 =0x000000000000000d, R10=0x0000000000000838, R11=0x00007f964edb55d0
R12=0x00007f964800a800, R13=0x0000000000000000, R14=0x00007f964800a9f8, R15=0x00007f964ec3a680
RIP=0x00007f964e70f820, EFLAGS=0x0000000000010206, CSGSFS=0x002b000000000033, ERR=0x0000000000000004
  TRAPNO=0x000000000000000e

Top of Stack: (sp=0x00007f964f86a778)
0x00007f964f86a778:   00007f964e3070db 00007f964800a800
0x00007f964f86a788:   00007f964f86a7b0 0000000000000000
0x00007f964f86a798:   00007f964800a9f8 00007f964f86a810
0x00007f964f86a7a8:   00007f964e351263 00007f964800a800
0x00007f964f86a7b8:   0000000000000000 000000000000000d
0x00007f964f86a7c8:   00007f964812ab90 00007f964800a800
0x00007f964f86a7d8:   00007f964812a3f0 0000000000000007
0x00007f964f86a7e8:   00007f962bc00550 0000000000000000
0x00007f964f86a7f8:   00007f962bc00550 00007f964f86a908
0x00007f964f86a808:   00007f964800a800 00007f964f86a860
0x00007f964f86a818:   00007f9629f125a3 00007f964f86a8f0
0x00007f964f86a828:   00007f96481216f0 00007f964f86a908
0x00007f964f86a838:   00007f964800a9f8 0000000000000000
0x00007f964f86a848:   00007f96481216f0 00007f964812ab90
0x00007f964f86a858:   00007f964812ab20 00007f964f86a8d0
0x00007f964f86a868:   00007f9639018107 00007f964f86a8d0
0x00007f964f86a878:   00007f9639017e59 00007f964800a800
0x00007f964f86a888:   00007f9639017e22 00007f964f86a890
0x00007f964f86a898:   00007f962bc00550 00007f964f86a908
0x00007f964f86a8a8:   00007f962bc00850 0000000000000000
0x00007f964f86a8b8:   00007f962bc00550 0000000000000000
0x00007f964f86a8c8:   00007f964f86a8f0 00007f964f86a960
0x00007f964f86a8d8:   00007f9639008040 0000000000000000
0x00007f964f86a8e8:   00007f9639011d1b 00000000d6972968
0x00007f964f86a8f8:   00007f96481216f0 00007f9639008040
0x00007f964f86a908:   00000000d6972900 00000000d6972bf0
0x00007f964f86a918:   00000000d691d900 00007f964f86a920
0x00007f964f86a928:   00007f962bc00741 00007f964f86a988
0x00007f964f86a938:   00007f962bc00850 0000000000000000
0x00007f964f86a948:   00007f962bc00760 00007f964f86a8f0
0x00007f964f86a958:   00007f964f86a988 00007f964f86a9f0
0x00007f964f86a968:   00007f96390007a7 00007f96481216f0 

Instructions: (pc=0x00007f964e70f820)
0x00007f964e70f800:   0f be 04 0f 8d 56 ff 25 c0 00 00 00 83 c0 80 0f
0x00007f964e70f810:   44 f2 48 83 c1 01 41 39 c8 7f e5 89 f0 c9 c3 90
0x00007f964e70f820:   0f b6 07 55 31 d2 48 89 e5 84 c0 74 1e 0f 1f 00
0x00007f964e70f830:   25 c0 00 00 00 83 c0 80 0f 95 c0 48 83 c7 01 0f 

Register to memory mapping:

RAX=0x0000000000000000 is an unknown value
RBX=0x0000000000000074 is an unknown value
RCX=0x0000000000000074 is an unknown value
RDX=0x00007f964ec358b0: <offset 0xfcb8b0> in /usr/lib/jvm/java-8-oracle/jre/lib/amd64/server/libjvm.so at 0x00007f964dc6a000
RSP=0x00007f964f86a778 is pointing into the stack for thread: 0x00007f964800a800
RBP=0x00007f964f86a7a0 is pointing into the stack for thread: 0x00007f964800a800
RSI=0x00007f964800a800 is a thread
RDI=0x0000000000000074 is an unknown value
R8 =0x0000000000000000 is an unknown value
R9 =0x000000000000000d is an unknown value
R10=0x0000000000000838 is an unknown value
R11=0x00007f964edb55d0: <offset 0x14e5d0> in /lib/x86_64-linux-gnu/libc.so.6 at 0x00007f964ec67000
R12=0x00007f964800a800 is a thread
R13=0x0000000000000000 is an unknown value
R14=0x00007f964800a9f8 is an unknown value
R15=0x00007f964ec3a680: <offset 0xfd0680> in /usr/lib/jvm/java-8-oracle/jre/lib/amd64/server/libjvm.so at 0x00007f964dc6a000


Stack: [0x00007f964f76b000,0x00007f964f86c000],  sp=0x00007f964f86a778,  free space=1021k
Native frames: (J=compiled Java code, j=interpreted, Vv=VM code, C=native code)
V  [libjvm.so+0xaa5820]  UTF8::unicode_length(char const*)+0x0
V  [libjvm.so+0x6e7263]  jni_NewStringUTF+0xc3
C  [libhash_table.so+0x15a3]  Java_HashTable_ht_1search+0xa8
j  HashTable.ht_search(JLjava/lang/String;)Ljava/lang/String;+0
j  HashTable.main([Ljava/lang/String;)V+41
v  ~StubRoutines::call_stub
V  [libjvm.so+0x695ae6]  JavaCalls::call_helper(JavaValue*, methodHandle*, JavaCallArguments*, Thread*)+0x1056
V  [libjvm.so+0x6d7072]  jni_invoke_static(JNIEnv_*, JavaValue*, _jobject*, JNICallType, _jmethodID*, JNI_ArgumentPusher*, Thread*)+0x362
V  [libjvm.so+0x6f38da]  jni_CallStaticVoidMethod+0x17a
C  [libjli.so+0x80ff]  JavaMain+0x81f
C  [libpthread.so.0+0x76ba]  start_thread+0xca

Java frames: (J=compiled Java code, j=interpreted, Vv=VM code)
j  HashTable.ht_search(JLjava/lang/String;)Ljava/lang/String;+0
j  HashTable.main([Ljava/lang/String;)V+41
v  ~StubRoutines::call_stub

---------------  P R O C E S S  ---------------

Java Threads: ( => current thread )
  0x00007f96480c9000 JavaThread "Service Thread" daemon [_thread_blocked, id=19058, stack(0x00007f962a215000,0x00007f962a316000)]
  0x00007f96480be000 JavaThread "C1 CompilerThread2" daemon [_thread_blocked, id=19057, stack(0x00007f962a316000,0x00007f962a417000)]
  0x00007f96480bc000 JavaThread "C2 CompilerThread1" daemon [_thread_blocked, id=19056, stack(0x00007f962a417000,0x00007f962a518000)]
  0x00007f96480b9000 JavaThread "C2 CompilerThread0" daemon [_thread_blocked, id=19055, stack(0x00007f962a518000,0x00007f962a619000)]
  0x00007f96480b7800 JavaThread "Signal Dispatcher" daemon [_thread_blocked, id=19054, stack(0x00007f962a619000,0x00007f962a71a000)]
  0x00007f9648084800 JavaThread "Finalizer" daemon [_thread_blocked, id=19053, stack(0x00007f962a9f2000,0x00007f962aaf3000)]
  0x00007f9648080000 JavaThread "Reference Handler" daemon [_thread_blocked, id=19052, stack(0x00007f962aaf3000,0x00007f962abf4000)]
=>0x00007f964800a800 JavaThread "main" [_thread_in_vm, id=19046, stack(0x00007f964f76b000,0x00007f964f86c000)]

Other Threads:
  0x00007f9648078000 VMThread [stack: 0x00007f962abf4000,0x00007f962acf5000] [id=19051]
  0x00007f96480ce000 WatcherThread [stack: 0x00007f962a114000,0x00007f962a215000] [id=19059]

VM state:not at safepoint (normal execution)

VM Mutex/Monitor currently owned by a thread: None

Heap:
 PSYoungGen      total 37888K, used 1310K [0x00000000d6900000, 0x00000000d9300000, 0x0000000100000000)
  eden space 32768K, 4% used [0x00000000d6900000,0x00000000d6a47b08,0x00000000d8900000)
  from space 5120K, 0% used [0x00000000d8e00000,0x00000000d8e00000,0x00000000d9300000)
  to   space 5120K, 0% used [0x00000000d8900000,0x00000000d8900000,0x00000000d8e00000)
 ParOldGen       total 86016K, used 0K [0x0000000083a00000, 0x0000000088e00000, 0x00000000d6900000)
  object space 86016K, 0% used [0x0000000083a00000,0x0000000083a00000,0x0000000088e00000)
 Metaspace       used 2619K, capacity 4486K, committed 4864K, reserved 1056768K
  class space    used 283K, capacity 386K, committed 512K, reserved 1048576K

Card table byte_map: [0x00007f964c11e000,0x00007f964c502000] byte_map_base: 0x00007f964bd01000

Marking Bits: (ParMarkBitMap*) 0x00007f964ec39920
 Begin Bits: [0x00007f96301d0000, 0x00007f96320e8000)
 End Bits:   [0x00007f96320e8000, 0x00007f9634000000)

Polling page: 0x00007f964f887000

CodeCache: size=245760Kb used=1107Kb max_used=1114Kb free=244652Kb
 bounds [0x00007f9639000000, 0x00007f9639270000, 0x00007f9648000000]
 total_blobs=249 nmethods=21 adapters=143
 compilation: enabled

Compilation events (10 events):
Event: 0.063 Thread 0x00007f96480be000 nmethod 19 0x00007f96391114d0 code [0x00007f96391116a0, 0x00007f9639112028]
Event: 0.064 Thread 0x00007f96480be000   16       3       sun.misc.JarIndex::addToList (59 bytes)
Event: 0.067 Thread 0x00007f96480be000 nmethod 16 0x00007f9639115150 code [0x00007f9639115380, 0x00007f9639115eb8]
Event: 0.067 Thread 0x00007f96480bc000 nmethod 15 0x00007f9639116410 code [0x00007f9639116560, 0x00007f96391167b8]
Event: 0.067 Thread 0x00007f96480be000   13       3       java.lang.String::<init> (82 bytes)
Event: 0.068 Thread 0x00007f96480be000 nmethod 13 0x00007f9639114810 code [0x00007f96391149e0, 0x00007f9639114eb8]
Event: 0.068 Thread 0x00007f96480be000   20       3       java.util.HashMap::get (23 bytes)
Event: 0.068 Thread 0x00007f96480be000 nmethod 20 0x00007f9639114110 code [0x00007f96391142a0, 0x00007f9639114698]
Event: 0.068 Thread 0x00007f96480be000   21       1       java.lang.ThreadLocal::access$400 (5 bytes)
Event: 0.068 Thread 0x00007f96480be000 nmethod 21 0x00007f9639113e50 code [0x00007f9639113fa0, 0x00007f9639114090]

GC Heap History (0 events):
No events

Deoptimization events (0 events):
No events

Classes redefined (0 events):
No events

Internal exceptions (2 events):
Event: 0.025 Thread 0x00007f964800a800 Exception <a 'java/lang/NoSuchMethodError': Method sun.misc.Unsafe.defineClass(Ljava/lang/String;[BII)Ljava/lang/Class; name or signature does not match> (0x00000000d6907ca0) thrown at [/HUDSON/workspace/8-2-build-linux-amd64/jdk8u161/10277/hotspot/src/sh
Event: 0.025 Thread 0x00007f964800a800 Exception <a 'java/lang/NoSuchMethodError': Method sun.misc.Unsafe.prefetchRead(Ljava/lang/Object;J)V name or signature does not match> (0x00000000d6907f88) thrown at [/HUDSON/workspace/8-2-build-linux-amd64/jdk8u161/10277/hotspot/src/share/vm/prims/jni.c

Events (10 events):
Event: 0.064 loading class java/security/BasicPermissionCollection
Event: 0.064 loading class java/security/BasicPermissionCollection done
Event: 0.065 loading class sun/launcher/LauncherHelper$FXHelper
Event: 0.065 loading class sun/launcher/LauncherHelper$FXHelper done
Event: 0.065 loading class java/lang/Class$MethodArray
Event: 0.065 loading class java/lang/Class$MethodArray done
Event: 0.065 loading class java/lang/Void
Event: 0.065 loading class java/lang/Void done
Event: 0.065 loading class java/lang/ClassLoaderHelper
Event: 0.066 loading class java/lang/ClassLoaderHelper done


Dynamic libraries:
00400000-00401000 r-xp 00000000 08:01 2490962                            /usr/lib/jvm/java-8-oracle/jre/bin/java
00600000-00601000 rw-p 00000000 08:01 2490962                            /usr/lib/jvm/java-8-oracle/jre/bin/java
00de7000-00e08000 rw-p 00000000 00:00 0                                  [heap]
83a00000-88e00000 rw-p 00000000 00:00 0 
88e00000-d6900000 ---p 00000000 00:00 0 
d6900000-d9300000 rw-p 00000000 00:00 0 
d9300000-100000000 ---p 00000000 00:00 0 
100000000-100080000 rw-p 00000000 00:00 0 
100080000-140000000 ---p 00000000 00:00 0 
7f95fc000000-7f95fc021000 rw-p 00000000 00:00 0 
7f95fc021000-7f9600000000 ---p 00000000 00:00 0 
7f9600000000-7f9600021000 rw-p 00000000 00:00 0 
7f9600021000-7f9604000000 ---p 00000000 00:00 0 
7f9604000000-7f9604026000 rw-p 00000000 00:00 0 
7f9604026000-7f9608000000 ---p 00000000 00:00 0 
7f9608000000-7f960804e000 rw-p 00000000 00:00 0 
7f960804e000-7f960c000000 ---p 00000000 00:00 0 
7f960c000000-7f960c056000 rw-p 00000000 00:00 0 
7f960c056000-7f9610000000 ---p 00000000 00:00 0 
7f9610000000-7f9610021000 rw-p 00000000 00:00 0 
7f9610021000-7f9614000000 ---p 00000000 00:00 0 
7f9614000000-7f9614021000 rw-p 00000000 00:00 0 
7f9614021000-7f9618000000 ---p 00000000 00:00 0 
7f9618000000-7f9618021000 rw-p 00000000 00:00 0 
7f9618021000-7f961c000000 ---p 00000000 00:00 0 
7f961c000000-7f961c021000 rw-p 00000000 00:00 0 
7f961c021000-7f9620000000 ---p 00000000 00:00 0 
7f9620000000-7f9620021000 rw-p 00000000 00:00 0 
7f9620021000-7f9624000000 ---p 00000000 00:00 0 
7f9624000000-7f9624021000 rw-p 00000000 00:00 0 
7f9624021000-7f9628000000 ---p 00000000 00:00 0 
7f9629c89000-7f9629f11000 rw-p 00000000 00:00 0 
7f9629f11000-7f9629f13000 r-xp 00000000 08:01 1192527                    /home/antchil/Documents/module-2.2/hash_table_JNI/libhash_table.so
7f9629f13000-7f962a112000 ---p 00002000 08:01 1192527                    /home/antchil/Documents/module-2.2/hash_table_JNI/libhash_table.so
7f962a112000-7f962a113000 r--p 00001000 08:01 1192527                    /home/antchil/Documents/module-2.2/hash_table_JNI/libhash_table.so
7f962a113000-7f962a114000 rw-p 00002000 08:01 1192527                    /home/antchil/Documents/module-2.2/hash_table_JNI/libhash_table.so
7f962a114000-7f962a115000 ---p 00000000 00:00 0 
7f962a115000-7f962a215000 rw-p 00000000 00:00 0 
7f962a215000-7f962a218000 ---p 00000000 00:00 0 
7f962a218000-7f962a316000 rw-p 00000000 00:00 0 
7f962a316000-7f962a319000 ---p 00000000 00:00 0 
7f962a319000-7f962a417000 rw-p 00000000 00:00 0 
7f962a417000-7f962a41a000 ---p 00000000 00:00 0 
7f962a41a000-7f962a518000 rw-p 00000000 00:00 0 
7f962a518000-7f962a51b000 ---p 00000000 00:00 0 
7f962a51b000-7f962a619000 rw-p 00000000 00:00 0 
7f962a619000-7f962a61c000 ---p 00000000 00:00 0 
7f962a61c000-7f962a71a000 rw-p 00000000 00:00 0 
7f962a71a000-7f962a9f2000 r--p 00000000 08:01 2360788                    /usr/lib/locale/locale-archive
7f962a9f2000-7f962a9f5000 ---p 00000000 00:00 0 
7f962a9f5000-7f962aaf3000 rw-p 00000000 00:00 0 
7f962aaf3000-7f962aaf6000 ---p 00000000 00:00 0 
7f962aaf6000-7f962abf4000 rw-p 00000000 00:00 0 
7f962abf4000-7f962abf5000 ---p 00000000 00:00 0 
7f962abf5000-7f962bc40000 rw-p 00000000 00:00 0 
7f962bc40000-7f962c000000 ---p 00000000 00:00 0 
7f962c000000-7f962c021000 rw-p 00000000 00:00 0 
7f962c021000-7f9630000000 ---p 00000000 00:00 0 
7f9630039000-7f96300cf000 r--s 0110a000 08:01 2491209                    /usr/lib/jvm/java-8-oracle/jre/lib/ext/jfxrt.jar
7f96300cf000-7f9634000000 rw-p 00000000 00:00 0 
7f9634000000-7f9634021000 rw-p 00000000 00:00 0 
7f9634021000-7f9638000000 ---p 00000000 00:00 0 
7f963805d000-7f9638433000 rw-p 00000000 00:00 0 
7f9638433000-7f963860c000 r--s 03d64000 08:01 2491062                    /usr/lib/jvm/java-8-oracle/jre/lib/rt.jar
7f963860c000-7f9638a65000 rw-p 00000000 00:00 0 
7f9638a65000-7f9638a66000 ---p 00000000 00:00 0 
7f9638a66000-7f9638b66000 rw-p 00000000 00:00 0 
7f9638b66000-7f9638b67000 ---p 00000000 00:00 0 
7f9638b67000-7f9638c67000 rw-p 00000000 00:00 0 
7f9638c67000-7f9638c68000 ---p 00000000 00:00 0 
7f9638c68000-7f9638d92000 rw-p 00000000 00:00 0 
7f9638d92000-7f9639000000 ---p 00000000 00:00 0 
7f9639000000-7f9639270000 rwxp 00000000 00:00 0 
7f9639270000-7f9648000000 ---p 00000000 00:00 0 
7f9648000000-7f9648144000 rw-p 00000000 00:00 0 
7f9648144000-7f964c000000 ---p 00000000 00:00 0 
7f964c01d000-7f964c01e000 ---p 00000000 00:00 0 
7f964c01e000-7f964c148000 rw-p 00000000 00:00 0 
7f964c148000-7f964c3b5000 ---p 00000000 00:00 0 
7f964c3b5000-7f964c3cb000 rw-p 00000000 00:00 0 
7f964c3cb000-7f964c501000 ---p 00000000 00:00 0 
7f964c501000-7f964c50c000 rw-p 00000000 00:00 0 
7f964c50c000-7f964c8c2000 ---p 00000000 00:00 0 
7f964c8c2000-7f964c8dd000 r-xp 00000000 08:01 2491134                    /usr/lib/jvm/java-8-oracle/jre/lib/amd64/libzip.so
7f964c8dd000-7f964cadd000 ---p 0001b000 08:01 2491134                    /usr/lib/jvm/java-8-oracle/jre/lib/amd64/libzip.so
7f964cadd000-7f964cade000 rw-p 0001b000 08:01 2491134                    /usr/lib/jvm/java-8-oracle/jre/lib/amd64/libzip.so
7f964cade000-7f964cae9000 r-xp 00000000 08:01 1451889                    /lib/x86_64-linux-gnu/libnss_files-2.23.so
7f964cae9000-7f964cce8000 ---p 0000b000 08:01 1451889                    /lib/x86_64-linux-gnu/libnss_files-2.23.so
7f964cce8000-7f964cce9000 r--p 0000a000 08:01 1451889                    /lib/x86_64-linux-gnu/libnss_files-2.23.so
7f964cce9000-7f964ccea000 rw-p 0000b000 08:01 1451889                    /lib/x86_64-linux-gnu/libnss_files-2.23.so
7f964ccea000-7f964ccf0000 rw-p 00000000 00:00 0 
7f964ccf0000-7f964ccfb000 r-xp 00000000 08:01 1451898                    /lib/x86_64-linux-gnu/libnss_nis-2.23.so
7f964ccfb000-7f964cefa000 ---p 0000b000 08:01 1451898                    /lib/x86_64-linux-gnu/libnss_nis-2.23.so
7f964cefa000-7f964cefb000 r--p 0000a000 08:01 1451898                    /lib/x86_64-linux-gnu/libnss_nis-2.23.so
7f964cefb000-7f964cefc000 rw-p 0000b000 08:01 1451898                    /lib/x86_64-linux-gnu/libnss_nis-2.23.so
7f964cefc000-7f964cf12000 r-xp 00000000 08:01 1451823                    /lib/x86_64-linux-gnu/libnsl-2.23.so
7f964cf12000-7f964d111000 ---p 00016000 08:01 1451823                    /lib/x86_64-linux-gnu/libnsl-2.23.so
7f964d111000-7f964d112000 r--p 00015000 08:01 1451823                    /lib/x86_64-linux-gnu/libnsl-2.23.so
7f964d112000-7f964d113000 rw-p 00016000 08:01 1451823                    /lib/x86_64-linux-gnu/libnsl-2.23.so
7f964d113000-7f964d115000 rw-p 00000000 00:00 0 
7f964d115000-7f964d11d000 r-xp 00000000 08:01 1451872                    /lib/x86_64-linux-gnu/libnss_compat-2.23.so
7f964d11d000-7f964d31c000 ---p 00008000 08:01 1451872                    /lib/x86_64-linux-gnu/libnss_compat-2.23.so
7f964d31c000-7f964d31d000 r--p 00007000 08:01 1451872                    /lib/x86_64-linux-gnu/libnss_compat-2.23.so
7f964d31d000-7f964d31e000 rw-p 00008000 08:01 1451872                    /lib/x86_64-linux-gnu/libnss_compat-2.23.so
7f964d31e000-7f964d349000 r-xp 00000000 08:01 2491128                    /usr/lib/jvm/java-8-oracle/jre/lib/amd64/libjava.so
7f964d349000-7f964d548000 ---p 0002b000 08:01 2491128                    /usr/lib/jvm/java-8-oracle/jre/lib/amd64/libjava.so
7f964d548000-7f964d54a000 rw-p 0002a000 08:01 2491128                    /usr/lib/jvm/java-8-oracle/jre/lib/amd64/libjava.so
7f964d54a000-7f964d557000 r-xp 00000000 08:01 2491133                    /usr/lib/jvm/java-8-oracle/jre/lib/amd64/libverify.so
7f964d557000-7f964d757000 ---p 0000d000 08:01 2491133                    /usr/lib/jvm/java-8-oracle/jre/lib/amd64/libverify.so
7f964d757000-7f964d759000 rw-p 0000d000 08:01 2491133                    /usr/lib/jvm/java-8-oracle/jre/lib/amd64/libverify.so
7f964d759000-7f964d760000 r-xp 00000000 08:01 1451899                    /lib/x86_64-linux-gnu/librt-2.23.so
7f964d760000-7f964d95f000 ---p 00007000 08:01 1451899                    /lib/x86_64-linux-gnu/librt-2.23.so
7f964d95f000-7f964d960000 r--p 00006000 08:01 1451899                    /lib/x86_64-linux-gnu/librt-2.23.so
7f964d960000-7f964d961000 rw-p 00007000 08:01 1451899                    /lib/x86_64-linux-gnu/librt-2.23.so
7f964d961000-7f964da69000 r-xp 00000000 08:01 1451812                    /lib/x86_64-linux-gnu/libm-2.23.so
7f964da69000-7f964dc68000 ---p 00108000 08:01 1451812                    /lib/x86_64-linux-gnu/libm-2.23.so
7f964dc68000-7f964dc69000 r--p 00107000 08:01 1451812                    /lib/x86_64-linux-gnu/libm-2.23.so
7f964dc69000-7f964dc6a000 rw-p 00108000 08:01 1451812                    /lib/x86_64-linux-gnu/libm-2.23.so
7f964dc6a000-7f964e943000 r-xp 00000000 08:01 2491156                    /usr/lib/jvm/java-8-oracle/jre/lib/amd64/server/libjvm.so
7f964e943000-7f964eb42000 ---p 00cd9000 08:01 2491156                    /usr/lib/jvm/java-8-oracle/jre/lib/amd64/server/libjvm.so
7f964eb42000-7f964ec1b000 rw-p 00cd8000 08:01 2491156                    /usr/lib/jvm/java-8-oracle/jre/lib/amd64/server/libjvm.so
7f964ec1b000-7f964ec67000 rw-p 00000000 00:00 0 
7f964ec67000-7f964ee27000 r-xp 00000000 08:01 1451840                    /lib/x86_64-linux-gnu/libc-2.23.so
7f964ee27000-7f964f027000 ---p 001c0000 08:01 1451840                    /lib/x86_64-linux-gnu/libc-2.23.so
7f964f027000-7f964f02b000 r--p 001c0000 08:01 1451840                    /lib/x86_64-linux-gnu/libc-2.23.so
7f964f02b000-7f964f02d000 rw-p 001c4000 08:01 1451840                    /lib/x86_64-linux-gnu/libc-2.23.so
7f964f02d000-7f964f031000 rw-p 00000000 00:00 0 
7f964f031000-7f964f034000 r-xp 00000000 08:01 1451842                    /lib/x86_64-linux-gnu/libdl-2.23.so
7f964f034000-7f964f233000 ---p 00003000 08:01 1451842                    /lib/x86_64-linux-gnu/libdl-2.23.so
7f964f233000-7f964f234000 r--p 00002000 08:01 1451842                    /lib/x86_64-linux-gnu/libdl-2.23.so
7f964f234000-7f964f235000 rw-p 00003000 08:01 1451842                    /lib/x86_64-linux-gnu/libdl-2.23.so
7f964f235000-7f964f24b000 r-xp 00000000 08:01 2491152                    /usr/lib/jvm/java-8-oracle/jre/lib/amd64/jli/libjli.so
7f964f24b000-7f964f44a000 ---p 00016000 08:01 2491152                    /usr/lib/jvm/java-8-oracle/jre/lib/amd64/jli/libjli.so
7f964f44a000-7f964f44b000 rw-p 00015000 08:01 2491152                    /usr/lib/jvm/java-8-oracle/jre/lib/amd64/jli/libjli.so
7f964f44b000-7f964f463000 r-xp 00000000 08:01 1451839                    /lib/x86_64-linux-gnu/libpthread-2.23.so
7f964f463000-7f964f662000 ---p 00018000 08:01 1451839                    /lib/x86_64-linux-gnu/libpthread-2.23.so
7f964f662000-7f964f663000 r--p 00017000 08:01 1451839                    /lib/x86_64-linux-gnu/libpthread-2.23.so
7f964f663000-7f964f664000 rw-p 00018000 08:01 1451839                    /lib/x86_64-linux-gnu/libpthread-2.23.so
7f964f664000-7f964f668000 rw-p 00000000 00:00 0 
7f964f668000-7f964f68e000 r-xp 00000000 08:01 1451838                    /lib/x86_64-linux-gnu/ld-2.23.so
7f964f6a0000-7f964f76b000 rw-p 00000000 00:00 0 
7f964f76b000-7f964f76e000 ---p 00000000 00:00 0 
7f964f76e000-7f964f871000 rw-p 00000000 00:00 0 
7f964f87e000-7f964f886000 rw-s 00000000 08:01 2228264                    /tmp/hsperfdata_antchil/19045
7f964f886000-7f964f887000 rw-p 00000000 00:00 0 
7f964f887000-7f964f888000 r--p 00000000 00:00 0 
7f964f888000-7f964f88b000 r--p 00000000 00:00 0                          [vvar]
7f964f88b000-7f964f88d000 r-xp 00000000 00:00 0                          [vdso]
7f964f88d000-7f964f88e000 r--p 00025000 08:01 1451838                    /lib/x86_64-linux-gnu/ld-2.23.so
7f964f88e000-7f964f88f000 rw-p 00026000 08:01 1451838                    /lib/x86_64-linux-gnu/ld-2.23.so
7f964f88f000-7f964f890000 rw-p 00000000 00:00 0 
7ffc39dd6000-7ffc39df8000 rw-p 00000000 00:00 0                          [stack]
ffffffffff600000-ffffffffff601000 r-xp 00000000 00:00 0                  [vsyscall]

VM Arguments:
jvm_args: -Djava.library.path=. 
java_command: HashTable
java_class_path (initial): .
Launcher Type: SUN_STANDARD

Environment Variables:
JAVA_HOME=/usr/lib/jvm/java-8-oracle
JRE_HOME=/usr/lib/jvm/java-8-oracle/jre
PATH=/home/antchil/bin:/home/antchil/.local/bin:/home/antchil/bin:/home/antchil/.local/bin:/usr/local/sbin:/usr/local/bin:/usr/sbin:/usr/bin:/sbin:/bin:/usr/games:/usr/local/games:/snap/bin:/usr/lib/jvm/java-8-oracle/bin:/usr/lib/jvm/java-8-oracle/db/bin:/usr/lib/jvm/java-8-oracle/jre/bin:/snap/bin:/usr/lib/jvm/java-8-oracle/bin:/usr/lib/jvm/java-8-oracle/db/bin:/usr/lib/jvm/java-8-oracle/jre/bin:/home/antchil/Documents/linux-master/script:/home/antchil/Documents/linux-master/script
SHELL=/bin/bash
DISPLAY=:0

Signal Handlers:
SIGSEGV: [libjvm.so+0xad01e0], sa_mask[0]=11111111011111111101111111111110, sa_flags=SA_RESTART|SA_SIGINFO
SIGBUS: [libjvm.so+0xad01e0], sa_mask[0]=11111111011111111101111111111110, sa_flags=SA_RESTART|SA_SIGINFO
SIGFPE: [libjvm.so+0x927fb0], sa_mask[0]=11111111011111111101111111111110, sa_flags=SA_RESTART|SA_SIGINFO
SIGPIPE: [libjvm.so+0x927fb0], sa_mask[0]=11111111011111111101111111111110, sa_flags=SA_RESTART|SA_SIGINFO
SIGXFSZ: [libjvm.so+0x927fb0], sa_mask[0]=11111111011111111101111111111110, sa_flags=SA_RESTART|SA_SIGINFO
SIGILL: [libjvm.so+0x927fb0], sa_mask[0]=11111111011111111101111111111110, sa_flags=SA_RESTART|SA_SIGINFO
SIGUSR1: SIG_DFL, sa_mask[0]=00000000000000000000000000000000, sa_flags=none
SIGUSR2: [libjvm.so+0x9297f0], sa_mask[0]=00000000000000000000000000000000, sa_flags=SA_RESTART|SA_SIGINFO
SIGHUP: [libjvm.so+0x92abf0], sa_mask[0]=11111111011111111101111111111110, sa_flags=SA_RESTART|SA_SIGINFO
SIGINT: [libjvm.so+0x92abf0], sa_mask[0]=11111111011111111101111111111110, sa_flags=SA_RESTART|SA_SIGINFO
SIGTERM: [libjvm.so+0x92abf0], sa_mask[0]=11111111011111111101111111111110, sa_flags=SA_RESTART|SA_SIGINFO
SIGQUIT: [libjvm.so+0x92abf0], sa_mask[0]=11111111011111111101111111111110, sa_flags=SA_RESTART|SA_SIGINFO


---------------  S Y S T E M  ---------------

OS:DISTRIB_ID=Ubuntu
DISTRIB_RELEASE=16.04
DISTRIB_CODENAME=xenial
DISTRIB_DESCRIPTION="Ubuntu 16.04.2 LTS"

uname:Linux 4.13.0-32-generic #35~16.04.1-Ubuntu SMP Thu Jan 25 10:13:43 UTC 2018 x86_64
libc:glibc 2.23 NPTL 2.23 
rlimit: STACK 8192k, CORE 0k, NPROC 31612, NOFILE 1048576, AS infinity
load average:0.80 0.65 0.51

/proc/meminfo:
MemTotal:        8145220 kB
MemFree:          189896 kB
MemAvailable:    1611824 kB
Buffers:           84804 kB
Cached:          1581960 kB
SwapCached:         2296 kB
Active:          3135616 kB
Inactive:        1326172 kB
Active(anon):    2203724 kB
Inactive(anon):   661280 kB
Active(file):     931892 kB
Inactive(file):   664892 kB
Unevictable:          32 kB
Mlocked:              32 kB
SwapTotal:       1045500 kB
SwapFree:        1024252 kB
Dirty:               672 kB
Writeback:             0 kB
AnonPages:       2792752 kB
Mapped:           294668 kB
Shmem:             69980 kB
Slab:             167300 kB
SReclaimable:      92868 kB
SUnreclaim:        74432 kB
KernelStack:       14288 kB
PageTables:        44580 kB
NFS_Unstable:          0 kB
Bounce:                0 kB
WritebackTmp:          0 kB
CommitLimit:     5118108 kB
Committed_AS:    7917548 kB
VmallocTotal:   34359738367 kB
VmallocUsed:           0 kB
VmallocChunk:          0 kB
HardwareCorrupted:     0 kB
AnonHugePages:         0 kB
ShmemHugePages:        0 kB
ShmemPmdMapped:        0 kB
CmaTotal:              0 kB
CmaFree:               0 kB
HugePages_Total:       0
HugePages_Free:        0
HugePages_Rsvd:        0
HugePages_Surp:        0
Hugepagesize:       2048 kB
DirectMap4k:       87872 kB
DirectMap2M:     6203392 kB
DirectMap1G:     4194304 kB


CPU:total 4 (initial active 4) (1 cores per cpu, 1 threads per core) family 6 model 158 stepping 9, cmov, cx8, fxsr, mmx, sse, sse2, sse3, ssse3, sse4.1, sse4.2, popcnt, aes, clmul, erms, 3dnowpref, lzcnt, tsc, tscinvbit

/proc/cpuinfo:
processor	: 0
vendor_id	: GenuineIntel
cpu family	: 6
model		: 158
model name	: Intel(R) Pentium(R) CPU G4600 @ 3.60GHz
stepping	: 9
microcode	: 0x5e
cpu MHz		: 3600.007
cache size	: 3072 KB
physical id	: 0
siblings	: 1
core id		: 0
cpu cores	: 1
apicid		: 0
initial apicid	: 0
fpu		: yes
fpu_exception	: yes
cpuid level	: 22
wp		: yes
flags		: fpu vme de pse tsc msr pae mce cx8 apic sep mtrr pge mca cmov pat pse36 clflush mmx fxsr sse sse2 ss syscall nx pdpe1gb rdtscp lm constant_tsc arch_perfmon nopl xtopology tsc_reliable nonstop_tsc cpuid pni pclmulqdq ssse3 cx16 pcid sse4_1 sse4_2 x2apic movbe popcnt tsc_deadline_timer aes xsave rdrand hypervisor lahf_lm abm 3dnowprefetch cpuid_fault invpcid_single pti fsgsbase tsc_adjust smep invpcid mpx rdseed smap clflushopt xsaveopt xsavec xsaves arat
bugs		: cpu_meltdown spectre_v1 spectre_v2
bogomips	: 7200.01
clflush size	: 64
cache_alignment	: 64
address sizes	: 43 bits physical, 48 bits virtual
power management:

processor	: 1
vendor_id	: GenuineIntel
cpu family	: 6
model		: 158
model name	: Intel(R) Pentium(R) CPU G4600 @ 3.60GHz
stepping	: 9
microcode	: 0x5e
cpu MHz		: 3600.007
cache size	: 3072 KB
physical id	: 2
siblings	: 1
core id		: 0
cpu cores	: 1
apicid		: 2
initial apicid	: 2
fpu		: yes
fpu_exception	: yes
cpuid level	: 22
wp		: yes
flags		: fpu vme de pse tsc msr pae mce cx8 apic sep mtrr pge mca cmov pat pse36 clflush mmx fxsr sse sse2 ss syscall nx pdpe1gb rdtscp lm constant_tsc arch_perfmon nopl xtopology tsc_reliable nonstop_tsc cpuid pni pclmulqdq ssse3 cx16 pcid sse4_1 sse4_2 x2apic movbe popcnt tsc_deadline_timer aes xsave rdrand hypervisor lahf_lm abm 3dnowprefetch cpuid_fault invpcid_single pti fsgsbase tsc_adjust smep invpcid mpx rdseed smap clflushopt xsaveopt xsavec xsaves arat
bugs		: cpu_meltdown spectre_v1 spectre_v2
bogomips	: 7200.01
clflush size	: 64
cache_alignment	: 64
address sizes	: 43 bits physical, 48 bits virtual
power management:

processor	: 2
vendor_id	: GenuineIntel
cpu family	: 6
model		: 158
model name	: Intel(R) Pentium(R) CPU G4600 @ 3.60GHz
stepping	: 9
microcode	: 0x5e
cpu MHz		: 3600.007
cache size	: 3072 KB
physical id	: 4
siblings	: 1
core id		: 0
cpu cores	: 1
apicid		: 4
initial apicid	: 4
fpu		: yes
fpu_exception	: yes
cpuid level	: 22
wp		: yes
flags		: fpu vme de pse tsc msr pae mce cx8 apic sep mtrr pge mca cmov pat pse36 clflush mmx fxsr sse sse2 ss syscall nx pdpe1gb rdtscp lm constant_tsc arch_perfmon nopl xtopology tsc_reliable nonstop_tsc cpuid pni pclmulqdq ssse3 cx16 pcid sse4_1 sse4_2 x2apic movbe popcnt tsc_deadline_timer aes xsave rdrand hypervisor lahf_lm abm 3dnowprefetch cpuid_fault invpcid_single pti fsgsbase tsc_adjust smep invpcid mpx rdseed smap clflushopt xsaveopt xsavec xsaves arat
bugs		: cpu_meltdown spectre_v1 spectre_v2
bogomips	: 7200.01
clflush size	: 64
cache_alignment	: 64
address sizes	: 43 bits physical, 48 bits virtual
power management:

processor	: 3
vendor_id	: GenuineIntel
cpu family	: 6
model		: 158
model name	: Intel(R) Pentium(R) CPU G4600 @ 3.60GHz
stepping	: 9
microcode	: 0x5e
cpu MHz		: 3600.007
cache size	: 3072 KB
physical id	: 6
siblings	: 1
core id		: 0
cpu cores	: 1
apicid		: 6
initial apicid	: 6
fpu		: yes
fpu_exception	: yes
cpuid level	: 22
wp		: yes
flags		: fpu vme de pse tsc msr pae mce cx8 apic sep mtrr pge mca cmov pat pse36 clflush mmx fxsr sse sse2 ss syscall nx pdpe1gb rdtscp lm constant_tsc arch_perfmon nopl xtopology tsc_reliable nonstop_tsc cpuid pni pclmulqdq ssse3 cx16 pcid sse4_1 sse4_2 x2apic movbe popcnt tsc_deadline_timer aes xsave rdrand hypervisor lahf_lm abm 3dnowprefetch cpuid_fault invpcid_single pti fsgsbase tsc_adjust smep invpcid mpx rdseed smap clflushopt xsaveopt xsavec xsaves arat
bugs		: cpu_meltdown spectre_v1 spectre_v2
bogomips	: 7200.01
clflush size	: 64
cache_alignment	: 64
address sizes	: 43 bits physical, 48 bits virtual
power management:



Memory: 4k page, physical 8145220k(191128k free), swap 1045500k(1024252k free)

vm_info: Java HotSpot(TM) 64-Bit Server VM (25.161-b12) for linux-amd64 JRE (1.8.0_161-b12), built on Dec 19 2017 16:12:43 by "java_re" with gcc 4.3.0 20080428 (Red Hat 4.3.0-8)

time: Mon Feb 12 10:04:18 2018
elapsed time: 0 seconds (0d 0h 0m 0s)

