#
# A fatal error has been detected by the Java Runtime Environment:
#
#  SIGSEGV (0xb) at pc=0x00007f73610fe626, pid=19753, tid=0x00007f7361ba2700
#
# JRE version: Java(TM) SE Runtime Environment (8.0_161-b12) (build 1.8.0_161-b12)
# Java VM: Java HotSpot(TM) 64-Bit Server VM (25.161-b12 mixed mode linux-amd64 compressed oops)
# Problematic frame:
# C  [libc.so.6+0x165626]
#
# Failed to write core dump. Core dumps have been disabled. To enable core dumping, try "ulimit -c unlimited" before starting Java again
#
# If you would like to submit a bug report, please visit:
#   http://bugreport.java.com/bugreport/crash.jsp
# The crash happened outside the Java Virtual Machine in native code.
# See problematic frame for where to report the bug.
#

---------------  T H R E A D  ---------------

Current thread (0x00007f735800a800):  JavaThread "main" [_thread_in_native, id=19754, stack(0x00007f7361aa2000,0x00007f7361ba3000)]

siginfo: si_signo: 11 (SIGSEGV), si_code: 1 (SEGV_MAPERR), si_addr: 0x0000000000000000

Registers:
RAX=0x00007f7361ba1840, RBX=0x00007f735d5d1560, RCX=0x0000000000000000, RDX=0x00007f7361ba1840
RSP=0x00007f7361ba17f8, RBP=0x00007f7361ba1860, RSI=0x0000000000000000, RDI=0x00007f7361ba1840
R8 =0x0000000000000000, R9 =0x000000000000000d, R10=0x00000000ffffffff, R11=0x0000000000000000
R12=0x0000000000000000, R13=0x00007f735d5d1560, R14=0x00007f7361ba1910, R15=0x00007f735800a800
RIP=0x00007f73610fe626, EFLAGS=0x0000000000010246, CSGSFS=0x002b000000000033, ERR=0x0000000000000004
  TRAPNO=0x000000000000000e

Top of Stack: (sp=0x00007f7361ba17f8)
0x00007f7361ba17f8:   00007f734811c64b 00007f7361ba18f8
0x00007f7361ba1808:   00007f73581095b0 00007f7361ba1910
0x00007f7361ba1818:   00007f735800a9f8 00007f7361ba1860
0x00007f7361ba1828:   00007f73581095b0 00007f7358112a50
0x00007f7361ba1838:   0000000000000000 00007f7361ba1910
0x00007f7361ba1848:   00007f735800a9f8 00007f73581095b0
0x00007f7361ba1858:   7a4b5e8e16b92200 00007f7361ba18d8
0x00007f7361ba1868:   00007f7349018107 00007f735d5d15f8
0x00007f7361ba1878:   0000000000000000 00007f7361ba18d8
0x00007f7361ba1888:   00007f7349017e67 00007f7349017e22
0x00007f7361ba1898:   00007f7361ba1898 0000000000000000
0x00007f7361ba18a8:   00007f7361ba1910 00007f735d5d18b8
0x00007f7361ba18b8:   0000000000000000 00007f735d5d1560
0x00007f7361ba18c8:   0000000000000000 00007f7361ba18f8
0x00007f7361ba18d8:   00007f7361ba1958 00007f7349008040
0x00007f7361ba18e8:   0000000000000000 00007f7349011d1b
0x00007f7361ba18f8:   00000000d6972df0 00007f73581095b0
0x00007f7361ba1908:   00000000d69734b0 00000000d6972d88
0x00007f7361ba1918:   00007f7361ba1918 00007f735d5d1790
0x00007f7361ba1928:   00007f7361ba1988 00007f735d5d18b8
0x00007f7361ba1938:   0000000000000000 00007f735d5d17c8
0x00007f7361ba1948:   00007f7361ba18f8 00007f7361ba1988
0x00007f7361ba1958:   00007f7361ba19f0 00007f73490007a7
0x00007f7361ba1968:   0000000000000000 00007f73581095b0
0x00007f7361ba1978:   0000000000000000 00000000d6972d88
0x00007f7361ba1988:   00000000d6972d78 0000000000001fa0
0x00007f7361ba1998:   0000000000000000 00007f735800a800
0x00007f7361ba19a8:   00007f7361ba1a70 00007f7361ba1c30
0x00007f7361ba19b8:   00007f7361ba1a30 00007f7361ba1a30
0x00007f7361ba19c8:   00007f7361ba1d78 00007f730000000a
0x00007f7361ba19d8:   00007f735d5d17c8 00007f7349013600
0x00007f7361ba19e8:   00007f7361ba1bb8 00007f7361ba1b60 

Instructions: (pc=0x00007f73610fe626)
0x00007f73610fe606:   48 8d 15 d3 10 01 00 8b 0c 8a 8b 04 82 29 c8 c3
0x00007f73610fe616:   66 2e 0f 1f 84 00 00 00 00 00 48 89 f1 48 89 fa
0x00007f73610fe626:   80 39 00 0f 84 91 16 00 00 80 79 01 00 0f 84 97
0x00007f73610fe636:   16 00 00 80 79 02 00 0f 84 9d 16 00 00 80 79 03 

Register to memory mapping:

RAX=0x00007f7361ba1840 is pointing into the stack for thread: 0x00007f735800a800
RBX={method} {0x00007f735d5d1560} 'ht_search' '(JLjava/lang/String;)Ljava/lang/String;' in 'HashTable'
RCX=0x0000000000000000 is an unknown value
RDX=0x00007f7361ba1840 is pointing into the stack for thread: 0x00007f735800a800
RSP=0x00007f7361ba17f8 is pointing into the stack for thread: 0x00007f735800a800
RBP=0x00007f7361ba1860 is pointing into the stack for thread: 0x00007f735800a800
RSI=0x0000000000000000 is an unknown value
RDI=0x00007f7361ba1840 is pointing into the stack for thread: 0x00007f735800a800
R8 =0x0000000000000000 is an unknown value
R9 =0x000000000000000d is an unknown value
R10=0x00000000ffffffff is an unallocated location in the heap
R11=0x0000000000000000 is an unknown value
R12=0x0000000000000000 is an unknown value
R13={method} {0x00007f735d5d1560} 'ht_search' '(JLjava/lang/String;)Ljava/lang/String;' in 'HashTable'
R14=0x00007f7361ba1910 is pointing into the stack for thread: 0x00007f735800a800
R15=0x00007f735800a800 is a thread


Stack: [0x00007f7361aa2000,0x00007f7361ba3000],  sp=0x00007f7361ba17f8,  free space=1021k
Native frames: (J=compiled Java code, j=interpreted, Vv=VM code, C=native code)
C  [libc.so.6+0x165626]
j  HashTable.ht_search(JLjava/lang/String;)Ljava/lang/String;+0
j  HashTable.main([Ljava/lang/String;)V+104
v  ~StubRoutines::call_stub
V  [libjvm.so+0x695ae6]  JavaCalls::call_helper(JavaValue*, methodHandle*, JavaCallArguments*, Thread*)+0x1056
V  [libjvm.so+0x6d7072]  jni_invoke_static(JNIEnv_*, JavaValue*, _jobject*, JNICallType, _jmethodID*, JNI_ArgumentPusher*, Thread*)+0x362
V  [libjvm.so+0x6f38da]  jni_CallStaticVoidMethod+0x17a
C  [libjli.so+0x80ff]  JavaMain+0x81f
C  [libpthread.so.0+0x76ba]  start_thread+0xca

Java frames: (J=compiled Java code, j=interpreted, Vv=VM code)
j  HashTable.ht_search(JLjava/lang/String;)Ljava/lang/String;+0
j  HashTable.main([Ljava/lang/String;)V+104
v  ~StubRoutines::call_stub

---------------  P R O C E S S  ---------------

Java Threads: ( => current thread )
  0x00007f73580c9000 JavaThread "Service Thread" daemon [_thread_blocked, id=19766, stack(0x00007f734841f000,0x00007f7348520000)]
  0x00007f73580be000 JavaThread "C1 CompilerThread2" daemon [_thread_blocked, id=19765, stack(0x00007f7348520000,0x00007f7348621000)]
  0x00007f73580bc000 JavaThread "C2 CompilerThread1" daemon [_thread_blocked, id=19764, stack(0x00007f7348621000,0x00007f7348722000)]
  0x00007f73580b9000 JavaThread "C2 CompilerThread0" daemon [_thread_blocked, id=19763, stack(0x00007f7348722000,0x00007f7348823000)]
  0x00007f73580b7800 JavaThread "Signal Dispatcher" daemon [_thread_blocked, id=19762, stack(0x00007f7348823000,0x00007f7348924000)]
  0x00007f7358084800 JavaThread "Finalizer" daemon [_thread_blocked, id=19761, stack(0x00007f7348bfc000,0x00007f7348cfd000)]
  0x00007f7358080000 JavaThread "Reference Handler" daemon [_thread_blocked, id=19760, stack(0x00007f7348cfd000,0x00007f7348dfe000)]
=>0x00007f735800a800 JavaThread "main" [_thread_in_native, id=19754, stack(0x00007f7361aa2000,0x00007f7361ba3000)]

Other Threads:
  0x00007f7358078000 VMThread [stack: 0x00007f7348dfe000,0x00007f7348eff000] [id=19759]
  0x00007f73580ce000 WatcherThread [stack: 0x00007f734831e000,0x00007f734841f000] [id=19767]

VM state:not at safepoint (normal execution)

VM Mutex/Monitor currently owned by a thread: None

Heap:
 PSYoungGen      total 37888K, used 1310K [0x00000000d6900000, 0x00000000d9300000, 0x0000000100000000)
  eden space 32768K, 4% used [0x00000000d6900000,0x00000000d6a47b08,0x00000000d8900000)
  from space 5120K, 0% used [0x00000000d8e00000,0x00000000d8e00000,0x00000000d9300000)
  to   space 5120K, 0% used [0x00000000d8900000,0x00000000d8900000,0x00000000d8e00000)
 ParOldGen       total 86016K, used 0K [0x0000000083a00000, 0x0000000088e00000, 0x00000000d6900000)
  object space 86016K, 0% used [0x0000000083a00000,0x0000000083a00000,0x0000000088e00000)
 Metaspace       used 2620K, capacity 4486K, committed 4864K, reserved 1056768K
  class space    used 283K, capacity 386K, committed 512K, reserved 1048576K

Card table byte_map: [0x00007f735e450000,0x00007f735e834000] byte_map_base: 0x00007f735e033000

Marking Bits: (ParMarkBitMap*) 0x00007f7360f6b920
 Begin Bits: [0x00007f73401d0000, 0x00007f73420e8000)
 End Bits:   [0x00007f73420e8000, 0x00007f7344000000)

Polling page: 0x00007f7361bbe000

CodeCache: size=245760Kb used=1108Kb max_used=1111Kb free=244651Kb
 bounds [0x00007f7349000000, 0x00007f7349270000, 0x00007f7358000000]
 total_blobs=250 nmethods=22 adapters=143
 compilation: enabled

Compilation events (10 events):
Event: 0.059 Thread 0x00007f73580be000 nmethod 19 0x00007f7349111e10 code [0x00007f7349111fe0, 0x00007f7349112968]
Event: 0.059 Thread 0x00007f73580be000   16       3       java.util.HashMap::get (23 bytes)
Event: 0.059 Thread 0x00007f73580b9000 nmethod 15 0x00007f7349115a90 code [0x00007f7349115be0, 0x00007f7349115e38]
Event: 0.059 Thread 0x00007f73580be000 nmethod 16 0x00007f7349115390 code [0x00007f7349115520, 0x00007f7349115918]
Event: 0.059 Thread 0x00007f73580be000   20       3       sun.misc.JarIndex::addToList (59 bytes)
Event: 0.060 Thread 0x00007f73580be000 nmethod 20 0x00007f73491140d0 code [0x00007f7349114300, 0x00007f7349114e38]
Event: 0.060 Thread 0x00007f73580be000   21       3       java.util.LinkedList::add (7 bytes)
Event: 0.060 Thread 0x00007f73580be000 nmethod 21 0x00007f7349113d10 code [0x00007f7349113e80, 0x00007f7349114028]
Event: 0.060 Thread 0x00007f73580be000   22       1       java.lang.ThreadLocal::access$400 (5 bytes)
Event: 0.060 Thread 0x00007f73580be000 nmethod 22 0x00007f7349113a50 code [0x00007f7349113ba0, 0x00007f7349113c90]

GC Heap History (0 events):
No events

Deoptimization events (0 events):
No events

Classes redefined (0 events):
No events

Internal exceptions (2 events):
Event: 0.024 Thread 0x00007f735800a800 Exception <a 'java/lang/NoSuchMethodError': Method sun.misc.Unsafe.defineClass(Ljava/lang/String;[BII)Ljava/lang/Class; name or signature does not match> (0x00000000d6907ca0) thrown at [/HUDSON/workspace/8-2-build-linux-amd64/jdk8u161/10277/hotspot/src/sh
Event: 0.024 Thread 0x00007f735800a800 Exception <a 'java/lang/NoSuchMethodError': Method sun.misc.Unsafe.prefetchRead(Ljava/lang/Object;J)V name or signature does not match> (0x00000000d6907f88) thrown at [/HUDSON/workspace/8-2-build-linux-amd64/jdk8u161/10277/hotspot/src/share/vm/prims/jni.c

Events (10 events):
Event: 0.059 loading class java/security/BasicPermissionCollection
Event: 0.059 loading class java/security/BasicPermissionCollection done
Event: 0.060 loading class sun/launcher/LauncherHelper$FXHelper
Event: 0.060 loading class sun/launcher/LauncherHelper$FXHelper done
Event: 0.060 loading class java/lang/Class$MethodArray
Event: 0.060 loading class java/lang/Class$MethodArray done
Event: 0.060 loading class java/lang/Void
Event: 0.060 loading class java/lang/Void done
Event: 0.060 loading class java/lang/ClassLoaderHelper
Event: 0.060 loading class java/lang/ClassLoaderHelper done


Dynamic libraries:
00400000-00401000 r-xp 00000000 08:01 2490962                            /usr/lib/jvm/java-8-oracle/jre/bin/java
00600000-00601000 rw-p 00000000 08:01 2490962                            /usr/lib/jvm/java-8-oracle/jre/bin/java
0218a000-021ab000 rw-p 00000000 00:00 0                                  [heap]
83a00000-88e00000 rw-p 00000000 00:00 0 
88e00000-d6900000 ---p 00000000 00:00 0 
d6900000-d9300000 rw-p 00000000 00:00 0 
d9300000-100000000 ---p 00000000 00:00 0 
100000000-100080000 rw-p 00000000 00:00 0 
100080000-140000000 ---p 00000000 00:00 0 
7f730c000000-7f730c021000 rw-p 00000000 00:00 0 
7f730c021000-7f7310000000 ---p 00000000 00:00 0 
7f7310000000-7f7310021000 rw-p 00000000 00:00 0 
7f7310021000-7f7314000000 ---p 00000000 00:00 0 
7f7314000000-7f7314066000 rw-p 00000000 00:00 0 
7f7314066000-7f7318000000 ---p 00000000 00:00 0 
7f7318000000-7f731803e000 rw-p 00000000 00:00 0 
7f731803e000-7f731c000000 ---p 00000000 00:00 0 
7f731c000000-7f731c021000 rw-p 00000000 00:00 0 
7f731c021000-7f7320000000 ---p 00000000 00:00 0 
7f7320000000-7f7320066000 rw-p 00000000 00:00 0 
7f7320066000-7f7324000000 ---p 00000000 00:00 0 
7f7324000000-7f7324021000 rw-p 00000000 00:00 0 
7f7324021000-7f7328000000 ---p 00000000 00:00 0 
7f7328000000-7f7328021000 rw-p 00000000 00:00 0 
7f7328021000-7f732c000000 ---p 00000000 00:00 0 
7f732c000000-7f732c021000 rw-p 00000000 00:00 0 
7f732c021000-7f7330000000 ---p 00000000 00:00 0 
7f7330000000-7f7330021000 rw-p 00000000 00:00 0 
7f7330021000-7f7334000000 ---p 00000000 00:00 0 
7f7334000000-7f7334021000 rw-p 00000000 00:00 0 
7f7334021000-7f7338000000 ---p 00000000 00:00 0 
7f733c000000-7f733c021000 rw-p 00000000 00:00 0 
7f733c021000-7f7340000000 ---p 00000000 00:00 0 
7f7340038000-7f7344000000 rw-p 00000000 00:00 0 
7f7344000000-7f7344021000 rw-p 00000000 00:00 0 
7f7344021000-7f7348000000 ---p 00000000 00:00 0 
7f734802b000-7f734811b000 rw-p 00000000 00:00 0 
7f734811b000-7f734811d000 r-xp 00000000 08:01 1192527                    /home/antchil/Documents/module-2.2/hash_table_JNI/libhash_table.so
7f734811d000-7f734831c000 ---p 00002000 08:01 1192527                    /home/antchil/Documents/module-2.2/hash_table_JNI/libhash_table.so
7f734831c000-7f734831d000 r--p 00001000 08:01 1192527                    /home/antchil/Documents/module-2.2/hash_table_JNI/libhash_table.so
7f734831d000-7f734831e000 rw-p 00002000 08:01 1192527                    /home/antchil/Documents/module-2.2/hash_table_JNI/libhash_table.so
7f734831e000-7f734831f000 ---p 00000000 00:00 0 
7f734831f000-7f734841f000 rw-p 00000000 00:00 0 
7f734841f000-7f7348422000 ---p 00000000 00:00 0 
7f7348422000-7f7348520000 rw-p 00000000 00:00 0 
7f7348520000-7f7348523000 ---p 00000000 00:00 0 
7f7348523000-7f7348621000 rw-p 00000000 00:00 0 
7f7348621000-7f7348624000 ---p 00000000 00:00 0 
7f7348624000-7f7348722000 rw-p 00000000 00:00 0 
7f7348722000-7f7348725000 ---p 00000000 00:00 0 
7f7348725000-7f7348823000 rw-p 00000000 00:00 0 
7f7348823000-7f7348826000 ---p 00000000 00:00 0 
7f7348826000-7f7348924000 rw-p 00000000 00:00 0 
7f7348924000-7f7348bfc000 r--p 00000000 08:01 2360788                    /usr/lib/locale/locale-archive
7f7348bfc000-7f7348bff000 ---p 00000000 00:00 0 
7f7348bff000-7f7348cfd000 rw-p 00000000 00:00 0 
7f7348cfd000-7f7348d00000 ---p 00000000 00:00 0 
7f7348d00000-7f7348dfe000 rw-p 00000000 00:00 0 
7f7348dfe000-7f7348dff000 ---p 00000000 00:00 0 
7f7348dff000-7f7349000000 rw-p 00000000 00:00 0 
7f7349000000-7f7349270000 rwxp 00000000 00:00 0 
7f7349270000-7f7358000000 ---p 00000000 00:00 0 
7f7358000000-7f7358140000 rw-p 00000000 00:00 0 
7f7358140000-7f735c000000 ---p 00000000 00:00 0 
7f735c00b000-7f735c0a1000 r--s 0110a000 08:01 2491209                    /usr/lib/jvm/java-8-oracle/jre/lib/ext/jfxrt.jar
7f735c0a1000-7f735cf82000 rw-p 00000000 00:00 0 
7f735cf82000-7f735d15b000 r--s 03d64000 08:01 2491062                    /usr/lib/jvm/java-8-oracle/jre/lib/rt.jar
7f735d15b000-7f735d611000 rw-p 00000000 00:00 0 
7f735d611000-7f735d9d1000 ---p 00000000 00:00 0 
7f735d9d1000-7f735ddb4000 rw-p 00000000 00:00 0 
7f735ddb4000-7f735ddb5000 ---p 00000000 00:00 0 
7f735ddb5000-7f735deb5000 rw-p 00000000 00:00 0 
7f735deb5000-7f735deb6000 ---p 00000000 00:00 0 
7f735deb6000-7f735dfb6000 rw-p 00000000 00:00 0 
7f735dfb6000-7f735dfb7000 ---p 00000000 00:00 0 
7f735dfb7000-7f735e0b7000 rw-p 00000000 00:00 0 
7f735e0b7000-7f735e0b8000 ---p 00000000 00:00 0 
7f735e0b8000-7f735e1e2000 rw-p 00000000 00:00 0 
7f735e1e2000-7f735e450000 ---p 00000000 00:00 0 
7f735e450000-7f735e47a000 rw-p 00000000 00:00 0 
7f735e47a000-7f735e6e7000 ---p 00000000 00:00 0 
7f735e6e7000-7f735e6fd000 rw-p 00000000 00:00 0 
7f735e6fd000-7f735e833000 ---p 00000000 00:00 0 
7f735e833000-7f735e83e000 rw-p 00000000 00:00 0 
7f735e83e000-7f735ebf4000 ---p 00000000 00:00 0 
7f735ebf4000-7f735ec0f000 r-xp 00000000 08:01 2491134                    /usr/lib/jvm/java-8-oracle/jre/lib/amd64/libzip.so
7f735ec0f000-7f735ee0f000 ---p 0001b000 08:01 2491134                    /usr/lib/jvm/java-8-oracle/jre/lib/amd64/libzip.so
7f735ee0f000-7f735ee10000 rw-p 0001b000 08:01 2491134                    /usr/lib/jvm/java-8-oracle/jre/lib/amd64/libzip.so
7f735ee10000-7f735ee1b000 r-xp 00000000 08:01 1451889                    /lib/x86_64-linux-gnu/libnss_files-2.23.so
7f735ee1b000-7f735f01a000 ---p 0000b000 08:01 1451889                    /lib/x86_64-linux-gnu/libnss_files-2.23.so
7f735f01a000-7f735f01b000 r--p 0000a000 08:01 1451889                    /lib/x86_64-linux-gnu/libnss_files-2.23.so
7f735f01b000-7f735f01c000 rw-p 0000b000 08:01 1451889                    /lib/x86_64-linux-gnu/libnss_files-2.23.so
7f735f01c000-7f735f022000 rw-p 00000000 00:00 0 
7f735f022000-7f735f02d000 r-xp 00000000 08:01 1451898                    /lib/x86_64-linux-gnu/libnss_nis-2.23.so
7f735f02d000-7f735f22c000 ---p 0000b000 08:01 1451898                    /lib/x86_64-linux-gnu/libnss_nis-2.23.so
7f735f22c000-7f735f22d000 r--p 0000a000 08:01 1451898                    /lib/x86_64-linux-gnu/libnss_nis-2.23.so
7f735f22d000-7f735f22e000 rw-p 0000b000 08:01 1451898                    /lib/x86_64-linux-gnu/libnss_nis-2.23.so
7f735f22e000-7f735f244000 r-xp 00000000 08:01 1451823                    /lib/x86_64-linux-gnu/libnsl-2.23.so
7f735f244000-7f735f443000 ---p 00016000 08:01 1451823                    /lib/x86_64-linux-gnu/libnsl-2.23.so
7f735f443000-7f735f444000 r--p 00015000 08:01 1451823                    /lib/x86_64-linux-gnu/libnsl-2.23.so
7f735f444000-7f735f445000 rw-p 00016000 08:01 1451823                    /lib/x86_64-linux-gnu/libnsl-2.23.so
7f735f445000-7f735f447000 rw-p 00000000 00:00 0 
7f735f447000-7f735f44f000 r-xp 00000000 08:01 1451872                    /lib/x86_64-linux-gnu/libnss_compat-2.23.so
7f735f44f000-7f735f64e000 ---p 00008000 08:01 1451872                    /lib/x86_64-linux-gnu/libnss_compat-2.23.so
7f735f64e000-7f735f64f000 r--p 00007000 08:01 1451872                    /lib/x86_64-linux-gnu/libnss_compat-2.23.so
7f735f64f000-7f735f650000 rw-p 00008000 08:01 1451872                    /lib/x86_64-linux-gnu/libnss_compat-2.23.so
7f735f650000-7f735f67b000 r-xp 00000000 08:01 2491128                    /usr/lib/jvm/java-8-oracle/jre/lib/amd64/libjava.so
7f735f67b000-7f735f87a000 ---p 0002b000 08:01 2491128                    /usr/lib/jvm/java-8-oracle/jre/lib/amd64/libjava.so
7f735f87a000-7f735f87c000 rw-p 0002a000 08:01 2491128                    /usr/lib/jvm/java-8-oracle/jre/lib/amd64/libjava.so
7f735f87c000-7f735f889000 r-xp 00000000 08:01 2491133                    /usr/lib/jvm/java-8-oracle/jre/lib/amd64/libverify.so
7f735f889000-7f735fa89000 ---p 0000d000 08:01 2491133                    /usr/lib/jvm/java-8-oracle/jre/lib/amd64/libverify.so
7f735fa89000-7f735fa8b000 rw-p 0000d000 08:01 2491133                    /usr/lib/jvm/java-8-oracle/jre/lib/amd64/libverify.so
7f735fa8b000-7f735fa92000 r-xp 00000000 08:01 1451899                    /lib/x86_64-linux-gnu/librt-2.23.so
7f735fa92000-7f735fc91000 ---p 00007000 08:01 1451899                    /lib/x86_64-linux-gnu/librt-2.23.so
7f735fc91000-7f735fc92000 r--p 00006000 08:01 1451899                    /lib/x86_64-linux-gnu/librt-2.23.so
7f735fc92000-7f735fc93000 rw-p 00007000 08:01 1451899                    /lib/x86_64-linux-gnu/librt-2.23.so
7f735fc93000-7f735fd9b000 r-xp 00000000 08:01 1451812                    /lib/x86_64-linux-gnu/libm-2.23.so
7f735fd9b000-7f735ff9a000 ---p 00108000 08:01 1451812                    /lib/x86_64-linux-gnu/libm-2.23.so
7f735ff9a000-7f735ff9b000 r--p 00107000 08:01 1451812                    /lib/x86_64-linux-gnu/libm-2.23.so
7f735ff9b000-7f735ff9c000 rw-p 00108000 08:01 1451812                    /lib/x86_64-linux-gnu/libm-2.23.so
7f735ff9c000-7f7360c75000 r-xp 00000000 08:01 2491156                    /usr/lib/jvm/java-8-oracle/jre/lib/amd64/server/libjvm.so
7f7360c75000-7f7360e74000 ---p 00cd9000 08:01 2491156                    /usr/lib/jvm/java-8-oracle/jre/lib/amd64/server/libjvm.so
7f7360e74000-7f7360f4d000 rw-p 00cd8000 08:01 2491156                    /usr/lib/jvm/java-8-oracle/jre/lib/amd64/server/libjvm.so
7f7360f4d000-7f7360f99000 rw-p 00000000 00:00 0 
7f7360f99000-7f7361159000 r-xp 00000000 08:01 1451840                    /lib/x86_64-linux-gnu/libc-2.23.so
7f7361159000-7f7361359000 ---p 001c0000 08:01 1451840                    /lib/x86_64-linux-gnu/libc-2.23.so
7f7361359000-7f736135d000 r--p 001c0000 08:01 1451840                    /lib/x86_64-linux-gnu/libc-2.23.so
7f736135d000-7f736135f000 rw-p 001c4000 08:01 1451840                    /lib/x86_64-linux-gnu/libc-2.23.so
7f736135f000-7f7361363000 rw-p 00000000 00:00 0 
7f7361363000-7f7361366000 r-xp 00000000 08:01 1451842                    /lib/x86_64-linux-gnu/libdl-2.23.so
7f7361366000-7f7361565000 ---p 00003000 08:01 1451842                    /lib/x86_64-linux-gnu/libdl-2.23.so
7f7361565000-7f7361566000 r--p 00002000 08:01 1451842                    /lib/x86_64-linux-gnu/libdl-2.23.so
7f7361566000-7f7361567000 rw-p 00003000 08:01 1451842                    /lib/x86_64-linux-gnu/libdl-2.23.so
7f7361567000-7f736157d000 r-xp 00000000 08:01 2491152                    /usr/lib/jvm/java-8-oracle/jre/lib/amd64/jli/libjli.so
7f736157d000-7f736177c000 ---p 00016000 08:01 2491152                    /usr/lib/jvm/java-8-oracle/jre/lib/amd64/jli/libjli.so
7f736177c000-7f736177d000 rw-p 00015000 08:01 2491152                    /usr/lib/jvm/java-8-oracle/jre/lib/amd64/jli/libjli.so
7f736177d000-7f7361795000 r-xp 00000000 08:01 1451839                    /lib/x86_64-linux-gnu/libpthread-2.23.so
7f7361795000-7f7361994000 ---p 00018000 08:01 1451839                    /lib/x86_64-linux-gnu/libpthread-2.23.so
7f7361994000-7f7361995000 r--p 00017000 08:01 1451839                    /lib/x86_64-linux-gnu/libpthread-2.23.so
7f7361995000-7f7361996000 rw-p 00018000 08:01 1451839                    /lib/x86_64-linux-gnu/libpthread-2.23.so
7f7361996000-7f736199a000 rw-p 00000000 00:00 0 
7f736199a000-7f73619c0000 r-xp 00000000 08:01 1451838                    /lib/x86_64-linux-gnu/ld-2.23.so
7f73619d7000-7f7361aa2000 rw-p 00000000 00:00 0 
7f7361aa2000-7f7361aa5000 ---p 00000000 00:00 0 
7f7361aa5000-7f7361ba8000 rw-p 00000000 00:00 0 
7f7361bb5000-7f7361bbd000 rw-s 00000000 08:01 2228264                    /tmp/hsperfdata_antchil/19753
7f7361bbd000-7f7361bbe000 rw-p 00000000 00:00 0 
7f7361bbe000-7f7361bbf000 r--p 00000000 00:00 0 
7f7361bbf000-7f7361bc0000 r--p 00025000 08:01 1451838                    /lib/x86_64-linux-gnu/ld-2.23.so
7f7361bc0000-7f7361bc1000 rw-p 00026000 08:01 1451838                    /lib/x86_64-linux-gnu/ld-2.23.so
7f7361bc1000-7f7361bc2000 rw-p 00000000 00:00 0 
7ffe94256000-7ffe94278000 rw-p 00000000 00:00 0                          [stack]
7ffe94367000-7ffe9436a000 r--p 00000000 00:00 0                          [vvar]
7ffe9436a000-7ffe9436c000 r-xp 00000000 00:00 0                          [vdso]
ffffffffff600000-ffffffffff601000 r-xp 00000000 00:00 0                  [vsyscall]

VM Arguments:
jvm_args: -Djava.library.path=. 
java_command: HashTable
java_class_path (initial): .
Launcher Type: SUN_STANDARD

Environment Variables:
JAVA_HOME=/usr/lib/jvm/java-8-oracle
JRE_HOME=/usr/lib/jvm/java-8-oracle/jre
PATH=/home/antchil/bin:/home/antchil/.local/bin:/home/antchil/bin:/home/antchil/.local/bin:/usr/local/sbin:/usr/local/bin:/usr/sbin:/usr/bin:/sbin:/bin:/usr/games:/usr/local/games:/snap/bin:/usr/lib/jvm/java-8-oracle/bin:/usr/lib/jvm/java-8-oracle/db/bin:/usr/lib/jvm/java-8-oracle/jre/bin:/snap/bin:/usr/lib/jvm/java-8-oracle/bin:/usr/lib/jvm/java-8-oracle/db/bin:/usr/lib/jvm/java-8-oracle/jre/bin:/home/antchil/Documents/linux-master/script:/home/antchil/Documents/linux-master/script
SHELL=/bin/bash
DISPLAY=:0

Signal Handlers:
SIGSEGV: [libjvm.so+0xad01e0], sa_mask[0]=11111111011111111101111111111110, sa_flags=SA_RESTART|SA_SIGINFO
SIGBUS: [libjvm.so+0xad01e0], sa_mask[0]=11111111011111111101111111111110, sa_flags=SA_RESTART|SA_SIGINFO
SIGFPE: [libjvm.so+0x927fb0], sa_mask[0]=11111111011111111101111111111110, sa_flags=SA_RESTART|SA_SIGINFO
SIGPIPE: [libjvm.so+0x927fb0], sa_mask[0]=11111111011111111101111111111110, sa_flags=SA_RESTART|SA_SIGINFO
SIGXFSZ: [libjvm.so+0x927fb0], sa_mask[0]=11111111011111111101111111111110, sa_flags=SA_RESTART|SA_SIGINFO
SIGILL: [libjvm.so+0x927fb0], sa_mask[0]=11111111011111111101111111111110, sa_flags=SA_RESTART|SA_SIGINFO
SIGUSR1: SIG_DFL, sa_mask[0]=00000000000000000000000000000000, sa_flags=none
SIGUSR2: [libjvm.so+0x9297f0], sa_mask[0]=00000000000000000000000000000000, sa_flags=SA_RESTART|SA_SIGINFO
SIGHUP: [libjvm.so+0x92abf0], sa_mask[0]=11111111011111111101111111111110, sa_flags=SA_RESTART|SA_SIGINFO
SIGINT: [libjvm.so+0x92abf0], sa_mask[0]=11111111011111111101111111111110, sa_flags=SA_RESTART|SA_SIGINFO
SIGTERM: [libjvm.so+0x92abf0], sa_mask[0]=11111111011111111101111111111110, sa_flags=SA_RESTART|SA_SIGINFO
SIGQUIT: [libjvm.so+0x92abf0], sa_mask[0]=11111111011111111101111111111110, sa_flags=SA_RESTART|SA_SIGINFO


---------------  S Y S T E M  ---------------

OS:DISTRIB_ID=Ubuntu
DISTRIB_RELEASE=16.04
DISTRIB_CODENAME=xenial
DISTRIB_DESCRIPTION="Ubuntu 16.04.2 LTS"

uname:Linux 4.13.0-32-generic #35~16.04.1-Ubuntu SMP Thu Jan 25 10:13:43 UTC 2018 x86_64
libc:glibc 2.23 NPTL 2.23 
rlimit: STACK 8192k, CORE 0k, NPROC 31612, NOFILE 1048576, AS infinity
load average:0.46 0.63 0.53

/proc/meminfo:
MemTotal:        8145220 kB
MemFree:          171476 kB
MemAvailable:    1594204 kB
Buffers:           85140 kB
Cached:          1582912 kB
SwapCached:         2348 kB
Active:          3138996 kB
Inactive:        1327052 kB
Active(anon):    2206640 kB
Inactive(anon):   661832 kB
Active(file):     932356 kB
Inactive(file):   665220 kB
Unevictable:          32 kB
Mlocked:              32 kB
SwapTotal:       1045500 kB
SwapFree:        1024252 kB
Dirty:               288 kB
Writeback:             0 kB
AnonPages:       2796272 kB
Mapped:           295696 kB
Shmem:             70476 kB
Slab:             167908 kB
SReclaimable:      92884 kB
SUnreclaim:        75024 kB
KernelStack:       14272 kB
PageTables:        43784 kB
NFS_Unstable:          0 kB
Bounce:                0 kB
WritebackTmp:          0 kB
CommitLimit:     5118108 kB
Committed_AS:    7692704 kB
VmallocTotal:   34359738367 kB
VmallocUsed:           0 kB
VmallocChunk:          0 kB
HardwareCorrupted:     0 kB
AnonHugePages:         0 kB
ShmemHugePages:        0 kB
ShmemPmdMapped:        0 kB
CmaTotal:              0 kB
CmaFree:               0 kB
HugePages_Total:       0
HugePages_Free:        0
HugePages_Rsvd:        0
HugePages_Surp:        0
Hugepagesize:       2048 kB
DirectMap4k:       87872 kB
DirectMap2M:     6203392 kB
DirectMap1G:     4194304 kB


CPU:total 4 (initial active 4) (1 cores per cpu, 1 threads per core) family 6 model 158 stepping 9, cmov, cx8, fxsr, mmx, sse, sse2, sse3, ssse3, sse4.1, sse4.2, popcnt, aes, clmul, erms, 3dnowpref, lzcnt, tsc, tscinvbit

/proc/cpuinfo:
processor	: 0
vendor_id	: GenuineIntel
cpu family	: 6
model		: 158
model name	: Intel(R) Pentium(R) CPU G4600 @ 3.60GHz
stepping	: 9
microcode	: 0x5e
cpu MHz		: 3600.007
cache size	: 3072 KB
physical id	: 0
siblings	: 1
core id		: 0
cpu cores	: 1
apicid		: 0
initial apicid	: 0
fpu		: yes
fpu_exception	: yes
cpuid level	: 22
wp		: yes
flags		: fpu vme de pse tsc msr pae mce cx8 apic sep mtrr pge mca cmov pat pse36 clflush mmx fxsr sse sse2 ss syscall nx pdpe1gb rdtscp lm constant_tsc arch_perfmon nopl xtopology tsc_reliable nonstop_tsc cpuid pni pclmulqdq ssse3 cx16 pcid sse4_1 sse4_2 x2apic movbe popcnt tsc_deadline_timer aes xsave rdrand hypervisor lahf_lm abm 3dnowprefetch cpuid_fault invpcid_single pti fsgsbase tsc_adjust smep invpcid mpx rdseed smap clflushopt xsaveopt xsavec xsaves arat
bugs		: cpu_meltdown spectre_v1 spectre_v2
bogomips	: 7200.01
clflush size	: 64
cache_alignment	: 64
address sizes	: 43 bits physical, 48 bits virtual
power management:

processor	: 1
vendor_id	: GenuineIntel
cpu family	: 6
model		: 158
model name	: Intel(R) Pentium(R) CPU G4600 @ 3.60GHz
stepping	: 9
microcode	: 0x5e
cpu MHz		: 3600.007
cache size	: 3072 KB
physical id	: 2
siblings	: 1
core id		: 0
cpu cores	: 1
apicid		: 2
initial apicid	: 2
fpu		: yes
fpu_exception	: yes
cpuid level	: 22
wp		: yes
flags		: fpu vme de pse tsc msr pae mce cx8 apic sep mtrr pge mca cmov pat pse36 clflush mmx fxsr sse sse2 ss syscall nx pdpe1gb rdtscp lm constant_tsc arch_perfmon nopl xtopology tsc_reliable nonstop_tsc cpuid pni pclmulqdq ssse3 cx16 pcid sse4_1 sse4_2 x2apic movbe popcnt tsc_deadline_timer aes xsave rdrand hypervisor lahf_lm abm 3dnowprefetch cpuid_fault invpcid_single pti fsgsbase tsc_adjust smep invpcid mpx rdseed smap clflushopt xsaveopt xsavec xsaves arat
bugs		: cpu_meltdown spectre_v1 spectre_v2
bogomips	: 7200.01
clflush size	: 64
cache_alignment	: 64
address sizes	: 43 bits physical, 48 bits virtual
power management:

processor	: 2
vendor_id	: GenuineIntel
cpu family	: 6
model		: 158
model name	: Intel(R) Pentium(R) CPU G4600 @ 3.60GHz
stepping	: 9
microcode	: 0x5e
cpu MHz		: 3600.007
cache size	: 3072 KB
physical id	: 4
siblings	: 1
core id		: 0
cpu cores	: 1
apicid		: 4
initial apicid	: 4
fpu		: yes
fpu_exception	: yes
cpuid level	: 22
wp		: yes
flags		: fpu vme de pse tsc msr pae mce cx8 apic sep mtrr pge mca cmov pat pse36 clflush mmx fxsr sse sse2 ss syscall nx pdpe1gb rdtscp lm constant_tsc arch_perfmon nopl xtopology tsc_reliable nonstop_tsc cpuid pni pclmulqdq ssse3 cx16 pcid sse4_1 sse4_2 x2apic movbe popcnt tsc_deadline_timer aes xsave rdrand hypervisor lahf_lm abm 3dnowprefetch cpuid_fault invpcid_single pti fsgsbase tsc_adjust smep invpcid mpx rdseed smap clflushopt xsaveopt xsavec xsaves arat
bugs		: cpu_meltdown spectre_v1 spectre_v2
bogomips	: 7200.01
clflush size	: 64
cache_alignment	: 64
address sizes	: 43 bits physical, 48 bits virtual
power management:

processor	: 3
vendor_id	: GenuineIntel
cpu family	: 6
model		: 158
model name	: Intel(R) Pentium(R) CPU G4600 @ 3.60GHz
stepping	: 9
microcode	: 0x5e
cpu MHz		: 3600.007
cache size	: 3072 KB
physical id	: 6
siblings	: 1
core id		: 0
cpu cores	: 1
apicid		: 6
initial apicid	: 6
fpu		: yes
fpu_exception	: yes
cpuid level	: 22
wp		: yes
flags		: fpu vme de pse tsc msr pae mce cx8 apic sep mtrr pge mca cmov pat pse36 clflush mmx fxsr sse sse2 ss syscall nx pdpe1gb rdtscp lm constant_tsc arch_perfmon nopl xtopology tsc_reliable nonstop_tsc cpuid pni pclmulqdq ssse3 cx16 pcid sse4_1 sse4_2 x2apic movbe popcnt tsc_deadline_timer aes xsave rdrand hypervisor lahf_lm abm 3dnowprefetch cpuid_fault invpcid_single pti fsgsbase tsc_adjust smep invpcid mpx rdseed smap clflushopt xsaveopt xsavec xsaves arat
bugs		: cpu_meltdown spectre_v1 spectre_v2
bogomips	: 7200.01
clflush size	: 64
cache_alignment	: 64
address sizes	: 43 bits physical, 48 bits virtual
power management:



Memory: 4k page, physical 8145220k(171968k free), swap 1045500k(1024252k free)

vm_info: Java HotSpot(TM) 64-Bit Server VM (25.161-b12) for linux-amd64 JRE (1.8.0_161-b12), built on Dec 19 2017 16:12:43 by "java_re" with gcc 4.3.0 20080428 (Red Hat 4.3.0-8)

time: Mon Feb 12 10:07:34 2018
elapsed time: 0 seconds (0d 0h 0m 0s)

