#
# A fatal error has been detected by the Java Runtime Environment:
#
#  SIGSEGV (0xb) at pc=0x00007f0896d58032, pid=18176, tid=0x00007f08978c0700
#
# JRE version: Java(TM) SE Runtime Environment (8.0_161-b12) (build 1.8.0_161-b12)
# Java VM: Java HotSpot(TM) 64-Bit Server VM (25.161-b12 mixed mode linux-amd64 compressed oops)
# Problematic frame:
# C  [libc.so.6+0xa1032]
#
# Failed to write core dump. Core dumps have been disabled. To enable core dumping, try "ulimit -c unlimited" before starting Java again
#
# If you would like to submit a bug report, please visit:
#   http://bugreport.java.com/bugreport/crash.jsp
# The crash happened outside the Java Virtual Machine in native code.
# See problematic frame for where to report the bug.
#

---------------  T H R E A D  ---------------

Current thread (0x00007f089000a800):  JavaThread "main" [_thread_in_native, id=18177, stack(0x00007f08977c0000,0x00007f08978c1000)]

siginfo: si_signo: 11 (SIGSEGV), si_code: 1 (SEGV_MAPERR), si_addr: 0x0000000000000074

Registers:
RAX=0x0000000000000000, RBX=0x00007f087c452570, RCX=0x000000007ffffffa, RDX=0x0000000000000074
RSP=0x00007f08978bf818, RBP=0x00007f08978bf860, RSI=0x00007f089012b380, RDI=0x0000000000000074
R8 =0x0000000000000000, R9 =0x0000000000000005, R10=0x00000000000004b1, R11=0x00007f0896d58030
R12=0x0000000000000000, R13=0x00007f087c452570, R14=0x00007f08978bf908, R15=0x00007f089000a800
RIP=0x00007f0896d58032, EFLAGS=0x0000000000010246, CSGSFS=0x002b000000000033, ERR=0x0000000000000004
  TRAPNO=0x000000000000000e

Top of Stack: (sp=0x00007f08978bf818)
0x00007f08978bf818:   00007f0875fe75f0 00007f08978bf8f0
0x00007f08978bf828:   00007f0890121f10 00007f08978bf908
0x00007f08978bf838:   00007f089000a9f8 00007f0890121f10
0x00007f08978bf848:   00007f089012b380 00007f089012b340
0x00007f08978bf858:   00007f0881017f83 00007f08978bf8d0
0x00007f08978bf868:   00007f0881018107 00007f08978bf8d0
0x00007f08978bf878:   00007f0881017e59 00007f089000a800
0x00007f08978bf888:   00007f0881017e22 00007f08978bf890
0x00007f08978bf898:   00007f087c452570 00007f08978bf908
0x00007f08978bf8a8:   00007f087c452870 0000000000000000
0x00007f08978bf8b8:   00007f087c452570 0000000000000000
0x00007f08978bf8c8:   00007f08978bf8f0 00007f08978bf960
0x00007f08978bf8d8:   00007f0881007b60 0000000000000000
0x00007f08978bf8e8:   00007f0881011d0a 00000000d6972d90
0x00007f08978bf8f8:   00007f0890121f10 00007f0881008040
0x00007f08978bf908:   00000000d6972d28 00000000d6973018
0x00007f08978bf918:   00000000d691d900 00007f08978bf920
0x00007f08978bf928:   00007f087c452761 00007f08978bf988
0x00007f08978bf938:   00007f087c452870 0000000000000000
0x00007f08978bf948:   00007f087c452780 00007f08978bf8f0
0x00007f08978bf958:   00007f08978bf988 00007f08978bf9f0
0x00007f08978bf968:   00007f08810007a7 00007f0890121f10
0x00007f08978bf978:   0000000000000000 00000000d6972d28
0x00007f08978bf988:   00000000d6972d18 0000000000001fa0
0x00007f08978bf998:   0000000000000000 00007f089000a800
0x00007f08978bf9a8:   00007f08978bfa70 00007f08978bfc30
0x00007f08978bf9b8:   00007f08978bfa30 00007f08978bfa30
0x00007f08978bf9c8:   00007f08978bfd78 00007f080000000a
0x00007f08978bf9d8:   00007f087c452780 00007f0881013600
0x00007f08978bf9e8:   00007f08978bfbb8 00007f08978bfb60
0x00007f08978bf9f8:   00007f089634fae6 00007f0800000001
0x00007f08978bfa08:   00007f089000a800 00007f08978bfbb0 

Instructions: (pc=0x00007f0896d58032)
0x00007f0896d58012:   0f ae f8 62 d1 7c 48 11 60 fe 62 d1 7c 48 11 68
0x00007f0896d58022:   ff e9 e0 f8 ff ff 0f 1f 84 00 00 00 00 00 31 c0
0x00007f0896d58032:   80 3f 00 0f 84 8d 02 00 00 80 7f 01 00 0f 84 bb
0x00007f0896d58042:   02 00 00 80 7f 02 00 0f 84 c1 02 00 00 80 7f 03 

Register to memory mapping:

RAX=0x0000000000000000 is an unknown value
RBX={method} {0x00007f087c452570} 'ht_search' '(JLjava/lang/String;)C' in 'HashTable'
RCX=0x000000007ffffffa is an unknown value
RDX=0x0000000000000074 is an unknown value
RSP=0x00007f08978bf818 is pointing into the stack for thread: 0x00007f089000a800
RBP=0x00007f08978bf860 is pointing into the stack for thread: 0x00007f089000a800
RSI=0x00007f089012b380 is an unknown value
RDI=0x0000000000000074 is an unknown value
R8 =0x0000000000000000 is an unknown value
R9 =0x0000000000000005 is an unknown value
R10=0x00000000000004b1 is an unknown value
R11=0x00007f0896d58030: <offset 0xa1030> in /lib/x86_64-linux-gnu/libc.so.6 at 0x00007f0896cb7000
R12=0x0000000000000000 is an unknown value
R13={method} {0x00007f087c452570} 'ht_search' '(JLjava/lang/String;)C' in 'HashTable'
R14=0x00007f08978bf908 is pointing into the stack for thread: 0x00007f089000a800
R15=0x00007f089000a800 is a thread


Stack: [0x00007f08977c0000,0x00007f08978c1000],  sp=0x00007f08978bf818,  free space=1022k
Native frames: (J=compiled Java code, j=interpreted, Vv=VM code, C=native code)
C  [libc.so.6+0xa1032]
j  HashTable.ht_search(JLjava/lang/String;)C+0
j  HashTable.main([Ljava/lang/String;)V+41
v  ~StubRoutines::call_stub
V  [libjvm.so+0x695ae6]  JavaCalls::call_helper(JavaValue*, methodHandle*, JavaCallArguments*, Thread*)+0x1056
V  [libjvm.so+0x6d7072]  jni_invoke_static(JNIEnv_*, JavaValue*, _jobject*, JNICallType, _jmethodID*, JNI_ArgumentPusher*, Thread*)+0x362
V  [libjvm.so+0x6f38da]  jni_CallStaticVoidMethod+0x17a
C  [libjli.so+0x80ff]  JavaMain+0x81f
C  [libpthread.so.0+0x76ba]  start_thread+0xca

Java frames: (J=compiled Java code, j=interpreted, Vv=VM code)
j  HashTable.ht_search(JLjava/lang/String;)C+0
j  HashTable.main([Ljava/lang/String;)V+41
v  ~StubRoutines::call_stub

---------------  P R O C E S S  ---------------

Java Threads: ( => current thread )
  0x00007f08900d3000 JavaThread "Service Thread" daemon [_thread_blocked, id=18189, stack(0x00007f0876380000,0x00007f0876481000)]
  0x00007f08900be000 JavaThread "C1 CompilerThread2" daemon [_thread_blocked, id=18188, stack(0x00007f0876481000,0x00007f0876582000)]
  0x00007f08900bc000 JavaThread "C2 CompilerThread1" daemon [_thread_blocked, id=18187, stack(0x00007f0876582000,0x00007f0876683000)]
  0x00007f08900b9000 JavaThread "C2 CompilerThread0" daemon [_thread_blocked, id=18186, stack(0x00007f0876683000,0x00007f0876784000)]
  0x00007f08900b7800 JavaThread "Signal Dispatcher" daemon [_thread_blocked, id=18185, stack(0x00007f0876784000,0x00007f0876885000)]
  0x00007f0890084800 JavaThread "Finalizer" daemon [_thread_blocked, id=18184, stack(0x00007f0876b5d000,0x00007f0876c5e000)]
  0x00007f0890080000 JavaThread "Reference Handler" daemon [_thread_blocked, id=18183, stack(0x00007f0876c5e000,0x00007f0876d5f000)]
=>0x00007f089000a800 JavaThread "main" [_thread_in_native, id=18177, stack(0x00007f08977c0000,0x00007f08978c1000)]

Other Threads:
  0x00007f0890078000 VMThread [stack: 0x00007f0876d5f000,0x00007f0876e60000] [id=18182]
  0x00007f08900d8800 WatcherThread [stack: 0x00007f087627f000,0x00007f0876380000] [id=18190]

VM state:not at safepoint (normal execution)

VM Mutex/Monitor currently owned by a thread: None

Heap:
 PSYoungGen      total 37888K, used 1310K [0x00000000d6900000, 0x00000000d9300000, 0x0000000100000000)
  eden space 32768K, 4% used [0x00000000d6900000,0x00000000d6a47b08,0x00000000d8900000)
  from space 5120K, 0% used [0x00000000d8e00000,0x00000000d8e00000,0x00000000d9300000)
  to   space 5120K, 0% used [0x00000000d8900000,0x00000000d8900000,0x00000000d8e00000)
 ParOldGen       total 86016K, used 0K [0x0000000083a00000, 0x0000000088e00000, 0x00000000d6900000)
  object space 86016K, 0% used [0x0000000083a00000,0x0000000083a00000,0x0000000088e00000)
 Metaspace       used 2619K, capacity 4486K, committed 4864K, reserved 1056768K
  class space    used 283K, capacity 386K, committed 512K, reserved 1048576K

Card table byte_map: [0x00007f089416e000,0x00007f0894552000] byte_map_base: 0x00007f0893d51000

Marking Bits: (ParMarkBitMap*) 0x00007f0896c89920
 Begin Bits: [0x00007f087cc35000, 0x00007f087eb4d000)
 End Bits:   [0x00007f087eb4d000, 0x00007f0880a65000)

Polling page: 0x00007f08978dc000

CodeCache: size=245760Kb used=1107Kb max_used=1109Kb free=244652Kb
 bounds [0x00007f0881000000, 0x00007f0881270000, 0x00007f0890000000]
 total_blobs=249 nmethods=21 adapters=143
 compilation: enabled

Compilation events (10 events):
Event: 0.057 Thread 0x00007f08900be000 nmethod 19 0x00007f0881112f10 code [0x00007f08811130e0, 0x00007f0881113a68]
Event: 0.057 Thread 0x00007f08900be000   13       3       java.lang.String::<init> (82 bytes)
Event: 0.057 Thread 0x00007f08900b9000 nmethod 15 0x00007f0881115690 code [0x00007f08811157e0, 0x00007f0881115a38]
Event: 0.057 Thread 0x00007f08900be000 nmethod 13 0x00007f08811125d0 code [0x00007f08811127a0, 0x00007f0881112c78]
Event: 0.057 Thread 0x00007f08900be000   20       3       sun.misc.JarIndex::addToList (59 bytes)
Event: 0.058 Thread 0x00007f08900be000 nmethod 20 0x00007f08811143d0 code [0x00007f0881114600, 0x00007f0881115138]
Event: 0.058 Thread 0x00007f08900be000   16       3       java.util.HashMap::get (23 bytes)
Event: 0.058 Thread 0x00007f08900be000 nmethod 16 0x00007f0881111ed0 code [0x00007f0881112060, 0x00007f0881112458]
Event: 0.058 Thread 0x00007f08900be000   21       1       java.lang.ThreadLocal::access$400 (5 bytes)
Event: 0.058 Thread 0x00007f08900be000 nmethod 21 0x00007f088110c710 code [0x00007f088110c860, 0x00007f088110c950]

GC Heap History (0 events):
No events

Deoptimization events (0 events):
No events

Classes redefined (0 events):
No events

Internal exceptions (2 events):
Event: 0.026 Thread 0x00007f089000a800 Exception <a 'java/lang/NoSuchMethodError': Method sun.misc.Unsafe.defineClass(Ljava/lang/String;[BII)Ljava/lang/Class; name or signature does not match> (0x00000000d6907ca0) thrown at [/HUDSON/workspace/8-2-build-linux-amd64/jdk8u161/10277/hotspot/src/sh
Event: 0.026 Thread 0x00007f089000a800 Exception <a 'java/lang/NoSuchMethodError': Method sun.misc.Unsafe.prefetchRead(Ljava/lang/Object;J)V name or signature does not match> (0x00000000d6907f88) thrown at [/HUDSON/workspace/8-2-build-linux-amd64/jdk8u161/10277/hotspot/src/share/vm/prims/jni.c

Events (10 events):
Event: 0.058 loading class java/security/BasicPermissionCollection
Event: 0.058 loading class java/security/BasicPermissionCollection done
Event: 0.058 loading class sun/launcher/LauncherHelper$FXHelper
Event: 0.058 loading class sun/launcher/LauncherHelper$FXHelper done
Event: 0.058 loading class java/lang/Class$MethodArray
Event: 0.058 loading class java/lang/Class$MethodArray done
Event: 0.059 loading class java/lang/Void
Event: 0.059 loading class java/lang/Void done
Event: 0.059 loading class java/lang/ClassLoaderHelper
Event: 0.059 loading class java/lang/ClassLoaderHelper done


Dynamic libraries:
00400000-00401000 r-xp 00000000 08:01 2490962                            /usr/lib/jvm/java-8-oracle/jre/bin/java
00600000-00601000 rw-p 00000000 08:01 2490962                            /usr/lib/jvm/java-8-oracle/jre/bin/java
00f0e000-00f2f000 rw-p 00000000 00:00 0                                  [heap]
83a00000-88e00000 rw-p 00000000 00:00 0 
88e00000-d6900000 ---p 00000000 00:00 0 
d6900000-d9300000 rw-p 00000000 00:00 0 
d9300000-100000000 ---p 00000000 00:00 0 
100000000-100080000 rw-p 00000000 00:00 0 
100080000-140000000 ---p 00000000 00:00 0 
7f0840000000-7f0840021000 rw-p 00000000 00:00 0 
7f0840021000-7f0844000000 ---p 00000000 00:00 0 
7f0848000000-7f0848056000 rw-p 00000000 00:00 0 
7f0848056000-7f084c000000 ---p 00000000 00:00 0 
7f084c000000-7f084c021000 rw-p 00000000 00:00 0 
7f084c021000-7f0850000000 ---p 00000000 00:00 0 
7f0850000000-7f085009a000 rw-p 00000000 00:00 0 
7f085009a000-7f0854000000 ---p 00000000 00:00 0 
7f0854000000-7f0854021000 rw-p 00000000 00:00 0 
7f0854021000-7f0858000000 ---p 00000000 00:00 0 
7f0858000000-7f0858021000 rw-p 00000000 00:00 0 
7f0858021000-7f085c000000 ---p 00000000 00:00 0 
7f085c000000-7f085c021000 rw-p 00000000 00:00 0 
7f085c021000-7f0860000000 ---p 00000000 00:00 0 
7f0860000000-7f0860021000 rw-p 00000000 00:00 0 
7f0860021000-7f0864000000 ---p 00000000 00:00 0 
7f0864000000-7f0864021000 rw-p 00000000 00:00 0 
7f0864021000-7f0868000000 ---p 00000000 00:00 0 
7f0868000000-7f0868021000 rw-p 00000000 00:00 0 
7f0868021000-7f086c000000 ---p 00000000 00:00 0 
7f086c000000-7f086c021000 rw-p 00000000 00:00 0 
7f086c021000-7f0870000000 ---p 00000000 00:00 0 
7f0870000000-7f0870021000 rw-p 00000000 00:00 0 
7f0870021000-7f0874000000 ---p 00000000 00:00 0 
7f0875d5e000-7f0875fe6000 rw-p 00000000 00:00 0 
7f0875fe6000-7f0875fe8000 r-xp 00000000 08:01 1192527                    /home/antchil/Documents/module-2.2/hash_table_JNI/libhash_table.so
7f0875fe8000-7f08761e7000 ---p 00002000 08:01 1192527                    /home/antchil/Documents/module-2.2/hash_table_JNI/libhash_table.so
7f08761e7000-7f08761e8000 r--p 00001000 08:01 1192527                    /home/antchil/Documents/module-2.2/hash_table_JNI/libhash_table.so
7f08761e8000-7f08761e9000 rw-p 00002000 08:01 1192527                    /home/antchil/Documents/module-2.2/hash_table_JNI/libhash_table.so
7f08761e9000-7f087627f000 r--s 0110a000 08:01 2491209                    /usr/lib/jvm/java-8-oracle/jre/lib/ext/jfxrt.jar
7f087627f000-7f0876280000 ---p 00000000 00:00 0 
7f0876280000-7f0876380000 rw-p 00000000 00:00 0 
7f0876380000-7f0876383000 ---p 00000000 00:00 0 
7f0876383000-7f0876481000 rw-p 00000000 00:00 0 
7f0876481000-7f0876484000 ---p 00000000 00:00 0 
7f0876484000-7f0876582000 rw-p 00000000 00:00 0 
7f0876582000-7f0876585000 ---p 00000000 00:00 0 
7f0876585000-7f0876683000 rw-p 00000000 00:00 0 
7f0876683000-7f0876686000 ---p 00000000 00:00 0 
7f0876686000-7f0876784000 rw-p 00000000 00:00 0 
7f0876784000-7f0876787000 ---p 00000000 00:00 0 
7f0876787000-7f0876885000 rw-p 00000000 00:00 0 
7f0876885000-7f0876b5d000 r--p 00000000 08:01 2360788                    /usr/lib/locale/locale-archive
7f0876b5d000-7f0876b60000 ---p 00000000 00:00 0 
7f0876b60000-7f0876c5e000 rw-p 00000000 00:00 0 
7f0876c5e000-7f0876c61000 ---p 00000000 00:00 0 
7f0876c61000-7f0876d5f000 rw-p 00000000 00:00 0 
7f0876d5f000-7f0876d60000 ---p 00000000 00:00 0 
7f0876d60000-7f0877db1000 rw-p 00000000 00:00 0 
7f0877db1000-7f0877f8a000 r--s 03d64000 08:01 2491062                    /usr/lib/jvm/java-8-oracle/jre/lib/rt.jar
7f0877f8a000-7f0878000000 rw-p 00000000 00:00 0 
7f0878000000-7f0878021000 rw-p 00000000 00:00 0 
7f0878021000-7f087c000000 ---p 00000000 00:00 0 
7f087c010000-7f087c492000 rw-p 00000000 00:00 0 
7f087c492000-7f087c852000 ---p 00000000 00:00 0 
7f087c852000-7f0880a65000 rw-p 00000000 00:00 0 
7f0880a65000-7f0880a66000 ---p 00000000 00:00 0 
7f0880a66000-7f0880b66000 rw-p 00000000 00:00 0 
7f0880b66000-7f0880b67000 ---p 00000000 00:00 0 
7f0880b67000-7f0880c67000 rw-p 00000000 00:00 0 
7f0880c67000-7f0880c68000 ---p 00000000 00:00 0 
7f0880c68000-7f0880d92000 rw-p 00000000 00:00 0 
7f0880d92000-7f0881000000 ---p 00000000 00:00 0 
7f0881000000-7f0881270000 rwxp 00000000 00:00 0 
7f0881270000-7f0890000000 ---p 00000000 00:00 0 
7f0890000000-7f0890159000 rw-p 00000000 00:00 0 
7f0890159000-7f0894000000 ---p 00000000 00:00 0 
7f089401e000-7f089406d000 rw-p 00000000 00:00 0 
7f089406d000-7f089406e000 ---p 00000000 00:00 0 
7f089406e000-7f0894198000 rw-p 00000000 00:00 0 
7f0894198000-7f0894405000 ---p 00000000 00:00 0 
7f0894405000-7f089441b000 rw-p 00000000 00:00 0 
7f089441b000-7f0894551000 ---p 00000000 00:00 0 
7f0894551000-7f089455c000 rw-p 00000000 00:00 0 
7f089455c000-7f0894912000 ---p 00000000 00:00 0 
7f0894912000-7f089492d000 r-xp 00000000 08:01 2491134                    /usr/lib/jvm/java-8-oracle/jre/lib/amd64/libzip.so
7f089492d000-7f0894b2d000 ---p 0001b000 08:01 2491134                    /usr/lib/jvm/java-8-oracle/jre/lib/amd64/libzip.so
7f0894b2d000-7f0894b2e000 rw-p 0001b000 08:01 2491134                    /usr/lib/jvm/java-8-oracle/jre/lib/amd64/libzip.so
7f0894b2e000-7f0894b39000 r-xp 00000000 08:01 1451889                    /lib/x86_64-linux-gnu/libnss_files-2.23.so
7f0894b39000-7f0894d38000 ---p 0000b000 08:01 1451889                    /lib/x86_64-linux-gnu/libnss_files-2.23.so
7f0894d38000-7f0894d39000 r--p 0000a000 08:01 1451889                    /lib/x86_64-linux-gnu/libnss_files-2.23.so
7f0894d39000-7f0894d3a000 rw-p 0000b000 08:01 1451889                    /lib/x86_64-linux-gnu/libnss_files-2.23.so
7f0894d3a000-7f0894d40000 rw-p 00000000 00:00 0 
7f0894d40000-7f0894d4b000 r-xp 00000000 08:01 1451898                    /lib/x86_64-linux-gnu/libnss_nis-2.23.so
7f0894d4b000-7f0894f4a000 ---p 0000b000 08:01 1451898                    /lib/x86_64-linux-gnu/libnss_nis-2.23.so
7f0894f4a000-7f0894f4b000 r--p 0000a000 08:01 1451898                    /lib/x86_64-linux-gnu/libnss_nis-2.23.so
7f0894f4b000-7f0894f4c000 rw-p 0000b000 08:01 1451898                    /lib/x86_64-linux-gnu/libnss_nis-2.23.so
7f0894f4c000-7f0894f62000 r-xp 00000000 08:01 1451823                    /lib/x86_64-linux-gnu/libnsl-2.23.so
7f0894f62000-7f0895161000 ---p 00016000 08:01 1451823                    /lib/x86_64-linux-gnu/libnsl-2.23.so
7f0895161000-7f0895162000 r--p 00015000 08:01 1451823                    /lib/x86_64-linux-gnu/libnsl-2.23.so
7f0895162000-7f0895163000 rw-p 00016000 08:01 1451823                    /lib/x86_64-linux-gnu/libnsl-2.23.so
7f0895163000-7f0895165000 rw-p 00000000 00:00 0 
7f0895165000-7f089516d000 r-xp 00000000 08:01 1451872                    /lib/x86_64-linux-gnu/libnss_compat-2.23.so
7f089516d000-7f089536c000 ---p 00008000 08:01 1451872                    /lib/x86_64-linux-gnu/libnss_compat-2.23.so
7f089536c000-7f089536d000 r--p 00007000 08:01 1451872                    /lib/x86_64-linux-gnu/libnss_compat-2.23.so
7f089536d000-7f089536e000 rw-p 00008000 08:01 1451872                    /lib/x86_64-linux-gnu/libnss_compat-2.23.so
7f089536e000-7f0895399000 r-xp 00000000 08:01 2491128                    /usr/lib/jvm/java-8-oracle/jre/lib/amd64/libjava.so
7f0895399000-7f0895598000 ---p 0002b000 08:01 2491128                    /usr/lib/jvm/java-8-oracle/jre/lib/amd64/libjava.so
7f0895598000-7f089559a000 rw-p 0002a000 08:01 2491128                    /usr/lib/jvm/java-8-oracle/jre/lib/amd64/libjava.so
7f089559a000-7f08955a7000 r-xp 00000000 08:01 2491133                    /usr/lib/jvm/java-8-oracle/jre/lib/amd64/libverify.so
7f08955a7000-7f08957a7000 ---p 0000d000 08:01 2491133                    /usr/lib/jvm/java-8-oracle/jre/lib/amd64/libverify.so
7f08957a7000-7f08957a9000 rw-p 0000d000 08:01 2491133                    /usr/lib/jvm/java-8-oracle/jre/lib/amd64/libverify.so
7f08957a9000-7f08957b0000 r-xp 00000000 08:01 1451899                    /lib/x86_64-linux-gnu/librt-2.23.so
7f08957b0000-7f08959af000 ---p 00007000 08:01 1451899                    /lib/x86_64-linux-gnu/librt-2.23.so
7f08959af000-7f08959b0000 r--p 00006000 08:01 1451899                    /lib/x86_64-linux-gnu/librt-2.23.so
7f08959b0000-7f08959b1000 rw-p 00007000 08:01 1451899                    /lib/x86_64-linux-gnu/librt-2.23.so
7f08959b1000-7f0895ab9000 r-xp 00000000 08:01 1451812                    /lib/x86_64-linux-gnu/libm-2.23.so
7f0895ab9000-7f0895cb8000 ---p 00108000 08:01 1451812                    /lib/x86_64-linux-gnu/libm-2.23.so
7f0895cb8000-7f0895cb9000 r--p 00107000 08:01 1451812                    /lib/x86_64-linux-gnu/libm-2.23.so
7f0895cb9000-7f0895cba000 rw-p 00108000 08:01 1451812                    /lib/x86_64-linux-gnu/libm-2.23.so
7f0895cba000-7f0896993000 r-xp 00000000 08:01 2491156                    /usr/lib/jvm/java-8-oracle/jre/lib/amd64/server/libjvm.so
7f0896993000-7f0896b92000 ---p 00cd9000 08:01 2491156                    /usr/lib/jvm/java-8-oracle/jre/lib/amd64/server/libjvm.so
7f0896b92000-7f0896c6b000 rw-p 00cd8000 08:01 2491156                    /usr/lib/jvm/java-8-oracle/jre/lib/amd64/server/libjvm.so
7f0896c6b000-7f0896cb7000 rw-p 00000000 00:00 0 
7f0896cb7000-7f0896e77000 r-xp 00000000 08:01 1451840                    /lib/x86_64-linux-gnu/libc-2.23.so
7f0896e77000-7f0897077000 ---p 001c0000 08:01 1451840                    /lib/x86_64-linux-gnu/libc-2.23.so
7f0897077000-7f089707b000 r--p 001c0000 08:01 1451840                    /lib/x86_64-linux-gnu/libc-2.23.so
7f089707b000-7f089707d000 rw-p 001c4000 08:01 1451840                    /lib/x86_64-linux-gnu/libc-2.23.so
7f089707d000-7f0897081000 rw-p 00000000 00:00 0 
7f0897081000-7f0897084000 r-xp 00000000 08:01 1451842                    /lib/x86_64-linux-gnu/libdl-2.23.so
7f0897084000-7f0897283000 ---p 00003000 08:01 1451842                    /lib/x86_64-linux-gnu/libdl-2.23.so
7f0897283000-7f0897284000 r--p 00002000 08:01 1451842                    /lib/x86_64-linux-gnu/libdl-2.23.so
7f0897284000-7f0897285000 rw-p 00003000 08:01 1451842                    /lib/x86_64-linux-gnu/libdl-2.23.so
7f0897285000-7f089729b000 r-xp 00000000 08:01 2491152                    /usr/lib/jvm/java-8-oracle/jre/lib/amd64/jli/libjli.so
7f089729b000-7f089749a000 ---p 00016000 08:01 2491152                    /usr/lib/jvm/java-8-oracle/jre/lib/amd64/jli/libjli.so
7f089749a000-7f089749b000 rw-p 00015000 08:01 2491152                    /usr/lib/jvm/java-8-oracle/jre/lib/amd64/jli/libjli.so
7f089749b000-7f08974b3000 r-xp 00000000 08:01 1451839                    /lib/x86_64-linux-gnu/libpthread-2.23.so
7f08974b3000-7f08976b2000 ---p 00018000 08:01 1451839                    /lib/x86_64-linux-gnu/libpthread-2.23.so
7f08976b2000-7f08976b3000 r--p 00017000 08:01 1451839                    /lib/x86_64-linux-gnu/libpthread-2.23.so
7f08976b3000-7f08976b4000 rw-p 00018000 08:01 1451839                    /lib/x86_64-linux-gnu/libpthread-2.23.so
7f08976b4000-7f08976b8000 rw-p 00000000 00:00 0 
7f08976b8000-7f08976de000 r-xp 00000000 08:01 1451838                    /lib/x86_64-linux-gnu/ld-2.23.so
7f08976f5000-7f08977c0000 rw-p 00000000 00:00 0 
7f08977c0000-7f08977c3000 ---p 00000000 00:00 0 
7f08977c3000-7f08978c6000 rw-p 00000000 00:00 0 
7f08978d3000-7f08978db000 rw-s 00000000 08:01 2228264                    /tmp/hsperfdata_antchil/18176
7f08978db000-7f08978dc000 rw-p 00000000 00:00 0 
7f08978dc000-7f08978dd000 r--p 00000000 00:00 0 
7f08978dd000-7f08978de000 r--p 00025000 08:01 1451838                    /lib/x86_64-linux-gnu/ld-2.23.so
7f08978de000-7f08978df000 rw-p 00026000 08:01 1451838                    /lib/x86_64-linux-gnu/ld-2.23.so
7f08978df000-7f08978e0000 rw-p 00000000 00:00 0 
7fff13e6f000-7fff13e91000 rw-p 00000000 00:00 0                          [stack]
7fff13ea8000-7fff13eab000 r--p 00000000 00:00 0                          [vvar]
7fff13eab000-7fff13ead000 r-xp 00000000 00:00 0                          [vdso]
ffffffffff600000-ffffffffff601000 r-xp 00000000 00:00 0                  [vsyscall]

VM Arguments:
jvm_args: -Djava.library.path=. 
java_command: HashTable
java_class_path (initial): .
Launcher Type: SUN_STANDARD

Environment Variables:
JAVA_HOME=/usr/lib/jvm/java-8-oracle
JRE_HOME=/usr/lib/jvm/java-8-oracle/jre
PATH=/home/antchil/bin:/home/antchil/.local/bin:/home/antchil/bin:/home/antchil/.local/bin:/usr/local/sbin:/usr/local/bin:/usr/sbin:/usr/bin:/sbin:/bin:/usr/games:/usr/local/games:/snap/bin:/usr/lib/jvm/java-8-oracle/bin:/usr/lib/jvm/java-8-oracle/db/bin:/usr/lib/jvm/java-8-oracle/jre/bin:/snap/bin:/usr/lib/jvm/java-8-oracle/bin:/usr/lib/jvm/java-8-oracle/db/bin:/usr/lib/jvm/java-8-oracle/jre/bin:/home/antchil/Documents/linux-master/script:/home/antchil/Documents/linux-master/script
SHELL=/bin/bash
DISPLAY=:0

Signal Handlers:
SIGSEGV: [libjvm.so+0xad01e0], sa_mask[0]=11111111011111111101111111111110, sa_flags=SA_RESTART|SA_SIGINFO
SIGBUS: [libjvm.so+0xad01e0], sa_mask[0]=11111111011111111101111111111110, sa_flags=SA_RESTART|SA_SIGINFO
SIGFPE: [libjvm.so+0x927fb0], sa_mask[0]=11111111011111111101111111111110, sa_flags=SA_RESTART|SA_SIGINFO
SIGPIPE: [libjvm.so+0x927fb0], sa_mask[0]=11111111011111111101111111111110, sa_flags=SA_RESTART|SA_SIGINFO
SIGXFSZ: [libjvm.so+0x927fb0], sa_mask[0]=11111111011111111101111111111110, sa_flags=SA_RESTART|SA_SIGINFO
SIGILL: [libjvm.so+0x927fb0], sa_mask[0]=11111111011111111101111111111110, sa_flags=SA_RESTART|SA_SIGINFO
SIGUSR1: SIG_DFL, sa_mask[0]=00000000000000000000000000000000, sa_flags=none
SIGUSR2: [libjvm.so+0x9297f0], sa_mask[0]=00000000000000000000000000000000, sa_flags=SA_RESTART|SA_SIGINFO
SIGHUP: [libjvm.so+0x92abf0], sa_mask[0]=11111111011111111101111111111110, sa_flags=SA_RESTART|SA_SIGINFO
SIGINT: [libjvm.so+0x92abf0], sa_mask[0]=11111111011111111101111111111110, sa_flags=SA_RESTART|SA_SIGINFO
SIGTERM: [libjvm.so+0x92abf0], sa_mask[0]=11111111011111111101111111111110, sa_flags=SA_RESTART|SA_SIGINFO
SIGQUIT: [libjvm.so+0x92abf0], sa_mask[0]=11111111011111111101111111111110, sa_flags=SA_RESTART|SA_SIGINFO


---------------  S Y S T E M  ---------------

OS:DISTRIB_ID=Ubuntu
DISTRIB_RELEASE=16.04
DISTRIB_CODENAME=xenial
DISTRIB_DESCRIPTION="Ubuntu 16.04.2 LTS"

uname:Linux 4.13.0-32-generic #35~16.04.1-Ubuntu SMP Thu Jan 25 10:13:43 UTC 2018 x86_64
libc:glibc 2.23 NPTL 2.23 
rlimit: STACK 8192k, CORE 0k, NPROC 31612, NOFILE 1048576, AS infinity
load average:0.27 0.33 0.37

/proc/meminfo:
MemTotal:        8145220 kB
MemFree:          222768 kB
MemAvailable:    1643692 kB
Buffers:           84060 kB
Cached:          1582492 kB
SwapCached:         2296 kB
Active:          3135144 kB
Inactive:        1326956 kB
Active(anon):    2204088 kB
Inactive(anon):   662220 kB
Active(file):     931056 kB
Inactive(file):   664736 kB
Unevictable:          32 kB
Mlocked:              32 kB
SwapTotal:       1045500 kB
SwapFree:        1024252 kB
Dirty:               256 kB
Writeback:             0 kB
AnonPages:       2793696 kB
Mapped:           294648 kB
Shmem:             70756 kB
Slab:             166368 kB
SReclaimable:      92848 kB
SUnreclaim:        73520 kB
KernelStack:       14160 kB
PageTables:        43932 kB
NFS_Unstable:          0 kB
Bounce:                0 kB
WritebackTmp:          0 kB
CommitLimit:     5118108 kB
Committed_AS:    7689276 kB
VmallocTotal:   34359738367 kB
VmallocUsed:           0 kB
VmallocChunk:          0 kB
HardwareCorrupted:     0 kB
AnonHugePages:         0 kB
ShmemHugePages:        0 kB
ShmemPmdMapped:        0 kB
CmaTotal:              0 kB
CmaFree:               0 kB
HugePages_Total:       0
HugePages_Free:        0
HugePages_Rsvd:        0
HugePages_Surp:        0
Hugepagesize:       2048 kB
DirectMap4k:       87872 kB
DirectMap2M:     6203392 kB
DirectMap1G:     4194304 kB


CPU:total 4 (initial active 4) (1 cores per cpu, 1 threads per core) family 6 model 158 stepping 9, cmov, cx8, fxsr, mmx, sse, sse2, sse3, ssse3, sse4.1, sse4.2, popcnt, aes, clmul, erms, 3dnowpref, lzcnt, tsc, tscinvbit

/proc/cpuinfo:
processor	: 0
vendor_id	: GenuineIntel
cpu family	: 6
model		: 158
model name	: Intel(R) Pentium(R) CPU G4600 @ 3.60GHz
stepping	: 9
microcode	: 0x5e
cpu MHz		: 3600.007
cache size	: 3072 KB
physical id	: 0
siblings	: 1
core id		: 0
cpu cores	: 1
apicid		: 0
initial apicid	: 0
fpu		: yes
fpu_exception	: yes
cpuid level	: 22
wp		: yes
flags		: fpu vme de pse tsc msr pae mce cx8 apic sep mtrr pge mca cmov pat pse36 clflush mmx fxsr sse sse2 ss syscall nx pdpe1gb rdtscp lm constant_tsc arch_perfmon nopl xtopology tsc_reliable nonstop_tsc cpuid pni pclmulqdq ssse3 cx16 pcid sse4_1 sse4_2 x2apic movbe popcnt tsc_deadline_timer aes xsave rdrand hypervisor lahf_lm abm 3dnowprefetch cpuid_fault invpcid_single pti fsgsbase tsc_adjust smep invpcid mpx rdseed smap clflushopt xsaveopt xsavec xsaves arat
bugs		: cpu_meltdown spectre_v1 spectre_v2
bogomips	: 7200.01
clflush size	: 64
cache_alignment	: 64
address sizes	: 43 bits physical, 48 bits virtual
power management:

processor	: 1
vendor_id	: GenuineIntel
cpu family	: 6
model		: 158
model name	: Intel(R) Pentium(R) CPU G4600 @ 3.60GHz
stepping	: 9
microcode	: 0x5e
cpu MHz		: 3600.007
cache size	: 3072 KB
physical id	: 2
siblings	: 1
core id		: 0
cpu cores	: 1
apicid		: 2
initial apicid	: 2
fpu		: yes
fpu_exception	: yes
cpuid level	: 22
wp		: yes
flags		: fpu vme de pse tsc msr pae mce cx8 apic sep mtrr pge mca cmov pat pse36 clflush mmx fxsr sse sse2 ss syscall nx pdpe1gb rdtscp lm constant_tsc arch_perfmon nopl xtopology tsc_reliable nonstop_tsc cpuid pni pclmulqdq ssse3 cx16 pcid sse4_1 sse4_2 x2apic movbe popcnt tsc_deadline_timer aes xsave rdrand hypervisor lahf_lm abm 3dnowprefetch cpuid_fault invpcid_single pti fsgsbase tsc_adjust smep invpcid mpx rdseed smap clflushopt xsaveopt xsavec xsaves arat
bugs		: cpu_meltdown spectre_v1 spectre_v2
bogomips	: 7200.01
clflush size	: 64
cache_alignment	: 64
address sizes	: 43 bits physical, 48 bits virtual
power management:

processor	: 2
vendor_id	: GenuineIntel
cpu family	: 6
model		: 158
model name	: Intel(R) Pentium(R) CPU G4600 @ 3.60GHz
stepping	: 9
microcode	: 0x5e
cpu MHz		: 3600.007
cache size	: 3072 KB
physical id	: 4
siblings	: 1
core id		: 0
cpu cores	: 1
apicid		: 4
initial apicid	: 4
fpu		: yes
fpu_exception	: yes
cpuid level	: 22
wp		: yes
flags		: fpu vme de pse tsc msr pae mce cx8 apic sep mtrr pge mca cmov pat pse36 clflush mmx fxsr sse sse2 ss syscall nx pdpe1gb rdtscp lm constant_tsc arch_perfmon nopl xtopology tsc_reliable nonstop_tsc cpuid pni pclmulqdq ssse3 cx16 pcid sse4_1 sse4_2 x2apic movbe popcnt tsc_deadline_timer aes xsave rdrand hypervisor lahf_lm abm 3dnowprefetch cpuid_fault invpcid_single pti fsgsbase tsc_adjust smep invpcid mpx rdseed smap clflushopt xsaveopt xsavec xsaves arat
bugs		: cpu_meltdown spectre_v1 spectre_v2
bogomips	: 7200.01
clflush size	: 64
cache_alignment	: 64
address sizes	: 43 bits physical, 48 bits virtual
power management:

processor	: 3
vendor_id	: GenuineIntel
cpu family	: 6
model		: 158
model name	: Intel(R) Pentium(R) CPU G4600 @ 3.60GHz
stepping	: 9
microcode	: 0x5e
cpu MHz		: 3600.007
cache size	: 3072 KB
physical id	: 6
siblings	: 1
core id		: 0
cpu cores	: 1
apicid		: 6
initial apicid	: 6
fpu		: yes
fpu_exception	: yes
cpuid level	: 22
wp		: yes
flags		: fpu vme de pse tsc msr pae mce cx8 apic sep mtrr pge mca cmov pat pse36 clflush mmx fxsr sse sse2 ss syscall nx pdpe1gb rdtscp lm constant_tsc arch_perfmon nopl xtopology tsc_reliable nonstop_tsc cpuid pni pclmulqdq ssse3 cx16 pcid sse4_1 sse4_2 x2apic movbe popcnt tsc_deadline_timer aes xsave rdrand hypervisor lahf_lm abm 3dnowprefetch cpuid_fault invpcid_single pti fsgsbase tsc_adjust smep invpcid mpx rdseed smap clflushopt xsaveopt xsavec xsaves arat
bugs		: cpu_meltdown spectre_v1 spectre_v2
bogomips	: 7200.01
clflush size	: 64
cache_alignment	: 64
address sizes	: 43 bits physical, 48 bits virtual
power management:



Memory: 4k page, physical 8145220k(222548k free), swap 1045500k(1024252k free)

vm_info: Java HotSpot(TM) 64-Bit Server VM (25.161-b12) for linux-amd64 JRE (1.8.0_161-b12), built on Dec 19 2017 16:12:43 by "java_re" with gcc 4.3.0 20080428 (Red Hat 4.3.0-8)

time: Mon Feb 12 09:57:24 2018
elapsed time: 0 seconds (0d 0h 0m 0s)

