#
# A fatal error has been detected by the Java Runtime Environment:
#
#  SIGSEGV (0xb) at pc=0x00007f287e619527, pid=12980, tid=0x00007f289c0c5700
#
# JRE version: Java(TM) SE Runtime Environment (8.0_161-b12) (build 1.8.0_161-b12)
# Java VM: Java HotSpot(TM) 64-Bit Server VM (25.161-b12 mixed mode linux-amd64 compressed oops)
# Problematic frame:
# C  [libhash_table.so+0x1527]  Java_HashTable_ht_1search+0x5f
#
# Failed to write core dump. Core dumps have been disabled. To enable core dumping, try "ulimit -c unlimited" before starting Java again
#
# If you would like to submit a bug report, please visit:
#   http://bugreport.java.com/bugreport/crash.jsp
# The crash happened outside the Java Virtual Machine in native code.
# See problematic frame for where to report the bug.
#

---------------  T H R E A D  ---------------

Current thread (0x00007f289400a800):  JavaThread "main" [_thread_in_native, id=12981, stack(0x00007f289bfc5000,0x00007f289c0c6000)]

siginfo: si_signo: 11 (SIGSEGV), si_code: 1 (SEGV_MAPERR), si_addr: 0x0000000000000000

Registers:
RAX=0x0000000000000000, RBX=0x00007f288481d538, RCX=0x0000000000000005, RDX=0x0000000000000008
RSP=0x00007f289c0c4830, RBP=0x00007f289c0c4860, RSI=0x00000000401c0000, RDI=0x00007f289c0c4834
R8 =0x0000000000000000, R9 =0x000000000000000d, R10=0x00000000ffffffff, R11=0x0000000000000000
R12=0x0000000000000000, R13=0x00007f288481d538, R14=0x00007f289c0c4910, R15=0x00007f289400a800
RIP=0x00007f287e619527, EFLAGS=0x0000000000010246, CSGSFS=0x002b000000000033, ERR=0x0000000000000004
  TRAPNO=0x000000000000000e

Top of Stack: (sp=0x00007f289c0c4830)
0x00007f289c0c4830:   000000339400a800 00007f2894119a40
0x00007f289c0c4840:   00007f289c0c4910 00007f289400a9f8
0x00007f289c0c4850:   00007f2894119a40 00007f289c0c4834
0x00007f289c0c4860:   00007f289c0c48d8 00007f2885018107
0x00007f289c0c4870:   00007f288481d5d0 0000000000000000
0x00007f289c0c4880:   00007f289c0c48d8 00007f2885017e67
0x00007f289c0c4890:   00007f2885017e22 00007f289c0c4898
0x00007f289c0c48a0:   0000000000000000 00007f289c0c4910
0x00007f289c0c48b0:   00007f288481d888 0000000000000000
0x00007f289c0c48c0:   00007f288481d538 0000000000000000
0x00007f289c0c48d0:   00007f289c0c48f8 00007f289c0c4958
0x00007f289c0c48e0:   00007f2885007b60 0000000000000000
0x00007f289c0c48f0:   00007f2885011d0a 0000000000000033
0x00007f289c0c4900:   00007f2894119a40 00000000d6973318
0x00007f289c0c4910:   00000000d6972d28 00007f289c0c4918
0x00007f289c0c4920:   00007f288481d768 00007f289c0c4988
0x00007f289c0c4930:   00007f288481d888 0000000000000000
0x00007f289c0c4940:   00007f288481d798 00007f289c0c48f8
0x00007f289c0c4950:   00007f289c0c4988 00007f289c0c49f0
0x00007f289c0c4960:   00007f28850007a7 0000000000000000
0x00007f289c0c4970:   00007f2894119a40 0000000000000000
0x00007f289c0c4980:   00000000d6972d28 00000000d6972d18
0x00007f289c0c4990:   0000000000001fa0 0000000000000000
0x00007f289c0c49a0:   00007f289400a800 00007f289c0c4a70
0x00007f289c0c49b0:   00007f289c0c4c30 00007f289c0c4a30
0x00007f289c0c49c0:   00007f289c0c4a30 00007f289c0c4d78
0x00007f289c0c49d0:   00007f280000000a 00007f288481d798
0x00007f289c0c49e0:   00007f2885013600 00007f289c0c4bb8
0x00007f289c0c49f0:   00007f289c0c4b60 00007f289ab54ae6
0x00007f289c0c4a00:   00007f2800000001 00007f289400a800
0x00007f289c0c4a10:   00007f289c0c4bb0 00007f289c0c4d70
0x00007f289c0c4a20:   00007f2885013600 000000000000000a 

Instructions: (pc=0x00007f287e619527)
0x00007f287e619507:   e8 14 f6 ff ff 48 8d 45 d4 48 89 45 f8 48 8b 55
0x00007f287e619517:   f8 48 8b 45 f0 48 89 d6 48 89 c7 e8 19 f6 ff ff
0x00007f287e619527:   0f b6 00 48 0f be c0 48 85 c0 75 15 48 8d 3d be
0x00007f287e619537:   00 00 00 e8 c1 f5 ff ff 48 8d 05 b8 00 00 00 eb 

Register to memory mapping:

RAX=0x0000000000000000 is an unknown value
RBX={method} {0x00007f288481d538} 'ht_search' '(JC)C' in 'HashTable'
RCX=0x0000000000000005 is an unknown value
RDX=0x0000000000000008 is an unknown value
RSP=0x00007f289c0c4830 is pointing into the stack for thread: 0x00007f289400a800
RBP=0x00007f289c0c4860 is pointing into the stack for thread: 0x00007f289400a800
RSI=0x00000000401c0000 is an unknown value
RDI=0x00007f289c0c4834 is pointing into the stack for thread: 0x00007f289400a800
R8 =0x0000000000000000 is an unknown value
R9 =0x000000000000000d is an unknown value
R10=0x00000000ffffffff is an unallocated location in the heap
R11=0x0000000000000000 is an unknown value
R12=0x0000000000000000 is an unknown value
R13={method} {0x00007f288481d538} 'ht_search' '(JC)C' in 'HashTable'
R14=0x00007f289c0c4910 is pointing into the stack for thread: 0x00007f289400a800
R15=0x00007f289400a800 is a thread


Stack: [0x00007f289bfc5000,0x00007f289c0c6000],  sp=0x00007f289c0c4830,  free space=1022k
Native frames: (J=compiled Java code, j=interpreted, Vv=VM code, C=native code)
C  [libhash_table.so+0x1527]  Java_HashTable_ht_1search+0x5f
j  HashTable.ht_search(JC)C+0
j  HashTable.main([Ljava/lang/String;)V+104
v  ~StubRoutines::call_stub
V  [libjvm.so+0x695ae6]  JavaCalls::call_helper(JavaValue*, methodHandle*, JavaCallArguments*, Thread*)+0x1056
V  [libjvm.so+0x6d7072]  jni_invoke_static(JNIEnv_*, JavaValue*, _jobject*, JNICallType, _jmethodID*, JNI_ArgumentPusher*, Thread*)+0x362
V  [libjvm.so+0x6f38da]  jni_CallStaticVoidMethod+0x17a
C  [libjli.so+0x80ff]  JavaMain+0x81f
C  [libpthread.so.0+0x76ba]  start_thread+0xca

Java frames: (J=compiled Java code, j=interpreted, Vv=VM code)
j  HashTable.ht_search(JC)C+0
j  HashTable.main([Ljava/lang/String;)V+104
v  ~StubRoutines::call_stub

---------------  P R O C E S S  ---------------

Java Threads: ( => current thread )
  0x00007f28940db000 JavaThread "Service Thread" daemon [_thread_blocked, id=12993, stack(0x00007f287e9b2000,0x00007f287eab3000)]
  0x00007f28940be000 JavaThread "C1 CompilerThread2" daemon [_thread_blocked, id=12992, stack(0x00007f287eab3000,0x00007f287ebb4000)]
  0x00007f28940bc000 JavaThread "C2 CompilerThread1" daemon [_thread_blocked, id=12991, stack(0x00007f287ebb4000,0x00007f287ecb5000)]
  0x00007f28940b9000 JavaThread "C2 CompilerThread0" daemon [_thread_in_native, id=12990, stack(0x00007f287ecb5000,0x00007f287edb6000)]
  0x00007f28940b7800 JavaThread "Signal Dispatcher" daemon [_thread_blocked, id=12989, stack(0x00007f287edb6000,0x00007f287eeb7000)]
  0x00007f2894084800 JavaThread "Finalizer" daemon [_thread_blocked, id=12988, stack(0x00007f287f18f000,0x00007f287f290000)]
  0x00007f2894080000 JavaThread "Reference Handler" daemon [_thread_blocked, id=12987, stack(0x00007f287f290000,0x00007f287f391000)]
=>0x00007f289400a800 JavaThread "main" [_thread_in_native, id=12981, stack(0x00007f289bfc5000,0x00007f289c0c6000)]

Other Threads:
  0x00007f2894078000 VMThread [stack: 0x00007f287f391000,0x00007f287f492000] [id=12986]
  0x00007f28940e8000 WatcherThread [stack: 0x00007f287e8b1000,0x00007f287e9b2000] [id=12994]

VM state:not at safepoint (normal execution)

VM Mutex/Monitor currently owned by a thread: None

Heap:
 PSYoungGen      total 37888K, used 1310K [0x00000000d6900000, 0x00000000d9300000, 0x0000000100000000)
  eden space 32768K, 4% used [0x00000000d6900000,0x00000000d6a47b08,0x00000000d8900000)
  from space 5120K, 0% used [0x00000000d8e00000,0x00000000d8e00000,0x00000000d9300000)
  to   space 5120K, 0% used [0x00000000d8900000,0x00000000d8900000,0x00000000d8e00000)
 ParOldGen       total 86016K, used 0K [0x0000000083a00000, 0x0000000088e00000, 0x00000000d6900000)
  object space 86016K, 0% used [0x0000000083a00000,0x0000000083a00000,0x0000000088e00000)
 Metaspace       used 2615K, capacity 4486K, committed 4864K, reserved 1056768K
  class space    used 283K, capacity 386K, committed 512K, reserved 1048576K

Card table byte_map: [0x00007f2898973000,0x00007f2898d57000] byte_map_base: 0x00007f2898556000

Marking Bits: (ParMarkBitMap*) 0x00007f289b48e920
 Begin Bits: [0x00007f28741d0000, 0x00007f28760e8000)
 End Bits:   [0x00007f28760e8000, 0x00007f2878000000)

Polling page: 0x00007f289c0e1000

CodeCache: size=245760Kb used=1112Kb max_used=1112Kb free=244648Kb
 bounds [0x00007f2885000000, 0x00007f2885270000, 0x00007f2894000000]
 total_blobs=249 nmethods=18 adapters=144
 compilation: enabled

Compilation events (10 events):
Event: 0.061 Thread 0x00007f28940be000 nmethod 16 0x00007f288510ebd0 code [0x00007f288510ee80, 0x00007f28851105a8]
Event: 0.061 Thread 0x00007f28940be000   17       3       java.util.HashMap::getNode (148 bytes)
Event: 0.061 Thread 0x00007f28940b9000   15       4       java.lang.String::equals (81 bytes)
Event: 0.062 Thread 0x00007f28940be000 nmethod 17 0x00007f28851113d0 code [0x00007f28851115a0, 0x00007f2885111f28]
Event: 0.062 Thread 0x00007f28940be000   14       3       java.util.HashMap::hash (20 bytes)
Event: 0.062 Thread 0x00007f28940be000 nmethod 14 0x00007f288510c210 code [0x00007f288510c380, 0x00007f288510c5c8]
Event: 0.062 Thread 0x00007f28940be000   13       3       java.lang.String::<init> (82 bytes)
Event: 0.062 Thread 0x00007f28940be000 nmethod 13 0x00007f2885112990 code [0x00007f2885112b60, 0x00007f2885113038]
Event: 0.062 Thread 0x00007f28940be000   19       1       java.lang.ThreadLocal::access$400 (5 bytes)
Event: 0.062 Thread 0x00007f28940be000 nmethod 19 0x00007f288510bf50 code [0x00007f288510c0a0, 0x00007f288510c190]

GC Heap History (0 events):
No events

Deoptimization events (0 events):
No events

Classes redefined (0 events):
No events

Internal exceptions (2 events):
Event: 0.025 Thread 0x00007f289400a800 Exception <a 'java/lang/NoSuchMethodError': Method sun.misc.Unsafe.defineClass(Ljava/lang/String;[BII)Ljava/lang/Class; name or signature does not match> (0x00000000d6907ca0) thrown at [/HUDSON/workspace/8-2-build-linux-amd64/jdk8u161/10277/hotspot/src/sh
Event: 0.025 Thread 0x00007f289400a800 Exception <a 'java/lang/NoSuchMethodError': Method sun.misc.Unsafe.prefetchRead(Ljava/lang/Object;J)V name or signature does not match> (0x00000000d6907f88) thrown at [/HUDSON/workspace/8-2-build-linux-amd64/jdk8u161/10277/hotspot/src/share/vm/prims/jni.c

Events (10 events):
Event: 0.062 loading class java/security/BasicPermissionCollection
Event: 0.062 loading class java/security/BasicPermissionCollection done
Event: 0.063 loading class sun/launcher/LauncherHelper$FXHelper
Event: 0.063 loading class sun/launcher/LauncherHelper$FXHelper done
Event: 0.063 loading class java/lang/Class$MethodArray
Event: 0.063 loading class java/lang/Class$MethodArray done
Event: 0.063 loading class java/lang/Void
Event: 0.063 loading class java/lang/Void done
Event: 0.063 loading class java/lang/ClassLoaderHelper
Event: 0.063 loading class java/lang/ClassLoaderHelper done


Dynamic libraries:
00400000-00401000 r-xp 00000000 08:01 2490962                            /usr/lib/jvm/java-8-oracle/jre/bin/java
00600000-00601000 rw-p 00000000 08:01 2490962                            /usr/lib/jvm/java-8-oracle/jre/bin/java
0218b000-021ac000 rw-p 00000000 00:00 0                                  [heap]
83a00000-88e00000 rw-p 00000000 00:00 0 
88e00000-d6900000 ---p 00000000 00:00 0 
d6900000-d9300000 rw-p 00000000 00:00 0 
d9300000-100000000 ---p 00000000 00:00 0 
100000000-100080000 rw-p 00000000 00:00 0 
100080000-140000000 ---p 00000000 00:00 0 
7f2848000000-7f2848021000 rw-p 00000000 00:00 0 
7f2848021000-7f284c000000 ---p 00000000 00:00 0 
7f284c000000-7f284c021000 rw-p 00000000 00:00 0 
7f284c021000-7f2850000000 ---p 00000000 00:00 0 
7f2850000000-7f2850021000 rw-p 00000000 00:00 0 
7f2850021000-7f2854000000 ---p 00000000 00:00 0 
7f2854000000-7f285402e000 rw-p 00000000 00:00 0 
7f285402e000-7f2858000000 ---p 00000000 00:00 0 
7f2858000000-7f2858021000 rw-p 00000000 00:00 0 
7f2858021000-7f285c000000 ---p 00000000 00:00 0 
7f285c000000-7f285c05a000 rw-p 00000000 00:00 0 
7f285c05a000-7f2860000000 ---p 00000000 00:00 0 
7f2860000000-7f2860021000 rw-p 00000000 00:00 0 
7f2860021000-7f2864000000 ---p 00000000 00:00 0 
7f2864000000-7f2864021000 rw-p 00000000 00:00 0 
7f2864021000-7f2868000000 ---p 00000000 00:00 0 
7f2868000000-7f2868021000 rw-p 00000000 00:00 0 
7f2868021000-7f286c000000 ---p 00000000 00:00 0 
7f286c000000-7f286c021000 rw-p 00000000 00:00 0 
7f286c021000-7f2870000000 ---p 00000000 00:00 0 
7f2870000000-7f2870021000 rw-p 00000000 00:00 0 
7f2870021000-7f2874000000 ---p 00000000 00:00 0 
7f28741d0000-7f2878000000 rw-p 00000000 00:00 0 
7f2878000000-7f2878021000 rw-p 00000000 00:00 0 
7f2878021000-7f287c000000 ---p 00000000 00:00 0 
7f287e390000-7f287e618000 rw-p 00000000 00:00 0 
7f287e618000-7f287e61a000 r-xp 00000000 08:01 1192527                    /home/antchil/Documents/module-2.2/hash_table_JNI/libhash_table.so
7f287e61a000-7f287e819000 ---p 00002000 08:01 1192527                    /home/antchil/Documents/module-2.2/hash_table_JNI/libhash_table.so
7f287e819000-7f287e81a000 r--p 00001000 08:01 1192527                    /home/antchil/Documents/module-2.2/hash_table_JNI/libhash_table.so
7f287e81a000-7f287e81b000 rw-p 00002000 08:01 1192527                    /home/antchil/Documents/module-2.2/hash_table_JNI/libhash_table.so
7f287e81b000-7f287e8b1000 r--s 0110a000 08:01 2491209                    /usr/lib/jvm/java-8-oracle/jre/lib/ext/jfxrt.jar
7f287e8b1000-7f287e8b2000 ---p 00000000 00:00 0 
7f287e8b2000-7f287e9b2000 rw-p 00000000 00:00 0 
7f287e9b2000-7f287e9b5000 ---p 00000000 00:00 0 
7f287e9b5000-7f287eab3000 rw-p 00000000 00:00 0 
7f287eab3000-7f287eab6000 ---p 00000000 00:00 0 
7f287eab6000-7f287ebb4000 rw-p 00000000 00:00 0 
7f287ebb4000-7f287ebb7000 ---p 00000000 00:00 0 
7f287ebb7000-7f287ecb5000 rw-p 00000000 00:00 0 
7f287ecb5000-7f287ecb8000 ---p 00000000 00:00 0 
7f287ecb8000-7f287edb6000 rw-p 00000000 00:00 0 
7f287edb6000-7f287edb9000 ---p 00000000 00:00 0 
7f287edb9000-7f287eeb7000 rw-p 00000000 00:00 0 
7f287eeb7000-7f287f18f000 r--p 00000000 08:01 2360788                    /usr/lib/locale/locale-archive
7f287f18f000-7f287f192000 ---p 00000000 00:00 0 
7f287f192000-7f287f290000 rw-p 00000000 00:00 0 
7f287f290000-7f287f293000 ---p 00000000 00:00 0 
7f287f293000-7f287f391000 rw-p 00000000 00:00 0 
7f287f391000-7f287f392000 ---p 00000000 00:00 0 
7f287f392000-7f2880000000 rw-p 00000000 00:00 0 
7f2880000000-7f2880021000 rw-p 00000000 00:00 0 
7f2880021000-7f2884000000 ---p 00000000 00:00 0 
7f2884019000-7f288485d000 rw-p 00000000 00:00 0 
7f288485d000-7f2884c1d000 ---p 00000000 00:00 0 
7f2884c1d000-7f2885000000 rw-p 00000000 00:00 0 
7f2885000000-7f2885270000 rwxp 00000000 00:00 0 
7f2885270000-7f2894000000 ---p 00000000 00:00 0 
7f2894000000-7f289413c000 rw-p 00000000 00:00 0 
7f289413c000-7f2898000000 ---p 00000000 00:00 0 
7f2898018000-7f2898088000 rw-p 00000000 00:00 0 
7f2898088000-7f2898261000 r--s 03d64000 08:01 2491062                    /usr/lib/jvm/java-8-oracle/jre/lib/rt.jar
7f2898261000-7f28982d7000 rw-p 00000000 00:00 0 
7f28982d7000-7f28982d8000 ---p 00000000 00:00 0 
7f28982d8000-7f28983d8000 rw-p 00000000 00:00 0 
7f28983d8000-7f28983d9000 ---p 00000000 00:00 0 
7f28983d9000-7f28984d9000 rw-p 00000000 00:00 0 
7f28984d9000-7f28984da000 ---p 00000000 00:00 0 
7f28984da000-7f28985da000 rw-p 00000000 00:00 0 
7f28985da000-7f28985db000 ---p 00000000 00:00 0 
7f28985db000-7f2898705000 rw-p 00000000 00:00 0 
7f2898705000-7f2898973000 ---p 00000000 00:00 0 
7f2898973000-7f289899d000 rw-p 00000000 00:00 0 
7f289899d000-7f2898c0a000 ---p 00000000 00:00 0 
7f2898c0a000-7f2898c20000 rw-p 00000000 00:00 0 
7f2898c20000-7f2898d56000 ---p 00000000 00:00 0 
7f2898d56000-7f2898d61000 rw-p 00000000 00:00 0 
7f2898d61000-7f2899117000 ---p 00000000 00:00 0 
7f2899117000-7f2899132000 r-xp 00000000 08:01 2491134                    /usr/lib/jvm/java-8-oracle/jre/lib/amd64/libzip.so
7f2899132000-7f2899332000 ---p 0001b000 08:01 2491134                    /usr/lib/jvm/java-8-oracle/jre/lib/amd64/libzip.so
7f2899332000-7f2899333000 rw-p 0001b000 08:01 2491134                    /usr/lib/jvm/java-8-oracle/jre/lib/amd64/libzip.so
7f2899333000-7f289933e000 r-xp 00000000 08:01 1451889                    /lib/x86_64-linux-gnu/libnss_files-2.23.so
7f289933e000-7f289953d000 ---p 0000b000 08:01 1451889                    /lib/x86_64-linux-gnu/libnss_files-2.23.so
7f289953d000-7f289953e000 r--p 0000a000 08:01 1451889                    /lib/x86_64-linux-gnu/libnss_files-2.23.so
7f289953e000-7f289953f000 rw-p 0000b000 08:01 1451889                    /lib/x86_64-linux-gnu/libnss_files-2.23.so
7f289953f000-7f2899545000 rw-p 00000000 00:00 0 
7f2899545000-7f2899550000 r-xp 00000000 08:01 1451898                    /lib/x86_64-linux-gnu/libnss_nis-2.23.so
7f2899550000-7f289974f000 ---p 0000b000 08:01 1451898                    /lib/x86_64-linux-gnu/libnss_nis-2.23.so
7f289974f000-7f2899750000 r--p 0000a000 08:01 1451898                    /lib/x86_64-linux-gnu/libnss_nis-2.23.so
7f2899750000-7f2899751000 rw-p 0000b000 08:01 1451898                    /lib/x86_64-linux-gnu/libnss_nis-2.23.so
7f2899751000-7f2899767000 r-xp 00000000 08:01 1451823                    /lib/x86_64-linux-gnu/libnsl-2.23.so
7f2899767000-7f2899966000 ---p 00016000 08:01 1451823                    /lib/x86_64-linux-gnu/libnsl-2.23.so
7f2899966000-7f2899967000 r--p 00015000 08:01 1451823                    /lib/x86_64-linux-gnu/libnsl-2.23.so
7f2899967000-7f2899968000 rw-p 00016000 08:01 1451823                    /lib/x86_64-linux-gnu/libnsl-2.23.so
7f2899968000-7f289996a000 rw-p 00000000 00:00 0 
7f289996a000-7f2899972000 r-xp 00000000 08:01 1451872                    /lib/x86_64-linux-gnu/libnss_compat-2.23.so
7f2899972000-7f2899b71000 ---p 00008000 08:01 1451872                    /lib/x86_64-linux-gnu/libnss_compat-2.23.so
7f2899b71000-7f2899b72000 r--p 00007000 08:01 1451872                    /lib/x86_64-linux-gnu/libnss_compat-2.23.so
7f2899b72000-7f2899b73000 rw-p 00008000 08:01 1451872                    /lib/x86_64-linux-gnu/libnss_compat-2.23.so
7f2899b73000-7f2899b9e000 r-xp 00000000 08:01 2491128                    /usr/lib/jvm/java-8-oracle/jre/lib/amd64/libjava.so
7f2899b9e000-7f2899d9d000 ---p 0002b000 08:01 2491128                    /usr/lib/jvm/java-8-oracle/jre/lib/amd64/libjava.so
7f2899d9d000-7f2899d9f000 rw-p 0002a000 08:01 2491128                    /usr/lib/jvm/java-8-oracle/jre/lib/amd64/libjava.so
7f2899d9f000-7f2899dac000 r-xp 00000000 08:01 2491133                    /usr/lib/jvm/java-8-oracle/jre/lib/amd64/libverify.so
7f2899dac000-7f2899fac000 ---p 0000d000 08:01 2491133                    /usr/lib/jvm/java-8-oracle/jre/lib/amd64/libverify.so
7f2899fac000-7f2899fae000 rw-p 0000d000 08:01 2491133                    /usr/lib/jvm/java-8-oracle/jre/lib/amd64/libverify.so
7f2899fae000-7f2899fb5000 r-xp 00000000 08:01 1451899                    /lib/x86_64-linux-gnu/librt-2.23.so
7f2899fb5000-7f289a1b4000 ---p 00007000 08:01 1451899                    /lib/x86_64-linux-gnu/librt-2.23.so
7f289a1b4000-7f289a1b5000 r--p 00006000 08:01 1451899                    /lib/x86_64-linux-gnu/librt-2.23.so
7f289a1b5000-7f289a1b6000 rw-p 00007000 08:01 1451899                    /lib/x86_64-linux-gnu/librt-2.23.so
7f289a1b6000-7f289a2be000 r-xp 00000000 08:01 1451812                    /lib/x86_64-linux-gnu/libm-2.23.so
7f289a2be000-7f289a4bd000 ---p 00108000 08:01 1451812                    /lib/x86_64-linux-gnu/libm-2.23.so
7f289a4bd000-7f289a4be000 r--p 00107000 08:01 1451812                    /lib/x86_64-linux-gnu/libm-2.23.so
7f289a4be000-7f289a4bf000 rw-p 00108000 08:01 1451812                    /lib/x86_64-linux-gnu/libm-2.23.so
7f289a4bf000-7f289b198000 r-xp 00000000 08:01 2491156                    /usr/lib/jvm/java-8-oracle/jre/lib/amd64/server/libjvm.so
7f289b198000-7f289b397000 ---p 00cd9000 08:01 2491156                    /usr/lib/jvm/java-8-oracle/jre/lib/amd64/server/libjvm.so
7f289b397000-7f289b470000 rw-p 00cd8000 08:01 2491156                    /usr/lib/jvm/java-8-oracle/jre/lib/amd64/server/libjvm.so
7f289b470000-7f289b4bc000 rw-p 00000000 00:00 0 
7f289b4bc000-7f289b67c000 r-xp 00000000 08:01 1451840                    /lib/x86_64-linux-gnu/libc-2.23.so
7f289b67c000-7f289b87c000 ---p 001c0000 08:01 1451840                    /lib/x86_64-linux-gnu/libc-2.23.so
7f289b87c000-7f289b880000 r--p 001c0000 08:01 1451840                    /lib/x86_64-linux-gnu/libc-2.23.so
7f289b880000-7f289b882000 rw-p 001c4000 08:01 1451840                    /lib/x86_64-linux-gnu/libc-2.23.so
7f289b882000-7f289b886000 rw-p 00000000 00:00 0 
7f289b886000-7f289b889000 r-xp 00000000 08:01 1451842                    /lib/x86_64-linux-gnu/libdl-2.23.so
7f289b889000-7f289ba88000 ---p 00003000 08:01 1451842                    /lib/x86_64-linux-gnu/libdl-2.23.so
7f289ba88000-7f289ba89000 r--p 00002000 08:01 1451842                    /lib/x86_64-linux-gnu/libdl-2.23.so
7f289ba89000-7f289ba8a000 rw-p 00003000 08:01 1451842                    /lib/x86_64-linux-gnu/libdl-2.23.so
7f289ba8a000-7f289baa0000 r-xp 00000000 08:01 2491152                    /usr/lib/jvm/java-8-oracle/jre/lib/amd64/jli/libjli.so
7f289baa0000-7f289bc9f000 ---p 00016000 08:01 2491152                    /usr/lib/jvm/java-8-oracle/jre/lib/amd64/jli/libjli.so
7f289bc9f000-7f289bca0000 rw-p 00015000 08:01 2491152                    /usr/lib/jvm/java-8-oracle/jre/lib/amd64/jli/libjli.so
7f289bca0000-7f289bcb8000 r-xp 00000000 08:01 1451839                    /lib/x86_64-linux-gnu/libpthread-2.23.so
7f289bcb8000-7f289beb7000 ---p 00018000 08:01 1451839                    /lib/x86_64-linux-gnu/libpthread-2.23.so
7f289beb7000-7f289beb8000 r--p 00017000 08:01 1451839                    /lib/x86_64-linux-gnu/libpthread-2.23.so
7f289beb8000-7f289beb9000 rw-p 00018000 08:01 1451839                    /lib/x86_64-linux-gnu/libpthread-2.23.so
7f289beb9000-7f289bebd000 rw-p 00000000 00:00 0 
7f289bebd000-7f289bee3000 r-xp 00000000 08:01 1451838                    /lib/x86_64-linux-gnu/ld-2.23.so
7f289befa000-7f289bfc5000 rw-p 00000000 00:00 0 
7f289bfc5000-7f289bfc8000 ---p 00000000 00:00 0 
7f289bfc8000-7f289c0cb000 rw-p 00000000 00:00 0 
7f289c0d8000-7f289c0e0000 rw-s 00000000 08:01 2228286                    /tmp/hsperfdata_antchil/12980
7f289c0e0000-7f289c0e1000 rw-p 00000000 00:00 0 
7f289c0e1000-7f289c0e2000 r--p 00000000 00:00 0 
7f289c0e2000-7f289c0e3000 r--p 00025000 08:01 1451838                    /lib/x86_64-linux-gnu/ld-2.23.so
7f289c0e3000-7f289c0e4000 rw-p 00026000 08:01 1451838                    /lib/x86_64-linux-gnu/ld-2.23.so
7f289c0e4000-7f289c0e5000 rw-p 00000000 00:00 0 
7fff6b229000-7fff6b24b000 rw-p 00000000 00:00 0                          [stack]
7fff6b3af000-7fff6b3b2000 r--p 00000000 00:00 0                          [vvar]
7fff6b3b2000-7fff6b3b4000 r-xp 00000000 00:00 0                          [vdso]
ffffffffff600000-ffffffffff601000 r-xp 00000000 00:00 0                  [vsyscall]

VM Arguments:
jvm_args: -Djava.library.path=. 
java_command: HashTable
java_class_path (initial): .
Launcher Type: SUN_STANDARD

Environment Variables:
JAVA_HOME=/usr/lib/jvm/java-8-oracle
JRE_HOME=/usr/lib/jvm/java-8-oracle/jre
PATH=/home/antchil/bin:/home/antchil/.local/bin:/home/antchil/bin:/home/antchil/.local/bin:/usr/local/sbin:/usr/local/bin:/usr/sbin:/usr/bin:/sbin:/bin:/usr/games:/usr/local/games:/snap/bin:/usr/lib/jvm/java-8-oracle/bin:/usr/lib/jvm/java-8-oracle/db/bin:/usr/lib/jvm/java-8-oracle/jre/bin:/snap/bin:/usr/lib/jvm/java-8-oracle/bin:/usr/lib/jvm/java-8-oracle/db/bin:/usr/lib/jvm/java-8-oracle/jre/bin:/home/antchil/Documents/linux-master/script:/home/antchil/Documents/linux-master/script
SHELL=/bin/bash
DISPLAY=:0

Signal Handlers:
SIGSEGV: [libjvm.so+0xad01e0], sa_mask[0]=11111111011111111101111111111110, sa_flags=SA_RESTART|SA_SIGINFO
SIGBUS: [libjvm.so+0xad01e0], sa_mask[0]=11111111011111111101111111111110, sa_flags=SA_RESTART|SA_SIGINFO
SIGFPE: [libjvm.so+0x927fb0], sa_mask[0]=11111111011111111101111111111110, sa_flags=SA_RESTART|SA_SIGINFO
SIGPIPE: [libjvm.so+0x927fb0], sa_mask[0]=11111111011111111101111111111110, sa_flags=SA_RESTART|SA_SIGINFO
SIGXFSZ: [libjvm.so+0x927fb0], sa_mask[0]=11111111011111111101111111111110, sa_flags=SA_RESTART|SA_SIGINFO
SIGILL: [libjvm.so+0x927fb0], sa_mask[0]=11111111011111111101111111111110, sa_flags=SA_RESTART|SA_SIGINFO
SIGUSR1: SIG_DFL, sa_mask[0]=00000000000000000000000000000000, sa_flags=none
SIGUSR2: [libjvm.so+0x9297f0], sa_mask[0]=00000000000000000000000000000000, sa_flags=SA_RESTART|SA_SIGINFO
SIGHUP: [libjvm.so+0x92abf0], sa_mask[0]=11111111011111111101111111111110, sa_flags=SA_RESTART|SA_SIGINFO
SIGINT: [libjvm.so+0x92abf0], sa_mask[0]=11111111011111111101111111111110, sa_flags=SA_RESTART|SA_SIGINFO
SIGTERM: [libjvm.so+0x92abf0], sa_mask[0]=11111111011111111101111111111110, sa_flags=SA_RESTART|SA_SIGINFO
SIGQUIT: [libjvm.so+0x92abf0], sa_mask[0]=11111111011111111101111111111110, sa_flags=SA_RESTART|SA_SIGINFO


---------------  S Y S T E M  ---------------

OS:DISTRIB_ID=Ubuntu
DISTRIB_RELEASE=16.04
DISTRIB_CODENAME=xenial
DISTRIB_DESCRIPTION="Ubuntu 16.04.2 LTS"

uname:Linux 4.13.0-32-generic #35~16.04.1-Ubuntu SMP Thu Jan 25 10:13:43 UTC 2018 x86_64
libc:glibc 2.23 NPTL 2.23 
rlimit: STACK 8192k, CORE 0k, NPROC 31612, NOFILE 1048576, AS infinity
load average:0.60 0.71 0.88

/proc/meminfo:
MemTotal:        8145220 kB
MemFree:          365228 kB
MemAvailable:    1771908 kB
Buffers:           80612 kB
Cached:          1570608 kB
SwapCached:         2128 kB
Active:          3135188 kB
Inactive:        1327352 kB
Active(anon):    2219136 kB
Inactive(anon):   661852 kB
Active(file):     916052 kB
Inactive(file):   665500 kB
Unevictable:          32 kB
Mlocked:              32 kB
SwapTotal:       1045500 kB
SwapFree:        1024252 kB
Dirty:               376 kB
Writeback:             0 kB
AnonPages:       2809796 kB
Mapped:           293636 kB
Shmem:             69668 kB
Slab:             161264 kB
SReclaimable:      92836 kB
SUnreclaim:        68428 kB
KernelStack:       14600 kB
PageTables:        44140 kB
NFS_Unstable:          0 kB
Bounce:                0 kB
WritebackTmp:          0 kB
CommitLimit:     5118108 kB
Committed_AS:    7960692 kB
VmallocTotal:   34359738367 kB
VmallocUsed:           0 kB
VmallocChunk:          0 kB
HardwareCorrupted:     0 kB
AnonHugePages:         0 kB
ShmemHugePages:        0 kB
ShmemPmdMapped:        0 kB
CmaTotal:              0 kB
CmaFree:               0 kB
HugePages_Total:       0
HugePages_Free:        0
HugePages_Rsvd:        0
HugePages_Surp:        0
Hugepagesize:       2048 kB
DirectMap4k:       87872 kB
DirectMap2M:     6203392 kB
DirectMap1G:     4194304 kB


CPU:total 4 (initial active 4) (1 cores per cpu, 1 threads per core) family 6 model 158 stepping 9, cmov, cx8, fxsr, mmx, sse, sse2, sse3, ssse3, sse4.1, sse4.2, popcnt, aes, clmul, erms, 3dnowpref, lzcnt, tsc, tscinvbit

/proc/cpuinfo:
processor	: 0
vendor_id	: GenuineIntel
cpu family	: 6
model		: 158
model name	: Intel(R) Pentium(R) CPU G4600 @ 3.60GHz
stepping	: 9
microcode	: 0x5e
cpu MHz		: 3600.007
cache size	: 3072 KB
physical id	: 0
siblings	: 1
core id		: 0
cpu cores	: 1
apicid		: 0
initial apicid	: 0
fpu		: yes
fpu_exception	: yes
cpuid level	: 22
wp		: yes
flags		: fpu vme de pse tsc msr pae mce cx8 apic sep mtrr pge mca cmov pat pse36 clflush mmx fxsr sse sse2 ss syscall nx pdpe1gb rdtscp lm constant_tsc arch_perfmon nopl xtopology tsc_reliable nonstop_tsc cpuid pni pclmulqdq ssse3 cx16 pcid sse4_1 sse4_2 x2apic movbe popcnt tsc_deadline_timer aes xsave rdrand hypervisor lahf_lm abm 3dnowprefetch cpuid_fault invpcid_single pti fsgsbase tsc_adjust smep invpcid mpx rdseed smap clflushopt xsaveopt xsavec xsaves arat
bugs		: cpu_meltdown spectre_v1 spectre_v2
bogomips	: 7200.01
clflush size	: 64
cache_alignment	: 64
address sizes	: 43 bits physical, 48 bits virtual
power management:

processor	: 1
vendor_id	: GenuineIntel
cpu family	: 6
model		: 158
model name	: Intel(R) Pentium(R) CPU G4600 @ 3.60GHz
stepping	: 9
microcode	: 0x5e
cpu MHz		: 3600.007
cache size	: 3072 KB
physical id	: 2
siblings	: 1
core id		: 0
cpu cores	: 1
apicid		: 2
initial apicid	: 2
fpu		: yes
fpu_exception	: yes
cpuid level	: 22
wp		: yes
flags		: fpu vme de pse tsc msr pae mce cx8 apic sep mtrr pge mca cmov pat pse36 clflush mmx fxsr sse sse2 ss syscall nx pdpe1gb rdtscp lm constant_tsc arch_perfmon nopl xtopology tsc_reliable nonstop_tsc cpuid pni pclmulqdq ssse3 cx16 pcid sse4_1 sse4_2 x2apic movbe popcnt tsc_deadline_timer aes xsave rdrand hypervisor lahf_lm abm 3dnowprefetch cpuid_fault invpcid_single pti fsgsbase tsc_adjust smep invpcid mpx rdseed smap clflushopt xsaveopt xsavec xsaves arat
bugs		: cpu_meltdown spectre_v1 spectre_v2
bogomips	: 7200.01
clflush size	: 64
cache_alignment	: 64
address sizes	: 43 bits physical, 48 bits virtual
power management:

processor	: 2
vendor_id	: GenuineIntel
cpu family	: 6
model		: 158
model name	: Intel(R) Pentium(R) CPU G4600 @ 3.60GHz
stepping	: 9
microcode	: 0x5e
cpu MHz		: 3600.007
cache size	: 3072 KB
physical id	: 4
siblings	: 1
core id		: 0
cpu cores	: 1
apicid		: 4
initial apicid	: 4
fpu		: yes
fpu_exception	: yes
cpuid level	: 22
wp		: yes
flags		: fpu vme de pse tsc msr pae mce cx8 apic sep mtrr pge mca cmov pat pse36 clflush mmx fxsr sse sse2 ss syscall nx pdpe1gb rdtscp lm constant_tsc arch_perfmon nopl xtopology tsc_reliable nonstop_tsc cpuid pni pclmulqdq ssse3 cx16 pcid sse4_1 sse4_2 x2apic movbe popcnt tsc_deadline_timer aes xsave rdrand hypervisor lahf_lm abm 3dnowprefetch cpuid_fault invpcid_single pti fsgsbase tsc_adjust smep invpcid mpx rdseed smap clflushopt xsaveopt xsavec xsaves arat
bugs		: cpu_meltdown spectre_v1 spectre_v2
bogomips	: 7200.01
clflush size	: 64
cache_alignment	: 64
address sizes	: 43 bits physical, 48 bits virtual
power management:

processor	: 3
vendor_id	: GenuineIntel
cpu family	: 6
model		: 158
model name	: Intel(R) Pentium(R) CPU G4600 @ 3.60GHz
stepping	: 9
microcode	: 0x5e
cpu MHz		: 3600.007
cache size	: 3072 KB
physical id	: 6
siblings	: 1
core id		: 0
cpu cores	: 1
apicid		: 6
initial apicid	: 6
fpu		: yes
fpu_exception	: yes
cpuid level	: 22
wp		: yes
flags		: fpu vme de pse tsc msr pae mce cx8 apic sep mtrr pge mca cmov pat pse36 clflush mmx fxsr sse sse2 ss syscall nx pdpe1gb rdtscp lm constant_tsc arch_perfmon nopl xtopology tsc_reliable nonstop_tsc cpuid pni pclmulqdq ssse3 cx16 pcid sse4_1 sse4_2 x2apic movbe popcnt tsc_deadline_timer aes xsave rdrand hypervisor lahf_lm abm 3dnowprefetch cpuid_fault invpcid_single pti fsgsbase tsc_adjust smep invpcid mpx rdseed smap clflushopt xsaveopt xsavec xsaves arat
bugs		: cpu_meltdown spectre_v1 spectre_v2
bogomips	: 7200.01
clflush size	: 64
cache_alignment	: 64
address sizes	: 43 bits physical, 48 bits virtual
power management:



Memory: 4k page, physical 8145220k(365228k free), swap 1045500k(1024252k free)

vm_info: Java HotSpot(TM) 64-Bit Server VM (25.161-b12) for linux-amd64 JRE (1.8.0_161-b12), built on Dec 19 2017 16:12:43 by "java_re" with gcc 4.3.0 20080428 (Red Hat 4.3.0-8)

time: Mon Feb 12 09:13:01 2018
elapsed time: 0 seconds (0d 0h 0m 0s)

