#
# A fatal error has been detected by the Java Runtime Environment:
#
#  SIGSEGV (0xb) at pc=0x00007f3e8c9ac4e7, pid=12709, tid=0x00007f3ea642e700
#
# JRE version: Java(TM) SE Runtime Environment (8.0_161-b12) (build 1.8.0_161-b12)
# Java VM: Java HotSpot(TM) 64-Bit Server VM (25.161-b12 mixed mode linux-amd64 compressed oops)
# Problematic frame:
# C  [libhash_table.so+0x14e7]  Java_HashTable_ht_1search+0x5f
#
# Failed to write core dump. Core dumps have been disabled. To enable core dumping, try "ulimit -c unlimited" before starting Java again
#
# If you would like to submit a bug report, please visit:
#   http://bugreport.java.com/bugreport/crash.jsp
# The crash happened outside the Java Virtual Machine in native code.
# See problematic frame for where to report the bug.
#

---------------  T H R E A D  ---------------

Current thread (0x00007f3ea000a800):  JavaThread "main" [_thread_in_native, id=12710, stack(0x00007f3ea632e000,0x00007f3ea642f000)]

siginfo: si_signo: 11 (SIGSEGV), si_code: 1 (SEGV_MAPERR), si_addr: 0x0000000000000000

Registers:
RAX=0x0000000000000000, RBX=0x00007f3e8ee56538, RCX=0x0000000000000005, RDX=0x0000000000000008
RSP=0x00007f3ea642d830, RBP=0x00007f3ea642d860, RSI=0x00000000401c0000, RDI=0x00007f3ea642d834
R8 =0x0000000000000000, R9 =0x000000000000000d, R10=0x00000000ffffffff, R11=0x0000000000000000
R12=0x0000000000000000, R13=0x00007f3e8ee56538, R14=0x00007f3ea642d910, R15=0x00007f3ea000a800
RIP=0x00007f3e8c9ac4e7, EFLAGS=0x0000000000010246, CSGSFS=0x002b000000000033, ERR=0x0000000000000004
  TRAPNO=0x000000000000000e

Top of Stack: (sp=0x00007f3ea642d830)
0x00007f3ea642d830:   00000033a000a800 00007f3ea0119720
0x00007f3ea642d840:   00007f3ea642d910 00007f3ea000a9f8
0x00007f3ea642d850:   00007f3ea0119720 00007f3ea642d834
0x00007f3ea642d860:   00007f3ea642d8d8 00007f3e90390107
0x00007f3ea642d870:   00007f3e8ee565d0 0000000000000000
0x00007f3ea642d880:   00007f3ea642d8d8 00007f3e9038fe67
0x00007f3ea642d890:   00007f3e9038fe22 00007f3ea642d898
0x00007f3ea642d8a0:   0000000000000000 00007f3ea642d910
0x00007f3ea642d8b0:   00007f3e8ee56888 0000000000000000
0x00007f3ea642d8c0:   00007f3e8ee56538 0000000000000000
0x00007f3ea642d8d0:   00007f3ea642d8f8 00007f3ea642d958
0x00007f3ea642d8e0:   00007f3e9037fb60 0000000000000000
0x00007f3ea642d8f0:   00007f3e90389d0a 0000000000000033
0x00007f3ea642d900:   00007f3ea0119720 00000000d6973318
0x00007f3ea642d910:   00000000d6972d28 00007f3ea642d918
0x00007f3ea642d920:   00007f3e8ee56768 00007f3ea642d988
0x00007f3ea642d930:   00007f3e8ee56888 0000000000000000
0x00007f3ea642d940:   00007f3e8ee56798 00007f3ea642d8f8
0x00007f3ea642d950:   00007f3ea642d988 00007f3ea642d9f0
0x00007f3ea642d960:   00007f3e903787a7 0000000000000000
0x00007f3ea642d970:   00007f3ea0119720 0000000000000000
0x00007f3ea642d980:   00000000d6972d28 00000000d6972d18
0x00007f3ea642d990:   0000000000001fa0 0000000000000000
0x00007f3ea642d9a0:   00007f3ea000a800 00007f3ea642da70
0x00007f3ea642d9b0:   00007f3ea642dc30 00007f3ea642da30
0x00007f3ea642d9c0:   00007f3ea642da30 00007f3ea642dd78
0x00007f3ea642d9d0:   00007f3e0000000a 00007f3e8ee56798
0x00007f3ea642d9e0:   00007f3e9038b600 00007f3ea642dbb8
0x00007f3ea642d9f0:   00007f3ea642db60 00007f3ea4ebdae6
0x00007f3ea642da00:   00007f3e00000001 00007f3ea000a800
0x00007f3ea642da10:   00007f3ea642dbb0 00007f3ea642dd70
0x00007f3ea642da20:   00007f3e9038b600 000000000000000a 

Instructions: (pc=0x00007f3e8c9ac4e7)
0x00007f3e8c9ac4c7:   e8 14 f6 ff ff 48 8d 45 d4 48 89 45 f8 48 8b 55
0x00007f3e8c9ac4d7:   f8 48 8b 45 f0 48 89 d6 48 89 c7 e8 19 f6 ff ff
0x00007f3e8c9ac4e7:   0f b6 00 0f be c0 89 c6 48 8d 3d ea 00 00 00 b8
0x00007f3e8c9ac4f7:   00 00 00 00 e8 e0 f5 ff ff 48 8b 55 f8 48 8b 45 

Register to memory mapping:

RAX=0x0000000000000000 is an unknown value
RBX={method} {0x00007f3e8ee56538} 'ht_search' '(JC)C' in 'HashTable'
RCX=0x0000000000000005 is an unknown value
RDX=0x0000000000000008 is an unknown value
RSP=0x00007f3ea642d830 is pointing into the stack for thread: 0x00007f3ea000a800
RBP=0x00007f3ea642d860 is pointing into the stack for thread: 0x00007f3ea000a800
RSI=0x00000000401c0000 is an unknown value
RDI=0x00007f3ea642d834 is pointing into the stack for thread: 0x00007f3ea000a800
R8 =0x0000000000000000 is an unknown value
R9 =0x000000000000000d is an unknown value
R10=0x00000000ffffffff is an unallocated location in the heap
R11=0x0000000000000000 is an unknown value
R12=0x0000000000000000 is an unknown value
R13={method} {0x00007f3e8ee56538} 'ht_search' '(JC)C' in 'HashTable'
R14=0x00007f3ea642d910 is pointing into the stack for thread: 0x00007f3ea000a800
R15=0x00007f3ea000a800 is a thread


Stack: [0x00007f3ea632e000,0x00007f3ea642f000],  sp=0x00007f3ea642d830,  free space=1022k
Native frames: (J=compiled Java code, j=interpreted, Vv=VM code, C=native code)
C  [libhash_table.so+0x14e7]  Java_HashTable_ht_1search+0x5f
j  HashTable.ht_search(JC)C+0
j  HashTable.main([Ljava/lang/String;)V+104
v  ~StubRoutines::call_stub
V  [libjvm.so+0x695ae6]  JavaCalls::call_helper(JavaValue*, methodHandle*, JavaCallArguments*, Thread*)+0x1056
V  [libjvm.so+0x6d7072]  jni_invoke_static(JNIEnv_*, JavaValue*, _jobject*, JNICallType, _jmethodID*, JNI_ArgumentPusher*, Thread*)+0x362
V  [libjvm.so+0x6f38da]  jni_CallStaticVoidMethod+0x17a
C  [libjli.so+0x80ff]  JavaMain+0x81f
C  [libpthread.so.0+0x76ba]  start_thread+0xca

Java frames: (J=compiled Java code, j=interpreted, Vv=VM code)
j  HashTable.ht_search(JC)C+0
j  HashTable.main([Ljava/lang/String;)V+104
v  ~StubRoutines::call_stub

---------------  P R O C E S S  ---------------

Java Threads: ( => current thread )
  0x00007f3ea00c9000 JavaThread "Service Thread" daemon [_thread_blocked, id=12722, stack(0x00007f3e8cd45000,0x00007f3e8ce46000)]
  0x00007f3ea00be000 JavaThread "C1 CompilerThread2" daemon [_thread_blocked, id=12721, stack(0x00007f3e8ce46000,0x00007f3e8cf47000)]
  0x00007f3ea00bc000 JavaThread "C2 CompilerThread1" daemon [_thread_blocked, id=12720, stack(0x00007f3e8cf47000,0x00007f3e8d048000)]
  0x00007f3ea00b9000 JavaThread "C2 CompilerThread0" daemon [_thread_blocked, id=12719, stack(0x00007f3e8d048000,0x00007f3e8d149000)]
  0x00007f3ea00b7800 JavaThread "Signal Dispatcher" daemon [_thread_blocked, id=12718, stack(0x00007f3e8d149000,0x00007f3e8d24a000)]
  0x00007f3ea0084800 JavaThread "Finalizer" daemon [_thread_blocked, id=12717, stack(0x00007f3e8d522000,0x00007f3e8d623000)]
  0x00007f3ea0080000 JavaThread "Reference Handler" daemon [_thread_blocked, id=12716, stack(0x00007f3e8d623000,0x00007f3e8d724000)]
=>0x00007f3ea000a800 JavaThread "main" [_thread_in_native, id=12710, stack(0x00007f3ea632e000,0x00007f3ea642f000)]

Other Threads:
  0x00007f3ea0078000 VMThread [stack: 0x00007f3e8d724000,0x00007f3e8d825000] [id=12715]
  0x00007f3ea00ce000 WatcherThread [stack: 0x00007f3e8cc44000,0x00007f3e8cd45000] [id=12723]

VM state:not at safepoint (normal execution)

VM Mutex/Monitor currently owned by a thread: None

Heap:
 PSYoungGen      total 37888K, used 1310K [0x00000000d6900000, 0x00000000d9300000, 0x0000000100000000)
  eden space 32768K, 4% used [0x00000000d6900000,0x00000000d6a47b08,0x00000000d8900000)
  from space 5120K, 0% used [0x00000000d8e00000,0x00000000d8e00000,0x00000000d9300000)
  to   space 5120K, 0% used [0x00000000d8900000,0x00000000d8900000,0x00000000d8e00000)
 ParOldGen       total 86016K, used 0K [0x0000000083a00000, 0x0000000088e00000, 0x00000000d6900000)
  object space 86016K, 0% used [0x0000000083a00000,0x0000000083a00000,0x0000000088e00000)
 Metaspace       used 2620K, capacity 4486K, committed 4864K, reserved 1056768K
  class space    used 283K, capacity 386K, committed 512K, reserved 1048576K

Card table byte_map: [0x00007f3e8fbd4000,0x00007f3e8ffb8000] byte_map_base: 0x00007f3e8f7b7000

Marking Bits: (ParMarkBitMap*) 0x00007f3ea57f7920
 Begin Bits: [0x00007f3e841d0000, 0x00007f3e860e8000)
 End Bits:   [0x00007f3e860e8000, 0x00007f3e88000000)

Polling page: 0x00007f3ea644a000

CodeCache: size=245760Kb used=1107Kb max_used=1119Kb free=244652Kb
 bounds [0x00007f3e90378000, 0x00007f3e905e8000, 0x00007f3e9f378000]
 total_blobs=250 nmethods=21 adapters=144
 compilation: enabled

Compilation events (10 events):
Event: 0.057 Thread 0x00007f3ea00be000 nmethod 19 0x00007f3e90489690 code [0x00007f3e90489860, 0x00007f3e9048a1e8]
Event: 0.057 Thread 0x00007f3ea00be000   16       3       sun.misc.JarIndex::addToList (59 bytes)
Event: 0.057 Thread 0x00007f3ea00be000 nmethod 16 0x00007f3e9048a4d0 code [0x00007f3e9048a700, 0x00007f3e9048b238]
Event: 0.057 Thread 0x00007f3ea00be000   13       3       java.lang.String::<init> (82 bytes)
Event: 0.057 Thread 0x00007f3ea00be000 nmethod 13 0x00007f3e9048b790 code [0x00007f3e9048b960, 0x00007f3e9048be38]
Event: 0.057 Thread 0x00007f3ea00be000   20       3       java.util.HashMap::get (23 bytes)
Event: 0.057 Thread 0x00007f3ea00be000 nmethod 20 0x00007f3e9048c0d0 code [0x00007f3e9048c260, 0x00007f3e9048c658]
Event: 0.057 Thread 0x00007f3ea00be000   21       1       java.lang.ThreadLocal::access$400 (5 bytes)
Event: 0.057 Thread 0x00007f3ea00be000 nmethod 21 0x00007f3e9048c7d0 code [0x00007f3e9048c920, 0x00007f3e9048ca10]
Event: 0.058 Thread 0x00007f3ea00bc000   15       4       java.lang.String::equals (81 bytes)

GC Heap History (0 events):
No events

Deoptimization events (0 events):
No events

Classes redefined (0 events):
No events

Internal exceptions (2 events):
Event: 0.026 Thread 0x00007f3ea000a800 Exception <a 'java/lang/NoSuchMethodError': Method sun.misc.Unsafe.defineClass(Ljava/lang/String;[BII)Ljava/lang/Class; name or signature does not match> (0x00000000d6907ca0) thrown at [/HUDSON/workspace/8-2-build-linux-amd64/jdk8u161/10277/hotspot/src/sh
Event: 0.026 Thread 0x00007f3ea000a800 Exception <a 'java/lang/NoSuchMethodError': Method sun.misc.Unsafe.prefetchRead(Ljava/lang/Object;J)V name or signature does not match> (0x00000000d6907f88) thrown at [/HUDSON/workspace/8-2-build-linux-amd64/jdk8u161/10277/hotspot/src/share/vm/prims/jni.c

Events (10 events):
Event: 0.058 loading class java/security/BasicPermissionCollection
Event: 0.058 loading class java/security/BasicPermissionCollection done
Event: 0.058 loading class sun/launcher/LauncherHelper$FXHelper
Event: 0.058 loading class sun/launcher/LauncherHelper$FXHelper done
Event: 0.058 loading class java/lang/Class$MethodArray
Event: 0.058 loading class java/lang/Class$MethodArray done
Event: 0.058 loading class java/lang/Void
Event: 0.058 loading class java/lang/Void done
Event: 0.059 loading class java/lang/ClassLoaderHelper
Event: 0.059 loading class java/lang/ClassLoaderHelper done


Dynamic libraries:
00400000-00401000 r-xp 00000000 08:01 2490962                            /usr/lib/jvm/java-8-oracle/jre/bin/java
00600000-00601000 rw-p 00000000 08:01 2490962                            /usr/lib/jvm/java-8-oracle/jre/bin/java
01850000-01871000 rw-p 00000000 00:00 0                                  [heap]
83a00000-88e00000 rw-p 00000000 00:00 0 
88e00000-d6900000 ---p 00000000 00:00 0 
d6900000-d9300000 rw-p 00000000 00:00 0 
d9300000-100000000 ---p 00000000 00:00 0 
100000000-100080000 rw-p 00000000 00:00 0 
100080000-140000000 ---p 00000000 00:00 0 
7f3e50000000-7f3e50021000 rw-p 00000000 00:00 0 
7f3e50021000-7f3e54000000 ---p 00000000 00:00 0 
7f3e58000000-7f3e58026000 rw-p 00000000 00:00 0 
7f3e58026000-7f3e5c000000 ---p 00000000 00:00 0 
7f3e5c000000-7f3e5c021000 rw-p 00000000 00:00 0 
7f3e5c021000-7f3e60000000 ---p 00000000 00:00 0 
7f3e60000000-7f3e60056000 rw-p 00000000 00:00 0 
7f3e60056000-7f3e64000000 ---p 00000000 00:00 0 
7f3e64000000-7f3e64021000 rw-p 00000000 00:00 0 
7f3e64021000-7f3e68000000 ---p 00000000 00:00 0 
7f3e68000000-7f3e68021000 rw-p 00000000 00:00 0 
7f3e68021000-7f3e6c000000 ---p 00000000 00:00 0 
7f3e6c000000-7f3e6c021000 rw-p 00000000 00:00 0 
7f3e6c021000-7f3e70000000 ---p 00000000 00:00 0 
7f3e70000000-7f3e70021000 rw-p 00000000 00:00 0 
7f3e70021000-7f3e74000000 ---p 00000000 00:00 0 
7f3e74000000-7f3e74021000 rw-p 00000000 00:00 0 
7f3e74021000-7f3e78000000 ---p 00000000 00:00 0 
7f3e78000000-7f3e78021000 rw-p 00000000 00:00 0 
7f3e78021000-7f3e7c000000 ---p 00000000 00:00 0 
7f3e7c000000-7f3e7c021000 rw-p 00000000 00:00 0 
7f3e7c021000-7f3e80000000 ---p 00000000 00:00 0 
7f3e80000000-7f3e80021000 rw-p 00000000 00:00 0 
7f3e80021000-7f3e84000000 ---p 00000000 00:00 0 
7f3e841d0000-7f3e88000000 rw-p 00000000 00:00 0 
7f3e88000000-7f3e88021000 rw-p 00000000 00:00 0 
7f3e88021000-7f3e8c000000 ---p 00000000 00:00 0 
7f3e8c723000-7f3e8c9ab000 rw-p 00000000 00:00 0 
7f3e8c9ab000-7f3e8c9ad000 r-xp 00000000 08:01 1192527                    /home/antchil/Documents/module-2.2/hash_table_JNI/libhash_table.so
7f3e8c9ad000-7f3e8cbac000 ---p 00002000 08:01 1192527                    /home/antchil/Documents/module-2.2/hash_table_JNI/libhash_table.so
7f3e8cbac000-7f3e8cbad000 r--p 00001000 08:01 1192527                    /home/antchil/Documents/module-2.2/hash_table_JNI/libhash_table.so
7f3e8cbad000-7f3e8cbae000 rw-p 00002000 08:01 1192527                    /home/antchil/Documents/module-2.2/hash_table_JNI/libhash_table.so
7f3e8cbae000-7f3e8cc44000 r--s 0110a000 08:01 2491209                    /usr/lib/jvm/java-8-oracle/jre/lib/ext/jfxrt.jar
7f3e8cc44000-7f3e8cc45000 ---p 00000000 00:00 0 
7f3e8cc45000-7f3e8cd45000 rw-p 00000000 00:00 0 
7f3e8cd45000-7f3e8cd48000 ---p 00000000 00:00 0 
7f3e8cd48000-7f3e8ce46000 rw-p 00000000 00:00 0 
7f3e8ce46000-7f3e8ce49000 ---p 00000000 00:00 0 
7f3e8ce49000-7f3e8cf47000 rw-p 00000000 00:00 0 
7f3e8cf47000-7f3e8cf4a000 ---p 00000000 00:00 0 
7f3e8cf4a000-7f3e8d048000 rw-p 00000000 00:00 0 
7f3e8d048000-7f3e8d04b000 ---p 00000000 00:00 0 
7f3e8d04b000-7f3e8d149000 rw-p 00000000 00:00 0 
7f3e8d149000-7f3e8d14c000 ---p 00000000 00:00 0 
7f3e8d14c000-7f3e8d24a000 rw-p 00000000 00:00 0 
7f3e8d24a000-7f3e8d522000 r--p 00000000 08:01 2360788                    /usr/lib/locale/locale-archive
7f3e8d522000-7f3e8d525000 ---p 00000000 00:00 0 
7f3e8d525000-7f3e8d623000 rw-p 00000000 00:00 0 
7f3e8d623000-7f3e8d626000 ---p 00000000 00:00 0 
7f3e8d626000-7f3e8d724000 rw-p 00000000 00:00 0 
7f3e8d724000-7f3e8d725000 ---p 00000000 00:00 0 
7f3e8d725000-7f3e8e807000 rw-p 00000000 00:00 0 
7f3e8e807000-7f3e8e9e0000 r--s 03d64000 08:01 2491062                    /usr/lib/jvm/java-8-oracle/jre/lib/rt.jar
7f3e8e9e0000-7f3e8ee96000 rw-p 00000000 00:00 0 
7f3e8ee96000-7f3e8f256000 ---p 00000000 00:00 0 
7f3e8f256000-7f3e8f639000 rw-p 00000000 00:00 0 
7f3e8f639000-7f3e8f63a000 ---p 00000000 00:00 0 
7f3e8f63a000-7f3e8f73a000 rw-p 00000000 00:00 0 
7f3e8f73a000-7f3e8f73b000 ---p 00000000 00:00 0 
7f3e8f73b000-7f3e8f83b000 rw-p 00000000 00:00 0 
7f3e8f83b000-7f3e8f83c000 ---p 00000000 00:00 0 
7f3e8f83c000-7f3e8f966000 rw-p 00000000 00:00 0 
7f3e8f966000-7f3e8fbd4000 ---p 00000000 00:00 0 
7f3e8fbd4000-7f3e8fbfe000 rw-p 00000000 00:00 0 
7f3e8fbfe000-7f3e8fe6b000 ---p 00000000 00:00 0 
7f3e8fe6b000-7f3e8fe81000 rw-p 00000000 00:00 0 
7f3e8fe81000-7f3e8ffb7000 ---p 00000000 00:00 0 
7f3e8ffb7000-7f3e8ffc2000 rw-p 00000000 00:00 0 
7f3e8ffc2000-7f3e90378000 ---p 00000000 00:00 0 
7f3e90378000-7f3e905e8000 rwxp 00000000 00:00 0 
7f3e905e8000-7f3e9f378000 ---p 00000000 00:00 0 
7f3e9f378000-7f3e9f393000 r-xp 00000000 08:01 2491134                    /usr/lib/jvm/java-8-oracle/jre/lib/amd64/libzip.so
7f3e9f393000-7f3e9f593000 ---p 0001b000 08:01 2491134                    /usr/lib/jvm/java-8-oracle/jre/lib/amd64/libzip.so
7f3e9f593000-7f3e9f594000 rw-p 0001b000 08:01 2491134                    /usr/lib/jvm/java-8-oracle/jre/lib/amd64/libzip.so
7f3e9f594000-7f3e9f59f000 r-xp 00000000 08:01 1451889                    /lib/x86_64-linux-gnu/libnss_files-2.23.so
7f3e9f59f000-7f3e9f79e000 ---p 0000b000 08:01 1451889                    /lib/x86_64-linux-gnu/libnss_files-2.23.so
7f3e9f79e000-7f3e9f79f000 r--p 0000a000 08:01 1451889                    /lib/x86_64-linux-gnu/libnss_files-2.23.so
7f3e9f79f000-7f3e9f7a0000 rw-p 0000b000 08:01 1451889                    /lib/x86_64-linux-gnu/libnss_files-2.23.so
7f3e9f7a0000-7f3e9f7a6000 rw-p 00000000 00:00 0 
7f3e9f7a6000-7f3e9f7b1000 r-xp 00000000 08:01 1451898                    /lib/x86_64-linux-gnu/libnss_nis-2.23.so
7f3e9f7b1000-7f3e9f9b0000 ---p 0000b000 08:01 1451898                    /lib/x86_64-linux-gnu/libnss_nis-2.23.so
7f3e9f9b0000-7f3e9f9b1000 r--p 0000a000 08:01 1451898                    /lib/x86_64-linux-gnu/libnss_nis-2.23.so
7f3e9f9b1000-7f3e9f9b2000 rw-p 0000b000 08:01 1451898                    /lib/x86_64-linux-gnu/libnss_nis-2.23.so
7f3e9f9b2000-7f3e9f9c8000 r-xp 00000000 08:01 1451823                    /lib/x86_64-linux-gnu/libnsl-2.23.so
7f3e9f9c8000-7f3e9fbc7000 ---p 00016000 08:01 1451823                    /lib/x86_64-linux-gnu/libnsl-2.23.so
7f3e9fbc7000-7f3e9fbc8000 r--p 00015000 08:01 1451823                    /lib/x86_64-linux-gnu/libnsl-2.23.so
7f3e9fbc8000-7f3e9fbc9000 rw-p 00016000 08:01 1451823                    /lib/x86_64-linux-gnu/libnsl-2.23.so
7f3e9fbc9000-7f3e9fbcb000 rw-p 00000000 00:00 0 
7f3e9fbcb000-7f3e9fbd3000 r-xp 00000000 08:01 1451872                    /lib/x86_64-linux-gnu/libnss_compat-2.23.so
7f3e9fbd3000-7f3e9fdd2000 ---p 00008000 08:01 1451872                    /lib/x86_64-linux-gnu/libnss_compat-2.23.so
7f3e9fdd2000-7f3e9fdd3000 r--p 00007000 08:01 1451872                    /lib/x86_64-linux-gnu/libnss_compat-2.23.so
7f3e9fdd3000-7f3e9fdd4000 rw-p 00008000 08:01 1451872                    /lib/x86_64-linux-gnu/libnss_compat-2.23.so
7f3e9fdd4000-7f3e9fdff000 r-xp 00000000 08:01 2491128                    /usr/lib/jvm/java-8-oracle/jre/lib/amd64/libjava.so
7f3e9fdff000-7f3e9fffe000 ---p 0002b000 08:01 2491128                    /usr/lib/jvm/java-8-oracle/jre/lib/amd64/libjava.so
7f3e9fffe000-7f3ea0000000 rw-p 0002a000 08:01 2491128                    /usr/lib/jvm/java-8-oracle/jre/lib/amd64/libjava.so
7f3ea0000000-7f3ea013c000 rw-p 00000000 00:00 0 
7f3ea013c000-7f3ea4000000 ---p 00000000 00:00 0 
7f3ea4007000-7f3ea4008000 ---p 00000000 00:00 0 
7f3ea4008000-7f3ea4108000 rw-p 00000000 00:00 0 
7f3ea4108000-7f3ea4115000 r-xp 00000000 08:01 2491133                    /usr/lib/jvm/java-8-oracle/jre/lib/amd64/libverify.so
7f3ea4115000-7f3ea4315000 ---p 0000d000 08:01 2491133                    /usr/lib/jvm/java-8-oracle/jre/lib/amd64/libverify.so
7f3ea4315000-7f3ea4317000 rw-p 0000d000 08:01 2491133                    /usr/lib/jvm/java-8-oracle/jre/lib/amd64/libverify.so
7f3ea4317000-7f3ea431e000 r-xp 00000000 08:01 1451899                    /lib/x86_64-linux-gnu/librt-2.23.so
7f3ea431e000-7f3ea451d000 ---p 00007000 08:01 1451899                    /lib/x86_64-linux-gnu/librt-2.23.so
7f3ea451d000-7f3ea451e000 r--p 00006000 08:01 1451899                    /lib/x86_64-linux-gnu/librt-2.23.so
7f3ea451e000-7f3ea451f000 rw-p 00007000 08:01 1451899                    /lib/x86_64-linux-gnu/librt-2.23.so
7f3ea451f000-7f3ea4627000 r-xp 00000000 08:01 1451812                    /lib/x86_64-linux-gnu/libm-2.23.so
7f3ea4627000-7f3ea4826000 ---p 00108000 08:01 1451812                    /lib/x86_64-linux-gnu/libm-2.23.so
7f3ea4826000-7f3ea4827000 r--p 00107000 08:01 1451812                    /lib/x86_64-linux-gnu/libm-2.23.so
7f3ea4827000-7f3ea4828000 rw-p 00108000 08:01 1451812                    /lib/x86_64-linux-gnu/libm-2.23.so
7f3ea4828000-7f3ea5501000 r-xp 00000000 08:01 2491156                    /usr/lib/jvm/java-8-oracle/jre/lib/amd64/server/libjvm.so
7f3ea5501000-7f3ea5700000 ---p 00cd9000 08:01 2491156                    /usr/lib/jvm/java-8-oracle/jre/lib/amd64/server/libjvm.so
7f3ea5700000-7f3ea57d9000 rw-p 00cd8000 08:01 2491156                    /usr/lib/jvm/java-8-oracle/jre/lib/amd64/server/libjvm.so
7f3ea57d9000-7f3ea5825000 rw-p 00000000 00:00 0 
7f3ea5825000-7f3ea59e5000 r-xp 00000000 08:01 1451840                    /lib/x86_64-linux-gnu/libc-2.23.so
7f3ea59e5000-7f3ea5be5000 ---p 001c0000 08:01 1451840                    /lib/x86_64-linux-gnu/libc-2.23.so
7f3ea5be5000-7f3ea5be9000 r--p 001c0000 08:01 1451840                    /lib/x86_64-linux-gnu/libc-2.23.so
7f3ea5be9000-7f3ea5beb000 rw-p 001c4000 08:01 1451840                    /lib/x86_64-linux-gnu/libc-2.23.so
7f3ea5beb000-7f3ea5bef000 rw-p 00000000 00:00 0 
7f3ea5bef000-7f3ea5bf2000 r-xp 00000000 08:01 1451842                    /lib/x86_64-linux-gnu/libdl-2.23.so
7f3ea5bf2000-7f3ea5df1000 ---p 00003000 08:01 1451842                    /lib/x86_64-linux-gnu/libdl-2.23.so
7f3ea5df1000-7f3ea5df2000 r--p 00002000 08:01 1451842                    /lib/x86_64-linux-gnu/libdl-2.23.so
7f3ea5df2000-7f3ea5df3000 rw-p 00003000 08:01 1451842                    /lib/x86_64-linux-gnu/libdl-2.23.so
7f3ea5df3000-7f3ea5e09000 r-xp 00000000 08:01 2491152                    /usr/lib/jvm/java-8-oracle/jre/lib/amd64/jli/libjli.so
7f3ea5e09000-7f3ea6008000 ---p 00016000 08:01 2491152                    /usr/lib/jvm/java-8-oracle/jre/lib/amd64/jli/libjli.so
7f3ea6008000-7f3ea6009000 rw-p 00015000 08:01 2491152                    /usr/lib/jvm/java-8-oracle/jre/lib/amd64/jli/libjli.so
7f3ea6009000-7f3ea6021000 r-xp 00000000 08:01 1451839                    /lib/x86_64-linux-gnu/libpthread-2.23.so
7f3ea6021000-7f3ea6220000 ---p 00018000 08:01 1451839                    /lib/x86_64-linux-gnu/libpthread-2.23.so
7f3ea6220000-7f3ea6221000 r--p 00017000 08:01 1451839                    /lib/x86_64-linux-gnu/libpthread-2.23.so
7f3ea6221000-7f3ea6222000 rw-p 00018000 08:01 1451839                    /lib/x86_64-linux-gnu/libpthread-2.23.so
7f3ea6222000-7f3ea6226000 rw-p 00000000 00:00 0 
7f3ea6226000-7f3ea624c000 r-xp 00000000 08:01 1451838                    /lib/x86_64-linux-gnu/ld-2.23.so
7f3ea6263000-7f3ea632e000 rw-p 00000000 00:00 0 
7f3ea632e000-7f3ea6331000 ---p 00000000 00:00 0 
7f3ea6331000-7f3ea6434000 rw-p 00000000 00:00 0 
7f3ea6441000-7f3ea6449000 rw-s 00000000 08:01 2228286                    /tmp/hsperfdata_antchil/12709
7f3ea6449000-7f3ea644a000 rw-p 00000000 00:00 0 
7f3ea644a000-7f3ea644b000 r--p 00000000 00:00 0 
7f3ea644b000-7f3ea644c000 r--p 00025000 08:01 1451838                    /lib/x86_64-linux-gnu/ld-2.23.so
7f3ea644c000-7f3ea644d000 rw-p 00026000 08:01 1451838                    /lib/x86_64-linux-gnu/ld-2.23.so
7f3ea644d000-7f3ea644e000 rw-p 00000000 00:00 0 
7ffc32ad9000-7ffc32afb000 rw-p 00000000 00:00 0                          [stack]
7ffc32b5e000-7ffc32b61000 r--p 00000000 00:00 0                          [vvar]
7ffc32b61000-7ffc32b63000 r-xp 00000000 00:00 0                          [vdso]
ffffffffff600000-ffffffffff601000 r-xp 00000000 00:00 0                  [vsyscall]

VM Arguments:
jvm_args: -Djava.library.path=. 
java_command: HashTable
java_class_path (initial): .
Launcher Type: SUN_STANDARD

Environment Variables:
JAVA_HOME=/usr/lib/jvm/java-8-oracle
JRE_HOME=/usr/lib/jvm/java-8-oracle/jre
PATH=/home/antchil/bin:/home/antchil/.local/bin:/home/antchil/bin:/home/antchil/.local/bin:/usr/local/sbin:/usr/local/bin:/usr/sbin:/usr/bin:/sbin:/bin:/usr/games:/usr/local/games:/snap/bin:/usr/lib/jvm/java-8-oracle/bin:/usr/lib/jvm/java-8-oracle/db/bin:/usr/lib/jvm/java-8-oracle/jre/bin:/snap/bin:/usr/lib/jvm/java-8-oracle/bin:/usr/lib/jvm/java-8-oracle/db/bin:/usr/lib/jvm/java-8-oracle/jre/bin:/home/antchil/Documents/linux-master/script:/home/antchil/Documents/linux-master/script
SHELL=/bin/bash
DISPLAY=:0

Signal Handlers:
SIGSEGV: [libjvm.so+0xad01e0], sa_mask[0]=11111111011111111101111111111110, sa_flags=SA_RESTART|SA_SIGINFO
SIGBUS: [libjvm.so+0xad01e0], sa_mask[0]=11111111011111111101111111111110, sa_flags=SA_RESTART|SA_SIGINFO
SIGFPE: [libjvm.so+0x927fb0], sa_mask[0]=11111111011111111101111111111110, sa_flags=SA_RESTART|SA_SIGINFO
SIGPIPE: [libjvm.so+0x927fb0], sa_mask[0]=11111111011111111101111111111110, sa_flags=SA_RESTART|SA_SIGINFO
SIGXFSZ: [libjvm.so+0x927fb0], sa_mask[0]=11111111011111111101111111111110, sa_flags=SA_RESTART|SA_SIGINFO
SIGILL: [libjvm.so+0x927fb0], sa_mask[0]=11111111011111111101111111111110, sa_flags=SA_RESTART|SA_SIGINFO
SIGUSR1: SIG_DFL, sa_mask[0]=00000000000000000000000000000000, sa_flags=none
SIGUSR2: [libjvm.so+0x9297f0], sa_mask[0]=00000000000000000000000000000000, sa_flags=SA_RESTART|SA_SIGINFO
SIGHUP: [libjvm.so+0x92abf0], sa_mask[0]=11111111011111111101111111111110, sa_flags=SA_RESTART|SA_SIGINFO
SIGINT: [libjvm.so+0x92abf0], sa_mask[0]=11111111011111111101111111111110, sa_flags=SA_RESTART|SA_SIGINFO
SIGTERM: [libjvm.so+0x92abf0], sa_mask[0]=11111111011111111101111111111110, sa_flags=SA_RESTART|SA_SIGINFO
SIGQUIT: [libjvm.so+0x92abf0], sa_mask[0]=11111111011111111101111111111110, sa_flags=SA_RESTART|SA_SIGINFO


---------------  S Y S T E M  ---------------

OS:DISTRIB_ID=Ubuntu
DISTRIB_RELEASE=16.04
DISTRIB_CODENAME=xenial
DISTRIB_DESCRIPTION="Ubuntu 16.04.2 LTS"

uname:Linux 4.13.0-32-generic #35~16.04.1-Ubuntu SMP Thu Jan 25 10:13:43 UTC 2018 x86_64
libc:glibc 2.23 NPTL 2.23 
rlimit: STACK 8192k, CORE 0k, NPROC 31612, NOFILE 1048576, AS infinity
load average:0.62 0.77 0.91

/proc/meminfo:
MemTotal:        8145220 kB
MemFree:          373516 kB
MemAvailable:    1780028 kB
Buffers:           80476 kB
Cached:          1571512 kB
SwapCached:         2128 kB
Active:          3130548 kB
Inactive:        1328424 kB
Active(anon):    2214800 kB
Inactive(anon):   662856 kB
Active(file):     915748 kB
Inactive(file):   665568 kB
Unevictable:          32 kB
Mlocked:              32 kB
SwapTotal:       1045500 kB
SwapFree:        1024252 kB
Dirty:               316 kB
Writeback:             0 kB
AnonPages:       2805512 kB
Mapped:           294508 kB
Shmem:             70672 kB
Slab:             161184 kB
SReclaimable:      92972 kB
SUnreclaim:        68212 kB
KernelStack:       14640 kB
PageTables:        44124 kB
NFS_Unstable:          0 kB
Bounce:                0 kB
WritebackTmp:          0 kB
CommitLimit:     5118108 kB
Committed_AS:    7962712 kB
VmallocTotal:   34359738367 kB
VmallocUsed:           0 kB
VmallocChunk:          0 kB
HardwareCorrupted:     0 kB
AnonHugePages:         0 kB
ShmemHugePages:        0 kB
ShmemPmdMapped:        0 kB
CmaTotal:              0 kB
CmaFree:               0 kB
HugePages_Total:       0
HugePages_Free:        0
HugePages_Rsvd:        0
HugePages_Surp:        0
Hugepagesize:       2048 kB
DirectMap4k:       87872 kB
DirectMap2M:     6203392 kB
DirectMap1G:     4194304 kB


CPU:total 4 (initial active 4) (1 cores per cpu, 1 threads per core) family 6 model 158 stepping 9, cmov, cx8, fxsr, mmx, sse, sse2, sse3, ssse3, sse4.1, sse4.2, popcnt, aes, clmul, erms, 3dnowpref, lzcnt, tsc, tscinvbit

/proc/cpuinfo:
processor	: 0
vendor_id	: GenuineIntel
cpu family	: 6
model		: 158
model name	: Intel(R) Pentium(R) CPU G4600 @ 3.60GHz
stepping	: 9
microcode	: 0x5e
cpu MHz		: 3600.007
cache size	: 3072 KB
physical id	: 0
siblings	: 1
core id		: 0
cpu cores	: 1
apicid		: 0
initial apicid	: 0
fpu		: yes
fpu_exception	: yes
cpuid level	: 22
wp		: yes
flags		: fpu vme de pse tsc msr pae mce cx8 apic sep mtrr pge mca cmov pat pse36 clflush mmx fxsr sse sse2 ss syscall nx pdpe1gb rdtscp lm constant_tsc arch_perfmon nopl xtopology tsc_reliable nonstop_tsc cpuid pni pclmulqdq ssse3 cx16 pcid sse4_1 sse4_2 x2apic movbe popcnt tsc_deadline_timer aes xsave rdrand hypervisor lahf_lm abm 3dnowprefetch cpuid_fault invpcid_single pti fsgsbase tsc_adjust smep invpcid mpx rdseed smap clflushopt xsaveopt xsavec xsaves arat
bugs		: cpu_meltdown spectre_v1 spectre_v2
bogomips	: 7200.01
clflush size	: 64
cache_alignment	: 64
address sizes	: 43 bits physical, 48 bits virtual
power management:

processor	: 1
vendor_id	: GenuineIntel
cpu family	: 6
model		: 158
model name	: Intel(R) Pentium(R) CPU G4600 @ 3.60GHz
stepping	: 9
microcode	: 0x5e
cpu MHz		: 3600.007
cache size	: 3072 KB
physical id	: 2
siblings	: 1
core id		: 0
cpu cores	: 1
apicid		: 2
initial apicid	: 2
fpu		: yes
fpu_exception	: yes
cpuid level	: 22
wp		: yes
flags		: fpu vme de pse tsc msr pae mce cx8 apic sep mtrr pge mca cmov pat pse36 clflush mmx fxsr sse sse2 ss syscall nx pdpe1gb rdtscp lm constant_tsc arch_perfmon nopl xtopology tsc_reliable nonstop_tsc cpuid pni pclmulqdq ssse3 cx16 pcid sse4_1 sse4_2 x2apic movbe popcnt tsc_deadline_timer aes xsave rdrand hypervisor lahf_lm abm 3dnowprefetch cpuid_fault invpcid_single pti fsgsbase tsc_adjust smep invpcid mpx rdseed smap clflushopt xsaveopt xsavec xsaves arat
bugs		: cpu_meltdown spectre_v1 spectre_v2
bogomips	: 7200.01
clflush size	: 64
cache_alignment	: 64
address sizes	: 43 bits physical, 48 bits virtual
power management:

processor	: 2
vendor_id	: GenuineIntel
cpu family	: 6
model		: 158
model name	: Intel(R) Pentium(R) CPU G4600 @ 3.60GHz
stepping	: 9
microcode	: 0x5e
cpu MHz		: 3600.007
cache size	: 3072 KB
physical id	: 4
siblings	: 1
core id		: 0
cpu cores	: 1
apicid		: 4
initial apicid	: 4
fpu		: yes
fpu_exception	: yes
cpuid level	: 22
wp		: yes
flags		: fpu vme de pse tsc msr pae mce cx8 apic sep mtrr pge mca cmov pat pse36 clflush mmx fxsr sse sse2 ss syscall nx pdpe1gb rdtscp lm constant_tsc arch_perfmon nopl xtopology tsc_reliable nonstop_tsc cpuid pni pclmulqdq ssse3 cx16 pcid sse4_1 sse4_2 x2apic movbe popcnt tsc_deadline_timer aes xsave rdrand hypervisor lahf_lm abm 3dnowprefetch cpuid_fault invpcid_single pti fsgsbase tsc_adjust smep invpcid mpx rdseed smap clflushopt xsaveopt xsavec xsaves arat
bugs		: cpu_meltdown spectre_v1 spectre_v2
bogomips	: 7200.01
clflush size	: 64
cache_alignment	: 64
address sizes	: 43 bits physical, 48 bits virtual
power management:

processor	: 3
vendor_id	: GenuineIntel
cpu family	: 6
model		: 158
model name	: Intel(R) Pentium(R) CPU G4600 @ 3.60GHz
stepping	: 9
microcode	: 0x5e
cpu MHz		: 3600.007
cache size	: 3072 KB
physical id	: 6
siblings	: 1
core id		: 0
cpu cores	: 1
apicid		: 6
initial apicid	: 6
fpu		: yes
fpu_exception	: yes
cpuid level	: 22
wp		: yes
flags		: fpu vme de pse tsc msr pae mce cx8 apic sep mtrr pge mca cmov pat pse36 clflush mmx fxsr sse sse2 ss syscall nx pdpe1gb rdtscp lm constant_tsc arch_perfmon nopl xtopology tsc_reliable nonstop_tsc cpuid pni pclmulqdq ssse3 cx16 pcid sse4_1 sse4_2 x2apic movbe popcnt tsc_deadline_timer aes xsave rdrand hypervisor lahf_lm abm 3dnowprefetch cpuid_fault invpcid_single pti fsgsbase tsc_adjust smep invpcid mpx rdseed smap clflushopt xsaveopt xsavec xsaves arat
bugs		: cpu_meltdown spectre_v1 spectre_v2
bogomips	: 7200.01
clflush size	: 64
cache_alignment	: 64
address sizes	: 43 bits physical, 48 bits virtual
power management:



Memory: 4k page, physical 8145220k(373268k free), swap 1045500k(1024252k free)

vm_info: Java HotSpot(TM) 64-Bit Server VM (25.161-b12) for linux-amd64 JRE (1.8.0_161-b12), built on Dec 19 2017 16:12:43 by "java_re" with gcc 4.3.0 20080428 (Red Hat 4.3.0-8)

time: Mon Feb 12 09:11:14 2018
elapsed time: 0 seconds (0d 0h 0m 0s)

