#
# A fatal error has been detected by the Java Runtime Environment:
#
#  SIGSEGV (0xb) at pc=0x00007fdfaa2574e7, pid=13225, tid=0x00007fdfcbb19700
#
# JRE version: Java(TM) SE Runtime Environment (8.0_161-b12) (build 1.8.0_161-b12)
# Java VM: Java HotSpot(TM) 64-Bit Server VM (25.161-b12 mixed mode linux-amd64 compressed oops)
# Problematic frame:
# C  [libhash_table.so+0x14e7]  Java_HashTable_ht_1search+0x5f
#
# Failed to write core dump. Core dumps have been disabled. To enable core dumping, try "ulimit -c unlimited" before starting Java again
#
# If you would like to submit a bug report, please visit:
#   http://bugreport.java.com/bugreport/crash.jsp
# The crash happened outside the Java Virtual Machine in native code.
# See problematic frame for where to report the bug.
#

---------------  T H R E A D  ---------------

Current thread (0x00007fdfc400a800):  JavaThread "main" [_thread_in_native, id=13226, stack(0x00007fdfcba19000,0x00007fdfcbb1a000)]

siginfo: si_signo: 11 (SIGSEGV), si_code: 1 (SEGV_MAPERR), si_addr: 0x0000000000000000

Registers:
RAX=0x0000000000000000, RBX=0x00007fdfb06ea538, RCX=0x0000000000000005, RDX=0x0000000000000008
RSP=0x00007fdfcbb18830, RBP=0x00007fdfcbb18860, RSI=0x00000000401c0000, RDI=0x00007fdfcbb18834
R8 =0x0000000000000000, R9 =0x000000000000000d, R10=0x00000000ffffffff, R11=0x0000000000000000
R12=0x0000000000000000, R13=0x00007fdfb06ea538, R14=0x00007fdfcbb18910, R15=0x00007fdfc400a800
RIP=0x00007fdfaa2574e7, EFLAGS=0x0000000000010246, CSGSFS=0x002b000000000033, ERR=0x0000000000000004
  TRAPNO=0x000000000000000e

Top of Stack: (sp=0x00007fdfcbb18830)
0x00007fdfcbb18830:   00000033c400a800 00007fdfc41062d0
0x00007fdfcbb18840:   00007fdfcbb18910 00007fdfc400a9f8
0x00007fdfcbb18850:   00007fdfc41062d0 00007fdfcbb18834
0x00007fdfcbb18860:   00007fdfcbb188d8 00007fdfb5018107
0x00007fdfcbb18870:   00007fdfb06ea5d0 0000000000000000
0x00007fdfcbb18880:   00007fdfcbb188d8 00007fdfb5017e67
0x00007fdfcbb18890:   00007fdfb5017e22 00007fdfcbb18898
0x00007fdfcbb188a0:   0000000000000000 00007fdfcbb18910
0x00007fdfcbb188b0:   00007fdfb06ea870 0000000000000000
0x00007fdfcbb188c0:   00007fdfb06ea538 0000000000000000
0x00007fdfcbb188d0:   00007fdfcbb188f8 00007fdfcbb18958
0x00007fdfcbb188e0:   00007fdfb5007b60 0000000000000000
0x00007fdfcbb188f0:   00007fdfb5011d0a 0000000000000033
0x00007fdfcbb18900:   00007fdfc41062d0 00000000d6972ee8
0x00007fdfcbb18910:   00000000d69728f8 00007fdfcbb18918
0x00007fdfcbb18920:   00007fdfb06ea768 00007fdfcbb18988
0x00007fdfcbb18930:   00007fdfb06ea870 0000000000000000
0x00007fdfcbb18940:   00007fdfb06ea780 00007fdfcbb188f8
0x00007fdfcbb18950:   00007fdfcbb18988 00007fdfcbb189f0
0x00007fdfcbb18960:   00007fdfb50007a7 0000000000000000
0x00007fdfcbb18970:   00007fdfc41062d0 0000000000000000
0x00007fdfcbb18980:   00000000d69728f8 00000000d69728e8
0x00007fdfcbb18990:   0000000000001fa0 0000000000000000
0x00007fdfcbb189a0:   00007fdfc400a800 00007fdfcbb18a70
0x00007fdfcbb189b0:   00007fdfcbb18c30 00007fdfcbb18a30
0x00007fdfcbb189c0:   00007fdfcbb18a30 00007fdfcbb18d78
0x00007fdfcbb189d0:   00007fdf0000000a 00007fdfb06ea780
0x00007fdfcbb189e0:   00007fdfb5013600 00007fdfcbb18bb8
0x00007fdfcbb189f0:   00007fdfcbb18b60 00007fdfca5a8ae6
0x00007fdfcbb18a00:   00007fdf00000001 00007fdfc400a800
0x00007fdfcbb18a10:   00007fdfcbb18bb0 00007fdfcbb18d70
0x00007fdfcbb18a20:   00007fdfb5013600 000000000000000a 

Instructions: (pc=0x00007fdfaa2574e7)
0x00007fdfaa2574c7:   e8 14 f6 ff ff 48 8d 45 d4 48 89 45 f8 48 8b 55
0x00007fdfaa2574d7:   f8 48 8b 45 f0 48 89 d6 48 89 c7 e8 19 f6 ff ff
0x00007fdfaa2574e7:   0f b6 00 66 98 c9 c3 55 48 89 e5 48 83 ec 30 48
0x00007fdfaa2574f7:   89 7d e8 48 89 75 e0 48 89 55 d8 89 c8 66 89 45 

Register to memory mapping:

RAX=0x0000000000000000 is an unknown value
RBX={method} {0x00007fdfb06ea538} 'ht_search' '(JC)C' in 'HashTable'
RCX=0x0000000000000005 is an unknown value
RDX=0x0000000000000008 is an unknown value
RSP=0x00007fdfcbb18830 is pointing into the stack for thread: 0x00007fdfc400a800
RBP=0x00007fdfcbb18860 is pointing into the stack for thread: 0x00007fdfc400a800
RSI=0x00000000401c0000 is an unknown value
RDI=0x00007fdfcbb18834 is pointing into the stack for thread: 0x00007fdfc400a800
R8 =0x0000000000000000 is an unknown value
R9 =0x000000000000000d is an unknown value
R10=0x00000000ffffffff is an unallocated location in the heap
R11=0x0000000000000000 is an unknown value
R12=0x0000000000000000 is an unknown value
R13={method} {0x00007fdfb06ea538} 'ht_search' '(JC)C' in 'HashTable'
R14=0x00007fdfcbb18910 is pointing into the stack for thread: 0x00007fdfc400a800
R15=0x00007fdfc400a800 is a thread


Stack: [0x00007fdfcba19000,0x00007fdfcbb1a000],  sp=0x00007fdfcbb18830,  free space=1022k
Native frames: (J=compiled Java code, j=interpreted, Vv=VM code, C=native code)
C  [libhash_table.so+0x14e7]  Java_HashTable_ht_1search+0x5f
j  HashTable.ht_search(JC)C+0
j  HashTable.main([Ljava/lang/String;)V+104
v  ~StubRoutines::call_stub
V  [libjvm.so+0x695ae6]  JavaCalls::call_helper(JavaValue*, methodHandle*, JavaCallArguments*, Thread*)+0x1056
V  [libjvm.so+0x6d7072]  jni_invoke_static(JNIEnv_*, JavaValue*, _jobject*, JNICallType, _jmethodID*, JNI_ArgumentPusher*, Thread*)+0x362
V  [libjvm.so+0x6f38da]  jni_CallStaticVoidMethod+0x17a
C  [libjli.so+0x80ff]  JavaMain+0x81f
C  [libpthread.so.0+0x76ba]  start_thread+0xca

Java frames: (J=compiled Java code, j=interpreted, Vv=VM code)
j  HashTable.ht_search(JC)C+0
j  HashTable.main([Ljava/lang/String;)V+104
v  ~StubRoutines::call_stub

---------------  P R O C E S S  ---------------

Java Threads: ( => current thread )
  0x00007fdfc40db000 JavaThread "Service Thread" daemon [_thread_blocked, id=13238, stack(0x00007fdfaa5f0000,0x00007fdfaa6f1000)]
  0x00007fdfc40be000 JavaThread "C1 CompilerThread2" daemon [_thread_in_native, id=13237, stack(0x00007fdfaa6f1000,0x00007fdfaa7f2000)]
  0x00007fdfc40bc000 JavaThread "C2 CompilerThread1" daemon [_thread_blocked, id=13236, stack(0x00007fdfaa7f2000,0x00007fdfaa8f3000)]
  0x00007fdfc40b9000 JavaThread "C2 CompilerThread0" daemon [_thread_blocked, id=13235, stack(0x00007fdfaa8f3000,0x00007fdfaa9f4000)]
  0x00007fdfc40b7800 JavaThread "Signal Dispatcher" daemon [_thread_blocked, id=13234, stack(0x00007fdfaa9f4000,0x00007fdfaaaf5000)]
  0x00007fdfc4084800 JavaThread "Finalizer" daemon [_thread_blocked, id=13233, stack(0x00007fdfaadcd000,0x00007fdfaaece000)]
  0x00007fdfc4080000 JavaThread "Reference Handler" daemon [_thread_blocked, id=13232, stack(0x00007fdfaaece000,0x00007fdfaafcf000)]
=>0x00007fdfc400a800 JavaThread "main" [_thread_in_native, id=13226, stack(0x00007fdfcba19000,0x00007fdfcbb1a000)]

Other Threads:
  0x00007fdfc4078000 VMThread [stack: 0x00007fdfaafcf000,0x00007fdfab0d0000] [id=13231]
  0x00007fdfc40e0000 WatcherThread [stack: 0x00007fdfaa4ef000,0x00007fdfaa5f0000] [id=13239]

VM state:not at safepoint (normal execution)

VM Mutex/Monitor currently owned by a thread: None

Heap:
 PSYoungGen      total 37888K, used 1310K [0x00000000d6900000, 0x00000000d9300000, 0x0000000100000000)
  eden space 32768K, 4% used [0x00000000d6900000,0x00000000d6a47b08,0x00000000d8900000)
  from space 5120K, 0% used [0x00000000d8e00000,0x00000000d8e00000,0x00000000d9300000)
  to   space 5120K, 0% used [0x00000000d8900000,0x00000000d8900000,0x00000000d8e00000)
 ParOldGen       total 86016K, used 0K [0x0000000083a00000, 0x0000000088e00000, 0x00000000d6900000)
  object space 86016K, 0% used [0x0000000083a00000,0x0000000083a00000,0x0000000088e00000)
 Metaspace       used 2619K, capacity 4486K, committed 4864K, reserved 1056768K
  class space    used 283K, capacity 386K, committed 512K, reserved 1048576K

Card table byte_map: [0x00007fdfc83c7000,0x00007fdfc87ab000] byte_map_base: 0x00007fdfc7faa000

Marking Bits: (ParMarkBitMap*) 0x00007fdfcaee2920
 Begin Bits: [0x00007fdfb0ecd000, 0x00007fdfb2de5000)
 End Bits:   [0x00007fdfb2de5000, 0x00007fdfb4cfd000)

Polling page: 0x00007fdfcbb35000

CodeCache: size=245760Kb used=1097Kb max_used=1099Kb free=244662Kb
 bounds [0x00007fdfb5000000, 0x00007fdfb5270000, 0x00007fdfc4000000]
 total_blobs=246 nmethods=17 adapters=144
 compilation: enabled

Compilation events (10 events):
Event: 0.062 Thread 0x00007fdfc40be000 nmethod 12 0x00007fdfb510cf10 code [0x00007fdfb510d120, 0x00007fdfb510dc38]
Event: 0.062 Thread 0x00007fdfc40be000   14       3       java.util.HashMap::hash (20 bytes)
Event: 0.062 Thread 0x00007fdfc40be000 nmethod 14 0x00007fdfb510b790 code [0x00007fdfb510b900, 0x00007fdfb510bb48]
Event: 0.062 Thread 0x00007fdfc40be000   13       3       java.lang.String::<init> (82 bytes)
Event: 0.063 Thread 0x00007fdfc40bc000   15       4       java.lang.String::equals (81 bytes)
Event: 0.063 Thread 0x00007fdfc40be000 nmethod 13 0x00007fdfb510e910 code [0x00007fdfb510eae0, 0x00007fdfb510efb8]
Event: 0.063 Thread 0x00007fdfc40be000   20       3       java.util.LinkedList::indexOf (73 bytes)
Event: 0.064 Thread 0x00007fdfc40be000 nmethod 20 0x00007fdfb510f250 code [0x00007fdfb510f3e0, 0x00007fdfb510f888]
Event: 0.064 Thread 0x00007fdfc40be000   18   !   3       java.io.BufferedReader::readLine (304 bytes)
Event: 0.066 Thread 0x00007fdfc40bc000 nmethod 15 0x00007fdfb5112a50 code [0x00007fdfb5112ba0, 0x00007fdfb5112df8]

GC Heap History (0 events):
No events

Deoptimization events (0 events):
No events

Classes redefined (0 events):
No events

Internal exceptions (2 events):
Event: 0.028 Thread 0x00007fdfc400a800 Exception <a 'java/lang/NoSuchMethodError': Method sun.misc.Unsafe.defineClass(Ljava/lang/String;[BII)Ljava/lang/Class; name or signature does not match> (0x00000000d6907ca0) thrown at [/HUDSON/workspace/8-2-build-linux-amd64/jdk8u161/10277/hotspot/src/sh
Event: 0.028 Thread 0x00007fdfc400a800 Exception <a 'java/lang/NoSuchMethodError': Method sun.misc.Unsafe.prefetchRead(Ljava/lang/Object;J)V name or signature does not match> (0x00000000d6907f88) thrown at [/HUDSON/workspace/8-2-build-linux-amd64/jdk8u161/10277/hotspot/src/share/vm/prims/jni.c

Events (10 events):
Event: 0.065 loading class java/security/BasicPermissionCollection
Event: 0.065 loading class java/security/BasicPermissionCollection done
Event: 0.066 loading class sun/launcher/LauncherHelper$FXHelper
Event: 0.066 loading class sun/launcher/LauncherHelper$FXHelper done
Event: 0.066 loading class java/lang/Class$MethodArray
Event: 0.066 loading class java/lang/Class$MethodArray done
Event: 0.066 loading class java/lang/Void
Event: 0.066 loading class java/lang/Void done
Event: 0.066 loading class java/lang/ClassLoaderHelper
Event: 0.066 loading class java/lang/ClassLoaderHelper done


Dynamic libraries:
00400000-00401000 r-xp 00000000 08:01 2490962                            /usr/lib/jvm/java-8-oracle/jre/bin/java
00600000-00601000 rw-p 00000000 08:01 2490962                            /usr/lib/jvm/java-8-oracle/jre/bin/java
0235c000-0237d000 rw-p 00000000 00:00 0                                  [heap]
83a00000-88e00000 rw-p 00000000 00:00 0 
88e00000-d6900000 ---p 00000000 00:00 0 
d6900000-d9300000 rw-p 00000000 00:00 0 
d9300000-100000000 ---p 00000000 00:00 0 
100000000-100080000 rw-p 00000000 00:00 0 
100080000-140000000 ---p 00000000 00:00 0 
7fdf6c000000-7fdf6c021000 rw-p 00000000 00:00 0 
7fdf6c021000-7fdf70000000 ---p 00000000 00:00 0 
7fdf74000000-7fdf74036000 rw-p 00000000 00:00 0 
7fdf74036000-7fdf78000000 ---p 00000000 00:00 0 
7fdf78000000-7fdf78021000 rw-p 00000000 00:00 0 
7fdf78021000-7fdf7c000000 ---p 00000000 00:00 0 
7fdf7c000000-7fdf7c056000 rw-p 00000000 00:00 0 
7fdf7c056000-7fdf80000000 ---p 00000000 00:00 0 
7fdf84000000-7fdf84021000 rw-p 00000000 00:00 0 
7fdf84021000-7fdf88000000 ---p 00000000 00:00 0 
7fdf88000000-7fdf88032000 rw-p 00000000 00:00 0 
7fdf88032000-7fdf8c000000 ---p 00000000 00:00 0 
7fdf8c000000-7fdf8c021000 rw-p 00000000 00:00 0 
7fdf8c021000-7fdf90000000 ---p 00000000 00:00 0 
7fdf90000000-7fdf90021000 rw-p 00000000 00:00 0 
7fdf90021000-7fdf94000000 ---p 00000000 00:00 0 
7fdf94000000-7fdf94021000 rw-p 00000000 00:00 0 
7fdf94021000-7fdf98000000 ---p 00000000 00:00 0 
7fdf98000000-7fdf98021000 rw-p 00000000 00:00 0 
7fdf98021000-7fdf9c000000 ---p 00000000 00:00 0 
7fdf9c000000-7fdf9c021000 rw-p 00000000 00:00 0 
7fdf9c021000-7fdfa0000000 ---p 00000000 00:00 0 
7fdfa4000000-7fdfa4021000 rw-p 00000000 00:00 0 
7fdfa4021000-7fdfa8000000 ---p 00000000 00:00 0 
7fdfa9fce000-7fdfaa256000 rw-p 00000000 00:00 0 
7fdfaa256000-7fdfaa258000 r-xp 00000000 08:01 1192527                    /home/antchil/Documents/module-2.2/hash_table_JNI/libhash_table.so
7fdfaa258000-7fdfaa457000 ---p 00002000 08:01 1192527                    /home/antchil/Documents/module-2.2/hash_table_JNI/libhash_table.so
7fdfaa457000-7fdfaa458000 r--p 00001000 08:01 1192527                    /home/antchil/Documents/module-2.2/hash_table_JNI/libhash_table.so
7fdfaa458000-7fdfaa459000 rw-p 00002000 08:01 1192527                    /home/antchil/Documents/module-2.2/hash_table_JNI/libhash_table.so
7fdfaa459000-7fdfaa4ef000 r--s 0110a000 08:01 2491209                    /usr/lib/jvm/java-8-oracle/jre/lib/ext/jfxrt.jar
7fdfaa4ef000-7fdfaa4f0000 ---p 00000000 00:00 0 
7fdfaa4f0000-7fdfaa5f0000 rw-p 00000000 00:00 0 
7fdfaa5f0000-7fdfaa5f3000 ---p 00000000 00:00 0 
7fdfaa5f3000-7fdfaa6f1000 rw-p 00000000 00:00 0 
7fdfaa6f1000-7fdfaa6f4000 ---p 00000000 00:00 0 
7fdfaa6f4000-7fdfaa7f2000 rw-p 00000000 00:00 0 
7fdfaa7f2000-7fdfaa7f5000 ---p 00000000 00:00 0 
7fdfaa7f5000-7fdfaa8f3000 rw-p 00000000 00:00 0 
7fdfaa8f3000-7fdfaa8f6000 ---p 00000000 00:00 0 
7fdfaa8f6000-7fdfaa9f4000 rw-p 00000000 00:00 0 
7fdfaa9f4000-7fdfaa9f7000 ---p 00000000 00:00 0 
7fdfaa9f7000-7fdfaaaf5000 rw-p 00000000 00:00 0 
7fdfaaaf5000-7fdfaadcd000 r--p 00000000 08:01 2360788                    /usr/lib/locale/locale-archive
7fdfaadcd000-7fdfaadd0000 ---p 00000000 00:00 0 
7fdfaadd0000-7fdfaaece000 rw-p 00000000 00:00 0 
7fdfaaece000-7fdfaaed1000 ---p 00000000 00:00 0 
7fdfaaed1000-7fdfaafcf000 rw-p 00000000 00:00 0 
7fdfaafcf000-7fdfaafd0000 ---p 00000000 00:00 0 
7fdfaafd0000-7fdfac000000 rw-p 00000000 00:00 0 
7fdfac000000-7fdfac021000 rw-p 00000000 00:00 0 
7fdfac021000-7fdfb0000000 ---p 00000000 00:00 0 
7fdfb000a000-7fdfb009b000 rw-p 00000000 00:00 0 
7fdfb009b000-7fdfb0274000 r--s 03d64000 08:01 2491062                    /usr/lib/jvm/java-8-oracle/jre/lib/rt.jar
7fdfb0274000-7fdfb072a000 rw-p 00000000 00:00 0 
7fdfb072a000-7fdfb0aea000 ---p 00000000 00:00 0 
7fdfb0aea000-7fdfb4cfd000 rw-p 00000000 00:00 0 
7fdfb4cfd000-7fdfb4cfe000 ---p 00000000 00:00 0 
7fdfb4cfe000-7fdfb4dfe000 rw-p 00000000 00:00 0 
7fdfb4dfe000-7fdfb4dff000 ---p 00000000 00:00 0 
7fdfb4dff000-7fdfb4eff000 rw-p 00000000 00:00 0 
7fdfb4eff000-7fdfb4f00000 ---p 00000000 00:00 0 
7fdfb4f00000-7fdfb5000000 rw-p 00000000 00:00 0 
7fdfb5000000-7fdfb5270000 rwxp 00000000 00:00 0 
7fdfb5270000-7fdfc4000000 ---p 00000000 00:00 0 
7fdfc4000000-7fdfc4144000 rw-p 00000000 00:00 0 
7fdfc4144000-7fdfc8000000 ---p 00000000 00:00 0 
7fdfc800d000-7fdfc802e000 rw-p 00000000 00:00 0 
7fdfc802e000-7fdfc802f000 ---p 00000000 00:00 0 
7fdfc802f000-7fdfc8159000 rw-p 00000000 00:00 0 
7fdfc8159000-7fdfc83c7000 ---p 00000000 00:00 0 
7fdfc83c7000-7fdfc83f1000 rw-p 00000000 00:00 0 
7fdfc83f1000-7fdfc865e000 ---p 00000000 00:00 0 
7fdfc865e000-7fdfc8674000 rw-p 00000000 00:00 0 
7fdfc8674000-7fdfc87aa000 ---p 00000000 00:00 0 
7fdfc87aa000-7fdfc87b5000 rw-p 00000000 00:00 0 
7fdfc87b5000-7fdfc8b6b000 ---p 00000000 00:00 0 
7fdfc8b6b000-7fdfc8b86000 r-xp 00000000 08:01 2491134                    /usr/lib/jvm/java-8-oracle/jre/lib/amd64/libzip.so
7fdfc8b86000-7fdfc8d86000 ---p 0001b000 08:01 2491134                    /usr/lib/jvm/java-8-oracle/jre/lib/amd64/libzip.so
7fdfc8d86000-7fdfc8d87000 rw-p 0001b000 08:01 2491134                    /usr/lib/jvm/java-8-oracle/jre/lib/amd64/libzip.so
7fdfc8d87000-7fdfc8d92000 r-xp 00000000 08:01 1451889                    /lib/x86_64-linux-gnu/libnss_files-2.23.so
7fdfc8d92000-7fdfc8f91000 ---p 0000b000 08:01 1451889                    /lib/x86_64-linux-gnu/libnss_files-2.23.so
7fdfc8f91000-7fdfc8f92000 r--p 0000a000 08:01 1451889                    /lib/x86_64-linux-gnu/libnss_files-2.23.so
7fdfc8f92000-7fdfc8f93000 rw-p 0000b000 08:01 1451889                    /lib/x86_64-linux-gnu/libnss_files-2.23.so
7fdfc8f93000-7fdfc8f99000 rw-p 00000000 00:00 0 
7fdfc8f99000-7fdfc8fa4000 r-xp 00000000 08:01 1451898                    /lib/x86_64-linux-gnu/libnss_nis-2.23.so
7fdfc8fa4000-7fdfc91a3000 ---p 0000b000 08:01 1451898                    /lib/x86_64-linux-gnu/libnss_nis-2.23.so
7fdfc91a3000-7fdfc91a4000 r--p 0000a000 08:01 1451898                    /lib/x86_64-linux-gnu/libnss_nis-2.23.so
7fdfc91a4000-7fdfc91a5000 rw-p 0000b000 08:01 1451898                    /lib/x86_64-linux-gnu/libnss_nis-2.23.so
7fdfc91a5000-7fdfc91bb000 r-xp 00000000 08:01 1451823                    /lib/x86_64-linux-gnu/libnsl-2.23.so
7fdfc91bb000-7fdfc93ba000 ---p 00016000 08:01 1451823                    /lib/x86_64-linux-gnu/libnsl-2.23.so
7fdfc93ba000-7fdfc93bb000 r--p 00015000 08:01 1451823                    /lib/x86_64-linux-gnu/libnsl-2.23.so
7fdfc93bb000-7fdfc93bc000 rw-p 00016000 08:01 1451823                    /lib/x86_64-linux-gnu/libnsl-2.23.so
7fdfc93bc000-7fdfc93be000 rw-p 00000000 00:00 0 
7fdfc93be000-7fdfc93c6000 r-xp 00000000 08:01 1451872                    /lib/x86_64-linux-gnu/libnss_compat-2.23.so
7fdfc93c6000-7fdfc95c5000 ---p 00008000 08:01 1451872                    /lib/x86_64-linux-gnu/libnss_compat-2.23.so
7fdfc95c5000-7fdfc95c6000 r--p 00007000 08:01 1451872                    /lib/x86_64-linux-gnu/libnss_compat-2.23.so
7fdfc95c6000-7fdfc95c7000 rw-p 00008000 08:01 1451872                    /lib/x86_64-linux-gnu/libnss_compat-2.23.so
7fdfc95c7000-7fdfc95f2000 r-xp 00000000 08:01 2491128                    /usr/lib/jvm/java-8-oracle/jre/lib/amd64/libjava.so
7fdfc95f2000-7fdfc97f1000 ---p 0002b000 08:01 2491128                    /usr/lib/jvm/java-8-oracle/jre/lib/amd64/libjava.so
7fdfc97f1000-7fdfc97f3000 rw-p 0002a000 08:01 2491128                    /usr/lib/jvm/java-8-oracle/jre/lib/amd64/libjava.so
7fdfc97f3000-7fdfc9800000 r-xp 00000000 08:01 2491133                    /usr/lib/jvm/java-8-oracle/jre/lib/amd64/libverify.so
7fdfc9800000-7fdfc9a00000 ---p 0000d000 08:01 2491133                    /usr/lib/jvm/java-8-oracle/jre/lib/amd64/libverify.so
7fdfc9a00000-7fdfc9a02000 rw-p 0000d000 08:01 2491133                    /usr/lib/jvm/java-8-oracle/jre/lib/amd64/libverify.so
7fdfc9a02000-7fdfc9a09000 r-xp 00000000 08:01 1451899                    /lib/x86_64-linux-gnu/librt-2.23.so
7fdfc9a09000-7fdfc9c08000 ---p 00007000 08:01 1451899                    /lib/x86_64-linux-gnu/librt-2.23.so
7fdfc9c08000-7fdfc9c09000 r--p 00006000 08:01 1451899                    /lib/x86_64-linux-gnu/librt-2.23.so
7fdfc9c09000-7fdfc9c0a000 rw-p 00007000 08:01 1451899                    /lib/x86_64-linux-gnu/librt-2.23.so
7fdfc9c0a000-7fdfc9d12000 r-xp 00000000 08:01 1451812                    /lib/x86_64-linux-gnu/libm-2.23.so
7fdfc9d12000-7fdfc9f11000 ---p 00108000 08:01 1451812                    /lib/x86_64-linux-gnu/libm-2.23.so
7fdfc9f11000-7fdfc9f12000 r--p 00107000 08:01 1451812                    /lib/x86_64-linux-gnu/libm-2.23.so
7fdfc9f12000-7fdfc9f13000 rw-p 00108000 08:01 1451812                    /lib/x86_64-linux-gnu/libm-2.23.so
7fdfc9f13000-7fdfcabec000 r-xp 00000000 08:01 2491156                    /usr/lib/jvm/java-8-oracle/jre/lib/amd64/server/libjvm.so
7fdfcabec000-7fdfcadeb000 ---p 00cd9000 08:01 2491156                    /usr/lib/jvm/java-8-oracle/jre/lib/amd64/server/libjvm.so
7fdfcadeb000-7fdfcaec4000 rw-p 00cd8000 08:01 2491156                    /usr/lib/jvm/java-8-oracle/jre/lib/amd64/server/libjvm.so
7fdfcaec4000-7fdfcaf10000 rw-p 00000000 00:00 0 
7fdfcaf10000-7fdfcb0d0000 r-xp 00000000 08:01 1451840                    /lib/x86_64-linux-gnu/libc-2.23.so
7fdfcb0d0000-7fdfcb2d0000 ---p 001c0000 08:01 1451840                    /lib/x86_64-linux-gnu/libc-2.23.so
7fdfcb2d0000-7fdfcb2d4000 r--p 001c0000 08:01 1451840                    /lib/x86_64-linux-gnu/libc-2.23.so
7fdfcb2d4000-7fdfcb2d6000 rw-p 001c4000 08:01 1451840                    /lib/x86_64-linux-gnu/libc-2.23.so
7fdfcb2d6000-7fdfcb2da000 rw-p 00000000 00:00 0 
7fdfcb2da000-7fdfcb2dd000 r-xp 00000000 08:01 1451842                    /lib/x86_64-linux-gnu/libdl-2.23.so
7fdfcb2dd000-7fdfcb4dc000 ---p 00003000 08:01 1451842                    /lib/x86_64-linux-gnu/libdl-2.23.so
7fdfcb4dc000-7fdfcb4dd000 r--p 00002000 08:01 1451842                    /lib/x86_64-linux-gnu/libdl-2.23.so
7fdfcb4dd000-7fdfcb4de000 rw-p 00003000 08:01 1451842                    /lib/x86_64-linux-gnu/libdl-2.23.so
7fdfcb4de000-7fdfcb4f4000 r-xp 00000000 08:01 2491152                    /usr/lib/jvm/java-8-oracle/jre/lib/amd64/jli/libjli.so
7fdfcb4f4000-7fdfcb6f3000 ---p 00016000 08:01 2491152                    /usr/lib/jvm/java-8-oracle/jre/lib/amd64/jli/libjli.so
7fdfcb6f3000-7fdfcb6f4000 rw-p 00015000 08:01 2491152                    /usr/lib/jvm/java-8-oracle/jre/lib/amd64/jli/libjli.so
7fdfcb6f4000-7fdfcb70c000 r-xp 00000000 08:01 1451839                    /lib/x86_64-linux-gnu/libpthread-2.23.so
7fdfcb70c000-7fdfcb90b000 ---p 00018000 08:01 1451839                    /lib/x86_64-linux-gnu/libpthread-2.23.so
7fdfcb90b000-7fdfcb90c000 r--p 00017000 08:01 1451839                    /lib/x86_64-linux-gnu/libpthread-2.23.so
7fdfcb90c000-7fdfcb90d000 rw-p 00018000 08:01 1451839                    /lib/x86_64-linux-gnu/libpthread-2.23.so
7fdfcb90d000-7fdfcb911000 rw-p 00000000 00:00 0 
7fdfcb911000-7fdfcb937000 r-xp 00000000 08:01 1451838                    /lib/x86_64-linux-gnu/ld-2.23.so
7fdfcb94e000-7fdfcba19000 rw-p 00000000 00:00 0 
7fdfcba19000-7fdfcba1c000 ---p 00000000 00:00 0 
7fdfcba1c000-7fdfcbb1f000 rw-p 00000000 00:00 0 
7fdfcbb2c000-7fdfcbb34000 rw-s 00000000 08:01 2228286                    /tmp/hsperfdata_antchil/13225
7fdfcbb34000-7fdfcbb35000 rw-p 00000000 00:00 0 
7fdfcbb35000-7fdfcbb36000 r--p 00000000 00:00 0 
7fdfcbb36000-7fdfcbb37000 r--p 00025000 08:01 1451838                    /lib/x86_64-linux-gnu/ld-2.23.so
7fdfcbb37000-7fdfcbb38000 rw-p 00026000 08:01 1451838                    /lib/x86_64-linux-gnu/ld-2.23.so
7fdfcbb38000-7fdfcbb39000 rw-p 00000000 00:00 0 
7ffd0e0e5000-7ffd0e107000 rw-p 00000000 00:00 0                          [stack]
7ffd0e1a7000-7ffd0e1aa000 r--p 00000000 00:00 0                          [vvar]
7ffd0e1aa000-7ffd0e1ac000 r-xp 00000000 00:00 0                          [vdso]
ffffffffff600000-ffffffffff601000 r-xp 00000000 00:00 0                  [vsyscall]

VM Arguments:
jvm_args: -Djava.library.path=. 
java_command: HashTable
java_class_path (initial): .
Launcher Type: SUN_STANDARD

Environment Variables:
JAVA_HOME=/usr/lib/jvm/java-8-oracle
JRE_HOME=/usr/lib/jvm/java-8-oracle/jre
PATH=/home/antchil/bin:/home/antchil/.local/bin:/home/antchil/bin:/home/antchil/.local/bin:/usr/local/sbin:/usr/local/bin:/usr/sbin:/usr/bin:/sbin:/bin:/usr/games:/usr/local/games:/snap/bin:/usr/lib/jvm/java-8-oracle/bin:/usr/lib/jvm/java-8-oracle/db/bin:/usr/lib/jvm/java-8-oracle/jre/bin:/snap/bin:/usr/lib/jvm/java-8-oracle/bin:/usr/lib/jvm/java-8-oracle/db/bin:/usr/lib/jvm/java-8-oracle/jre/bin:/home/antchil/Documents/linux-master/script:/home/antchil/Documents/linux-master/script
SHELL=/bin/bash
DISPLAY=:0

Signal Handlers:
SIGSEGV: [libjvm.so+0xad01e0], sa_mask[0]=11111111011111111101111111111110, sa_flags=SA_RESTART|SA_SIGINFO
SIGBUS: [libjvm.so+0xad01e0], sa_mask[0]=11111111011111111101111111111110, sa_flags=SA_RESTART|SA_SIGINFO
SIGFPE: [libjvm.so+0x927fb0], sa_mask[0]=11111111011111111101111111111110, sa_flags=SA_RESTART|SA_SIGINFO
SIGPIPE: [libjvm.so+0x927fb0], sa_mask[0]=11111111011111111101111111111110, sa_flags=SA_RESTART|SA_SIGINFO
SIGXFSZ: [libjvm.so+0x927fb0], sa_mask[0]=11111111011111111101111111111110, sa_flags=SA_RESTART|SA_SIGINFO
SIGILL: [libjvm.so+0x927fb0], sa_mask[0]=11111111011111111101111111111110, sa_flags=SA_RESTART|SA_SIGINFO
SIGUSR1: SIG_DFL, sa_mask[0]=00000000000000000000000000000000, sa_flags=none
SIGUSR2: [libjvm.so+0x9297f0], sa_mask[0]=00000000000000000000000000000000, sa_flags=SA_RESTART|SA_SIGINFO
SIGHUP: [libjvm.so+0x92abf0], sa_mask[0]=11111111011111111101111111111110, sa_flags=SA_RESTART|SA_SIGINFO
SIGINT: [libjvm.so+0x92abf0], sa_mask[0]=11111111011111111101111111111110, sa_flags=SA_RESTART|SA_SIGINFO
SIGTERM: [libjvm.so+0x92abf0], sa_mask[0]=11111111011111111101111111111110, sa_flags=SA_RESTART|SA_SIGINFO
SIGQUIT: [libjvm.so+0x92abf0], sa_mask[0]=11111111011111111101111111111110, sa_flags=SA_RESTART|SA_SIGINFO


---------------  S Y S T E M  ---------------

OS:DISTRIB_ID=Ubuntu
DISTRIB_RELEASE=16.04
DISTRIB_CODENAME=xenial
DISTRIB_DESCRIPTION="Ubuntu 16.04.2 LTS"

uname:Linux 4.13.0-32-generic #35~16.04.1-Ubuntu SMP Thu Jan 25 10:13:43 UTC 2018 x86_64
libc:glibc 2.23 NPTL 2.23 
rlimit: STACK 8192k, CORE 0k, NPROC 31612, NOFILE 1048576, AS infinity
load average:0.78 0.76 0.87

/proc/meminfo:
MemTotal:        8145220 kB
MemFree:          318844 kB
MemAvailable:    1726340 kB
Buffers:           80796 kB
Cached:          1571620 kB
SwapCached:         2128 kB
Active:          3164964 kB
Inactive:        1328020 kB
Active(anon):    2248384 kB
Inactive(anon):   662132 kB
Active(file):     916580 kB
Inactive(file):   665888 kB
Unevictable:          32 kB
Mlocked:              32 kB
SwapTotal:       1045500 kB
SwapFree:        1024252 kB
Dirty:               296 kB
Writeback:             4 kB
AnonPages:       2838844 kB
Mapped:           294236 kB
Shmem:             69948 kB
Slab:             161444 kB
SReclaimable:      92636 kB
SUnreclaim:        68808 kB
KernelStack:       14624 kB
PageTables:        44044 kB
NFS_Unstable:          0 kB
Bounce:                0 kB
WritebackTmp:          0 kB
CommitLimit:     5118108 kB
Committed_AS:    7982952 kB
VmallocTotal:   34359738367 kB
VmallocUsed:           0 kB
VmallocChunk:          0 kB
HardwareCorrupted:     0 kB
AnonHugePages:         0 kB
ShmemHugePages:        0 kB
ShmemPmdMapped:        0 kB
CmaTotal:              0 kB
CmaFree:               0 kB
HugePages_Total:       0
HugePages_Free:        0
HugePages_Rsvd:        0
HugePages_Surp:        0
Hugepagesize:       2048 kB
DirectMap4k:       87872 kB
DirectMap2M:     6203392 kB
DirectMap1G:     4194304 kB


CPU:total 4 (initial active 4) (1 cores per cpu, 1 threads per core) family 6 model 158 stepping 9, cmov, cx8, fxsr, mmx, sse, sse2, sse3, ssse3, sse4.1, sse4.2, popcnt, aes, clmul, erms, 3dnowpref, lzcnt, tsc, tscinvbit

/proc/cpuinfo:
processor	: 0
vendor_id	: GenuineIntel
cpu family	: 6
model		: 158
model name	: Intel(R) Pentium(R) CPU G4600 @ 3.60GHz
stepping	: 9
microcode	: 0x5e
cpu MHz		: 3600.007
cache size	: 3072 KB
physical id	: 0
siblings	: 1
core id		: 0
cpu cores	: 1
apicid		: 0
initial apicid	: 0
fpu		: yes
fpu_exception	: yes
cpuid level	: 22
wp		: yes
flags		: fpu vme de pse tsc msr pae mce cx8 apic sep mtrr pge mca cmov pat pse36 clflush mmx fxsr sse sse2 ss syscall nx pdpe1gb rdtscp lm constant_tsc arch_perfmon nopl xtopology tsc_reliable nonstop_tsc cpuid pni pclmulqdq ssse3 cx16 pcid sse4_1 sse4_2 x2apic movbe popcnt tsc_deadline_timer aes xsave rdrand hypervisor lahf_lm abm 3dnowprefetch cpuid_fault invpcid_single pti fsgsbase tsc_adjust smep invpcid mpx rdseed smap clflushopt xsaveopt xsavec xsaves arat
bugs		: cpu_meltdown spectre_v1 spectre_v2
bogomips	: 7200.01
clflush size	: 64
cache_alignment	: 64
address sizes	: 43 bits physical, 48 bits virtual
power management:

processor	: 1
vendor_id	: GenuineIntel
cpu family	: 6
model		: 158
model name	: Intel(R) Pentium(R) CPU G4600 @ 3.60GHz
stepping	: 9
microcode	: 0x5e
cpu MHz		: 3600.007
cache size	: 3072 KB
physical id	: 2
siblings	: 1
core id		: 0
cpu cores	: 1
apicid		: 2
initial apicid	: 2
fpu		: yes
fpu_exception	: yes
cpuid level	: 22
wp		: yes
flags		: fpu vme de pse tsc msr pae mce cx8 apic sep mtrr pge mca cmov pat pse36 clflush mmx fxsr sse sse2 ss syscall nx pdpe1gb rdtscp lm constant_tsc arch_perfmon nopl xtopology tsc_reliable nonstop_tsc cpuid pni pclmulqdq ssse3 cx16 pcid sse4_1 sse4_2 x2apic movbe popcnt tsc_deadline_timer aes xsave rdrand hypervisor lahf_lm abm 3dnowprefetch cpuid_fault invpcid_single pti fsgsbase tsc_adjust smep invpcid mpx rdseed smap clflushopt xsaveopt xsavec xsaves arat
bugs		: cpu_meltdown spectre_v1 spectre_v2
bogomips	: 7200.01
clflush size	: 64
cache_alignment	: 64
address sizes	: 43 bits physical, 48 bits virtual
power management:

processor	: 2
vendor_id	: GenuineIntel
cpu family	: 6
model		: 158
model name	: Intel(R) Pentium(R) CPU G4600 @ 3.60GHz
stepping	: 9
microcode	: 0x5e
cpu MHz		: 3600.007
cache size	: 3072 KB
physical id	: 4
siblings	: 1
core id		: 0
cpu cores	: 1
apicid		: 4
initial apicid	: 4
fpu		: yes
fpu_exception	: yes
cpuid level	: 22
wp		: yes
flags		: fpu vme de pse tsc msr pae mce cx8 apic sep mtrr pge mca cmov pat pse36 clflush mmx fxsr sse sse2 ss syscall nx pdpe1gb rdtscp lm constant_tsc arch_perfmon nopl xtopology tsc_reliable nonstop_tsc cpuid pni pclmulqdq ssse3 cx16 pcid sse4_1 sse4_2 x2apic movbe popcnt tsc_deadline_timer aes xsave rdrand hypervisor lahf_lm abm 3dnowprefetch cpuid_fault invpcid_single pti fsgsbase tsc_adjust smep invpcid mpx rdseed smap clflushopt xsaveopt xsavec xsaves arat
bugs		: cpu_meltdown spectre_v1 spectre_v2
bogomips	: 7200.01
clflush size	: 64
cache_alignment	: 64
address sizes	: 43 bits physical, 48 bits virtual
power management:

processor	: 3
vendor_id	: GenuineIntel
cpu family	: 6
model		: 158
model name	: Intel(R) Pentium(R) CPU G4600 @ 3.60GHz
stepping	: 9
microcode	: 0x5e
cpu MHz		: 3600.007
cache size	: 3072 KB
physical id	: 6
siblings	: 1
core id		: 0
cpu cores	: 1
apicid		: 6
initial apicid	: 6
fpu		: yes
fpu_exception	: yes
cpuid level	: 22
wp		: yes
flags		: fpu vme de pse tsc msr pae mce cx8 apic sep mtrr pge mca cmov pat pse36 clflush mmx fxsr sse sse2 ss syscall nx pdpe1gb rdtscp lm constant_tsc arch_perfmon nopl xtopology tsc_reliable nonstop_tsc cpuid pni pclmulqdq ssse3 cx16 pcid sse4_1 sse4_2 x2apic movbe popcnt tsc_deadline_timer aes xsave rdrand hypervisor lahf_lm abm 3dnowprefetch cpuid_fault invpcid_single pti fsgsbase tsc_adjust smep invpcid mpx rdseed smap clflushopt xsaveopt xsavec xsaves arat
bugs		: cpu_meltdown spectre_v1 spectre_v2
bogomips	: 7200.01
clflush size	: 64
cache_alignment	: 64
address sizes	: 43 bits physical, 48 bits virtual
power management:



Memory: 4k page, physical 8145220k(318844k free), swap 1045500k(1024252k free)

vm_info: Java HotSpot(TM) 64-Bit Server VM (25.161-b12) for linux-amd64 JRE (1.8.0_161-b12), built on Dec 19 2017 16:12:43 by "java_re" with gcc 4.3.0 20080428 (Red Hat 4.3.0-8)

time: Mon Feb 12 09:15:01 2018
elapsed time: 0 seconds (0d 0h 0m 0s)

