#
# A fatal error has been detected by the Java Runtime Environment:
#
#  SIGSEGV (0xb) at pc=0x00007fd7322784e7, pid=12008, tid=0x00007fd753bac700
#
# JRE version: Java(TM) SE Runtime Environment (8.0_161-b12) (build 1.8.0_161-b12)
# Java VM: Java HotSpot(TM) 64-Bit Server VM (25.161-b12 mixed mode linux-amd64 compressed oops)
# Problematic frame:
# C  [libhash_table.so+0x14e7]  Java_HashTable_ht_1search+0x5f
#
# Failed to write core dump. Core dumps have been disabled. To enable core dumping, try "ulimit -c unlimited" before starting Java again
#
# If you would like to submit a bug report, please visit:
#   http://bugreport.java.com/bugreport/crash.jsp
# The crash happened outside the Java Virtual Machine in native code.
# See problematic frame for where to report the bug.
#

---------------  T H R E A D  ---------------

Current thread (0x00007fd74c00a800):  JavaThread "main" [_thread_in_native, id=12009, stack(0x00007fd753aac000,0x00007fd753bad000)]

siginfo: si_signo: 11 (SIGSEGV), si_code: 1 (SEGV_MAPERR), si_addr: 0x0000000000000000

Registers:
RAX=0x0000000000000000, RBX=0x00007fd7386ea538, RCX=0x0000000000000005, RDX=0x0000000000000008
RSP=0x00007fd753bab830, RBP=0x00007fd753bab860, RSI=0x00000000401c0000, RDI=0x00007fd753bab834
R8 =0x0000000000000000, R9 =0x000000000000000d, R10=0x00000000ffffffff, R11=0x0000000000000000
R12=0x0000000000000000, R13=0x00007fd7386ea538, R14=0x00007fd753bab910, R15=0x00007fd74c00a800
RIP=0x00007fd7322784e7, EFLAGS=0x0000000000010246, CSGSFS=0x002b000000000033, ERR=0x0000000000000004
  TRAPNO=0x000000000000000e

Top of Stack: (sp=0x00007fd753bab830)
0x00007fd753bab830:   000000334c00a800 00007fd74c119620
0x00007fd753bab840:   00007fd753bab910 00007fd74c00a9f8
0x00007fd753bab850:   00007fd74c119620 00007fd753bab834
0x00007fd753bab860:   00007fd753bab8d8 00007fd73d018107
0x00007fd753bab870:   00007fd7386ea5d0 0000000000000000
0x00007fd753bab880:   00007fd753bab8d8 00007fd73d017e67
0x00007fd753bab890:   00007fd73d017e22 00007fd753bab898
0x00007fd753bab8a0:   0000000000000000 00007fd753bab910
0x00007fd753bab8b0:   00007fd7386ea888 0000000000000000
0x00007fd753bab8c0:   00007fd7386ea538 0000000000000000
0x00007fd753bab8d0:   00007fd753bab8f8 00007fd753bab958
0x00007fd753bab8e0:   00007fd73d007b60 0000000000000000
0x00007fd753bab8f0:   00007fd73d011d0a 0000000000000033
0x00007fd753bab900:   00007fd74c119620 00000000d6973318
0x00007fd753bab910:   00000000d6972d28 00007fd753bab918
0x00007fd753bab920:   00007fd7386ea768 00007fd753bab988
0x00007fd753bab930:   00007fd7386ea888 0000000000000000
0x00007fd753bab940:   00007fd7386ea798 00007fd753bab8f8
0x00007fd753bab950:   00007fd753bab988 00007fd753bab9f0
0x00007fd753bab960:   00007fd73d0007a7 0000000000000000
0x00007fd753bab970:   00007fd74c119620 0000000000000000
0x00007fd753bab980:   00000000d6972d28 00000000d6972d18
0x00007fd753bab990:   0000000000001fa0 0000000000000000
0x00007fd753bab9a0:   00007fd74c00a800 00007fd753baba70
0x00007fd753bab9b0:   00007fd753babc30 00007fd753baba30
0x00007fd753bab9c0:   00007fd753baba30 00007fd753babd78
0x00007fd753bab9d0:   00007fd70000000a 00007fd7386ea798
0x00007fd753bab9e0:   00007fd73d013600 00007fd753babbb8
0x00007fd753bab9f0:   00007fd753babb60 00007fd75263bae6
0x00007fd753baba00:   00007fd700000001 00007fd74c00a800
0x00007fd753baba10:   00007fd753babbb0 00007fd753babd70
0x00007fd753baba20:   00007fd73d013600 000000000000000a 

Instructions: (pc=0x00007fd7322784e7)
0x00007fd7322784c7:   e8 14 f6 ff ff 48 8d 45 d4 48 89 45 f8 48 8b 55
0x00007fd7322784d7:   f8 48 8b 45 f0 48 89 d6 48 89 c7 e8 19 f6 ff ff
0x00007fd7322784e7:   0f b6 00 48 0f be c0 48 85 c0 75 07 b8 00 00 00
0x00007fd7322784f7:   00 eb 18 48 8b 55 f8 48 8b 45 f0 48 89 d6 48 89 

Register to memory mapping:

RAX=0x0000000000000000 is an unknown value
RBX={method} {0x00007fd7386ea538} 'ht_search' '(JC)C' in 'HashTable'
RCX=0x0000000000000005 is an unknown value
RDX=0x0000000000000008 is an unknown value
RSP=0x00007fd753bab830 is pointing into the stack for thread: 0x00007fd74c00a800
RBP=0x00007fd753bab860 is pointing into the stack for thread: 0x00007fd74c00a800
RSI=0x00000000401c0000 is an unknown value
RDI=0x00007fd753bab834 is pointing into the stack for thread: 0x00007fd74c00a800
R8 =0x0000000000000000 is an unknown value
R9 =0x000000000000000d is an unknown value
R10=0x00000000ffffffff is an unallocated location in the heap
R11=0x0000000000000000 is an unknown value
R12=0x0000000000000000 is an unknown value
R13={method} {0x00007fd7386ea538} 'ht_search' '(JC)C' in 'HashTable'
R14=0x00007fd753bab910 is pointing into the stack for thread: 0x00007fd74c00a800
R15=0x00007fd74c00a800 is a thread


Stack: [0x00007fd753aac000,0x00007fd753bad000],  sp=0x00007fd753bab830,  free space=1022k
Native frames: (J=compiled Java code, j=interpreted, Vv=VM code, C=native code)
C  [libhash_table.so+0x14e7]  Java_HashTable_ht_1search+0x5f
j  HashTable.ht_search(JC)C+0
j  HashTable.main([Ljava/lang/String;)V+104
v  ~StubRoutines::call_stub
V  [libjvm.so+0x695ae6]  JavaCalls::call_helper(JavaValue*, methodHandle*, JavaCallArguments*, Thread*)+0x1056
V  [libjvm.so+0x6d7072]  jni_invoke_static(JNIEnv_*, JavaValue*, _jobject*, JNICallType, _jmethodID*, JNI_ArgumentPusher*, Thread*)+0x362
V  [libjvm.so+0x6f38da]  jni_CallStaticVoidMethod+0x17a
C  [libjli.so+0x80ff]  JavaMain+0x81f
C  [libpthread.so.0+0x76ba]  start_thread+0xca

Java frames: (J=compiled Java code, j=interpreted, Vv=VM code)
j  HashTable.ht_search(JC)C+0
j  HashTable.main([Ljava/lang/String;)V+104
v  ~StubRoutines::call_stub

---------------  P R O C E S S  ---------------

Java Threads: ( => current thread )
  0x00007fd74c0d3000 JavaThread "Service Thread" daemon [_thread_blocked, id=12021, stack(0x00007fd732611000,0x00007fd732712000)]
  0x00007fd74c0be000 JavaThread "C1 CompilerThread2" daemon [_thread_blocked, id=12020, stack(0x00007fd732712000,0x00007fd732813000)]
  0x00007fd74c0bc000 JavaThread "C2 CompilerThread1" daemon [_thread_blocked, id=12019, stack(0x00007fd732813000,0x00007fd732914000)]
  0x00007fd74c0b9000 JavaThread "C2 CompilerThread0" daemon [_thread_blocked, id=12018, stack(0x00007fd732914000,0x00007fd732a15000)]
  0x00007fd74c0b7800 JavaThread "Signal Dispatcher" daemon [_thread_blocked, id=12017, stack(0x00007fd732a15000,0x00007fd732b16000)]
  0x00007fd74c084800 JavaThread "Finalizer" daemon [_thread_blocked, id=12016, stack(0x00007fd732dee000,0x00007fd732eef000)]
  0x00007fd74c080000 JavaThread "Reference Handler" daemon [_thread_blocked, id=12015, stack(0x00007fd732eef000,0x00007fd732ff0000)]
=>0x00007fd74c00a800 JavaThread "main" [_thread_in_native, id=12009, stack(0x00007fd753aac000,0x00007fd753bad000)]

Other Threads:
  0x00007fd74c078000 VMThread [stack: 0x00007fd732ff0000,0x00007fd7330f1000] [id=12014]
  0x00007fd74c0d8000 WatcherThread [stack: 0x00007fd732510000,0x00007fd732611000] [id=12022]

VM state:not at safepoint (normal execution)

VM Mutex/Monitor currently owned by a thread: None

Heap:
 PSYoungGen      total 37888K, used 1310K [0x00000000d6900000, 0x00000000d9300000, 0x0000000100000000)
  eden space 32768K, 4% used [0x00000000d6900000,0x00000000d6a47b08,0x00000000d8900000)
  from space 5120K, 0% used [0x00000000d8e00000,0x00000000d8e00000,0x00000000d9300000)
  to   space 5120K, 0% used [0x00000000d8900000,0x00000000d8900000,0x00000000d8e00000)
 ParOldGen       total 86016K, used 0K [0x0000000083a00000, 0x0000000088e00000, 0x00000000d6900000)
  object space 86016K, 0% used [0x0000000083a00000,0x0000000083a00000,0x0000000088e00000)
 Metaspace       used 2620K, capacity 4486K, committed 4864K, reserved 1056768K
  class space    used 283K, capacity 386K, committed 512K, reserved 1048576K

Card table byte_map: [0x00007fd75045a000,0x00007fd75083e000] byte_map_base: 0x00007fd75003d000

Marking Bits: (ParMarkBitMap*) 0x00007fd752f75920
 Begin Bits: [0x00007fd738ecd000, 0x00007fd73ade5000)
 End Bits:   [0x00007fd73ade5000, 0x00007fd73ccfd000)

Polling page: 0x00007fd753bc8000

CodeCache: size=245760Kb used=1108Kb max_used=1111Kb free=244651Kb
 bounds [0x00007fd73d000000, 0x00007fd73d270000, 0x00007fd74c000000]
 total_blobs=251 nmethods=22 adapters=144
 compilation: enabled

Compilation events (10 events):
Event: 0.072 Thread 0x00007fd74c0be000 nmethod 19 0x00007fd73d111d90 code [0x00007fd73d111f60, 0x00007fd73d1128e8]
Event: 0.072 Thread 0x00007fd74c0be000   20       3       sun.misc.JarIndex::addToList (59 bytes)
Event: 0.073 Thread 0x00007fd74c0b9000 nmethod 15 0x00007fd73d115a10 code [0x00007fd73d115b60, 0x00007fd73d115db8]
Event: 0.073 Thread 0x00007fd74c0be000 nmethod 20 0x00007fd73d114550 code [0x00007fd73d114780, 0x00007fd73d1152b8]
Event: 0.073 Thread 0x00007fd74c0be000   21       3       java.util.LinkedList::add (7 bytes)
Event: 0.073 Thread 0x00007fd74c0be000 nmethod 21 0x00007fd73d114190 code [0x00007fd73d114300, 0x00007fd73d1144a8]
Event: 0.073 Thread 0x00007fd74c0be000   16       3       java.util.HashMap::get (23 bytes)
Event: 0.073 Thread 0x00007fd74c0be000 nmethod 16 0x00007fd73d113a90 code [0x00007fd73d113c20, 0x00007fd73d114018]
Event: 0.073 Thread 0x00007fd74c0be000   22       1       java.lang.ThreadLocal::access$400 (5 bytes)
Event: 0.073 Thread 0x00007fd74c0be000 nmethod 22 0x00007fd73d1137d0 code [0x00007fd73d113920, 0x00007fd73d113a10]

GC Heap History (0 events):
No events

Deoptimization events (0 events):
No events

Classes redefined (0 events):
No events

Internal exceptions (2 events):
Event: 0.031 Thread 0x00007fd74c00a800 Exception <a 'java/lang/NoSuchMethodError': Method sun.misc.Unsafe.defineClass(Ljava/lang/String;[BII)Ljava/lang/Class; name or signature does not match> (0x00000000d6907ca0) thrown at [/HUDSON/workspace/8-2-build-linux-amd64/jdk8u161/10277/hotspot/src/sh
Event: 0.031 Thread 0x00007fd74c00a800 Exception <a 'java/lang/NoSuchMethodError': Method sun.misc.Unsafe.prefetchRead(Ljava/lang/Object;J)V name or signature does not match> (0x00000000d6907f88) thrown at [/HUDSON/workspace/8-2-build-linux-amd64/jdk8u161/10277/hotspot/src/share/vm/prims/jni.c

Events (10 events):
Event: 0.072 loading class java/security/BasicPermissionCollection
Event: 0.072 loading class java/security/BasicPermissionCollection done
Event: 0.072 loading class sun/launcher/LauncherHelper$FXHelper
Event: 0.072 loading class sun/launcher/LauncherHelper$FXHelper done
Event: 0.073 loading class java/lang/Class$MethodArray
Event: 0.073 loading class java/lang/Class$MethodArray done
Event: 0.073 loading class java/lang/Void
Event: 0.073 loading class java/lang/Void done
Event: 0.073 loading class java/lang/ClassLoaderHelper
Event: 0.073 loading class java/lang/ClassLoaderHelper done


Dynamic libraries:
00400000-00401000 r-xp 00000000 08:01 2490962                            /usr/lib/jvm/java-8-oracle/jre/bin/java
00600000-00601000 rw-p 00000000 08:01 2490962                            /usr/lib/jvm/java-8-oracle/jre/bin/java
025d9000-025fa000 rw-p 00000000 00:00 0                                  [heap]
83a00000-88e00000 rw-p 00000000 00:00 0 
88e00000-d6900000 ---p 00000000 00:00 0 
d6900000-d9300000 rw-p 00000000 00:00 0 
d9300000-100000000 ---p 00000000 00:00 0 
100000000-100080000 rw-p 00000000 00:00 0 
100080000-140000000 ---p 00000000 00:00 0 
7fd6fc000000-7fd6fc021000 rw-p 00000000 00:00 0 
7fd6fc021000-7fd700000000 ---p 00000000 00:00 0 
7fd700000000-7fd700021000 rw-p 00000000 00:00 0 
7fd700021000-7fd704000000 ---p 00000000 00:00 0 
7fd704000000-7fd704021000 rw-p 00000000 00:00 0 
7fd704021000-7fd708000000 ---p 00000000 00:00 0 
7fd708000000-7fd70804e000 rw-p 00000000 00:00 0 
7fd70804e000-7fd70c000000 ---p 00000000 00:00 0 
7fd70c000000-7fd70c021000 rw-p 00000000 00:00 0 
7fd70c021000-7fd710000000 ---p 00000000 00:00 0 
7fd710000000-7fd7100ae000 rw-p 00000000 00:00 0 
7fd7100ae000-7fd714000000 ---p 00000000 00:00 0 
7fd714000000-7fd714021000 rw-p 00000000 00:00 0 
7fd714021000-7fd718000000 ---p 00000000 00:00 0 
7fd718000000-7fd718021000 rw-p 00000000 00:00 0 
7fd718021000-7fd71c000000 ---p 00000000 00:00 0 
7fd71c000000-7fd71c021000 rw-p 00000000 00:00 0 
7fd71c021000-7fd720000000 ---p 00000000 00:00 0 
7fd720000000-7fd720021000 rw-p 00000000 00:00 0 
7fd720021000-7fd724000000 ---p 00000000 00:00 0 
7fd724000000-7fd724021000 rw-p 00000000 00:00 0 
7fd724021000-7fd728000000 ---p 00000000 00:00 0 
7fd72c000000-7fd72c021000 rw-p 00000000 00:00 0 
7fd72c021000-7fd730000000 ---p 00000000 00:00 0 
7fd731fef000-7fd732277000 rw-p 00000000 00:00 0 
7fd732277000-7fd732279000 r-xp 00000000 08:01 1192527                    /home/antchil/Documents/module-2.2/hash_table_JNI/libhash_table.so
7fd732279000-7fd732478000 ---p 00002000 08:01 1192527                    /home/antchil/Documents/module-2.2/hash_table_JNI/libhash_table.so
7fd732478000-7fd732479000 r--p 00001000 08:01 1192527                    /home/antchil/Documents/module-2.2/hash_table_JNI/libhash_table.so
7fd732479000-7fd73247a000 rw-p 00002000 08:01 1192527                    /home/antchil/Documents/module-2.2/hash_table_JNI/libhash_table.so
7fd73247a000-7fd732510000 r--s 0110a000 08:01 2491209                    /usr/lib/jvm/java-8-oracle/jre/lib/ext/jfxrt.jar
7fd732510000-7fd732511000 ---p 00000000 00:00 0 
7fd732511000-7fd732611000 rw-p 00000000 00:00 0 
7fd732611000-7fd732614000 ---p 00000000 00:00 0 
7fd732614000-7fd732712000 rw-p 00000000 00:00 0 
7fd732712000-7fd732715000 ---p 00000000 00:00 0 
7fd732715000-7fd732813000 rw-p 00000000 00:00 0 
7fd732813000-7fd732816000 ---p 00000000 00:00 0 
7fd732816000-7fd732914000 rw-p 00000000 00:00 0 
7fd732914000-7fd732917000 ---p 00000000 00:00 0 
7fd732917000-7fd732a15000 rw-p 00000000 00:00 0 
7fd732a15000-7fd732a18000 ---p 00000000 00:00 0 
7fd732a18000-7fd732b16000 rw-p 00000000 00:00 0 
7fd732b16000-7fd732dee000 r--p 00000000 08:01 2360788                    /usr/lib/locale/locale-archive
7fd732dee000-7fd732df1000 ---p 00000000 00:00 0 
7fd732df1000-7fd732eef000 rw-p 00000000 00:00 0 
7fd732eef000-7fd732ef2000 ---p 00000000 00:00 0 
7fd732ef2000-7fd732ff0000 rw-p 00000000 00:00 0 
7fd732ff0000-7fd732ff1000 ---p 00000000 00:00 0 
7fd732ff1000-7fd734000000 rw-p 00000000 00:00 0 
7fd734000000-7fd734021000 rw-p 00000000 00:00 0 
7fd734021000-7fd738000000 ---p 00000000 00:00 0 
7fd738080000-7fd738111000 rw-p 00000000 00:00 0 
7fd738111000-7fd7382ea000 r--s 03d64000 08:01 2491062                    /usr/lib/jvm/java-8-oracle/jre/lib/rt.jar
7fd7382ea000-7fd73872a000 rw-p 00000000 00:00 0 
7fd73872a000-7fd738aea000 ---p 00000000 00:00 0 
7fd738aea000-7fd73ccfd000 rw-p 00000000 00:00 0 
7fd73ccfd000-7fd73ccfe000 ---p 00000000 00:00 0 
7fd73ccfe000-7fd73cdfe000 rw-p 00000000 00:00 0 
7fd73cdfe000-7fd73cdff000 ---p 00000000 00:00 0 
7fd73cdff000-7fd73ceff000 rw-p 00000000 00:00 0 
7fd73ceff000-7fd73cf00000 ---p 00000000 00:00 0 
7fd73cf00000-7fd73d000000 rw-p 00000000 00:00 0 
7fd73d000000-7fd73d270000 rwxp 00000000 00:00 0 
7fd73d270000-7fd74c000000 ---p 00000000 00:00 0 
7fd74c000000-7fd74c13c000 rw-p 00000000 00:00 0 
7fd74c13c000-7fd750000000 ---p 00000000 00:00 0 
7fd750009000-7fd7500c1000 rw-p 00000000 00:00 0 
7fd7500c1000-7fd7500c2000 ---p 00000000 00:00 0 
7fd7500c2000-7fd7501ec000 rw-p 00000000 00:00 0 
7fd7501ec000-7fd75045a000 ---p 00000000 00:00 0 
7fd75045a000-7fd750484000 rw-p 00000000 00:00 0 
7fd750484000-7fd7506f1000 ---p 00000000 00:00 0 
7fd7506f1000-7fd750707000 rw-p 00000000 00:00 0 
7fd750707000-7fd75083d000 ---p 00000000 00:00 0 
7fd75083d000-7fd750848000 rw-p 00000000 00:00 0 
7fd750848000-7fd750bfe000 ---p 00000000 00:00 0 
7fd750bfe000-7fd750c19000 r-xp 00000000 08:01 2491134                    /usr/lib/jvm/java-8-oracle/jre/lib/amd64/libzip.so
7fd750c19000-7fd750e19000 ---p 0001b000 08:01 2491134                    /usr/lib/jvm/java-8-oracle/jre/lib/amd64/libzip.so
7fd750e19000-7fd750e1a000 rw-p 0001b000 08:01 2491134                    /usr/lib/jvm/java-8-oracle/jre/lib/amd64/libzip.so
7fd750e1a000-7fd750e25000 r-xp 00000000 08:01 1451889                    /lib/x86_64-linux-gnu/libnss_files-2.23.so
7fd750e25000-7fd751024000 ---p 0000b000 08:01 1451889                    /lib/x86_64-linux-gnu/libnss_files-2.23.so
7fd751024000-7fd751025000 r--p 0000a000 08:01 1451889                    /lib/x86_64-linux-gnu/libnss_files-2.23.so
7fd751025000-7fd751026000 rw-p 0000b000 08:01 1451889                    /lib/x86_64-linux-gnu/libnss_files-2.23.so
7fd751026000-7fd75102c000 rw-p 00000000 00:00 0 
7fd75102c000-7fd751037000 r-xp 00000000 08:01 1451898                    /lib/x86_64-linux-gnu/libnss_nis-2.23.so
7fd751037000-7fd751236000 ---p 0000b000 08:01 1451898                    /lib/x86_64-linux-gnu/libnss_nis-2.23.so
7fd751236000-7fd751237000 r--p 0000a000 08:01 1451898                    /lib/x86_64-linux-gnu/libnss_nis-2.23.so
7fd751237000-7fd751238000 rw-p 0000b000 08:01 1451898                    /lib/x86_64-linux-gnu/libnss_nis-2.23.so
7fd751238000-7fd75124e000 r-xp 00000000 08:01 1451823                    /lib/x86_64-linux-gnu/libnsl-2.23.so
7fd75124e000-7fd75144d000 ---p 00016000 08:01 1451823                    /lib/x86_64-linux-gnu/libnsl-2.23.so
7fd75144d000-7fd75144e000 r--p 00015000 08:01 1451823                    /lib/x86_64-linux-gnu/libnsl-2.23.so
7fd75144e000-7fd75144f000 rw-p 00016000 08:01 1451823                    /lib/x86_64-linux-gnu/libnsl-2.23.so
7fd75144f000-7fd751451000 rw-p 00000000 00:00 0 
7fd751451000-7fd751459000 r-xp 00000000 08:01 1451872                    /lib/x86_64-linux-gnu/libnss_compat-2.23.so
7fd751459000-7fd751658000 ---p 00008000 08:01 1451872                    /lib/x86_64-linux-gnu/libnss_compat-2.23.so
7fd751658000-7fd751659000 r--p 00007000 08:01 1451872                    /lib/x86_64-linux-gnu/libnss_compat-2.23.so
7fd751659000-7fd75165a000 rw-p 00008000 08:01 1451872                    /lib/x86_64-linux-gnu/libnss_compat-2.23.so
7fd75165a000-7fd751685000 r-xp 00000000 08:01 2491128                    /usr/lib/jvm/java-8-oracle/jre/lib/amd64/libjava.so
7fd751685000-7fd751884000 ---p 0002b000 08:01 2491128                    /usr/lib/jvm/java-8-oracle/jre/lib/amd64/libjava.so
7fd751884000-7fd751886000 rw-p 0002a000 08:01 2491128                    /usr/lib/jvm/java-8-oracle/jre/lib/amd64/libjava.so
7fd751886000-7fd751893000 r-xp 00000000 08:01 2491133                    /usr/lib/jvm/java-8-oracle/jre/lib/amd64/libverify.so
7fd751893000-7fd751a93000 ---p 0000d000 08:01 2491133                    /usr/lib/jvm/java-8-oracle/jre/lib/amd64/libverify.so
7fd751a93000-7fd751a95000 rw-p 0000d000 08:01 2491133                    /usr/lib/jvm/java-8-oracle/jre/lib/amd64/libverify.so
7fd751a95000-7fd751a9c000 r-xp 00000000 08:01 1451899                    /lib/x86_64-linux-gnu/librt-2.23.so
7fd751a9c000-7fd751c9b000 ---p 00007000 08:01 1451899                    /lib/x86_64-linux-gnu/librt-2.23.so
7fd751c9b000-7fd751c9c000 r--p 00006000 08:01 1451899                    /lib/x86_64-linux-gnu/librt-2.23.so
7fd751c9c000-7fd751c9d000 rw-p 00007000 08:01 1451899                    /lib/x86_64-linux-gnu/librt-2.23.so
7fd751c9d000-7fd751da5000 r-xp 00000000 08:01 1451812                    /lib/x86_64-linux-gnu/libm-2.23.so
7fd751da5000-7fd751fa4000 ---p 00108000 08:01 1451812                    /lib/x86_64-linux-gnu/libm-2.23.so
7fd751fa4000-7fd751fa5000 r--p 00107000 08:01 1451812                    /lib/x86_64-linux-gnu/libm-2.23.so
7fd751fa5000-7fd751fa6000 rw-p 00108000 08:01 1451812                    /lib/x86_64-linux-gnu/libm-2.23.so
7fd751fa6000-7fd752c7f000 r-xp 00000000 08:01 2491156                    /usr/lib/jvm/java-8-oracle/jre/lib/amd64/server/libjvm.so
7fd752c7f000-7fd752e7e000 ---p 00cd9000 08:01 2491156                    /usr/lib/jvm/java-8-oracle/jre/lib/amd64/server/libjvm.so
7fd752e7e000-7fd752f57000 rw-p 00cd8000 08:01 2491156                    /usr/lib/jvm/java-8-oracle/jre/lib/amd64/server/libjvm.so
7fd752f57000-7fd752fa3000 rw-p 00000000 00:00 0 
7fd752fa3000-7fd753163000 r-xp 00000000 08:01 1451840                    /lib/x86_64-linux-gnu/libc-2.23.so
7fd753163000-7fd753363000 ---p 001c0000 08:01 1451840                    /lib/x86_64-linux-gnu/libc-2.23.so
7fd753363000-7fd753367000 r--p 001c0000 08:01 1451840                    /lib/x86_64-linux-gnu/libc-2.23.so
7fd753367000-7fd753369000 rw-p 001c4000 08:01 1451840                    /lib/x86_64-linux-gnu/libc-2.23.so
7fd753369000-7fd75336d000 rw-p 00000000 00:00 0 
7fd75336d000-7fd753370000 r-xp 00000000 08:01 1451842                    /lib/x86_64-linux-gnu/libdl-2.23.so
7fd753370000-7fd75356f000 ---p 00003000 08:01 1451842                    /lib/x86_64-linux-gnu/libdl-2.23.so
7fd75356f000-7fd753570000 r--p 00002000 08:01 1451842                    /lib/x86_64-linux-gnu/libdl-2.23.so
7fd753570000-7fd753571000 rw-p 00003000 08:01 1451842                    /lib/x86_64-linux-gnu/libdl-2.23.so
7fd753571000-7fd753587000 r-xp 00000000 08:01 2491152                    /usr/lib/jvm/java-8-oracle/jre/lib/amd64/jli/libjli.so
7fd753587000-7fd753786000 ---p 00016000 08:01 2491152                    /usr/lib/jvm/java-8-oracle/jre/lib/amd64/jli/libjli.so
7fd753786000-7fd753787000 rw-p 00015000 08:01 2491152                    /usr/lib/jvm/java-8-oracle/jre/lib/amd64/jli/libjli.so
7fd753787000-7fd75379f000 r-xp 00000000 08:01 1451839                    /lib/x86_64-linux-gnu/libpthread-2.23.so
7fd75379f000-7fd75399e000 ---p 00018000 08:01 1451839                    /lib/x86_64-linux-gnu/libpthread-2.23.so
7fd75399e000-7fd75399f000 r--p 00017000 08:01 1451839                    /lib/x86_64-linux-gnu/libpthread-2.23.so
7fd75399f000-7fd7539a0000 rw-p 00018000 08:01 1451839                    /lib/x86_64-linux-gnu/libpthread-2.23.so
7fd7539a0000-7fd7539a4000 rw-p 00000000 00:00 0 
7fd7539a4000-7fd7539ca000 r-xp 00000000 08:01 1451838                    /lib/x86_64-linux-gnu/ld-2.23.so
7fd7539e1000-7fd753aac000 rw-p 00000000 00:00 0 
7fd753aac000-7fd753aaf000 ---p 00000000 00:00 0 
7fd753aaf000-7fd753bb2000 rw-p 00000000 00:00 0 
7fd753bbf000-7fd753bc7000 rw-s 00000000 08:01 2228286                    /tmp/hsperfdata_antchil/12008
7fd753bc7000-7fd753bc8000 rw-p 00000000 00:00 0 
7fd753bc8000-7fd753bc9000 r--p 00000000 00:00 0 
7fd753bc9000-7fd753bca000 r--p 00025000 08:01 1451838                    /lib/x86_64-linux-gnu/ld-2.23.so
7fd753bca000-7fd753bcb000 rw-p 00026000 08:01 1451838                    /lib/x86_64-linux-gnu/ld-2.23.so
7fd753bcb000-7fd753bcc000 rw-p 00000000 00:00 0 
7ffc9f8de000-7ffc9f900000 rw-p 00000000 00:00 0                          [stack]
7ffc9f9ca000-7ffc9f9cd000 r--p 00000000 00:00 0                          [vvar]
7ffc9f9cd000-7ffc9f9cf000 r-xp 00000000 00:00 0                          [vdso]
ffffffffff600000-ffffffffff601000 r-xp 00000000 00:00 0                  [vsyscall]

VM Arguments:
jvm_args: -Djava.library.path=. 
java_command: HashTable
java_class_path (initial): .
Launcher Type: SUN_STANDARD

Environment Variables:
JAVA_HOME=/usr/lib/jvm/java-8-oracle
JRE_HOME=/usr/lib/jvm/java-8-oracle/jre
PATH=/home/antchil/bin:/home/antchil/.local/bin:/home/antchil/bin:/home/antchil/.local/bin:/usr/local/sbin:/usr/local/bin:/usr/sbin:/usr/bin:/sbin:/bin:/usr/games:/usr/local/games:/snap/bin:/usr/lib/jvm/java-8-oracle/bin:/usr/lib/jvm/java-8-oracle/db/bin:/usr/lib/jvm/java-8-oracle/jre/bin:/snap/bin:/usr/lib/jvm/java-8-oracle/bin:/usr/lib/jvm/java-8-oracle/db/bin:/usr/lib/jvm/java-8-oracle/jre/bin:/home/antchil/Documents/linux-master/script:/home/antchil/Documents/linux-master/script
SHELL=/bin/bash
DISPLAY=:0

Signal Handlers:
SIGSEGV: [libjvm.so+0xad01e0], sa_mask[0]=11111111011111111101111111111110, sa_flags=SA_RESTART|SA_SIGINFO
SIGBUS: [libjvm.so+0xad01e0], sa_mask[0]=11111111011111111101111111111110, sa_flags=SA_RESTART|SA_SIGINFO
SIGFPE: [libjvm.so+0x927fb0], sa_mask[0]=11111111011111111101111111111110, sa_flags=SA_RESTART|SA_SIGINFO
SIGPIPE: [libjvm.so+0x927fb0], sa_mask[0]=11111111011111111101111111111110, sa_flags=SA_RESTART|SA_SIGINFO
SIGXFSZ: [libjvm.so+0x927fb0], sa_mask[0]=11111111011111111101111111111110, sa_flags=SA_RESTART|SA_SIGINFO
SIGILL: [libjvm.so+0x927fb0], sa_mask[0]=11111111011111111101111111111110, sa_flags=SA_RESTART|SA_SIGINFO
SIGUSR1: SIG_DFL, sa_mask[0]=00000000000000000000000000000000, sa_flags=none
SIGUSR2: [libjvm.so+0x9297f0], sa_mask[0]=00000000000000000000000000000000, sa_flags=SA_RESTART|SA_SIGINFO
SIGHUP: [libjvm.so+0x92abf0], sa_mask[0]=11111111011111111101111111111110, sa_flags=SA_RESTART|SA_SIGINFO
SIGINT: [libjvm.so+0x92abf0], sa_mask[0]=11111111011111111101111111111110, sa_flags=SA_RESTART|SA_SIGINFO
SIGTERM: [libjvm.so+0x92abf0], sa_mask[0]=11111111011111111101111111111110, sa_flags=SA_RESTART|SA_SIGINFO
SIGQUIT: [libjvm.so+0x92abf0], sa_mask[0]=11111111011111111101111111111110, sa_flags=SA_RESTART|SA_SIGINFO


---------------  S Y S T E M  ---------------

OS:DISTRIB_ID=Ubuntu
DISTRIB_RELEASE=16.04
DISTRIB_CODENAME=xenial
DISTRIB_DESCRIPTION="Ubuntu 16.04.2 LTS"

uname:Linux 4.13.0-32-generic #35~16.04.1-Ubuntu SMP Thu Jan 25 10:13:43 UTC 2018 x86_64
libc:glibc 2.23 NPTL 2.23 
rlimit: STACK 8192k, CORE 0k, NPROC 31612, NOFILE 1048576, AS infinity
load average:0.61 0.69 0.91

/proc/meminfo:
MemTotal:        8145220 kB
MemFree:          403388 kB
MemAvailable:    1808960 kB
Buffers:           80024 kB
Cached:          1571244 kB
SwapCached:         2128 kB
Active:          3105952 kB
Inactive:        1349652 kB
Active(anon):    2211284 kB
Inactive(anon):   663764 kB
Active(file):     894668 kB
Inactive(file):   685888 kB
Unevictable:          32 kB
Mlocked:              32 kB
SwapTotal:       1045500 kB
SwapFree:        1024252 kB
Dirty:               204 kB
Writeback:             0 kB
AnonPages:       2802608 kB
Mapped:           293976 kB
Shmem:             70712 kB
Slab:             159692 kB
SReclaimable:      92612 kB
SUnreclaim:        67080 kB
KernelStack:       14656 kB
PageTables:        44016 kB
NFS_Unstable:          0 kB
Bounce:                0 kB
WritebackTmp:          0 kB
CommitLimit:     5118108 kB
Committed_AS:    7939048 kB
VmallocTotal:   34359738367 kB
VmallocUsed:           0 kB
VmallocChunk:          0 kB
HardwareCorrupted:     0 kB
AnonHugePages:         0 kB
ShmemHugePages:        0 kB
ShmemPmdMapped:        0 kB
CmaTotal:              0 kB
CmaFree:               0 kB
HugePages_Total:       0
HugePages_Free:        0
HugePages_Rsvd:        0
HugePages_Surp:        0
Hugepagesize:       2048 kB
DirectMap4k:       87872 kB
DirectMap2M:     6203392 kB
DirectMap1G:     4194304 kB


CPU:total 4 (initial active 4) (1 cores per cpu, 1 threads per core) family 6 model 158 stepping 9, cmov, cx8, fxsr, mmx, sse, sse2, sse3, ssse3, sse4.1, sse4.2, popcnt, aes, clmul, erms, 3dnowpref, lzcnt, tsc, tscinvbit

/proc/cpuinfo:
processor	: 0
vendor_id	: GenuineIntel
cpu family	: 6
model		: 158
model name	: Intel(R) Pentium(R) CPU G4600 @ 3.60GHz
stepping	: 9
microcode	: 0x5e
cpu MHz		: 3600.007
cache size	: 3072 KB
physical id	: 0
siblings	: 1
core id		: 0
cpu cores	: 1
apicid		: 0
initial apicid	: 0
fpu		: yes
fpu_exception	: yes
cpuid level	: 22
wp		: yes
flags		: fpu vme de pse tsc msr pae mce cx8 apic sep mtrr pge mca cmov pat pse36 clflush mmx fxsr sse sse2 ss syscall nx pdpe1gb rdtscp lm constant_tsc arch_perfmon nopl xtopology tsc_reliable nonstop_tsc cpuid pni pclmulqdq ssse3 cx16 pcid sse4_1 sse4_2 x2apic movbe popcnt tsc_deadline_timer aes xsave rdrand hypervisor lahf_lm abm 3dnowprefetch cpuid_fault invpcid_single pti fsgsbase tsc_adjust smep invpcid mpx rdseed smap clflushopt xsaveopt xsavec xsaves arat
bugs		: cpu_meltdown spectre_v1 spectre_v2
bogomips	: 7200.01
clflush size	: 64
cache_alignment	: 64
address sizes	: 43 bits physical, 48 bits virtual
power management:

processor	: 1
vendor_id	: GenuineIntel
cpu family	: 6
model		: 158
model name	: Intel(R) Pentium(R) CPU G4600 @ 3.60GHz
stepping	: 9
microcode	: 0x5e
cpu MHz		: 3600.007
cache size	: 3072 KB
physical id	: 2
siblings	: 1
core id		: 0
cpu cores	: 1
apicid		: 2
initial apicid	: 2
fpu		: yes
fpu_exception	: yes
cpuid level	: 22
wp		: yes
flags		: fpu vme de pse tsc msr pae mce cx8 apic sep mtrr pge mca cmov pat pse36 clflush mmx fxsr sse sse2 ss syscall nx pdpe1gb rdtscp lm constant_tsc arch_perfmon nopl xtopology tsc_reliable nonstop_tsc cpuid pni pclmulqdq ssse3 cx16 pcid sse4_1 sse4_2 x2apic movbe popcnt tsc_deadline_timer aes xsave rdrand hypervisor lahf_lm abm 3dnowprefetch cpuid_fault invpcid_single pti fsgsbase tsc_adjust smep invpcid mpx rdseed smap clflushopt xsaveopt xsavec xsaves arat
bugs		: cpu_meltdown spectre_v1 spectre_v2
bogomips	: 7200.01
clflush size	: 64
cache_alignment	: 64
address sizes	: 43 bits physical, 48 bits virtual
power management:

processor	: 2
vendor_id	: GenuineIntel
cpu family	: 6
model		: 158
model name	: Intel(R) Pentium(R) CPU G4600 @ 3.60GHz
stepping	: 9
microcode	: 0x5e
cpu MHz		: 3600.007
cache size	: 3072 KB
physical id	: 4
siblings	: 1
core id		: 0
cpu cores	: 1
apicid		: 4
initial apicid	: 4
fpu		: yes
fpu_exception	: yes
cpuid level	: 22
wp		: yes
flags		: fpu vme de pse tsc msr pae mce cx8 apic sep mtrr pge mca cmov pat pse36 clflush mmx fxsr sse sse2 ss syscall nx pdpe1gb rdtscp lm constant_tsc arch_perfmon nopl xtopology tsc_reliable nonstop_tsc cpuid pni pclmulqdq ssse3 cx16 pcid sse4_1 sse4_2 x2apic movbe popcnt tsc_deadline_timer aes xsave rdrand hypervisor lahf_lm abm 3dnowprefetch cpuid_fault invpcid_single pti fsgsbase tsc_adjust smep invpcid mpx rdseed smap clflushopt xsaveopt xsavec xsaves arat
bugs		: cpu_meltdown spectre_v1 spectre_v2
bogomips	: 7200.01
clflush size	: 64
cache_alignment	: 64
address sizes	: 43 bits physical, 48 bits virtual
power management:

processor	: 3
vendor_id	: GenuineIntel
cpu family	: 6
model		: 158
model name	: Intel(R) Pentium(R) CPU G4600 @ 3.60GHz
stepping	: 9
microcode	: 0x5e
cpu MHz		: 3600.007
cache size	: 3072 KB
physical id	: 6
siblings	: 1
core id		: 0
cpu cores	: 1
apicid		: 6
initial apicid	: 6
fpu		: yes
fpu_exception	: yes
cpuid level	: 22
wp		: yes
flags		: fpu vme de pse tsc msr pae mce cx8 apic sep mtrr pge mca cmov pat pse36 clflush mmx fxsr sse sse2 ss syscall nx pdpe1gb rdtscp lm constant_tsc arch_perfmon nopl xtopology tsc_reliable nonstop_tsc cpuid pni pclmulqdq ssse3 cx16 pcid sse4_1 sse4_2 x2apic movbe popcnt tsc_deadline_timer aes xsave rdrand hypervisor lahf_lm abm 3dnowprefetch cpuid_fault invpcid_single pti fsgsbase tsc_adjust smep invpcid mpx rdseed smap clflushopt xsaveopt xsavec xsaves arat
bugs		: cpu_meltdown spectre_v1 spectre_v2
bogomips	: 7200.01
clflush size	: 64
cache_alignment	: 64
address sizes	: 43 bits physical, 48 bits virtual
power management:



Memory: 4k page, physical 8145220k(403388k free), swap 1045500k(1024252k free)

vm_info: Java HotSpot(TM) 64-Bit Server VM (25.161-b12) for linux-amd64 JRE (1.8.0_161-b12), built on Dec 19 2017 16:12:43 by "java_re" with gcc 4.3.0 20080428 (Red Hat 4.3.0-8)

time: Mon Feb 12 09:06:39 2018
elapsed time: 0 seconds (0d 0h 0m 0s)

