#
# A fatal error has been detected by the Java Runtime Environment:
#
#  SIGSEGV (0xb) at pc=0x00007fd3f431e527, pid=12904, tid=0x00007fd40ddec700
#
# JRE version: Java(TM) SE Runtime Environment (8.0_161-b12) (build 1.8.0_161-b12)
# Java VM: Java HotSpot(TM) 64-Bit Server VM (25.161-b12 mixed mode linux-amd64 compressed oops)
# Problematic frame:
# C  [libhash_table.so+0x1527]  Java_HashTable_ht_1search+0x5f
#
# Failed to write core dump. Core dumps have been disabled. To enable core dumping, try "ulimit -c unlimited" before starting Java again
#
# If you would like to submit a bug report, please visit:
#   http://bugreport.java.com/bugreport/crash.jsp
# The crash happened outside the Java Virtual Machine in native code.
# See problematic frame for where to report the bug.
#

---------------  T H R E A D  ---------------

Current thread (0x00007fd40400a800):  JavaThread "main" [_thread_in_native, id=12905, stack(0x00007fd40dcec000,0x00007fd40dded000)]

siginfo: si_signo: 11 (SIGSEGV), si_code: 1 (SEGV_MAPERR), si_addr: 0x0000000000000000

Registers:
RAX=0x0000000000000000, RBX=0x00007fd40981b538, RCX=0x0000000000000005, RDX=0x0000000000000008
RSP=0x00007fd40ddeb830, RBP=0x00007fd40ddeb860, RSI=0x00000000401c0000, RDI=0x00007fd40ddeb834
R8 =0x0000000000000000, R9 =0x000000000000000d, R10=0x00000000ffffffff, R11=0x0000000000000000
R12=0x0000000000000000, R13=0x00007fd40981b538, R14=0x00007fd40ddeb910, R15=0x00007fd40400a800
RIP=0x00007fd3f431e527, EFLAGS=0x0000000000010246, CSGSFS=0x002b000000000033, ERR=0x0000000000000004
  TRAPNO=0x000000000000000e

Top of Stack: (sp=0x00007fd40ddeb830)
0x00007fd40ddeb830:   000000330400a800 00007fd4040f1730
0x00007fd40ddeb840:   00007fd40ddeb910 00007fd40400a9f8
0x00007fd40ddeb850:   00007fd4040f1730 00007fd40ddeb834
0x00007fd40ddeb860:   00007fd40ddeb8d8 00007fd3f5018107
0x00007fd40ddeb870:   00007fd40981b5d0 0000000000000000
0x00007fd40ddeb880:   00007fd40ddeb8d8 00007fd3f5017e67
0x00007fd40ddeb890:   00007fd3f5017e22 00007fd40ddeb898
0x00007fd40ddeb8a0:   0000000000000000 00007fd40ddeb910
0x00007fd40ddeb8b0:   00007fd40981b888 0000000000000000
0x00007fd40ddeb8c0:   00007fd40981b538 0000000000000000
0x00007fd40ddeb8d0:   00007fd40ddeb8f8 00007fd40ddeb958
0x00007fd40ddeb8e0:   00007fd3f5007b60 0000000000000000
0x00007fd40ddeb8f0:   00007fd3f5011d0a 0000000000000033
0x00007fd40ddeb900:   00007fd4040f1730 00000000d6973318
0x00007fd40ddeb910:   00000000d6972d28 00007fd40ddeb918
0x00007fd40ddeb920:   00007fd40981b768 00007fd40ddeb988
0x00007fd40ddeb930:   00007fd40981b888 0000000000000000
0x00007fd40ddeb940:   00007fd40981b798 00007fd40ddeb8f8
0x00007fd40ddeb950:   00007fd40ddeb988 00007fd40ddeb9f0
0x00007fd40ddeb960:   00007fd3f50007a7 0000000000000000
0x00007fd40ddeb970:   00007fd4040f1730 0000000000000000
0x00007fd40ddeb980:   00000000d6972d28 00000000d6972d18
0x00007fd40ddeb990:   0000000000001fa0 0000000000000000
0x00007fd40ddeb9a0:   00007fd40400a800 00007fd40ddeba70
0x00007fd40ddeb9b0:   00007fd40ddebc30 00007fd40ddeba30
0x00007fd40ddeb9c0:   00007fd40ddeba30 00007fd40ddebd78
0x00007fd40ddeb9d0:   00007fd40000000a 00007fd40981b798
0x00007fd40ddeb9e0:   00007fd3f5013600 00007fd40ddebbb8
0x00007fd40ddeb9f0:   00007fd40ddebb60 00007fd40c87bae6
0x00007fd40ddeba00:   00007fd400000001 00007fd40400a800
0x00007fd40ddeba10:   00007fd40ddebbb0 00007fd40ddebd70
0x00007fd40ddeba20:   00007fd3f5013600 000000000000000a 

Instructions: (pc=0x00007fd3f431e527)
0x00007fd3f431e507:   e8 14 f6 ff ff 48 8d 45 d4 48 89 45 f8 48 8b 55
0x00007fd3f431e517:   f8 48 8b 45 f0 48 89 d6 48 89 c7 e8 19 f6 ff ff
0x00007fd3f431e527:   0f b6 00 0f be c0 89 c6 48 8d 3d ee 00 00 00 b8
0x00007fd3f431e537:   00 00 00 00 e8 e0 f5 ff ff 48 8b 55 f8 48 8b 45 

Register to memory mapping:

RAX=0x0000000000000000 is an unknown value
RBX={method} {0x00007fd40981b538} 'ht_search' '(JC)C' in 'HashTable'
RCX=0x0000000000000005 is an unknown value
RDX=0x0000000000000008 is an unknown value
RSP=0x00007fd40ddeb830 is pointing into the stack for thread: 0x00007fd40400a800
RBP=0x00007fd40ddeb860 is pointing into the stack for thread: 0x00007fd40400a800
RSI=0x00000000401c0000 is an unknown value
RDI=0x00007fd40ddeb834 is pointing into the stack for thread: 0x00007fd40400a800
R8 =0x0000000000000000 is an unknown value
R9 =0x000000000000000d is an unknown value
R10=0x00000000ffffffff is an unallocated location in the heap
R11=0x0000000000000000 is an unknown value
R12=0x0000000000000000 is an unknown value
R13={method} {0x00007fd40981b538} 'ht_search' '(JC)C' in 'HashTable'
R14=0x00007fd40ddeb910 is pointing into the stack for thread: 0x00007fd40400a800
R15=0x00007fd40400a800 is a thread


Stack: [0x00007fd40dcec000,0x00007fd40dded000],  sp=0x00007fd40ddeb830,  free space=1022k
Native frames: (J=compiled Java code, j=interpreted, Vv=VM code, C=native code)
C  [libhash_table.so+0x1527]  Java_HashTable_ht_1search+0x5f
j  HashTable.ht_search(JC)C+0
j  HashTable.main([Ljava/lang/String;)V+104
v  ~StubRoutines::call_stub
V  [libjvm.so+0x695ae6]  JavaCalls::call_helper(JavaValue*, methodHandle*, JavaCallArguments*, Thread*)+0x1056
V  [libjvm.so+0x6d7072]  jni_invoke_static(JNIEnv_*, JavaValue*, _jobject*, JNICallType, _jmethodID*, JNI_ArgumentPusher*, Thread*)+0x362
V  [libjvm.so+0x6f38da]  jni_CallStaticVoidMethod+0x17a
C  [libjli.so+0x80ff]  JavaMain+0x81f
C  [libpthread.so.0+0x76ba]  start_thread+0xca

Java frames: (J=compiled Java code, j=interpreted, Vv=VM code)
j  HashTable.ht_search(JC)C+0
j  HashTable.main([Ljava/lang/String;)V+104
v  ~StubRoutines::call_stub

---------------  P R O C E S S  ---------------

Java Threads: ( => current thread )
  0x00007fd4040c1000 JavaThread "Service Thread" daemon [_thread_blocked, id=12917, stack(0x00007fd3f4621000,0x00007fd3f4722000)]
  0x00007fd4040be000 JavaThread "C1 CompilerThread2" daemon [_thread_blocked, id=12916, stack(0x00007fd3f4722000,0x00007fd3f4823000)]
  0x00007fd4040bc000 JavaThread "C2 CompilerThread1" daemon [_thread_blocked, id=12915, stack(0x00007fd3f4823000,0x00007fd3f4924000)]
  0x00007fd4040b9000 JavaThread "C2 CompilerThread0" daemon [_thread_blocked, id=12914, stack(0x00007fd3f4924000,0x00007fd3f4a25000)]
  0x00007fd4040b7800 JavaThread "Signal Dispatcher" daemon [_thread_blocked, id=12913, stack(0x00007fd3f4a25000,0x00007fd3f4b26000)]
  0x00007fd404084800 JavaThread "Finalizer" daemon [_thread_blocked, id=12912, stack(0x00007fd3f4dfe000,0x00007fd3f4eff000)]
  0x00007fd404080000 JavaThread "Reference Handler" daemon [_thread_blocked, id=12911, stack(0x00007fd3f4eff000,0x00007fd3f5000000)]
=>0x00007fd40400a800 JavaThread "main" [_thread_in_native, id=12905, stack(0x00007fd40dcec000,0x00007fd40dded000)]

Other Threads:
  0x00007fd404078000 VMThread [stack: 0x00007fd4080e9000,0x00007fd4081ea000] [id=12910]
  0x00007fd4040c6000 WatcherThread [stack: 0x00007fd3f4520000,0x00007fd3f4621000] [id=12918]

VM state:not at safepoint (normal execution)

VM Mutex/Monitor currently owned by a thread: None

Heap:
 PSYoungGen      total 37888K, used 1310K [0x00000000d6900000, 0x00000000d9300000, 0x0000000100000000)
  eden space 32768K, 4% used [0x00000000d6900000,0x00000000d6a47b08,0x00000000d8900000)
  from space 5120K, 0% used [0x00000000d8e00000,0x00000000d8e00000,0x00000000d9300000)
  to   space 5120K, 0% used [0x00000000d8900000,0x00000000d8900000,0x00000000d8e00000)
 ParOldGen       total 86016K, used 0K [0x0000000083a00000, 0x0000000088e00000, 0x00000000d6900000)
  object space 86016K, 0% used [0x0000000083a00000,0x0000000083a00000,0x0000000088e00000)
 Metaspace       used 2620K, capacity 4486K, committed 4864K, reserved 1056768K
  class space    used 283K, capacity 386K, committed 512K, reserved 1048576K

Card table byte_map: [0x00007fd40a69a000,0x00007fd40aa7e000] byte_map_base: 0x00007fd40a27d000

Marking Bits: (ParMarkBitMap*) 0x00007fd40d1b5920
 Begin Bits: [0x00007fd3e41d0000, 0x00007fd3e60e8000)
 End Bits:   [0x00007fd3e60e8000, 0x00007fd3e8000000)

Polling page: 0x00007fd40de08000

CodeCache: size=245760Kb used=1108Kb max_used=1108Kb free=244651Kb
 bounds [0x00007fd3f5000000, 0x00007fd3f5270000, 0x00007fd404000000]
 total_blobs=251 nmethods=22 adapters=144
 compilation: enabled

Compilation events (10 events):
Event: 0.068 Thread 0x00007fd4040be000   20       3       java.util.HashMap::getNode (148 bytes)
Event: 0.068 Thread 0x00007fd4040be000 nmethod 20 0x00007fd3f5112d50 code [0x00007fd3f5112f20, 0x00007fd3f51138a8]
Event: 0.068 Thread 0x00007fd4040be000   17       3       sun.misc.JarIndex::addToList (59 bytes)
Event: 0.069 Thread 0x00007fd4040be000 nmethod 17 0x00007fd3f5111a90 code [0x00007fd3f5111cc0, 0x00007fd3f51127f8]
Event: 0.069 Thread 0x00007fd4040be000   21       3       java.util.LinkedList::add (7 bytes)
Event: 0.069 Thread 0x00007fd4040be000 nmethod 21 0x00007fd3f51116d0 code [0x00007fd3f5111840, 0x00007fd3f51119e8]
Event: 0.069 Thread 0x00007fd4040be000   16       3       java.util.HashMap::get (23 bytes)
Event: 0.069 Thread 0x00007fd4040be000 nmethod 16 0x00007fd3f5114850 code [0x00007fd3f51149e0, 0x00007fd3f5114dd8]
Event: 0.069 Thread 0x00007fd4040be000   22       1       java.lang.ThreadLocal::access$400 (5 bytes)
Event: 0.069 Thread 0x00007fd4040be000 nmethod 22 0x00007fd3f5114f50 code [0x00007fd3f51150a0, 0x00007fd3f5115190]

GC Heap History (0 events):
No events

Deoptimization events (0 events):
No events

Classes redefined (0 events):
No events

Internal exceptions (2 events):
Event: 0.026 Thread 0x00007fd40400a800 Exception <a 'java/lang/NoSuchMethodError': Method sun.misc.Unsafe.defineClass(Ljava/lang/String;[BII)Ljava/lang/Class; name or signature does not match> (0x00000000d6907ca0) thrown at [/HUDSON/workspace/8-2-build-linux-amd64/jdk8u161/10277/hotspot/src/sh
Event: 0.026 Thread 0x00007fd40400a800 Exception <a 'java/lang/NoSuchMethodError': Method sun.misc.Unsafe.prefetchRead(Ljava/lang/Object;J)V name or signature does not match> (0x00000000d6907f88) thrown at [/HUDSON/workspace/8-2-build-linux-amd64/jdk8u161/10277/hotspot/src/share/vm/prims/jni.c

Events (10 events):
Event: 0.069 loading class java/security/BasicPermissionCollection
Event: 0.069 loading class java/security/BasicPermissionCollection done
Event: 0.070 loading class sun/launcher/LauncherHelper$FXHelper
Event: 0.070 loading class sun/launcher/LauncherHelper$FXHelper done
Event: 0.070 loading class java/lang/Class$MethodArray
Event: 0.070 loading class java/lang/Class$MethodArray done
Event: 0.070 loading class java/lang/Void
Event: 0.070 loading class java/lang/Void done
Event: 0.070 loading class java/lang/ClassLoaderHelper
Event: 0.070 loading class java/lang/ClassLoaderHelper done


Dynamic libraries:
00400000-00401000 r-xp 00000000 08:01 2490962                            /usr/lib/jvm/java-8-oracle/jre/bin/java
00600000-00601000 rw-p 00000000 08:01 2490962                            /usr/lib/jvm/java-8-oracle/jre/bin/java
01ffd000-0201e000 rw-p 00000000 00:00 0                                  [heap]
83a00000-88e00000 rw-p 00000000 00:00 0 
88e00000-d6900000 ---p 00000000 00:00 0 
d6900000-d9300000 rw-p 00000000 00:00 0 
d9300000-100000000 ---p 00000000 00:00 0 
100000000-100080000 rw-p 00000000 00:00 0 
100080000-140000000 ---p 00000000 00:00 0 
7fd3b8000000-7fd3b8021000 rw-p 00000000 00:00 0 
7fd3b8021000-7fd3bc000000 ---p 00000000 00:00 0 
7fd3c0000000-7fd3c003e000 rw-p 00000000 00:00 0 
7fd3c003e000-7fd3c4000000 ---p 00000000 00:00 0 
7fd3c4000000-7fd3c4021000 rw-p 00000000 00:00 0 
7fd3c4021000-7fd3c8000000 ---p 00000000 00:00 0 
7fd3c8000000-7fd3c80d5000 rw-p 00000000 00:00 0 
7fd3c80d5000-7fd3cc000000 ---p 00000000 00:00 0 
7fd3cc000000-7fd3cc021000 rw-p 00000000 00:00 0 
7fd3cc021000-7fd3d0000000 ---p 00000000 00:00 0 
7fd3d0000000-7fd3d0021000 rw-p 00000000 00:00 0 
7fd3d0021000-7fd3d4000000 ---p 00000000 00:00 0 
7fd3d4000000-7fd3d4021000 rw-p 00000000 00:00 0 
7fd3d4021000-7fd3d8000000 ---p 00000000 00:00 0 
7fd3d8000000-7fd3d8021000 rw-p 00000000 00:00 0 
7fd3d8021000-7fd3dc000000 ---p 00000000 00:00 0 
7fd3dc000000-7fd3dc021000 rw-p 00000000 00:00 0 
7fd3dc021000-7fd3e0000000 ---p 00000000 00:00 0 
7fd3e0000000-7fd3e0021000 rw-p 00000000 00:00 0 
7fd3e0021000-7fd3e4000000 ---p 00000000 00:00 0 
7fd3e41d0000-7fd3e8000000 rw-p 00000000 00:00 0 
7fd3e8000000-7fd3e8021000 rw-p 00000000 00:00 0 
7fd3e8021000-7fd3ec000000 ---p 00000000 00:00 0 
7fd3ec000000-7fd3ec021000 rw-p 00000000 00:00 0 
7fd3ec021000-7fd3f0000000 ---p 00000000 00:00 0 
7fd3f0000000-7fd3f0021000 rw-p 00000000 00:00 0 
7fd3f0021000-7fd3f4000000 ---p 00000000 00:00 0 
7fd3f4095000-7fd3f431d000 rw-p 00000000 00:00 0 
7fd3f431d000-7fd3f431f000 r-xp 00000000 08:01 1192527                    /home/antchil/Documents/module-2.2/hash_table_JNI/libhash_table.so
7fd3f431f000-7fd3f451e000 ---p 00002000 08:01 1192527                    /home/antchil/Documents/module-2.2/hash_table_JNI/libhash_table.so
7fd3f451e000-7fd3f451f000 r--p 00001000 08:01 1192527                    /home/antchil/Documents/module-2.2/hash_table_JNI/libhash_table.so
7fd3f451f000-7fd3f4520000 rw-p 00002000 08:01 1192527                    /home/antchil/Documents/module-2.2/hash_table_JNI/libhash_table.so
7fd3f4520000-7fd3f4521000 ---p 00000000 00:00 0 
7fd3f4521000-7fd3f4621000 rw-p 00000000 00:00 0 
7fd3f4621000-7fd3f4624000 ---p 00000000 00:00 0 
7fd3f4624000-7fd3f4722000 rw-p 00000000 00:00 0 
7fd3f4722000-7fd3f4725000 ---p 00000000 00:00 0 
7fd3f4725000-7fd3f4823000 rw-p 00000000 00:00 0 
7fd3f4823000-7fd3f4826000 ---p 00000000 00:00 0 
7fd3f4826000-7fd3f4924000 rw-p 00000000 00:00 0 
7fd3f4924000-7fd3f4927000 ---p 00000000 00:00 0 
7fd3f4927000-7fd3f4a25000 rw-p 00000000 00:00 0 
7fd3f4a25000-7fd3f4a28000 ---p 00000000 00:00 0 
7fd3f4a28000-7fd3f4b26000 rw-p 00000000 00:00 0 
7fd3f4b26000-7fd3f4dfe000 r--p 00000000 08:01 2360788                    /usr/lib/locale/locale-archive
7fd3f4dfe000-7fd3f4e01000 ---p 00000000 00:00 0 
7fd3f4e01000-7fd3f4eff000 rw-p 00000000 00:00 0 
7fd3f4eff000-7fd3f4f02000 ---p 00000000 00:00 0 
7fd3f4f02000-7fd3f5000000 rw-p 00000000 00:00 0 
7fd3f5000000-7fd3f5270000 rwxp 00000000 00:00 0 
7fd3f5270000-7fd404000000 ---p 00000000 00:00 0 
7fd404000000-7fd404114000 rw-p 00000000 00:00 0 
7fd404114000-7fd408000000 ---p 00000000 00:00 0 
7fd408053000-7fd4080e9000 r--s 0110a000 08:01 2491209                    /usr/lib/jvm/java-8-oracle/jre/lib/ext/jfxrt.jar
7fd4080e9000-7fd4080ea000 ---p 00000000 00:00 0 
7fd4080ea000-7fd4091cc000 rw-p 00000000 00:00 0 
7fd4091cc000-7fd4093a5000 r--s 03d64000 08:01 2491062                    /usr/lib/jvm/java-8-oracle/jre/lib/rt.jar
7fd4093a5000-7fd40985b000 rw-p 00000000 00:00 0 
7fd40985b000-7fd409c1b000 ---p 00000000 00:00 0 
7fd409c1b000-7fd409ffe000 rw-p 00000000 00:00 0 
7fd409ffe000-7fd409fff000 ---p 00000000 00:00 0 
7fd409fff000-7fd40a0ff000 rw-p 00000000 00:00 0 
7fd40a0ff000-7fd40a100000 ---p 00000000 00:00 0 
7fd40a100000-7fd40a200000 rw-p 00000000 00:00 0 
7fd40a200000-7fd40a201000 ---p 00000000 00:00 0 
7fd40a201000-7fd40a301000 rw-p 00000000 00:00 0 
7fd40a301000-7fd40a302000 ---p 00000000 00:00 0 
7fd40a302000-7fd40a42c000 rw-p 00000000 00:00 0 
7fd40a42c000-7fd40a69a000 ---p 00000000 00:00 0 
7fd40a69a000-7fd40a6c4000 rw-p 00000000 00:00 0 
7fd40a6c4000-7fd40a931000 ---p 00000000 00:00 0 
7fd40a931000-7fd40a947000 rw-p 00000000 00:00 0 
7fd40a947000-7fd40aa7d000 ---p 00000000 00:00 0 
7fd40aa7d000-7fd40aa88000 rw-p 00000000 00:00 0 
7fd40aa88000-7fd40ae3e000 ---p 00000000 00:00 0 
7fd40ae3e000-7fd40ae59000 r-xp 00000000 08:01 2491134                    /usr/lib/jvm/java-8-oracle/jre/lib/amd64/libzip.so
7fd40ae59000-7fd40b059000 ---p 0001b000 08:01 2491134                    /usr/lib/jvm/java-8-oracle/jre/lib/amd64/libzip.so
7fd40b059000-7fd40b05a000 rw-p 0001b000 08:01 2491134                    /usr/lib/jvm/java-8-oracle/jre/lib/amd64/libzip.so
7fd40b05a000-7fd40b065000 r-xp 00000000 08:01 1451889                    /lib/x86_64-linux-gnu/libnss_files-2.23.so
7fd40b065000-7fd40b264000 ---p 0000b000 08:01 1451889                    /lib/x86_64-linux-gnu/libnss_files-2.23.so
7fd40b264000-7fd40b265000 r--p 0000a000 08:01 1451889                    /lib/x86_64-linux-gnu/libnss_files-2.23.so
7fd40b265000-7fd40b266000 rw-p 0000b000 08:01 1451889                    /lib/x86_64-linux-gnu/libnss_files-2.23.so
7fd40b266000-7fd40b26c000 rw-p 00000000 00:00 0 
7fd40b26c000-7fd40b277000 r-xp 00000000 08:01 1451898                    /lib/x86_64-linux-gnu/libnss_nis-2.23.so
7fd40b277000-7fd40b476000 ---p 0000b000 08:01 1451898                    /lib/x86_64-linux-gnu/libnss_nis-2.23.so
7fd40b476000-7fd40b477000 r--p 0000a000 08:01 1451898                    /lib/x86_64-linux-gnu/libnss_nis-2.23.so
7fd40b477000-7fd40b478000 rw-p 0000b000 08:01 1451898                    /lib/x86_64-linux-gnu/libnss_nis-2.23.so
7fd40b478000-7fd40b48e000 r-xp 00000000 08:01 1451823                    /lib/x86_64-linux-gnu/libnsl-2.23.so
7fd40b48e000-7fd40b68d000 ---p 00016000 08:01 1451823                    /lib/x86_64-linux-gnu/libnsl-2.23.so
7fd40b68d000-7fd40b68e000 r--p 00015000 08:01 1451823                    /lib/x86_64-linux-gnu/libnsl-2.23.so
7fd40b68e000-7fd40b68f000 rw-p 00016000 08:01 1451823                    /lib/x86_64-linux-gnu/libnsl-2.23.so
7fd40b68f000-7fd40b691000 rw-p 00000000 00:00 0 
7fd40b691000-7fd40b699000 r-xp 00000000 08:01 1451872                    /lib/x86_64-linux-gnu/libnss_compat-2.23.so
7fd40b699000-7fd40b898000 ---p 00008000 08:01 1451872                    /lib/x86_64-linux-gnu/libnss_compat-2.23.so
7fd40b898000-7fd40b899000 r--p 00007000 08:01 1451872                    /lib/x86_64-linux-gnu/libnss_compat-2.23.so
7fd40b899000-7fd40b89a000 rw-p 00008000 08:01 1451872                    /lib/x86_64-linux-gnu/libnss_compat-2.23.so
7fd40b89a000-7fd40b8c5000 r-xp 00000000 08:01 2491128                    /usr/lib/jvm/java-8-oracle/jre/lib/amd64/libjava.so
7fd40b8c5000-7fd40bac4000 ---p 0002b000 08:01 2491128                    /usr/lib/jvm/java-8-oracle/jre/lib/amd64/libjava.so
7fd40bac4000-7fd40bac6000 rw-p 0002a000 08:01 2491128                    /usr/lib/jvm/java-8-oracle/jre/lib/amd64/libjava.so
7fd40bac6000-7fd40bad3000 r-xp 00000000 08:01 2491133                    /usr/lib/jvm/java-8-oracle/jre/lib/amd64/libverify.so
7fd40bad3000-7fd40bcd3000 ---p 0000d000 08:01 2491133                    /usr/lib/jvm/java-8-oracle/jre/lib/amd64/libverify.so
7fd40bcd3000-7fd40bcd5000 rw-p 0000d000 08:01 2491133                    /usr/lib/jvm/java-8-oracle/jre/lib/amd64/libverify.so
7fd40bcd5000-7fd40bcdc000 r-xp 00000000 08:01 1451899                    /lib/x86_64-linux-gnu/librt-2.23.so
7fd40bcdc000-7fd40bedb000 ---p 00007000 08:01 1451899                    /lib/x86_64-linux-gnu/librt-2.23.so
7fd40bedb000-7fd40bedc000 r--p 00006000 08:01 1451899                    /lib/x86_64-linux-gnu/librt-2.23.so
7fd40bedc000-7fd40bedd000 rw-p 00007000 08:01 1451899                    /lib/x86_64-linux-gnu/librt-2.23.so
7fd40bedd000-7fd40bfe5000 r-xp 00000000 08:01 1451812                    /lib/x86_64-linux-gnu/libm-2.23.so
7fd40bfe5000-7fd40c1e4000 ---p 00108000 08:01 1451812                    /lib/x86_64-linux-gnu/libm-2.23.so
7fd40c1e4000-7fd40c1e5000 r--p 00107000 08:01 1451812                    /lib/x86_64-linux-gnu/libm-2.23.so
7fd40c1e5000-7fd40c1e6000 rw-p 00108000 08:01 1451812                    /lib/x86_64-linux-gnu/libm-2.23.so
7fd40c1e6000-7fd40cebf000 r-xp 00000000 08:01 2491156                    /usr/lib/jvm/java-8-oracle/jre/lib/amd64/server/libjvm.so
7fd40cebf000-7fd40d0be000 ---p 00cd9000 08:01 2491156                    /usr/lib/jvm/java-8-oracle/jre/lib/amd64/server/libjvm.so
7fd40d0be000-7fd40d197000 rw-p 00cd8000 08:01 2491156                    /usr/lib/jvm/java-8-oracle/jre/lib/amd64/server/libjvm.so
7fd40d197000-7fd40d1e3000 rw-p 00000000 00:00 0 
7fd40d1e3000-7fd40d3a3000 r-xp 00000000 08:01 1451840                    /lib/x86_64-linux-gnu/libc-2.23.so
7fd40d3a3000-7fd40d5a3000 ---p 001c0000 08:01 1451840                    /lib/x86_64-linux-gnu/libc-2.23.so
7fd40d5a3000-7fd40d5a7000 r--p 001c0000 08:01 1451840                    /lib/x86_64-linux-gnu/libc-2.23.so
7fd40d5a7000-7fd40d5a9000 rw-p 001c4000 08:01 1451840                    /lib/x86_64-linux-gnu/libc-2.23.so
7fd40d5a9000-7fd40d5ad000 rw-p 00000000 00:00 0 
7fd40d5ad000-7fd40d5b0000 r-xp 00000000 08:01 1451842                    /lib/x86_64-linux-gnu/libdl-2.23.so
7fd40d5b0000-7fd40d7af000 ---p 00003000 08:01 1451842                    /lib/x86_64-linux-gnu/libdl-2.23.so
7fd40d7af000-7fd40d7b0000 r--p 00002000 08:01 1451842                    /lib/x86_64-linux-gnu/libdl-2.23.so
7fd40d7b0000-7fd40d7b1000 rw-p 00003000 08:01 1451842                    /lib/x86_64-linux-gnu/libdl-2.23.so
7fd40d7b1000-7fd40d7c7000 r-xp 00000000 08:01 2491152                    /usr/lib/jvm/java-8-oracle/jre/lib/amd64/jli/libjli.so
7fd40d7c7000-7fd40d9c6000 ---p 00016000 08:01 2491152                    /usr/lib/jvm/java-8-oracle/jre/lib/amd64/jli/libjli.so
7fd40d9c6000-7fd40d9c7000 rw-p 00015000 08:01 2491152                    /usr/lib/jvm/java-8-oracle/jre/lib/amd64/jli/libjli.so
7fd40d9c7000-7fd40d9df000 r-xp 00000000 08:01 1451839                    /lib/x86_64-linux-gnu/libpthread-2.23.so
7fd40d9df000-7fd40dbde000 ---p 00018000 08:01 1451839                    /lib/x86_64-linux-gnu/libpthread-2.23.so
7fd40dbde000-7fd40dbdf000 r--p 00017000 08:01 1451839                    /lib/x86_64-linux-gnu/libpthread-2.23.so
7fd40dbdf000-7fd40dbe0000 rw-p 00018000 08:01 1451839                    /lib/x86_64-linux-gnu/libpthread-2.23.so
7fd40dbe0000-7fd40dbe4000 rw-p 00000000 00:00 0 
7fd40dbe4000-7fd40dc0a000 r-xp 00000000 08:01 1451838                    /lib/x86_64-linux-gnu/ld-2.23.so
7fd40dc21000-7fd40dcec000 rw-p 00000000 00:00 0 
7fd40dcec000-7fd40dcef000 ---p 00000000 00:00 0 
7fd40dcef000-7fd40ddf2000 rw-p 00000000 00:00 0 
7fd40ddff000-7fd40de07000 rw-s 00000000 08:01 2228286                    /tmp/hsperfdata_antchil/12904
7fd40de07000-7fd40de08000 rw-p 00000000 00:00 0 
7fd40de08000-7fd40de09000 r--p 00000000 00:00 0 
7fd40de09000-7fd40de0a000 r--p 00025000 08:01 1451838                    /lib/x86_64-linux-gnu/ld-2.23.so
7fd40de0a000-7fd40de0b000 rw-p 00026000 08:01 1451838                    /lib/x86_64-linux-gnu/ld-2.23.so
7fd40de0b000-7fd40de0c000 rw-p 00000000 00:00 0 
7ffc8598b000-7ffc859ad000 rw-p 00000000 00:00 0                          [stack]
7ffc859bb000-7ffc859be000 r--p 00000000 00:00 0                          [vvar]
7ffc859be000-7ffc859c0000 r-xp 00000000 00:00 0                          [vdso]
ffffffffff600000-ffffffffff601000 r-xp 00000000 00:00 0                  [vsyscall]

VM Arguments:
jvm_args: -Djava.library.path=. 
java_command: HashTable
java_class_path (initial): .
Launcher Type: SUN_STANDARD

Environment Variables:
JAVA_HOME=/usr/lib/jvm/java-8-oracle
JRE_HOME=/usr/lib/jvm/java-8-oracle/jre
PATH=/home/antchil/bin:/home/antchil/.local/bin:/home/antchil/bin:/home/antchil/.local/bin:/usr/local/sbin:/usr/local/bin:/usr/sbin:/usr/bin:/sbin:/bin:/usr/games:/usr/local/games:/snap/bin:/usr/lib/jvm/java-8-oracle/bin:/usr/lib/jvm/java-8-oracle/db/bin:/usr/lib/jvm/java-8-oracle/jre/bin:/snap/bin:/usr/lib/jvm/java-8-oracle/bin:/usr/lib/jvm/java-8-oracle/db/bin:/usr/lib/jvm/java-8-oracle/jre/bin:/home/antchil/Documents/linux-master/script:/home/antchil/Documents/linux-master/script
SHELL=/bin/bash
DISPLAY=:0

Signal Handlers:
SIGSEGV: [libjvm.so+0xad01e0], sa_mask[0]=11111111011111111101111111111110, sa_flags=SA_RESTART|SA_SIGINFO
SIGBUS: [libjvm.so+0xad01e0], sa_mask[0]=11111111011111111101111111111110, sa_flags=SA_RESTART|SA_SIGINFO
SIGFPE: [libjvm.so+0x927fb0], sa_mask[0]=11111111011111111101111111111110, sa_flags=SA_RESTART|SA_SIGINFO
SIGPIPE: [libjvm.so+0x927fb0], sa_mask[0]=11111111011111111101111111111110, sa_flags=SA_RESTART|SA_SIGINFO
SIGXFSZ: [libjvm.so+0x927fb0], sa_mask[0]=11111111011111111101111111111110, sa_flags=SA_RESTART|SA_SIGINFO
SIGILL: [libjvm.so+0x927fb0], sa_mask[0]=11111111011111111101111111111110, sa_flags=SA_RESTART|SA_SIGINFO
SIGUSR1: SIG_DFL, sa_mask[0]=00000000000000000000000000000000, sa_flags=none
SIGUSR2: [libjvm.so+0x9297f0], sa_mask[0]=00000000000000000000000000000000, sa_flags=SA_RESTART|SA_SIGINFO
SIGHUP: [libjvm.so+0x92abf0], sa_mask[0]=11111111011111111101111111111110, sa_flags=SA_RESTART|SA_SIGINFO
SIGINT: [libjvm.so+0x92abf0], sa_mask[0]=11111111011111111101111111111110, sa_flags=SA_RESTART|SA_SIGINFO
SIGTERM: [libjvm.so+0x92abf0], sa_mask[0]=11111111011111111101111111111110, sa_flags=SA_RESTART|SA_SIGINFO
SIGQUIT: [libjvm.so+0x92abf0], sa_mask[0]=11111111011111111101111111111110, sa_flags=SA_RESTART|SA_SIGINFO


---------------  S Y S T E M  ---------------

OS:DISTRIB_ID=Ubuntu
DISTRIB_RELEASE=16.04
DISTRIB_CODENAME=xenial
DISTRIB_DESCRIPTION="Ubuntu 16.04.2 LTS"

uname:Linux 4.13.0-32-generic #35~16.04.1-Ubuntu SMP Thu Jan 25 10:13:43 UTC 2018 x86_64
libc:glibc 2.23 NPTL 2.23 
rlimit: STACK 8192k, CORE 0k, NPROC 31612, NOFILE 1048576, AS infinity
load average:0.64 0.73 0.89

/proc/meminfo:
MemTotal:        8145220 kB
MemFree:          364224 kB
MemAvailable:    1770768 kB
Buffers:           80556 kB
Cached:          1570988 kB
SwapCached:         2128 kB
Active:          3135896 kB
Inactive:        1327760 kB
Active(anon):    2219928 kB
Inactive(anon):   662264 kB
Active(file):     915968 kB
Inactive(file):   665496 kB
Unevictable:          32 kB
Mlocked:              32 kB
SwapTotal:       1045500 kB
SwapFree:        1024252 kB
Dirty:               188 kB
Writeback:             0 kB
AnonPages:       2810436 kB
Mapped:           294176 kB
Shmem:             70080 kB
Slab:             161100 kB
SReclaimable:      92740 kB
SUnreclaim:        68360 kB
KernelStack:       14624 kB
PageTables:        44132 kB
NFS_Unstable:          0 kB
Bounce:                0 kB
WritebackTmp:          0 kB
CommitLimit:     5118108 kB
Committed_AS:    7947648 kB
VmallocTotal:   34359738367 kB
VmallocUsed:           0 kB
VmallocChunk:          0 kB
HardwareCorrupted:     0 kB
AnonHugePages:         0 kB
ShmemHugePages:        0 kB
ShmemPmdMapped:        0 kB
CmaTotal:              0 kB
CmaFree:               0 kB
HugePages_Total:       0
HugePages_Free:        0
HugePages_Rsvd:        0
HugePages_Surp:        0
Hugepagesize:       2048 kB
DirectMap4k:       87872 kB
DirectMap2M:     6203392 kB
DirectMap1G:     4194304 kB


CPU:total 4 (initial active 4) (1 cores per cpu, 1 threads per core) family 6 model 158 stepping 9, cmov, cx8, fxsr, mmx, sse, sse2, sse3, ssse3, sse4.1, sse4.2, popcnt, aes, clmul, erms, 3dnowpref, lzcnt, tsc, tscinvbit

/proc/cpuinfo:
processor	: 0
vendor_id	: GenuineIntel
cpu family	: 6
model		: 158
model name	: Intel(R) Pentium(R) CPU G4600 @ 3.60GHz
stepping	: 9
microcode	: 0x5e
cpu MHz		: 3600.007
cache size	: 3072 KB
physical id	: 0
siblings	: 1
core id		: 0
cpu cores	: 1
apicid		: 0
initial apicid	: 0
fpu		: yes
fpu_exception	: yes
cpuid level	: 22
wp		: yes
flags		: fpu vme de pse tsc msr pae mce cx8 apic sep mtrr pge mca cmov pat pse36 clflush mmx fxsr sse sse2 ss syscall nx pdpe1gb rdtscp lm constant_tsc arch_perfmon nopl xtopology tsc_reliable nonstop_tsc cpuid pni pclmulqdq ssse3 cx16 pcid sse4_1 sse4_2 x2apic movbe popcnt tsc_deadline_timer aes xsave rdrand hypervisor lahf_lm abm 3dnowprefetch cpuid_fault invpcid_single pti fsgsbase tsc_adjust smep invpcid mpx rdseed smap clflushopt xsaveopt xsavec xsaves arat
bugs		: cpu_meltdown spectre_v1 spectre_v2
bogomips	: 7200.01
clflush size	: 64
cache_alignment	: 64
address sizes	: 43 bits physical, 48 bits virtual
power management:

processor	: 1
vendor_id	: GenuineIntel
cpu family	: 6
model		: 158
model name	: Intel(R) Pentium(R) CPU G4600 @ 3.60GHz
stepping	: 9
microcode	: 0x5e
cpu MHz		: 3600.007
cache size	: 3072 KB
physical id	: 2
siblings	: 1
core id		: 0
cpu cores	: 1
apicid		: 2
initial apicid	: 2
fpu		: yes
fpu_exception	: yes
cpuid level	: 22
wp		: yes
flags		: fpu vme de pse tsc msr pae mce cx8 apic sep mtrr pge mca cmov pat pse36 clflush mmx fxsr sse sse2 ss syscall nx pdpe1gb rdtscp lm constant_tsc arch_perfmon nopl xtopology tsc_reliable nonstop_tsc cpuid pni pclmulqdq ssse3 cx16 pcid sse4_1 sse4_2 x2apic movbe popcnt tsc_deadline_timer aes xsave rdrand hypervisor lahf_lm abm 3dnowprefetch cpuid_fault invpcid_single pti fsgsbase tsc_adjust smep invpcid mpx rdseed smap clflushopt xsaveopt xsavec xsaves arat
bugs		: cpu_meltdown spectre_v1 spectre_v2
bogomips	: 7200.01
clflush size	: 64
cache_alignment	: 64
address sizes	: 43 bits physical, 48 bits virtual
power management:

processor	: 2
vendor_id	: GenuineIntel
cpu family	: 6
model		: 158
model name	: Intel(R) Pentium(R) CPU G4600 @ 3.60GHz
stepping	: 9
microcode	: 0x5e
cpu MHz		: 3600.007
cache size	: 3072 KB
physical id	: 4
siblings	: 1
core id		: 0
cpu cores	: 1
apicid		: 4
initial apicid	: 4
fpu		: yes
fpu_exception	: yes
cpuid level	: 22
wp		: yes
flags		: fpu vme de pse tsc msr pae mce cx8 apic sep mtrr pge mca cmov pat pse36 clflush mmx fxsr sse sse2 ss syscall nx pdpe1gb rdtscp lm constant_tsc arch_perfmon nopl xtopology tsc_reliable nonstop_tsc cpuid pni pclmulqdq ssse3 cx16 pcid sse4_1 sse4_2 x2apic movbe popcnt tsc_deadline_timer aes xsave rdrand hypervisor lahf_lm abm 3dnowprefetch cpuid_fault invpcid_single pti fsgsbase tsc_adjust smep invpcid mpx rdseed smap clflushopt xsaveopt xsavec xsaves arat
bugs		: cpu_meltdown spectre_v1 spectre_v2
bogomips	: 7200.01
clflush size	: 64
cache_alignment	: 64
address sizes	: 43 bits physical, 48 bits virtual
power management:

processor	: 3
vendor_id	: GenuineIntel
cpu family	: 6
model		: 158
model name	: Intel(R) Pentium(R) CPU G4600 @ 3.60GHz
stepping	: 9
microcode	: 0x5e
cpu MHz		: 3600.007
cache size	: 3072 KB
physical id	: 6
siblings	: 1
core id		: 0
cpu cores	: 1
apicid		: 6
initial apicid	: 6
fpu		: yes
fpu_exception	: yes
cpuid level	: 22
wp		: yes
flags		: fpu vme de pse tsc msr pae mce cx8 apic sep mtrr pge mca cmov pat pse36 clflush mmx fxsr sse sse2 ss syscall nx pdpe1gb rdtscp lm constant_tsc arch_perfmon nopl xtopology tsc_reliable nonstop_tsc cpuid pni pclmulqdq ssse3 cx16 pcid sse4_1 sse4_2 x2apic movbe popcnt tsc_deadline_timer aes xsave rdrand hypervisor lahf_lm abm 3dnowprefetch cpuid_fault invpcid_single pti fsgsbase tsc_adjust smep invpcid mpx rdseed smap clflushopt xsaveopt xsavec xsaves arat
bugs		: cpu_meltdown spectre_v1 spectre_v2
bogomips	: 7200.01
clflush size	: 64
cache_alignment	: 64
address sizes	: 43 bits physical, 48 bits virtual
power management:



Memory: 4k page, physical 8145220k(364668k free), swap 1045500k(1024252k free)

vm_info: Java HotSpot(TM) 64-Bit Server VM (25.161-b12) for linux-amd64 JRE (1.8.0_161-b12), built on Dec 19 2017 16:12:43 by "java_re" with gcc 4.3.0 20080428 (Red Hat 4.3.0-8)

time: Mon Feb 12 09:12:34 2018
elapsed time: 0 seconds (0d 0h 0m 0s)

