#
# A fatal error has been detected by the Java Runtime Environment:
#
#  SIGSEGV (0xb) at pc=0x00007fe4f3cfd4e7, pid=11582, tid=0x00007fe515694700
#
# JRE version: Java(TM) SE Runtime Environment (8.0_161-b12) (build 1.8.0_161-b12)
# Java VM: Java HotSpot(TM) 64-Bit Server VM (25.161-b12 mixed mode linux-amd64 compressed oops)
# Problematic frame:
# C  [libhash_table.so+0x14e7]  Java_HashTable_ht_1search+0x5f
#
# Failed to write core dump. Core dumps have been disabled. To enable core dumping, try "ulimit -c unlimited" before starting Java again
#
# If you would like to submit a bug report, please visit:
#   http://bugreport.java.com/bugreport/crash.jsp
# The crash happened outside the Java Virtual Machine in native code.
# See problematic frame for where to report the bug.
#

---------------  T H R E A D  ---------------

Current thread (0x00007fe50c00a800):  JavaThread "main" [_thread_in_native, id=11583, stack(0x00007fe515594000,0x00007fe515695000)]

siginfo: si_signo: 11 (SIGSEGV), si_code: 1 (SEGV_MAPERR), si_addr: 0x0000000000000000

Registers:
RAX=0x0000000000000000, RBX=0x00007fe5110c3538, RCX=0x0000000000000005, RDX=0x0000000000000008
RSP=0x00007fe515693830, RBP=0x00007fe515693860, RSI=0x00000000401c0000, RDI=0x00007fe515693834
R8 =0x0000000000000000, R9 =0x000000000000000d, R10=0x00000000ffffffff, R11=0x0000000000000000
R12=0x0000000000000000, R13=0x00007fe5110c3538, R14=0x00007fe515693910, R15=0x00007fe50c00a800
RIP=0x00007fe4f3cfd4e7, EFLAGS=0x0000000000010246, CSGSFS=0x002b000000000033, ERR=0x0000000000000004
  TRAPNO=0x000000000000000e

Top of Stack: (sp=0x00007fe515693830)
0x00007fe515693830:   000000330c00a800 00007fe50c111630
0x00007fe515693840:   00007fe515693910 00007fe50c00a9f8
0x00007fe515693850:   00007fe50c111630 00007fe515693834
0x00007fe515693860:   00007fe5156938d8 00007fe4fd018107
0x00007fe515693870:   00007fe5110c35d0 0000000000000000
0x00007fe515693880:   00007fe5156938d8 00007fe4fd017e67
0x00007fe515693890:   00007fe4fd017e22 00007fe515693898
0x00007fe5156938a0:   0000000000000000 00007fe515693910
0x00007fe5156938b0:   00007fe5110c3888 0000000000000000
0x00007fe5156938c0:   00007fe5110c3538 0000000000000000
0x00007fe5156938d0:   00007fe5156938f8 00007fe515693958
0x00007fe5156938e0:   00007fe4fd007b60 0000000000000000
0x00007fe5156938f0:   00007fe4fd011d0a 0000000000000033
0x00007fe515693900:   00007fe50c111630 00000000d6973318
0x00007fe515693910:   00000000d6972d28 00007fe515693918
0x00007fe515693920:   00007fe5110c3768 00007fe515693988
0x00007fe515693930:   00007fe5110c3888 0000000000000000
0x00007fe515693940:   00007fe5110c3798 00007fe5156938f8
0x00007fe515693950:   00007fe515693988 00007fe5156939f0
0x00007fe515693960:   00007fe4fd0007a7 0000000000000000
0x00007fe515693970:   00007fe50c111630 0000000000000000
0x00007fe515693980:   00000000d6972d28 00000000d6972d18
0x00007fe515693990:   0000000000001fa0 0000000000000000
0x00007fe5156939a0:   00007fe50c00a800 00007fe515693a70
0x00007fe5156939b0:   00007fe515693c30 00007fe515693a30
0x00007fe5156939c0:   00007fe515693a30 00007fe515693d78
0x00007fe5156939d0:   00007fe50000000a 00007fe5110c3798
0x00007fe5156939e0:   00007fe4fd013600 00007fe515693bb8
0x00007fe5156939f0:   00007fe515693b60 00007fe514123ae6
0x00007fe515693a00:   00007fe500000001 00007fe50c00a800
0x00007fe515693a10:   00007fe515693bb0 00007fe515693d70
0x00007fe515693a20:   00007fe4fd013600 000000000000000a 

Instructions: (pc=0x00007fe4f3cfd4e7)
0x00007fe4f3cfd4c7:   e8 14 f6 ff ff 48 8d 45 d4 48 89 45 f8 48 8b 55
0x00007fe4f3cfd4d7:   f8 48 8b 45 f0 48 89 d6 48 89 c7 e8 19 f6 ff ff
0x00007fe4f3cfd4e7:   0f b6 00 66 98 c9 c3 55 48 89 e5 48 83 ec 30 48
0x00007fe4f3cfd4f7:   89 7d e8 48 89 75 e0 48 89 55 d8 89 c8 66 89 45 

Register to memory mapping:

RAX=0x0000000000000000 is an unknown value
RBX={method} {0x00007fe5110c3538} 'ht_search' '(JC)C' in 'HashTable'
RCX=0x0000000000000005 is an unknown value
RDX=0x0000000000000008 is an unknown value
RSP=0x00007fe515693830 is pointing into the stack for thread: 0x00007fe50c00a800
RBP=0x00007fe515693860 is pointing into the stack for thread: 0x00007fe50c00a800
RSI=0x00000000401c0000 is an unknown value
RDI=0x00007fe515693834 is pointing into the stack for thread: 0x00007fe50c00a800
R8 =0x0000000000000000 is an unknown value
R9 =0x000000000000000d is an unknown value
R10=0x00000000ffffffff is an unallocated location in the heap
R11=0x0000000000000000 is an unknown value
R12=0x0000000000000000 is an unknown value
R13={method} {0x00007fe5110c3538} 'ht_search' '(JC)C' in 'HashTable'
R14=0x00007fe515693910 is pointing into the stack for thread: 0x00007fe50c00a800
R15=0x00007fe50c00a800 is a thread


Stack: [0x00007fe515594000,0x00007fe515695000],  sp=0x00007fe515693830,  free space=1022k
Native frames: (J=compiled Java code, j=interpreted, Vv=VM code, C=native code)
C  [libhash_table.so+0x14e7]  Java_HashTable_ht_1search+0x5f
j  HashTable.ht_search(JC)C+0
j  HashTable.main([Ljava/lang/String;)V+104
v  ~StubRoutines::call_stub
V  [libjvm.so+0x695ae6]  JavaCalls::call_helper(JavaValue*, methodHandle*, JavaCallArguments*, Thread*)+0x1056
V  [libjvm.so+0x6d7072]  jni_invoke_static(JNIEnv_*, JavaValue*, _jobject*, JNICallType, _jmethodID*, JNI_ArgumentPusher*, Thread*)+0x362
V  [libjvm.so+0x6f38da]  jni_CallStaticVoidMethod+0x17a
C  [libjli.so+0x80ff]  JavaMain+0x81f
C  [libpthread.so.0+0x76ba]  start_thread+0xca

Java frames: (J=compiled Java code, j=interpreted, Vv=VM code)
j  HashTable.ht_search(JC)C+0
j  HashTable.main([Ljava/lang/String;)V+104
v  ~StubRoutines::call_stub

---------------  P R O C E S S  ---------------

Java Threads: ( => current thread )
  0x00007fe50c0c9000 JavaThread "Service Thread" daemon [_thread_blocked, id=11595, stack(0x00007fe4f80ea000,0x00007fe4f81eb000)]
  0x00007fe50c0be000 JavaThread "C1 CompilerThread2" daemon [_thread_blocked, id=11594, stack(0x00007fe4f81eb000,0x00007fe4f82ec000)]
  0x00007fe50c0bc000 JavaThread "C2 CompilerThread1" daemon [_thread_blocked, id=11593, stack(0x00007fe4f82ec000,0x00007fe4f83ed000)]
  0x00007fe50c0b9000 JavaThread "C2 CompilerThread0" daemon [_thread_blocked, id=11592, stack(0x00007fe4f83ed000,0x00007fe4f84ee000)]
  0x00007fe50c0b7800 JavaThread "Signal Dispatcher" daemon [_thread_blocked, id=11591, stack(0x00007fe4f84ee000,0x00007fe4f85ef000)]
  0x00007fe50c084800 JavaThread "Finalizer" daemon [_thread_blocked, id=11590, stack(0x00007fe4f88c7000,0x00007fe4f89c8000)]
  0x00007fe50c080000 JavaThread "Reference Handler" daemon [_thread_blocked, id=11589, stack(0x00007fe4f89c8000,0x00007fe4f8ac9000)]
=>0x00007fe50c00a800 JavaThread "main" [_thread_in_native, id=11583, stack(0x00007fe515594000,0x00007fe515695000)]

Other Threads:
  0x00007fe50c078000 VMThread [stack: 0x00007fe4f8ac9000,0x00007fe4f8bca000] [id=11588]
  0x00007fe50c0ce000 WatcherThread [stack: 0x00007fe4f3eff000,0x00007fe4f4000000] [id=11596]

VM state:not at safepoint (normal execution)

VM Mutex/Monitor currently owned by a thread: None

Heap:
 PSYoungGen      total 37888K, used 1310K [0x00000000d6900000, 0x00000000d9300000, 0x0000000100000000)
  eden space 32768K, 4% used [0x00000000d6900000,0x00000000d6a47b08,0x00000000d8900000)
  from space 5120K, 0% used [0x00000000d8e00000,0x00000000d8e00000,0x00000000d9300000)
  to   space 5120K, 0% used [0x00000000d8900000,0x00000000d8900000,0x00000000d8e00000)
 ParOldGen       total 86016K, used 0K [0x0000000083a00000, 0x0000000088e00000, 0x00000000d6900000)
  object space 86016K, 0% used [0x0000000083a00000,0x0000000083a00000,0x0000000088e00000)
 Metaspace       used 2620K, capacity 4486K, committed 4864K, reserved 1056768K
  class space    used 283K, capacity 386K, committed 512K, reserved 1048576K

Card table byte_map: [0x00007fe511f42000,0x00007fe512326000] byte_map_base: 0x00007fe511b25000

Marking Bits: (ParMarkBitMap*) 0x00007fe514a5d920
 Begin Bits: [0x00007fe4f91d0000, 0x00007fe4fb0e8000)
 End Bits:   [0x00007fe4fb0e8000, 0x00007fe4fd000000)

Polling page: 0x00007fe5156b0000

CodeCache: size=245760Kb used=1108Kb max_used=1111Kb free=244651Kb
 bounds [0x00007fe4fd000000, 0x00007fe4fd270000, 0x00007fe50c000000]
 total_blobs=251 nmethods=22 adapters=144
 compilation: enabled

Compilation events (10 events):
Event: 0.067 Thread 0x00007fe50c0be000 nmethod 20 0x00007fe4fd112010 code [0x00007fe4fd1121e0, 0x00007fe4fd112b68]
Event: 0.067 Thread 0x00007fe50c0be000   17       3       sun.misc.JarIndex::addToList (59 bytes)
Event: 0.068 Thread 0x00007fe50c0b9000 nmethod 15 0x00007fe4fd115c90 code [0x00007fe4fd115de0, 0x00007fe4fd116038]
Event: 0.068 Thread 0x00007fe50c0be000 nmethod 17 0x00007fe4fd1149d0 code [0x00007fe4fd114c00, 0x00007fe4fd115738]
Event: 0.068 Thread 0x00007fe50c0be000   21       3       java.util.LinkedList::add (7 bytes)
Event: 0.068 Thread 0x00007fe50c0be000 nmethod 21 0x00007fe4fd114610 code [0x00007fe4fd114780, 0x00007fe4fd114928]
Event: 0.068 Thread 0x00007fe50c0be000   16       3       java.util.HashMap::get (23 bytes)
Event: 0.068 Thread 0x00007fe50c0be000 nmethod 16 0x00007fe4fd113f10 code [0x00007fe4fd1140a0, 0x00007fe4fd114498]
Event: 0.068 Thread 0x00007fe50c0be000   22       1       java.lang.ThreadLocal::access$400 (5 bytes)
Event: 0.069 Thread 0x00007fe50c0be000 nmethod 22 0x00007fe4fd113c50 code [0x00007fe4fd113da0, 0x00007fe4fd113e90]

GC Heap History (0 events):
No events

Deoptimization events (0 events):
No events

Classes redefined (0 events):
No events

Internal exceptions (2 events):
Event: 0.028 Thread 0x00007fe50c00a800 Exception <a 'java/lang/NoSuchMethodError': Method sun.misc.Unsafe.defineClass(Ljava/lang/String;[BII)Ljava/lang/Class; name or signature does not match> (0x00000000d6907ca0) thrown at [/HUDSON/workspace/8-2-build-linux-amd64/jdk8u161/10277/hotspot/src/sh
Event: 0.028 Thread 0x00007fe50c00a800 Exception <a 'java/lang/NoSuchMethodError': Method sun.misc.Unsafe.prefetchRead(Ljava/lang/Object;J)V name or signature does not match> (0x00000000d6907f88) thrown at [/HUDSON/workspace/8-2-build-linux-amd64/jdk8u161/10277/hotspot/src/share/vm/prims/jni.c

Events (10 events):
Event: 0.069 loading class java/security/BasicPermissionCollection
Event: 0.069 loading class java/security/BasicPermissionCollection done
Event: 0.070 loading class sun/launcher/LauncherHelper$FXHelper
Event: 0.070 loading class sun/launcher/LauncherHelper$FXHelper done
Event: 0.070 loading class java/lang/Class$MethodArray
Event: 0.070 loading class java/lang/Class$MethodArray done
Event: 0.070 loading class java/lang/Void
Event: 0.070 loading class java/lang/Void done
Event: 0.070 loading class java/lang/ClassLoaderHelper
Event: 0.070 loading class java/lang/ClassLoaderHelper done


Dynamic libraries:
00400000-00401000 r-xp 00000000 08:01 2490962                            /usr/lib/jvm/java-8-oracle/jre/bin/java
00600000-00601000 rw-p 00000000 08:01 2490962                            /usr/lib/jvm/java-8-oracle/jre/bin/java
010ae000-010cf000 rw-p 00000000 00:00 0                                  [heap]
83a00000-88e00000 rw-p 00000000 00:00 0 
88e00000-d6900000 ---p 00000000 00:00 0 
d6900000-d9300000 rw-p 00000000 00:00 0 
d9300000-100000000 ---p 00000000 00:00 0 
100000000-100080000 rw-p 00000000 00:00 0 
100080000-140000000 ---p 00000000 00:00 0 
7fe4bc000000-7fe4bc021000 rw-p 00000000 00:00 0 
7fe4bc021000-7fe4c0000000 ---p 00000000 00:00 0 
7fe4c0000000-7fe4c0021000 rw-p 00000000 00:00 0 
7fe4c0021000-7fe4c4000000 ---p 00000000 00:00 0 
7fe4c4000000-7fe4c4021000 rw-p 00000000 00:00 0 
7fe4c4021000-7fe4c8000000 ---p 00000000 00:00 0 
7fe4c8000000-7fe4c805e000 rw-p 00000000 00:00 0 
7fe4c805e000-7fe4cc000000 ---p 00000000 00:00 0 
7fe4cc000000-7fe4cc099000 rw-p 00000000 00:00 0 
7fe4cc099000-7fe4d0000000 ---p 00000000 00:00 0 
7fe4d0000000-7fe4d0021000 rw-p 00000000 00:00 0 
7fe4d0021000-7fe4d4000000 ---p 00000000 00:00 0 
7fe4d4000000-7fe4d4021000 rw-p 00000000 00:00 0 
7fe4d4021000-7fe4d8000000 ---p 00000000 00:00 0 
7fe4d8000000-7fe4d8021000 rw-p 00000000 00:00 0 
7fe4d8021000-7fe4dc000000 ---p 00000000 00:00 0 
7fe4dc000000-7fe4dc021000 rw-p 00000000 00:00 0 
7fe4dc021000-7fe4e0000000 ---p 00000000 00:00 0 
7fe4e0000000-7fe4e0021000 rw-p 00000000 00:00 0 
7fe4e0021000-7fe4e4000000 ---p 00000000 00:00 0 
7fe4e4000000-7fe4e4021000 rw-p 00000000 00:00 0 
7fe4e4021000-7fe4e8000000 ---p 00000000 00:00 0 
7fe4ec000000-7fe4ec021000 rw-p 00000000 00:00 0 
7fe4ec021000-7fe4f0000000 ---p 00000000 00:00 0 
7fe4f3a74000-7fe4f3cfc000 rw-p 00000000 00:00 0 
7fe4f3cfc000-7fe4f3cfe000 r-xp 00000000 08:01 1192527                    /home/antchil/Documents/module-2.2/hash_table_JNI/libhash_table.so
7fe4f3cfe000-7fe4f3efd000 ---p 00002000 08:01 1192527                    /home/antchil/Documents/module-2.2/hash_table_JNI/libhash_table.so
7fe4f3efd000-7fe4f3efe000 r--p 00001000 08:01 1192527                    /home/antchil/Documents/module-2.2/hash_table_JNI/libhash_table.so
7fe4f3efe000-7fe4f3eff000 rw-p 00002000 08:01 1192527                    /home/antchil/Documents/module-2.2/hash_table_JNI/libhash_table.so
7fe4f3eff000-7fe4f3f00000 ---p 00000000 00:00 0 
7fe4f3f00000-7fe4f4000000 rw-p 00000000 00:00 0 
7fe4f4000000-7fe4f4021000 rw-p 00000000 00:00 0 
7fe4f4021000-7fe4f8000000 ---p 00000000 00:00 0 
7fe4f80ea000-7fe4f80ed000 ---p 00000000 00:00 0 
7fe4f80ed000-7fe4f81eb000 rw-p 00000000 00:00 0 
7fe4f81eb000-7fe4f81ee000 ---p 00000000 00:00 0 
7fe4f81ee000-7fe4f82ec000 rw-p 00000000 00:00 0 
7fe4f82ec000-7fe4f82ef000 ---p 00000000 00:00 0 
7fe4f82ef000-7fe4f83ed000 rw-p 00000000 00:00 0 
7fe4f83ed000-7fe4f83f0000 ---p 00000000 00:00 0 
7fe4f83f0000-7fe4f84ee000 rw-p 00000000 00:00 0 
7fe4f84ee000-7fe4f84f1000 ---p 00000000 00:00 0 
7fe4f84f1000-7fe4f85ef000 rw-p 00000000 00:00 0 
7fe4f85ef000-7fe4f88c7000 r--p 00000000 08:01 2360788                    /usr/lib/locale/locale-archive
7fe4f88c7000-7fe4f88ca000 ---p 00000000 00:00 0 
7fe4f88ca000-7fe4f89c8000 rw-p 00000000 00:00 0 
7fe4f89c8000-7fe4f89cb000 ---p 00000000 00:00 0 
7fe4f89cb000-7fe4f8ac9000 rw-p 00000000 00:00 0 
7fe4f8ac9000-7fe4f8aca000 ---p 00000000 00:00 0 
7fe4f8aca000-7fe4fd000000 rw-p 00000000 00:00 0 
7fe4fd000000-7fe4fd270000 rwxp 00000000 00:00 0 
7fe4fd270000-7fe50c000000 ---p 00000000 00:00 0 
7fe50c000000-7fe50c134000 rw-p 00000000 00:00 0 
7fe50c134000-7fe510000000 ---p 00000000 00:00 0 
7fe510002000-7fe510098000 r--s 0110a000 08:01 2491209                    /usr/lib/jvm/java-8-oracle/jre/lib/ext/jfxrt.jar
7fe510098000-7fe510a74000 rw-p 00000000 00:00 0 
7fe510a74000-7fe510c4d000 r--s 03d64000 08:01 2491062                    /usr/lib/jvm/java-8-oracle/jre/lib/rt.jar
7fe510c4d000-7fe511103000 rw-p 00000000 00:00 0 
7fe511103000-7fe5114c3000 ---p 00000000 00:00 0 
7fe5114c3000-7fe5118a6000 rw-p 00000000 00:00 0 
7fe5118a6000-7fe5118a7000 ---p 00000000 00:00 0 
7fe5118a7000-7fe5119a7000 rw-p 00000000 00:00 0 
7fe5119a7000-7fe5119a8000 ---p 00000000 00:00 0 
7fe5119a8000-7fe511aa8000 rw-p 00000000 00:00 0 
7fe511aa8000-7fe511aa9000 ---p 00000000 00:00 0 
7fe511aa9000-7fe511ba9000 rw-p 00000000 00:00 0 
7fe511ba9000-7fe511baa000 ---p 00000000 00:00 0 
7fe511baa000-7fe511cd4000 rw-p 00000000 00:00 0 
7fe511cd4000-7fe511f42000 ---p 00000000 00:00 0 
7fe511f42000-7fe511f6c000 rw-p 00000000 00:00 0 
7fe511f6c000-7fe5121d9000 ---p 00000000 00:00 0 
7fe5121d9000-7fe5121ef000 rw-p 00000000 00:00 0 
7fe5121ef000-7fe512325000 ---p 00000000 00:00 0 
7fe512325000-7fe512330000 rw-p 00000000 00:00 0 
7fe512330000-7fe5126e6000 ---p 00000000 00:00 0 
7fe5126e6000-7fe512701000 r-xp 00000000 08:01 2491134                    /usr/lib/jvm/java-8-oracle/jre/lib/amd64/libzip.so
7fe512701000-7fe512901000 ---p 0001b000 08:01 2491134                    /usr/lib/jvm/java-8-oracle/jre/lib/amd64/libzip.so
7fe512901000-7fe512902000 rw-p 0001b000 08:01 2491134                    /usr/lib/jvm/java-8-oracle/jre/lib/amd64/libzip.so
7fe512902000-7fe51290d000 r-xp 00000000 08:01 1451889                    /lib/x86_64-linux-gnu/libnss_files-2.23.so
7fe51290d000-7fe512b0c000 ---p 0000b000 08:01 1451889                    /lib/x86_64-linux-gnu/libnss_files-2.23.so
7fe512b0c000-7fe512b0d000 r--p 0000a000 08:01 1451889                    /lib/x86_64-linux-gnu/libnss_files-2.23.so
7fe512b0d000-7fe512b0e000 rw-p 0000b000 08:01 1451889                    /lib/x86_64-linux-gnu/libnss_files-2.23.so
7fe512b0e000-7fe512b14000 rw-p 00000000 00:00 0 
7fe512b14000-7fe512b1f000 r-xp 00000000 08:01 1451898                    /lib/x86_64-linux-gnu/libnss_nis-2.23.so
7fe512b1f000-7fe512d1e000 ---p 0000b000 08:01 1451898                    /lib/x86_64-linux-gnu/libnss_nis-2.23.so
7fe512d1e000-7fe512d1f000 r--p 0000a000 08:01 1451898                    /lib/x86_64-linux-gnu/libnss_nis-2.23.so
7fe512d1f000-7fe512d20000 rw-p 0000b000 08:01 1451898                    /lib/x86_64-linux-gnu/libnss_nis-2.23.so
7fe512d20000-7fe512d36000 r-xp 00000000 08:01 1451823                    /lib/x86_64-linux-gnu/libnsl-2.23.so
7fe512d36000-7fe512f35000 ---p 00016000 08:01 1451823                    /lib/x86_64-linux-gnu/libnsl-2.23.so
7fe512f35000-7fe512f36000 r--p 00015000 08:01 1451823                    /lib/x86_64-linux-gnu/libnsl-2.23.so
7fe512f36000-7fe512f37000 rw-p 00016000 08:01 1451823                    /lib/x86_64-linux-gnu/libnsl-2.23.so
7fe512f37000-7fe512f39000 rw-p 00000000 00:00 0 
7fe512f39000-7fe512f41000 r-xp 00000000 08:01 1451872                    /lib/x86_64-linux-gnu/libnss_compat-2.23.so
7fe512f41000-7fe513140000 ---p 00008000 08:01 1451872                    /lib/x86_64-linux-gnu/libnss_compat-2.23.so
7fe513140000-7fe513141000 r--p 00007000 08:01 1451872                    /lib/x86_64-linux-gnu/libnss_compat-2.23.so
7fe513141000-7fe513142000 rw-p 00008000 08:01 1451872                    /lib/x86_64-linux-gnu/libnss_compat-2.23.so
7fe513142000-7fe51316d000 r-xp 00000000 08:01 2491128                    /usr/lib/jvm/java-8-oracle/jre/lib/amd64/libjava.so
7fe51316d000-7fe51336c000 ---p 0002b000 08:01 2491128                    /usr/lib/jvm/java-8-oracle/jre/lib/amd64/libjava.so
7fe51336c000-7fe51336e000 rw-p 0002a000 08:01 2491128                    /usr/lib/jvm/java-8-oracle/jre/lib/amd64/libjava.so
7fe51336e000-7fe51337b000 r-xp 00000000 08:01 2491133                    /usr/lib/jvm/java-8-oracle/jre/lib/amd64/libverify.so
7fe51337b000-7fe51357b000 ---p 0000d000 08:01 2491133                    /usr/lib/jvm/java-8-oracle/jre/lib/amd64/libverify.so
7fe51357b000-7fe51357d000 rw-p 0000d000 08:01 2491133                    /usr/lib/jvm/java-8-oracle/jre/lib/amd64/libverify.so
7fe51357d000-7fe513584000 r-xp 00000000 08:01 1451899                    /lib/x86_64-linux-gnu/librt-2.23.so
7fe513584000-7fe513783000 ---p 00007000 08:01 1451899                    /lib/x86_64-linux-gnu/librt-2.23.so
7fe513783000-7fe513784000 r--p 00006000 08:01 1451899                    /lib/x86_64-linux-gnu/librt-2.23.so
7fe513784000-7fe513785000 rw-p 00007000 08:01 1451899                    /lib/x86_64-linux-gnu/librt-2.23.so
7fe513785000-7fe51388d000 r-xp 00000000 08:01 1451812                    /lib/x86_64-linux-gnu/libm-2.23.so
7fe51388d000-7fe513a8c000 ---p 00108000 08:01 1451812                    /lib/x86_64-linux-gnu/libm-2.23.so
7fe513a8c000-7fe513a8d000 r--p 00107000 08:01 1451812                    /lib/x86_64-linux-gnu/libm-2.23.so
7fe513a8d000-7fe513a8e000 rw-p 00108000 08:01 1451812                    /lib/x86_64-linux-gnu/libm-2.23.so
7fe513a8e000-7fe514767000 r-xp 00000000 08:01 2491156                    /usr/lib/jvm/java-8-oracle/jre/lib/amd64/server/libjvm.so
7fe514767000-7fe514966000 ---p 00cd9000 08:01 2491156                    /usr/lib/jvm/java-8-oracle/jre/lib/amd64/server/libjvm.so
7fe514966000-7fe514a3f000 rw-p 00cd8000 08:01 2491156                    /usr/lib/jvm/java-8-oracle/jre/lib/amd64/server/libjvm.so
7fe514a3f000-7fe514a8b000 rw-p 00000000 00:00 0 
7fe514a8b000-7fe514c4b000 r-xp 00000000 08:01 1451840                    /lib/x86_64-linux-gnu/libc-2.23.so
7fe514c4b000-7fe514e4b000 ---p 001c0000 08:01 1451840                    /lib/x86_64-linux-gnu/libc-2.23.so
7fe514e4b000-7fe514e4f000 r--p 001c0000 08:01 1451840                    /lib/x86_64-linux-gnu/libc-2.23.so
7fe514e4f000-7fe514e51000 rw-p 001c4000 08:01 1451840                    /lib/x86_64-linux-gnu/libc-2.23.so
7fe514e51000-7fe514e55000 rw-p 00000000 00:00 0 
7fe514e55000-7fe514e58000 r-xp 00000000 08:01 1451842                    /lib/x86_64-linux-gnu/libdl-2.23.so
7fe514e58000-7fe515057000 ---p 00003000 08:01 1451842                    /lib/x86_64-linux-gnu/libdl-2.23.so
7fe515057000-7fe515058000 r--p 00002000 08:01 1451842                    /lib/x86_64-linux-gnu/libdl-2.23.so
7fe515058000-7fe515059000 rw-p 00003000 08:01 1451842                    /lib/x86_64-linux-gnu/libdl-2.23.so
7fe515059000-7fe51506f000 r-xp 00000000 08:01 2491152                    /usr/lib/jvm/java-8-oracle/jre/lib/amd64/jli/libjli.so
7fe51506f000-7fe51526e000 ---p 00016000 08:01 2491152                    /usr/lib/jvm/java-8-oracle/jre/lib/amd64/jli/libjli.so
7fe51526e000-7fe51526f000 rw-p 00015000 08:01 2491152                    /usr/lib/jvm/java-8-oracle/jre/lib/amd64/jli/libjli.so
7fe51526f000-7fe515287000 r-xp 00000000 08:01 1451839                    /lib/x86_64-linux-gnu/libpthread-2.23.so
7fe515287000-7fe515486000 ---p 00018000 08:01 1451839                    /lib/x86_64-linux-gnu/libpthread-2.23.so
7fe515486000-7fe515487000 r--p 00017000 08:01 1451839                    /lib/x86_64-linux-gnu/libpthread-2.23.so
7fe515487000-7fe515488000 rw-p 00018000 08:01 1451839                    /lib/x86_64-linux-gnu/libpthread-2.23.so
7fe515488000-7fe51548c000 rw-p 00000000 00:00 0 
7fe51548c000-7fe5154b2000 r-xp 00000000 08:01 1451838                    /lib/x86_64-linux-gnu/ld-2.23.so
7fe5154c9000-7fe515594000 rw-p 00000000 00:00 0 
7fe515594000-7fe515597000 ---p 00000000 00:00 0 
7fe515597000-7fe51569a000 rw-p 00000000 00:00 0 
7fe5156a7000-7fe5156af000 rw-s 00000000 08:01 2228286                    /tmp/hsperfdata_antchil/11582
7fe5156af000-7fe5156b0000 rw-p 00000000 00:00 0 
7fe5156b0000-7fe5156b1000 r--p 00000000 00:00 0 
7fe5156b1000-7fe5156b2000 r--p 00025000 08:01 1451838                    /lib/x86_64-linux-gnu/ld-2.23.so
7fe5156b2000-7fe5156b3000 rw-p 00026000 08:01 1451838                    /lib/x86_64-linux-gnu/ld-2.23.so
7fe5156b3000-7fe5156b4000 rw-p 00000000 00:00 0 
7ffe1ee79000-7ffe1ee9b000 rw-p 00000000 00:00 0                          [stack]
7ffe1ef82000-7ffe1ef85000 r--p 00000000 00:00 0                          [vvar]
7ffe1ef85000-7ffe1ef87000 r-xp 00000000 00:00 0                          [vdso]
ffffffffff600000-ffffffffff601000 r-xp 00000000 00:00 0                  [vsyscall]

VM Arguments:
jvm_args: -Djava.library.path=. 
java_command: HashTable
java_class_path (initial): .
Launcher Type: SUN_STANDARD

Environment Variables:
JAVA_HOME=/usr/lib/jvm/java-8-oracle
JRE_HOME=/usr/lib/jvm/java-8-oracle/jre
PATH=/home/antchil/bin:/home/antchil/.local/bin:/home/antchil/bin:/home/antchil/.local/bin:/usr/local/sbin:/usr/local/bin:/usr/sbin:/usr/bin:/sbin:/bin:/usr/games:/usr/local/games:/snap/bin:/usr/lib/jvm/java-8-oracle/bin:/usr/lib/jvm/java-8-oracle/db/bin:/usr/lib/jvm/java-8-oracle/jre/bin:/snap/bin:/usr/lib/jvm/java-8-oracle/bin:/usr/lib/jvm/java-8-oracle/db/bin:/usr/lib/jvm/java-8-oracle/jre/bin:/home/antchil/Documents/linux-master/script:/home/antchil/Documents/linux-master/script
SHELL=/bin/bash
DISPLAY=:0

Signal Handlers:
SIGSEGV: [libjvm.so+0xad01e0], sa_mask[0]=11111111011111111101111111111110, sa_flags=SA_RESTART|SA_SIGINFO
SIGBUS: [libjvm.so+0xad01e0], sa_mask[0]=11111111011111111101111111111110, sa_flags=SA_RESTART|SA_SIGINFO
SIGFPE: [libjvm.so+0x927fb0], sa_mask[0]=11111111011111111101111111111110, sa_flags=SA_RESTART|SA_SIGINFO
SIGPIPE: [libjvm.so+0x927fb0], sa_mask[0]=11111111011111111101111111111110, sa_flags=SA_RESTART|SA_SIGINFO
SIGXFSZ: [libjvm.so+0x927fb0], sa_mask[0]=11111111011111111101111111111110, sa_flags=SA_RESTART|SA_SIGINFO
SIGILL: [libjvm.so+0x927fb0], sa_mask[0]=11111111011111111101111111111110, sa_flags=SA_RESTART|SA_SIGINFO
SIGUSR1: SIG_DFL, sa_mask[0]=00000000000000000000000000000000, sa_flags=none
SIGUSR2: [libjvm.so+0x9297f0], sa_mask[0]=00000000000000000000000000000000, sa_flags=SA_RESTART|SA_SIGINFO
SIGHUP: [libjvm.so+0x92abf0], sa_mask[0]=11111111011111111101111111111110, sa_flags=SA_RESTART|SA_SIGINFO
SIGINT: [libjvm.so+0x92abf0], sa_mask[0]=11111111011111111101111111111110, sa_flags=SA_RESTART|SA_SIGINFO
SIGTERM: [libjvm.so+0x92abf0], sa_mask[0]=11111111011111111101111111111110, sa_flags=SA_RESTART|SA_SIGINFO
SIGQUIT: [libjvm.so+0x92abf0], sa_mask[0]=11111111011111111101111111111110, sa_flags=SA_RESTART|SA_SIGINFO


---------------  S Y S T E M  ---------------

OS:DISTRIB_ID=Ubuntu
DISTRIB_RELEASE=16.04
DISTRIB_CODENAME=xenial
DISTRIB_DESCRIPTION="Ubuntu 16.04.2 LTS"

uname:Linux 4.13.0-32-generic #35~16.04.1-Ubuntu SMP Thu Jan 25 10:13:43 UTC 2018 x86_64
libc:glibc 2.23 NPTL 2.23 
rlimit: STACK 8192k, CORE 0k, NPROC 31612, NOFILE 1048576, AS infinity
load average:0.57 0.71 0.94

/proc/meminfo:
MemTotal:        8145220 kB
MemFree:          485268 kB
MemAvailable:    1847492 kB
Buffers:           77248 kB
Cached:          1530176 kB
SwapCached:         1732 kB
Active:          3038444 kB
Inactive:        1350488 kB
Active(anon):    2186800 kB
Inactive(anon):   664476 kB
Active(file):     851644 kB
Inactive(file):   686012 kB
Unevictable:          32 kB
Mlocked:              32 kB
SwapTotal:       1045500 kB
SwapFree:        1024252 kB
Dirty:               340 kB
Writeback:             0 kB
AnonPages:       2779728 kB
Mapped:           291380 kB
Shmem:             69768 kB
Slab:             158212 kB
SReclaimable:      91716 kB
SUnreclaim:        66496 kB
KernelStack:       14468 kB
PageTables:        43696 kB
NFS_Unstable:          0 kB
Bounce:                0 kB
WritebackTmp:          0 kB
CommitLimit:     5118108 kB
Committed_AS:    7898800 kB
VmallocTotal:   34359738367 kB
VmallocUsed:           0 kB
VmallocChunk:          0 kB
HardwareCorrupted:     0 kB
AnonHugePages:         0 kB
ShmemHugePages:        0 kB
ShmemPmdMapped:        0 kB
CmaTotal:              0 kB
CmaFree:               0 kB
HugePages_Total:       0
HugePages_Free:        0
HugePages_Rsvd:        0
HugePages_Surp:        0
Hugepagesize:       2048 kB
DirectMap4k:       87872 kB
DirectMap2M:     6203392 kB
DirectMap1G:     4194304 kB


CPU:total 4 (initial active 4) (1 cores per cpu, 1 threads per core) family 6 model 158 stepping 9, cmov, cx8, fxsr, mmx, sse, sse2, sse3, ssse3, sse4.1, sse4.2, popcnt, aes, clmul, erms, 3dnowpref, lzcnt, tsc, tscinvbit

/proc/cpuinfo:
processor	: 0
vendor_id	: GenuineIntel
cpu family	: 6
model		: 158
model name	: Intel(R) Pentium(R) CPU G4600 @ 3.60GHz
stepping	: 9
microcode	: 0x5e
cpu MHz		: 3600.007
cache size	: 3072 KB
physical id	: 0
siblings	: 1
core id		: 0
cpu cores	: 1
apicid		: 0
initial apicid	: 0
fpu		: yes
fpu_exception	: yes
cpuid level	: 22
wp		: yes
flags		: fpu vme de pse tsc msr pae mce cx8 apic sep mtrr pge mca cmov pat pse36 clflush mmx fxsr sse sse2 ss syscall nx pdpe1gb rdtscp lm constant_tsc arch_perfmon nopl xtopology tsc_reliable nonstop_tsc cpuid pni pclmulqdq ssse3 cx16 pcid sse4_1 sse4_2 x2apic movbe popcnt tsc_deadline_timer aes xsave rdrand hypervisor lahf_lm abm 3dnowprefetch cpuid_fault invpcid_single pti fsgsbase tsc_adjust smep invpcid mpx rdseed smap clflushopt xsaveopt xsavec xsaves arat
bugs		: cpu_meltdown spectre_v1 spectre_v2
bogomips	: 7200.01
clflush size	: 64
cache_alignment	: 64
address sizes	: 43 bits physical, 48 bits virtual
power management:

processor	: 1
vendor_id	: GenuineIntel
cpu family	: 6
model		: 158
model name	: Intel(R) Pentium(R) CPU G4600 @ 3.60GHz
stepping	: 9
microcode	: 0x5e
cpu MHz		: 3600.007
cache size	: 3072 KB
physical id	: 2
siblings	: 1
core id		: 0
cpu cores	: 1
apicid		: 2
initial apicid	: 2
fpu		: yes
fpu_exception	: yes
cpuid level	: 22
wp		: yes
flags		: fpu vme de pse tsc msr pae mce cx8 apic sep mtrr pge mca cmov pat pse36 clflush mmx fxsr sse sse2 ss syscall nx pdpe1gb rdtscp lm constant_tsc arch_perfmon nopl xtopology tsc_reliable nonstop_tsc cpuid pni pclmulqdq ssse3 cx16 pcid sse4_1 sse4_2 x2apic movbe popcnt tsc_deadline_timer aes xsave rdrand hypervisor lahf_lm abm 3dnowprefetch cpuid_fault invpcid_single pti fsgsbase tsc_adjust smep invpcid mpx rdseed smap clflushopt xsaveopt xsavec xsaves arat
bugs		: cpu_meltdown spectre_v1 spectre_v2
bogomips	: 7200.01
clflush size	: 64
cache_alignment	: 64
address sizes	: 43 bits physical, 48 bits virtual
power management:

processor	: 2
vendor_id	: GenuineIntel
cpu family	: 6
model		: 158
model name	: Intel(R) Pentium(R) CPU G4600 @ 3.60GHz
stepping	: 9
microcode	: 0x5e
cpu MHz		: 3600.007
cache size	: 3072 KB
physical id	: 4
siblings	: 1
core id		: 0
cpu cores	: 1
apicid		: 4
initial apicid	: 4
fpu		: yes
fpu_exception	: yes
cpuid level	: 22
wp		: yes
flags		: fpu vme de pse tsc msr pae mce cx8 apic sep mtrr pge mca cmov pat pse36 clflush mmx fxsr sse sse2 ss syscall nx pdpe1gb rdtscp lm constant_tsc arch_perfmon nopl xtopology tsc_reliable nonstop_tsc cpuid pni pclmulqdq ssse3 cx16 pcid sse4_1 sse4_2 x2apic movbe popcnt tsc_deadline_timer aes xsave rdrand hypervisor lahf_lm abm 3dnowprefetch cpuid_fault invpcid_single pti fsgsbase tsc_adjust smep invpcid mpx rdseed smap clflushopt xsaveopt xsavec xsaves arat
bugs		: cpu_meltdown spectre_v1 spectre_v2
bogomips	: 7200.01
clflush size	: 64
cache_alignment	: 64
address sizes	: 43 bits physical, 48 bits virtual
power management:

processor	: 3
vendor_id	: GenuineIntel
cpu family	: 6
model		: 158
model name	: Intel(R) Pentium(R) CPU G4600 @ 3.60GHz
stepping	: 9
microcode	: 0x5e
cpu MHz		: 3600.007
cache size	: 3072 KB
physical id	: 6
siblings	: 1
core id		: 0
cpu cores	: 1
apicid		: 6
initial apicid	: 6
fpu		: yes
fpu_exception	: yes
cpuid level	: 22
wp		: yes
flags		: fpu vme de pse tsc msr pae mce cx8 apic sep mtrr pge mca cmov pat pse36 clflush mmx fxsr sse sse2 ss syscall nx pdpe1gb rdtscp lm constant_tsc arch_perfmon nopl xtopology tsc_reliable nonstop_tsc cpuid pni pclmulqdq ssse3 cx16 pcid sse4_1 sse4_2 x2apic movbe popcnt tsc_deadline_timer aes xsave rdrand hypervisor lahf_lm abm 3dnowprefetch cpuid_fault invpcid_single pti fsgsbase tsc_adjust smep invpcid mpx rdseed smap clflushopt xsaveopt xsavec xsaves arat
bugs		: cpu_meltdown spectre_v1 spectre_v2
bogomips	: 7200.01
clflush size	: 64
cache_alignment	: 64
address sizes	: 43 bits physical, 48 bits virtual
power management:



Memory: 4k page, physical 8145220k(485020k free), swap 1045500k(1024252k free)

vm_info: Java HotSpot(TM) 64-Bit Server VM (25.161-b12) for linux-amd64 JRE (1.8.0_161-b12), built on Dec 19 2017 16:12:43 by "java_re" with gcc 4.3.0 20080428 (Red Hat 4.3.0-8)

time: Mon Feb 12 09:05:01 2018
elapsed time: 0 seconds (0d 0h 0m 0s)

