#
# A fatal error has been detected by the Java Runtime Environment:
#
#  SIGSEGV (0xb) at pc=0x00007f0bc8c37820, pid=16394, tid=0x00007f0bc9d98700
#
# JRE version: Java(TM) SE Runtime Environment (8.0_161-b12) (build 1.8.0_161-b12)
# Java VM: Java HotSpot(TM) 64-Bit Server VM (25.161-b12 mixed mode linux-amd64 compressed oops)
# Problematic frame:
# V  [libjvm.so+0xaa5820]  UTF8::unicode_length(char const*)+0x0
#
# Failed to write core dump. Core dumps have been disabled. To enable core dumping, try "ulimit -c unlimited" before starting Java again
#
# If you would like to submit a bug report, please visit:
#   http://bugreport.java.com/bugreport/crash.jsp
#

---------------  T H R E A D  ---------------

Current thread (0x00007f0bc000a800):  JavaThread "main" [_thread_in_vm, id=16395, stack(0x00007f0bc9c98000,0x00007f0bc9d99000)]

siginfo: si_signo: 11 (SIGSEGV), si_code: 1 (SEGV_MAPERR), si_addr: 0x0000000000000074

Registers:
RAX=0x0000000000000000, RBX=0x0000000000000074, RCX=0x0000000000000074, RDX=0x00007f0bc915d8b0
RSP=0x00007f0bc9d97778, RBP=0x00007f0bc9d977a0, RSI=0x00007f0bc000a800, RDI=0x0000000000000074
R8 =0x00007f0bc9d98700, R9 =0x000000000000000d, R10=0x0000000000000194, R11=0x0000000000000000
R12=0x00007f0bc000a800, R13=0x0000000000000000, R14=0x00007f0bc000a9f8, R15=0x00007f0bc9162680
RIP=0x00007f0bc8c37820, EFLAGS=0x0000000000010206, CSGSFS=0x002b000000000033, ERR=0x0000000000000004
  TRAPNO=0x000000000000000e

Top of Stack: (sp=0x00007f0bc9d97778)
0x00007f0bc9d97778:   00007f0bc882f0db 00007f0bc000a800
0x00007f0bc9d97788:   00007f0bc9d977b0 0000000000000000
0x00007f0bc9d97798:   00007f0bc000a9f8 00007f0bc9d97810
0x00007f0bc9d977a8:   00007f0bc8879263 00007f0bc000a800
0x00007f0bc9d977b8:   0000000000000000 000000000000000a
0x00007f0bc9d977c8:   00007f0bc0112800 00007f0bc000a800
0x00007f0bc9d977d8:   00007f0bc920981b 0000000000000005
0x00007f0bc9d977e8:   00007f0bc57c7570 0000000000000000
0x00007f0bc9d977f8:   00007f0bc57c7570 00007f0bc9d97908
0x00007f0bc9d97808:   00007f0bc000a800 00007f0bc9d97860
0x00007f0bc9d97818:   00007f0bac4585ef 00007f0bc9d978f0
0x00007f0bc9d97828:   00007f0bc01093b0 00007f0bc9d97908
0x00007f0bc9d97838:   00007f0bc000a9f8 00007f0bc01093b0
0x00007f0bc9d97848:   00007f0bc0112840 00007f0bc0112800
0x00007f0bc9d97858:   00007f0bb1017f83 00007f0bc9d978d0
0x00007f0bc9d97868:   00007f0bb1018107 00007f0bc9d978d0
0x00007f0bc9d97878:   00007f0bb1017e59 00007f0bc000a800
0x00007f0bc9d97888:   00007f0bb1017e22 00007f0bc9d97890
0x00007f0bc9d97898:   00007f0bc57c7570 00007f0bc9d97908
0x00007f0bc9d978a8:   00007f0bc57c7870 0000000000000000
0x00007f0bc9d978b8:   00007f0bc57c7570 0000000000000000
0x00007f0bc9d978c8:   00007f0bc9d978f0 00007f0bc9d97960
0x00007f0bc9d978d8:   00007f0bb1007b60 0000000000000000
0x00007f0bc9d978e8:   00007f0bb1011d0a 00000000d6972d90
0x00007f0bc9d978f8:   00007f0bc01093b0 00007f0bb1008040
0x00007f0bc9d97908:   00000000d6972d28 00000000d6973018
0x00007f0bc9d97918:   00000000d691d900 00007f0bc9d97920
0x00007f0bc9d97928:   00007f0bc57c7761 00007f0bc9d97988
0x00007f0bc9d97938:   00007f0bc57c7870 0000000000000000
0x00007f0bc9d97948:   00007f0bc57c7780 00007f0bc9d978f0
0x00007f0bc9d97958:   00007f0bc9d97988 00007f0bc9d979f0
0x00007f0bc9d97968:   00007f0bb10007a7 00007f0bc01093b0 

Instructions: (pc=0x00007f0bc8c37820)
0x00007f0bc8c37800:   0f be 04 0f 8d 56 ff 25 c0 00 00 00 83 c0 80 0f
0x00007f0bc8c37810:   44 f2 48 83 c1 01 41 39 c8 7f e5 89 f0 c9 c3 90
0x00007f0bc8c37820:   0f b6 07 55 31 d2 48 89 e5 84 c0 74 1e 0f 1f 00
0x00007f0bc8c37830:   25 c0 00 00 00 83 c0 80 0f 95 c0 48 83 c7 01 0f 

Register to memory mapping:

RAX=0x0000000000000000 is an unknown value
RBX=0x0000000000000074 is an unknown value
RCX=0x0000000000000074 is an unknown value
RDX=0x00007f0bc915d8b0: <offset 0xfcb8b0> in /usr/lib/jvm/java-8-oracle/jre/lib/amd64/server/libjvm.so at 0x00007f0bc8192000
RSP=0x00007f0bc9d97778 is pointing into the stack for thread: 0x00007f0bc000a800
RBP=0x00007f0bc9d977a0 is pointing into the stack for thread: 0x00007f0bc000a800
RSI=0x00007f0bc000a800 is a thread
RDI=0x0000000000000074 is an unknown value
R8 =0x00007f0bc9d98700 is pointing into the stack for thread: 0x00007f0bc000a800
R9 =0x000000000000000d is an unknown value
R10=0x0000000000000194 is an unknown value
R11=0x0000000000000000 is an unknown value
R12=0x00007f0bc000a800 is a thread
R13=0x0000000000000000 is an unknown value
R14=0x00007f0bc000a9f8 is an unknown value
R15=0x00007f0bc9162680: <offset 0xfd0680> in /usr/lib/jvm/java-8-oracle/jre/lib/amd64/server/libjvm.so at 0x00007f0bc8192000


Stack: [0x00007f0bc9c98000,0x00007f0bc9d99000],  sp=0x00007f0bc9d97778,  free space=1021k
Native frames: (J=compiled Java code, j=interpreted, Vv=VM code, C=native code)
V  [libjvm.so+0xaa5820]  UTF8::unicode_length(char const*)+0x0
V  [libjvm.so+0x6e7263]  jni_NewStringUTF+0xc3
C  [libhash_table.so+0x15ef]  Java_HashTable_ht_1search+0xb4
j  HashTable.ht_search(JLjava/lang/String;)C+0
j  HashTable.main([Ljava/lang/String;)V+41
v  ~StubRoutines::call_stub
V  [libjvm.so+0x695ae6]  JavaCalls::call_helper(JavaValue*, methodHandle*, JavaCallArguments*, Thread*)+0x1056
V  [libjvm.so+0x6d7072]  jni_invoke_static(JNIEnv_*, JavaValue*, _jobject*, JNICallType, _jmethodID*, JNI_ArgumentPusher*, Thread*)+0x362
V  [libjvm.so+0x6f38da]  jni_CallStaticVoidMethod+0x17a
C  [libjli.so+0x80ff]  JavaMain+0x81f
C  [libpthread.so.0+0x76ba]  start_thread+0xca

Java frames: (J=compiled Java code, j=interpreted, Vv=VM code)
j  HashTable.ht_search(JLjava/lang/String;)C+0
j  HashTable.main([Ljava/lang/String;)V+41
v  ~StubRoutines::call_stub

---------------  P R O C E S S  ---------------

Java Threads: ( => current thread )
  0x00007f0bc00c9000 JavaThread "Service Thread" daemon [_thread_blocked, id=16407, stack(0x00007f0bac7f1000,0x00007f0bac8f2000)]
  0x00007f0bc00be000 JavaThread "C1 CompilerThread2" daemon [_thread_blocked, id=16406, stack(0x00007f0bac8f2000,0x00007f0bac9f3000)]
  0x00007f0bc00bc000 JavaThread "C2 CompilerThread1" daemon [_thread_blocked, id=16405, stack(0x00007f0bac9f3000,0x00007f0bacaf4000)]
  0x00007f0bc00b9000 JavaThread "C2 CompilerThread0" daemon [_thread_blocked, id=16404, stack(0x00007f0bacaf4000,0x00007f0bacbf5000)]
  0x00007f0bc00b7800 JavaThread "Signal Dispatcher" daemon [_thread_blocked, id=16403, stack(0x00007f0bacbf5000,0x00007f0baccf6000)]
  0x00007f0bc0084800 JavaThread "Finalizer" daemon [_thread_blocked, id=16402, stack(0x00007f0bacfce000,0x00007f0bad0cf000)]
  0x00007f0bc0080000 JavaThread "Reference Handler" daemon [_thread_blocked, id=16401, stack(0x00007f0bad0cf000,0x00007f0bad1d0000)]
=>0x00007f0bc000a800 JavaThread "main" [_thread_in_vm, id=16395, stack(0x00007f0bc9c98000,0x00007f0bc9d99000)]

Other Threads:
  0x00007f0bc0078000 VMThread [stack: 0x00007f0bc4095000,0x00007f0bc4196000] [id=16400]
  0x00007f0bc00ce000 WatcherThread [stack: 0x00007f0bac6f0000,0x00007f0bac7f1000] [id=16408]

VM state:not at safepoint (normal execution)

VM Mutex/Monitor currently owned by a thread: None

Heap:
 PSYoungGen      total 37888K, used 1310K [0x00000000d6900000, 0x00000000d9300000, 0x0000000100000000)
  eden space 32768K, 4% used [0x00000000d6900000,0x00000000d6a47b08,0x00000000d8900000)
  from space 5120K, 0% used [0x00000000d8e00000,0x00000000d8e00000,0x00000000d9300000)
  to   space 5120K, 0% used [0x00000000d8900000,0x00000000d8900000,0x00000000d8e00000)
 ParOldGen       total 86016K, used 0K [0x0000000083a00000, 0x0000000088e00000, 0x00000000d6900000)
  object space 86016K, 0% used [0x0000000083a00000,0x0000000083a00000,0x0000000088e00000)
 Metaspace       used 2620K, capacity 4486K, committed 4864K, reserved 1056768K
  class space    used 283K, capacity 386K, committed 512K, reserved 1048576K

Card table byte_map: [0x00007f0bc6646000,0x00007f0bc6a2a000] byte_map_base: 0x00007f0bc6229000

Marking Bits: (ParMarkBitMap*) 0x00007f0bc9161920
 Begin Bits: [0x00007f0bad1d0000, 0x00007f0baf0e8000)
 End Bits:   [0x00007f0baf0e8000, 0x00007f0bb1000000)

Polling page: 0x00007f0bc9db4000

CodeCache: size=245760Kb used=1108Kb max_used=1108Kb free=244651Kb
 bounds [0x00007f0bb1000000, 0x00007f0bb1270000, 0x00007f0bc0000000]
 total_blobs=250 nmethods=22 adapters=143
 compilation: enabled

Compilation events (10 events):
Event: 0.057 Thread 0x00007f0bc00bc000 nmethod 15 0x00007f0bb1101390 code [0x00007f0bb11014e0, 0x00007f0bb1101738]
Event: 0.057 Thread 0x00007f0bc00be000 nmethod 19 0x00007f0bb1113710 code [0x00007f0bb11138a0, 0x00007f0bb1113d48]
Event: 0.057 Thread 0x00007f0bc00be000   18   !   3       java.io.BufferedReader::readLine (304 bytes)
Event: 0.058 Thread 0x00007f0bc00be000 nmethod 18 0x00007f0bb1113ed0 code [0x00007f0bb1114180, 0x00007f0bb11158a8]
Event: 0.058 Thread 0x00007f0bc00be000   22       3       java.util.HashMap::getNode (148 bytes)
Event: 0.059 Thread 0x00007f0bc00be000 nmethod 22 0x00007f0bb11128d0 code [0x00007f0bb1112aa0, 0x00007f0bb1113428]
Event: 0.059 Thread 0x00007f0bc00be000   20       3       java.util.LinkedList$Node::<init> (20 bytes)
Event: 0.059 Thread 0x00007f0bc00be000 nmethod 20 0x00007f0bb11124d0 code [0x00007f0bb1112640, 0x00007f0bb1112830]
Event: 0.059 Thread 0x00007f0bc00be000   21       1       java.lang.ThreadLocal::access$400 (5 bytes)
Event: 0.059 Thread 0x00007f0bc00be000 nmethod 21 0x00007f0bb1112210 code [0x00007f0bb1112360, 0x00007f0bb1112450]

GC Heap History (0 events):
No events

Deoptimization events (0 events):
No events

Classes redefined (0 events):
No events

Internal exceptions (2 events):
Event: 0.025 Thread 0x00007f0bc000a800 Exception <a 'java/lang/NoSuchMethodError': Method sun.misc.Unsafe.defineClass(Ljava/lang/String;[BII)Ljava/lang/Class; name or signature does not match> (0x00000000d6907ca0) thrown at [/HUDSON/workspace/8-2-build-linux-amd64/jdk8u161/10277/hotspot/src/sh
Event: 0.025 Thread 0x00007f0bc000a800 Exception <a 'java/lang/NoSuchMethodError': Method sun.misc.Unsafe.prefetchRead(Ljava/lang/Object;J)V name or signature does not match> (0x00000000d6907f88) thrown at [/HUDSON/workspace/8-2-build-linux-amd64/jdk8u161/10277/hotspot/src/share/vm/prims/jni.c

Events (10 events):
Event: 0.060 loading class java/security/BasicPermissionCollection
Event: 0.060 loading class java/security/BasicPermissionCollection done
Event: 0.060 loading class sun/launcher/LauncherHelper$FXHelper
Event: 0.060 loading class sun/launcher/LauncherHelper$FXHelper done
Event: 0.060 loading class java/lang/Class$MethodArray
Event: 0.060 loading class java/lang/Class$MethodArray done
Event: 0.060 loading class java/lang/Void
Event: 0.060 loading class java/lang/Void done
Event: 0.060 loading class java/lang/ClassLoaderHelper
Event: 0.060 loading class java/lang/ClassLoaderHelper done


Dynamic libraries:
00400000-00401000 r-xp 00000000 08:01 2490962                            /usr/lib/jvm/java-8-oracle/jre/bin/java
00600000-00601000 rw-p 00000000 08:01 2490962                            /usr/lib/jvm/java-8-oracle/jre/bin/java
02167000-02188000 rw-p 00000000 00:00 0                                  [heap]
83a00000-88e00000 rw-p 00000000 00:00 0 
88e00000-d6900000 ---p 00000000 00:00 0 
d6900000-d9300000 rw-p 00000000 00:00 0 
d9300000-100000000 ---p 00000000 00:00 0 
100000000-100080000 rw-p 00000000 00:00 0 
100080000-140000000 ---p 00000000 00:00 0 
7f0b78000000-7f0b78021000 rw-p 00000000 00:00 0 
7f0b78021000-7f0b7c000000 ---p 00000000 00:00 0 
7f0b7c000000-7f0b7c021000 rw-p 00000000 00:00 0 
7f0b7c021000-7f0b80000000 ---p 00000000 00:00 0 
7f0b80000000-7f0b80029000 rw-p 00000000 00:00 0 
7f0b80029000-7f0b84000000 ---p 00000000 00:00 0 
7f0b84000000-7f0b8404e000 rw-p 00000000 00:00 0 
7f0b8404e000-7f0b88000000 ---p 00000000 00:00 0 
7f0b88000000-7f0b88021000 rw-p 00000000 00:00 0 
7f0b88021000-7f0b8c000000 ---p 00000000 00:00 0 
7f0b8c000000-7f0b8c046000 rw-p 00000000 00:00 0 
7f0b8c046000-7f0b90000000 ---p 00000000 00:00 0 
7f0b90000000-7f0b90021000 rw-p 00000000 00:00 0 
7f0b90021000-7f0b94000000 ---p 00000000 00:00 0 
7f0b94000000-7f0b94021000 rw-p 00000000 00:00 0 
7f0b94021000-7f0b98000000 ---p 00000000 00:00 0 
7f0b98000000-7f0b98021000 rw-p 00000000 00:00 0 
7f0b98021000-7f0b9c000000 ---p 00000000 00:00 0 
7f0b9c000000-7f0b9c021000 rw-p 00000000 00:00 0 
7f0b9c021000-7f0ba0000000 ---p 00000000 00:00 0 
7f0ba0000000-7f0ba0021000 rw-p 00000000 00:00 0 
7f0ba0021000-7f0ba4000000 ---p 00000000 00:00 0 
7f0ba4000000-7f0ba4021000 rw-p 00000000 00:00 0 
7f0ba4021000-7f0ba8000000 ---p 00000000 00:00 0 
7f0ba8000000-7f0ba8021000 rw-p 00000000 00:00 0 
7f0ba8021000-7f0bac000000 ---p 00000000 00:00 0 
7f0bac1cf000-7f0bac457000 rw-p 00000000 00:00 0 
7f0bac457000-7f0bac459000 r-xp 00000000 08:01 1192527                    /home/antchil/Documents/module-2.2/hash_table_JNI/libhash_table.so
7f0bac459000-7f0bac658000 ---p 00002000 08:01 1192527                    /home/antchil/Documents/module-2.2/hash_table_JNI/libhash_table.so
7f0bac658000-7f0bac659000 r--p 00001000 08:01 1192527                    /home/antchil/Documents/module-2.2/hash_table_JNI/libhash_table.so
7f0bac659000-7f0bac65a000 rw-p 00002000 08:01 1192527                    /home/antchil/Documents/module-2.2/hash_table_JNI/libhash_table.so
7f0bac65a000-7f0bac6f0000 r--s 0110a000 08:01 2491209                    /usr/lib/jvm/java-8-oracle/jre/lib/ext/jfxrt.jar
7f0bac6f0000-7f0bac6f1000 ---p 00000000 00:00 0 
7f0bac6f1000-7f0bac7f1000 rw-p 00000000 00:00 0 
7f0bac7f1000-7f0bac7f4000 ---p 00000000 00:00 0 
7f0bac7f4000-7f0bac8f2000 rw-p 00000000 00:00 0 
7f0bac8f2000-7f0bac8f5000 ---p 00000000 00:00 0 
7f0bac8f5000-7f0bac9f3000 rw-p 00000000 00:00 0 
7f0bac9f3000-7f0bac9f6000 ---p 00000000 00:00 0 
7f0bac9f6000-7f0bacaf4000 rw-p 00000000 00:00 0 
7f0bacaf4000-7f0bacaf7000 ---p 00000000 00:00 0 
7f0bacaf7000-7f0bacbf5000 rw-p 00000000 00:00 0 
7f0bacbf5000-7f0bacbf8000 ---p 00000000 00:00 0 
7f0bacbf8000-7f0baccf6000 rw-p 00000000 00:00 0 
7f0baccf6000-7f0bacfce000 r--p 00000000 08:01 2360788                    /usr/lib/locale/locale-archive
7f0bacfce000-7f0bacfd1000 ---p 00000000 00:00 0 
7f0bacfd1000-7f0bad0cf000 rw-p 00000000 00:00 0 
7f0bad0cf000-7f0bad0d2000 ---p 00000000 00:00 0 
7f0bad0d2000-7f0bb1000000 rw-p 00000000 00:00 0 
7f0bb1000000-7f0bb1270000 rwxp 00000000 00:00 0 
7f0bb1270000-7f0bc0000000 ---p 00000000 00:00 0 
7f0bc0000000-7f0bc012b000 rw-p 00000000 00:00 0 
7f0bc012b000-7f0bc4000000 ---p 00000000 00:00 0 
7f0bc4095000-7f0bc4096000 ---p 00000000 00:00 0 
7f0bc4096000-7f0bc5178000 rw-p 00000000 00:00 0 
7f0bc5178000-7f0bc5351000 r--s 03d64000 08:01 2491062                    /usr/lib/jvm/java-8-oracle/jre/lib/rt.jar
7f0bc5351000-7f0bc5807000 rw-p 00000000 00:00 0 
7f0bc5807000-7f0bc5bc7000 ---p 00000000 00:00 0 
7f0bc5bc7000-7f0bc5faa000 rw-p 00000000 00:00 0 
7f0bc5faa000-7f0bc5fab000 ---p 00000000 00:00 0 
7f0bc5fab000-7f0bc60ab000 rw-p 00000000 00:00 0 
7f0bc60ab000-7f0bc60ac000 ---p 00000000 00:00 0 
7f0bc60ac000-7f0bc61ac000 rw-p 00000000 00:00 0 
7f0bc61ac000-7f0bc61ad000 ---p 00000000 00:00 0 
7f0bc61ad000-7f0bc62ad000 rw-p 00000000 00:00 0 
7f0bc62ad000-7f0bc62ae000 ---p 00000000 00:00 0 
7f0bc62ae000-7f0bc63d8000 rw-p 00000000 00:00 0 
7f0bc63d8000-7f0bc6646000 ---p 00000000 00:00 0 
7f0bc6646000-7f0bc6670000 rw-p 00000000 00:00 0 
7f0bc6670000-7f0bc68dd000 ---p 00000000 00:00 0 
7f0bc68dd000-7f0bc68f3000 rw-p 00000000 00:00 0 
7f0bc68f3000-7f0bc6a29000 ---p 00000000 00:00 0 
7f0bc6a29000-7f0bc6a34000 rw-p 00000000 00:00 0 
7f0bc6a34000-7f0bc6dea000 ---p 00000000 00:00 0 
7f0bc6dea000-7f0bc6e05000 r-xp 00000000 08:01 2491134                    /usr/lib/jvm/java-8-oracle/jre/lib/amd64/libzip.so
7f0bc6e05000-7f0bc7005000 ---p 0001b000 08:01 2491134                    /usr/lib/jvm/java-8-oracle/jre/lib/amd64/libzip.so
7f0bc7005000-7f0bc7006000 rw-p 0001b000 08:01 2491134                    /usr/lib/jvm/java-8-oracle/jre/lib/amd64/libzip.so
7f0bc7006000-7f0bc7011000 r-xp 00000000 08:01 1451889                    /lib/x86_64-linux-gnu/libnss_files-2.23.so
7f0bc7011000-7f0bc7210000 ---p 0000b000 08:01 1451889                    /lib/x86_64-linux-gnu/libnss_files-2.23.so
7f0bc7210000-7f0bc7211000 r--p 0000a000 08:01 1451889                    /lib/x86_64-linux-gnu/libnss_files-2.23.so
7f0bc7211000-7f0bc7212000 rw-p 0000b000 08:01 1451889                    /lib/x86_64-linux-gnu/libnss_files-2.23.so
7f0bc7212000-7f0bc7218000 rw-p 00000000 00:00 0 
7f0bc7218000-7f0bc7223000 r-xp 00000000 08:01 1451898                    /lib/x86_64-linux-gnu/libnss_nis-2.23.so
7f0bc7223000-7f0bc7422000 ---p 0000b000 08:01 1451898                    /lib/x86_64-linux-gnu/libnss_nis-2.23.so
7f0bc7422000-7f0bc7423000 r--p 0000a000 08:01 1451898                    /lib/x86_64-linux-gnu/libnss_nis-2.23.so
7f0bc7423000-7f0bc7424000 rw-p 0000b000 08:01 1451898                    /lib/x86_64-linux-gnu/libnss_nis-2.23.so
7f0bc7424000-7f0bc743a000 r-xp 00000000 08:01 1451823                    /lib/x86_64-linux-gnu/libnsl-2.23.so
7f0bc743a000-7f0bc7639000 ---p 00016000 08:01 1451823                    /lib/x86_64-linux-gnu/libnsl-2.23.so
7f0bc7639000-7f0bc763a000 r--p 00015000 08:01 1451823                    /lib/x86_64-linux-gnu/libnsl-2.23.so
7f0bc763a000-7f0bc763b000 rw-p 00016000 08:01 1451823                    /lib/x86_64-linux-gnu/libnsl-2.23.so
7f0bc763b000-7f0bc763d000 rw-p 00000000 00:00 0 
7f0bc763d000-7f0bc7645000 r-xp 00000000 08:01 1451872                    /lib/x86_64-linux-gnu/libnss_compat-2.23.so
7f0bc7645000-7f0bc7844000 ---p 00008000 08:01 1451872                    /lib/x86_64-linux-gnu/libnss_compat-2.23.so
7f0bc7844000-7f0bc7845000 r--p 00007000 08:01 1451872                    /lib/x86_64-linux-gnu/libnss_compat-2.23.so
7f0bc7845000-7f0bc7846000 rw-p 00008000 08:01 1451872                    /lib/x86_64-linux-gnu/libnss_compat-2.23.so
7f0bc7846000-7f0bc7871000 r-xp 00000000 08:01 2491128                    /usr/lib/jvm/java-8-oracle/jre/lib/amd64/libjava.so
7f0bc7871000-7f0bc7a70000 ---p 0002b000 08:01 2491128                    /usr/lib/jvm/java-8-oracle/jre/lib/amd64/libjava.so
7f0bc7a70000-7f0bc7a72000 rw-p 0002a000 08:01 2491128                    /usr/lib/jvm/java-8-oracle/jre/lib/amd64/libjava.so
7f0bc7a72000-7f0bc7a7f000 r-xp 00000000 08:01 2491133                    /usr/lib/jvm/java-8-oracle/jre/lib/amd64/libverify.so
7f0bc7a7f000-7f0bc7c7f000 ---p 0000d000 08:01 2491133                    /usr/lib/jvm/java-8-oracle/jre/lib/amd64/libverify.so
7f0bc7c7f000-7f0bc7c81000 rw-p 0000d000 08:01 2491133                    /usr/lib/jvm/java-8-oracle/jre/lib/amd64/libverify.so
7f0bc7c81000-7f0bc7c88000 r-xp 00000000 08:01 1451899                    /lib/x86_64-linux-gnu/librt-2.23.so
7f0bc7c88000-7f0bc7e87000 ---p 00007000 08:01 1451899                    /lib/x86_64-linux-gnu/librt-2.23.so
7f0bc7e87000-7f0bc7e88000 r--p 00006000 08:01 1451899                    /lib/x86_64-linux-gnu/librt-2.23.so
7f0bc7e88000-7f0bc7e89000 rw-p 00007000 08:01 1451899                    /lib/x86_64-linux-gnu/librt-2.23.so
7f0bc7e89000-7f0bc7f91000 r-xp 00000000 08:01 1451812                    /lib/x86_64-linux-gnu/libm-2.23.so
7f0bc7f91000-7f0bc8190000 ---p 00108000 08:01 1451812                    /lib/x86_64-linux-gnu/libm-2.23.so
7f0bc8190000-7f0bc8191000 r--p 00107000 08:01 1451812                    /lib/x86_64-linux-gnu/libm-2.23.so
7f0bc8191000-7f0bc8192000 rw-p 00108000 08:01 1451812                    /lib/x86_64-linux-gnu/libm-2.23.so
7f0bc8192000-7f0bc8e6b000 r-xp 00000000 08:01 2491156                    /usr/lib/jvm/java-8-oracle/jre/lib/amd64/server/libjvm.so
7f0bc8e6b000-7f0bc906a000 ---p 00cd9000 08:01 2491156                    /usr/lib/jvm/java-8-oracle/jre/lib/amd64/server/libjvm.so
7f0bc906a000-7f0bc9143000 rw-p 00cd8000 08:01 2491156                    /usr/lib/jvm/java-8-oracle/jre/lib/amd64/server/libjvm.so
7f0bc9143000-7f0bc918f000 rw-p 00000000 00:00 0 
7f0bc918f000-7f0bc934f000 r-xp 00000000 08:01 1451840                    /lib/x86_64-linux-gnu/libc-2.23.so
7f0bc934f000-7f0bc954f000 ---p 001c0000 08:01 1451840                    /lib/x86_64-linux-gnu/libc-2.23.so
7f0bc954f000-7f0bc9553000 r--p 001c0000 08:01 1451840                    /lib/x86_64-linux-gnu/libc-2.23.so
7f0bc9553000-7f0bc9555000 rw-p 001c4000 08:01 1451840                    /lib/x86_64-linux-gnu/libc-2.23.so
7f0bc9555000-7f0bc9559000 rw-p 00000000 00:00 0 
7f0bc9559000-7f0bc955c000 r-xp 00000000 08:01 1451842                    /lib/x86_64-linux-gnu/libdl-2.23.so
7f0bc955c000-7f0bc975b000 ---p 00003000 08:01 1451842                    /lib/x86_64-linux-gnu/libdl-2.23.so
7f0bc975b000-7f0bc975c000 r--p 00002000 08:01 1451842                    /lib/x86_64-linux-gnu/libdl-2.23.so
7f0bc975c000-7f0bc975d000 rw-p 00003000 08:01 1451842                    /lib/x86_64-linux-gnu/libdl-2.23.so
7f0bc975d000-7f0bc9773000 r-xp 00000000 08:01 2491152                    /usr/lib/jvm/java-8-oracle/jre/lib/amd64/jli/libjli.so
7f0bc9773000-7f0bc9972000 ---p 00016000 08:01 2491152                    /usr/lib/jvm/java-8-oracle/jre/lib/amd64/jli/libjli.so
7f0bc9972000-7f0bc9973000 rw-p 00015000 08:01 2491152                    /usr/lib/jvm/java-8-oracle/jre/lib/amd64/jli/libjli.so
7f0bc9973000-7f0bc998b000 r-xp 00000000 08:01 1451839                    /lib/x86_64-linux-gnu/libpthread-2.23.so
7f0bc998b000-7f0bc9b8a000 ---p 00018000 08:01 1451839                    /lib/x86_64-linux-gnu/libpthread-2.23.so
7f0bc9b8a000-7f0bc9b8b000 r--p 00017000 08:01 1451839                    /lib/x86_64-linux-gnu/libpthread-2.23.so
7f0bc9b8b000-7f0bc9b8c000 rw-p 00018000 08:01 1451839                    /lib/x86_64-linux-gnu/libpthread-2.23.so
7f0bc9b8c000-7f0bc9b90000 rw-p 00000000 00:00 0 
7f0bc9b90000-7f0bc9bb6000 r-xp 00000000 08:01 1451838                    /lib/x86_64-linux-gnu/ld-2.23.so
7f0bc9bcd000-7f0bc9c98000 rw-p 00000000 00:00 0 
7f0bc9c98000-7f0bc9c9b000 ---p 00000000 00:00 0 
7f0bc9c9b000-7f0bc9d9e000 rw-p 00000000 00:00 0 
7f0bc9dab000-7f0bc9db3000 rw-s 00000000 08:01 2228264                    /tmp/hsperfdata_antchil/16394
7f0bc9db3000-7f0bc9db4000 rw-p 00000000 00:00 0 
7f0bc9db4000-7f0bc9db5000 r--p 00000000 00:00 0 
7f0bc9db5000-7f0bc9db6000 r--p 00025000 08:01 1451838                    /lib/x86_64-linux-gnu/ld-2.23.so
7f0bc9db6000-7f0bc9db7000 rw-p 00026000 08:01 1451838                    /lib/x86_64-linux-gnu/ld-2.23.so
7f0bc9db7000-7f0bc9db8000 rw-p 00000000 00:00 0 
7ffdedcc0000-7ffdedce2000 rw-p 00000000 00:00 0                          [stack]
7ffdedd05000-7ffdedd08000 r--p 00000000 00:00 0                          [vvar]
7ffdedd08000-7ffdedd0a000 r-xp 00000000 00:00 0                          [vdso]
ffffffffff600000-ffffffffff601000 r-xp 00000000 00:00 0                  [vsyscall]

VM Arguments:
jvm_args: -Djava.library.path=. 
java_command: HashTable
java_class_path (initial): .
Launcher Type: SUN_STANDARD

Environment Variables:
JAVA_HOME=/usr/lib/jvm/java-8-oracle
JRE_HOME=/usr/lib/jvm/java-8-oracle/jre
PATH=/home/antchil/bin:/home/antchil/.local/bin:/home/antchil/bin:/home/antchil/.local/bin:/usr/local/sbin:/usr/local/bin:/usr/sbin:/usr/bin:/sbin:/bin:/usr/games:/usr/local/games:/snap/bin:/usr/lib/jvm/java-8-oracle/bin:/usr/lib/jvm/java-8-oracle/db/bin:/usr/lib/jvm/java-8-oracle/jre/bin:/snap/bin:/usr/lib/jvm/java-8-oracle/bin:/usr/lib/jvm/java-8-oracle/db/bin:/usr/lib/jvm/java-8-oracle/jre/bin:/home/antchil/Documents/linux-master/script:/home/antchil/Documents/linux-master/script
SHELL=/bin/bash
DISPLAY=:0

Signal Handlers:
SIGSEGV: [libjvm.so+0xad01e0], sa_mask[0]=11111111011111111101111111111110, sa_flags=SA_RESTART|SA_SIGINFO
SIGBUS: [libjvm.so+0xad01e0], sa_mask[0]=11111111011111111101111111111110, sa_flags=SA_RESTART|SA_SIGINFO
SIGFPE: [libjvm.so+0x927fb0], sa_mask[0]=11111111011111111101111111111110, sa_flags=SA_RESTART|SA_SIGINFO
SIGPIPE: [libjvm.so+0x927fb0], sa_mask[0]=11111111011111111101111111111110, sa_flags=SA_RESTART|SA_SIGINFO
SIGXFSZ: [libjvm.so+0x927fb0], sa_mask[0]=11111111011111111101111111111110, sa_flags=SA_RESTART|SA_SIGINFO
SIGILL: [libjvm.so+0x927fb0], sa_mask[0]=11111111011111111101111111111110, sa_flags=SA_RESTART|SA_SIGINFO
SIGUSR1: SIG_DFL, sa_mask[0]=00000000000000000000000000000000, sa_flags=none
SIGUSR2: [libjvm.so+0x9297f0], sa_mask[0]=00000000000000000000000000000000, sa_flags=SA_RESTART|SA_SIGINFO
SIGHUP: [libjvm.so+0x92abf0], sa_mask[0]=11111111011111111101111111111110, sa_flags=SA_RESTART|SA_SIGINFO
SIGINT: [libjvm.so+0x92abf0], sa_mask[0]=11111111011111111101111111111110, sa_flags=SA_RESTART|SA_SIGINFO
SIGTERM: [libjvm.so+0x92abf0], sa_mask[0]=11111111011111111101111111111110, sa_flags=SA_RESTART|SA_SIGINFO
SIGQUIT: [libjvm.so+0x92abf0], sa_mask[0]=11111111011111111101111111111110, sa_flags=SA_RESTART|SA_SIGINFO


---------------  S Y S T E M  ---------------

OS:DISTRIB_ID=Ubuntu
DISTRIB_RELEASE=16.04
DISTRIB_CODENAME=xenial
DISTRIB_DESCRIPTION="Ubuntu 16.04.2 LTS"

uname:Linux 4.13.0-32-generic #35~16.04.1-Ubuntu SMP Thu Jan 25 10:13:43 UTC 2018 x86_64
libc:glibc 2.23 NPTL 2.23 
rlimit: STACK 8192k, CORE 0k, NPROC 31612, NOFILE 1048576, AS infinity
load average:0.48 0.51 0.60

/proc/meminfo:
MemTotal:        8145220 kB
MemFree:          302436 kB
MemAvailable:    1721820 kB
Buffers:           82916 kB
Cached:          1579820 kB
SwapCached:         2296 kB
Active:          3108416 kB
Inactive:        1325080 kB
Active(anon):    2178932 kB
Inactive(anon):   660296 kB
Active(file):     929484 kB
Inactive(file):   664784 kB
Unevictable:          32 kB
Mlocked:              32 kB
SwapTotal:       1045500 kB
SwapFree:        1024252 kB
Dirty:               396 kB
Writeback:             0 kB
AnonPages:       2768916 kB
Mapped:           292892 kB
Shmem:             68468 kB
Slab:             164684 kB
SReclaimable:      92812 kB
SUnreclaim:        71872 kB
KernelStack:       14048 kB
PageTables:        43636 kB
NFS_Unstable:          0 kB
Bounce:                0 kB
WritebackTmp:          0 kB
CommitLimit:     5118108 kB
Committed_AS:    7690548 kB
VmallocTotal:   34359738367 kB
VmallocUsed:           0 kB
VmallocChunk:          0 kB
HardwareCorrupted:     0 kB
AnonHugePages:         0 kB
ShmemHugePages:        0 kB
ShmemPmdMapped:        0 kB
CmaTotal:              0 kB
CmaFree:               0 kB
HugePages_Total:       0
HugePages_Free:        0
HugePages_Rsvd:        0
HugePages_Surp:        0
Hugepagesize:       2048 kB
DirectMap4k:       87872 kB
DirectMap2M:     6203392 kB
DirectMap1G:     4194304 kB


CPU:total 4 (initial active 4) (1 cores per cpu, 1 threads per core) family 6 model 158 stepping 9, cmov, cx8, fxsr, mmx, sse, sse2, sse3, ssse3, sse4.1, sse4.2, popcnt, aes, clmul, erms, 3dnowpref, lzcnt, tsc, tscinvbit

/proc/cpuinfo:
processor	: 0
vendor_id	: GenuineIntel
cpu family	: 6
model		: 158
model name	: Intel(R) Pentium(R) CPU G4600 @ 3.60GHz
stepping	: 9
microcode	: 0x5e
cpu MHz		: 3600.007
cache size	: 3072 KB
physical id	: 0
siblings	: 1
core id		: 0
cpu cores	: 1
apicid		: 0
initial apicid	: 0
fpu		: yes
fpu_exception	: yes
cpuid level	: 22
wp		: yes
flags		: fpu vme de pse tsc msr pae mce cx8 apic sep mtrr pge mca cmov pat pse36 clflush mmx fxsr sse sse2 ss syscall nx pdpe1gb rdtscp lm constant_tsc arch_perfmon nopl xtopology tsc_reliable nonstop_tsc cpuid pni pclmulqdq ssse3 cx16 pcid sse4_1 sse4_2 x2apic movbe popcnt tsc_deadline_timer aes xsave rdrand hypervisor lahf_lm abm 3dnowprefetch cpuid_fault invpcid_single pti fsgsbase tsc_adjust smep invpcid mpx rdseed smap clflushopt xsaveopt xsavec xsaves arat
bugs		: cpu_meltdown spectre_v1 spectre_v2
bogomips	: 7200.01
clflush size	: 64
cache_alignment	: 64
address sizes	: 43 bits physical, 48 bits virtual
power management:

processor	: 1
vendor_id	: GenuineIntel
cpu family	: 6
model		: 158
model name	: Intel(R) Pentium(R) CPU G4600 @ 3.60GHz
stepping	: 9
microcode	: 0x5e
cpu MHz		: 3600.007
cache size	: 3072 KB
physical id	: 2
siblings	: 1
core id		: 0
cpu cores	: 1
apicid		: 2
initial apicid	: 2
fpu		: yes
fpu_exception	: yes
cpuid level	: 22
wp		: yes
flags		: fpu vme de pse tsc msr pae mce cx8 apic sep mtrr pge mca cmov pat pse36 clflush mmx fxsr sse sse2 ss syscall nx pdpe1gb rdtscp lm constant_tsc arch_perfmon nopl xtopology tsc_reliable nonstop_tsc cpuid pni pclmulqdq ssse3 cx16 pcid sse4_1 sse4_2 x2apic movbe popcnt tsc_deadline_timer aes xsave rdrand hypervisor lahf_lm abm 3dnowprefetch cpuid_fault invpcid_single pti fsgsbase tsc_adjust smep invpcid mpx rdseed smap clflushopt xsaveopt xsavec xsaves arat
bugs		: cpu_meltdown spectre_v1 spectre_v2
bogomips	: 7200.01
clflush size	: 64
cache_alignment	: 64
address sizes	: 43 bits physical, 48 bits virtual
power management:

processor	: 2
vendor_id	: GenuineIntel
cpu family	: 6
model		: 158
model name	: Intel(R) Pentium(R) CPU G4600 @ 3.60GHz
stepping	: 9
microcode	: 0x5e
cpu MHz		: 3600.007
cache size	: 3072 KB
physical id	: 4
siblings	: 1
core id		: 0
cpu cores	: 1
apicid		: 4
initial apicid	: 4
fpu		: yes
fpu_exception	: yes
cpuid level	: 22
wp		: yes
flags		: fpu vme de pse tsc msr pae mce cx8 apic sep mtrr pge mca cmov pat pse36 clflush mmx fxsr sse sse2 ss syscall nx pdpe1gb rdtscp lm constant_tsc arch_perfmon nopl xtopology tsc_reliable nonstop_tsc cpuid pni pclmulqdq ssse3 cx16 pcid sse4_1 sse4_2 x2apic movbe popcnt tsc_deadline_timer aes xsave rdrand hypervisor lahf_lm abm 3dnowprefetch cpuid_fault invpcid_single pti fsgsbase tsc_adjust smep invpcid mpx rdseed smap clflushopt xsaveopt xsavec xsaves arat
bugs		: cpu_meltdown spectre_v1 spectre_v2
bogomips	: 7200.01
clflush size	: 64
cache_alignment	: 64
address sizes	: 43 bits physical, 48 bits virtual
power management:

processor	: 3
vendor_id	: GenuineIntel
cpu family	: 6
model		: 158
model name	: Intel(R) Pentium(R) CPU G4600 @ 3.60GHz
stepping	: 9
microcode	: 0x5e
cpu MHz		: 3600.007
cache size	: 3072 KB
physical id	: 6
siblings	: 1
core id		: 0
cpu cores	: 1
apicid		: 6
initial apicid	: 6
fpu		: yes
fpu_exception	: yes
cpuid level	: 22
wp		: yes
flags		: fpu vme de pse tsc msr pae mce cx8 apic sep mtrr pge mca cmov pat pse36 clflush mmx fxsr sse sse2 ss syscall nx pdpe1gb rdtscp lm constant_tsc arch_perfmon nopl xtopology tsc_reliable nonstop_tsc cpuid pni pclmulqdq ssse3 cx16 pcid sse4_1 sse4_2 x2apic movbe popcnt tsc_deadline_timer aes xsave rdrand hypervisor lahf_lm abm 3dnowprefetch cpuid_fault invpcid_single pti fsgsbase tsc_adjust smep invpcid mpx rdseed smap clflushopt xsaveopt xsavec xsaves arat
bugs		: cpu_meltdown spectre_v1 spectre_v2
bogomips	: 7200.01
clflush size	: 64
cache_alignment	: 64
address sizes	: 43 bits physical, 48 bits virtual
power management:



Memory: 4k page, physical 8145220k(302436k free), swap 1045500k(1024252k free)

vm_info: Java HotSpot(TM) 64-Bit Server VM (25.161-b12) for linux-amd64 JRE (1.8.0_161-b12), built on Dec 19 2017 16:12:43 by "java_re" with gcc 4.3.0 20080428 (Red Hat 4.3.0-8)

time: Mon Feb 12 09:37:48 2018
elapsed time: 0 seconds (0d 0h 0m 0s)

