#
# A fatal error has been detected by the Java Runtime Environment:
#
#  SIGSEGV (0xb) at pc=0x00007f65321454e7, pid=12780, tid=0x00007f655321a700
#
# JRE version: Java(TM) SE Runtime Environment (8.0_161-b12) (build 1.8.0_161-b12)
# Java VM: Java HotSpot(TM) 64-Bit Server VM (25.161-b12 mixed mode linux-amd64 compressed oops)
# Problematic frame:
# C  [libhash_table.so+0x14e7]  Java_HashTable_ht_1search+0x5f
#
# Failed to write core dump. Core dumps have been disabled. To enable core dumping, try "ulimit -c unlimited" before starting Java again
#
# If you would like to submit a bug report, please visit:
#   http://bugreport.java.com/bugreport/crash.jsp
# The crash happened outside the Java Virtual Machine in native code.
# See problematic frame for where to report the bug.
#

---------------  T H R E A D  ---------------

Current thread (0x00007f654c00a800):  JavaThread "main" [_thread_in_native, id=12781, stack(0x00007f655311a000,0x00007f655321b000)]

siginfo: si_signo: 11 (SIGSEGV), si_code: 1 (SEGV_MAPERR), si_addr: 0x0000000000000000

Registers:
RAX=0x0000000000000000, RBX=0x00007f652b9ed538, RCX=0x0000000000000005, RDX=0x0000000000000008
RSP=0x00007f6553219830, RBP=0x00007f6553219860, RSI=0x00000000401c0000, RDI=0x00007f6553219834
R8 =0x0000000000000000, R9 =0x000000000000000d, R10=0x00000000ffffffff, R11=0x0000000000000000
R12=0x0000000000000000, R13=0x00007f652b9ed538, R14=0x00007f6553219910, R15=0x00007f654c00a800
RIP=0x00007f65321454e7, EFLAGS=0x0000000000010246, CSGSFS=0x002b000000000033, ERR=0x0000000000000004
  TRAPNO=0x000000000000000e

Top of Stack: (sp=0x00007f6553219830)
0x00007f6553219830:   000000334c00a800 00007f654c101650
0x00007f6553219840:   00007f6553219910 00007f654c00a9f8
0x00007f6553219850:   00007f654c101650 00007f6553219834
0x00007f6553219860:   00007f65532198d8 00007f653d018107
0x00007f6553219870:   00007f652b9ed5d0 0000000000000000
0x00007f6553219880:   00007f65532198d8 00007f653d017e67
0x00007f6553219890:   00007f653d017e22 00007f6553219898
0x00007f65532198a0:   0000000000000000 00007f6553219910
0x00007f65532198b0:   00007f652b9ed888 0000000000000000
0x00007f65532198c0:   00007f652b9ed538 0000000000000000
0x00007f65532198d0:   00007f65532198f8 00007f6553219958
0x00007f65532198e0:   00007f653d007b60 0000000000000000
0x00007f65532198f0:   00007f653d011d0a 0000000000000033
0x00007f6553219900:   00007f654c101650 00000000d6973318
0x00007f6553219910:   00000000d6972d28 00007f6553219918
0x00007f6553219920:   00007f652b9ed768 00007f6553219988
0x00007f6553219930:   00007f652b9ed888 0000000000000000
0x00007f6553219940:   00007f652b9ed798 00007f65532198f8
0x00007f6553219950:   00007f6553219988 00007f65532199f0
0x00007f6553219960:   00007f653d0007a7 0000000000000000
0x00007f6553219970:   00007f654c101650 0000000000000000
0x00007f6553219980:   00000000d6972d28 00000000d6972d18
0x00007f6553219990:   0000000000001fa0 0000000000000000
0x00007f65532199a0:   00007f654c00a800 00007f6553219a70
0x00007f65532199b0:   00007f6553219c30 00007f6553219a30
0x00007f65532199c0:   00007f6553219a30 00007f6553219d78
0x00007f65532199d0:   00007f650000000a 00007f652b9ed798
0x00007f65532199e0:   00007f653d013600 00007f6553219bb8
0x00007f65532199f0:   00007f6553219b60 00007f6551ca9ae6
0x00007f6553219a00:   00007f6500000001 00007f654c00a800
0x00007f6553219a10:   00007f6553219bb0 00007f6553219d70
0x00007f6553219a20:   00007f653d013600 000000000000000a 

Instructions: (pc=0x00007f65321454e7)
0x00007f65321454c7:   e8 14 f6 ff ff 48 8d 45 d4 48 89 45 f8 48 8b 55
0x00007f65321454d7:   f8 48 8b 45 f0 48 89 d6 48 89 c7 e8 19 f6 ff ff
0x00007f65321454e7:   0f b6 00 0f be c0 89 c6 48 8d 3d ea 00 00 00 b8
0x00007f65321454f7:   00 00 00 00 e8 e0 f5 ff ff 48 8b 55 f8 48 8b 45 

Register to memory mapping:

RAX=0x0000000000000000 is an unknown value
RBX={method} {0x00007f652b9ed538} 'ht_search' '(JC)C' in 'HashTable'
RCX=0x0000000000000005 is an unknown value
RDX=0x0000000000000008 is an unknown value
RSP=0x00007f6553219830 is pointing into the stack for thread: 0x00007f654c00a800
RBP=0x00007f6553219860 is pointing into the stack for thread: 0x00007f654c00a800
RSI=0x00000000401c0000 is an unknown value
RDI=0x00007f6553219834 is pointing into the stack for thread: 0x00007f654c00a800
R8 =0x0000000000000000 is an unknown value
R9 =0x000000000000000d is an unknown value
R10=0x00000000ffffffff is an unallocated location in the heap
R11=0x0000000000000000 is an unknown value
R12=0x0000000000000000 is an unknown value
R13={method} {0x00007f652b9ed538} 'ht_search' '(JC)C' in 'HashTable'
R14=0x00007f6553219910 is pointing into the stack for thread: 0x00007f654c00a800
R15=0x00007f654c00a800 is a thread


Stack: [0x00007f655311a000,0x00007f655321b000],  sp=0x00007f6553219830,  free space=1022k
Native frames: (J=compiled Java code, j=interpreted, Vv=VM code, C=native code)
C  [libhash_table.so+0x14e7]  Java_HashTable_ht_1search+0x5f
j  HashTable.ht_search(JC)C+0
j  HashTable.main([Ljava/lang/String;)V+104
v  ~StubRoutines::call_stub
V  [libjvm.so+0x695ae6]  JavaCalls::call_helper(JavaValue*, methodHandle*, JavaCallArguments*, Thread*)+0x1056
V  [libjvm.so+0x6d7072]  jni_invoke_static(JNIEnv_*, JavaValue*, _jobject*, JNICallType, _jmethodID*, JNI_ArgumentPusher*, Thread*)+0x362
V  [libjvm.so+0x6f38da]  jni_CallStaticVoidMethod+0x17a
C  [libjli.so+0x80ff]  JavaMain+0x81f
C  [libpthread.so.0+0x76ba]  start_thread+0xca

Java frames: (J=compiled Java code, j=interpreted, Vv=VM code)
j  HashTable.ht_search(JC)C+0
j  HashTable.main([Ljava/lang/String;)V+104
v  ~StubRoutines::call_stub

---------------  P R O C E S S  ---------------

Java Threads: ( => current thread )
  0x00007f654c0c9000 JavaThread "Service Thread" daemon [_thread_blocked, id=12793, stack(0x00007f65324de000,0x00007f65325df000)]
  0x00007f654c0be000 JavaThread "C1 CompilerThread2" daemon [_thread_blocked, id=12792, stack(0x00007f65325df000,0x00007f65326e0000)]
  0x00007f654c0bc000 JavaThread "C2 CompilerThread1" daemon [_thread_blocked, id=12791, stack(0x00007f65326e0000,0x00007f65327e1000)]
  0x00007f654c0b9000 JavaThread "C2 CompilerThread0" daemon [_thread_blocked, id=12790, stack(0x00007f65327e1000,0x00007f65328e2000)]
  0x00007f654c0b7800 JavaThread "Signal Dispatcher" daemon [_thread_blocked, id=12789, stack(0x00007f65328e2000,0x00007f65329e3000)]
  0x00007f654c084800 JavaThread "Finalizer" daemon [_thread_blocked, id=12788, stack(0x00007f6532cbb000,0x00007f6532dbc000)]
  0x00007f654c080000 JavaThread "Reference Handler" daemon [_thread_blocked, id=12787, stack(0x00007f6532dbc000,0x00007f6532ebd000)]
=>0x00007f654c00a800 JavaThread "main" [_thread_in_native, id=12781, stack(0x00007f655311a000,0x00007f655321b000)]

Other Threads:
  0x00007f654c078000 VMThread [stack: 0x00007f6532ebd000,0x00007f6532fbe000] [id=12786]
  0x00007f654c0ce000 WatcherThread [stack: 0x00007f65323dd000,0x00007f65324de000] [id=12794]

VM state:not at safepoint (normal execution)

VM Mutex/Monitor currently owned by a thread: None

Heap:
 PSYoungGen      total 37888K, used 1310K [0x00000000d6900000, 0x00000000d9300000, 0x0000000100000000)
  eden space 32768K, 4% used [0x00000000d6900000,0x00000000d6a47b08,0x00000000d8900000)
  from space 5120K, 0% used [0x00000000d8e00000,0x00000000d8e00000,0x00000000d9300000)
  to   space 5120K, 0% used [0x00000000d8900000,0x00000000d8900000,0x00000000d8e00000)
 ParOldGen       total 86016K, used 0K [0x0000000083a00000, 0x0000000088e00000, 0x00000000d6900000)
  object space 86016K, 0% used [0x0000000083a00000,0x0000000083a00000,0x0000000088e00000)
 Metaspace       used 2620K, capacity 4486K, committed 4864K, reserved 1056768K
  class space    used 283K, capacity 386K, committed 512K, reserved 1048576K

Card table byte_map: [0x00007f653c85c000,0x00007f653cc40000] byte_map_base: 0x00007f653c43f000

Marking Bits: (ParMarkBitMap*) 0x00007f65525e3920
 Begin Bits: [0x00007f65341d0000, 0x00007f65360e8000)
 End Bits:   [0x00007f65360e8000, 0x00007f6538000000)

Polling page: 0x00007f6553236000

CodeCache: size=245760Kb used=1107Kb max_used=1111Kb free=244652Kb
 bounds [0x00007f653d000000, 0x00007f653d270000, 0x00007f654c000000]
 total_blobs=250 nmethods=21 adapters=144
 compilation: enabled

Compilation events (10 events):
Event: 0.060 Thread 0x00007f654c0be000 nmethod 19 0x00007f653d1114d0 code [0x00007f653d1116a0, 0x00007f653d112028]
Event: 0.060 Thread 0x00007f654c0be000   13       3       java.lang.String::<init> (82 bytes)
Event: 0.060 Thread 0x00007f654c0be000 nmethod 13 0x00007f653d112310 code [0x00007f653d1124e0, 0x00007f653d1129b8]
Event: 0.060 Thread 0x00007f654c0be000   20       3       sun.misc.JarIndex::addToList (59 bytes)
Event: 0.060 Thread 0x00007f654c0b9000 nmethod 15 0x00007f653d115a90 code [0x00007f653d115be0, 0x00007f653d115e38]
Event: 0.061 Thread 0x00007f654c0be000 nmethod 20 0x00007f653d1147d0 code [0x00007f653d114a00, 0x00007f653d115538]
Event: 0.061 Thread 0x00007f654c0be000   16       3       java.util.HashMap::get (23 bytes)
Event: 0.061 Thread 0x00007f654c0be000 nmethod 16 0x00007f653d1140d0 code [0x00007f653d114260, 0x00007f653d114658]
Event: 0.061 Thread 0x00007f654c0be000   21       1       java.lang.ThreadLocal::access$400 (5 bytes)
Event: 0.061 Thread 0x00007f654c0be000 nmethod 21 0x00007f653d113e10 code [0x00007f653d113f60, 0x00007f653d114050]

GC Heap History (0 events):
No events

Deoptimization events (0 events):
No events

Classes redefined (0 events):
No events

Internal exceptions (2 events):
Event: 0.027 Thread 0x00007f654c00a800 Exception <a 'java/lang/NoSuchMethodError': Method sun.misc.Unsafe.defineClass(Ljava/lang/String;[BII)Ljava/lang/Class; name or signature does not match> (0x00000000d6907ca0) thrown at [/HUDSON/workspace/8-2-build-linux-amd64/jdk8u161/10277/hotspot/src/sh
Event: 0.027 Thread 0x00007f654c00a800 Exception <a 'java/lang/NoSuchMethodError': Method sun.misc.Unsafe.prefetchRead(Ljava/lang/Object;J)V name or signature does not match> (0x00000000d6907f88) thrown at [/HUDSON/workspace/8-2-build-linux-amd64/jdk8u161/10277/hotspot/src/share/vm/prims/jni.c

Events (10 events):
Event: 0.061 loading class java/security/BasicPermissionCollection
Event: 0.061 loading class java/security/BasicPermissionCollection done
Event: 0.062 loading class sun/launcher/LauncherHelper$FXHelper
Event: 0.062 loading class sun/launcher/LauncherHelper$FXHelper done
Event: 0.062 loading class java/lang/Class$MethodArray
Event: 0.062 loading class java/lang/Class$MethodArray done
Event: 0.062 loading class java/lang/Void
Event: 0.062 loading class java/lang/Void done
Event: 0.062 loading class java/lang/ClassLoaderHelper
Event: 0.062 loading class java/lang/ClassLoaderHelper done


Dynamic libraries:
00400000-00401000 r-xp 00000000 08:01 2490962                            /usr/lib/jvm/java-8-oracle/jre/bin/java
00600000-00601000 rw-p 00000000 08:01 2490962                            /usr/lib/jvm/java-8-oracle/jre/bin/java
02301000-02322000 rw-p 00000000 00:00 0                                  [heap]
83a00000-88e00000 rw-p 00000000 00:00 0 
88e00000-d6900000 ---p 00000000 00:00 0 
d6900000-d9300000 rw-p 00000000 00:00 0 
d9300000-100000000 ---p 00000000 00:00 0 
100000000-100080000 rw-p 00000000 00:00 0 
100080000-140000000 ---p 00000000 00:00 0 
7f64fc000000-7f64fc021000 rw-p 00000000 00:00 0 
7f64fc021000-7f6500000000 ---p 00000000 00:00 0 
7f6500000000-7f6500021000 rw-p 00000000 00:00 0 
7f6500021000-7f6504000000 ---p 00000000 00:00 0 
7f6504000000-7f6504021000 rw-p 00000000 00:00 0 
7f6504021000-7f6508000000 ---p 00000000 00:00 0 
7f6508000000-7f650804e000 rw-p 00000000 00:00 0 
7f650804e000-7f650c000000 ---p 00000000 00:00 0 
7f650c000000-7f650c021000 rw-p 00000000 00:00 0 
7f650c021000-7f6510000000 ---p 00000000 00:00 0 
7f6510000000-7f651009a000 rw-p 00000000 00:00 0 
7f651009a000-7f6514000000 ---p 00000000 00:00 0 
7f6514000000-7f6514021000 rw-p 00000000 00:00 0 
7f6514021000-7f6518000000 ---p 00000000 00:00 0 
7f6518000000-7f6518021000 rw-p 00000000 00:00 0 
7f6518021000-7f651c000000 ---p 00000000 00:00 0 
7f651c000000-7f651c021000 rw-p 00000000 00:00 0 
7f651c021000-7f6520000000 ---p 00000000 00:00 0 
7f6520000000-7f6520021000 rw-p 00000000 00:00 0 
7f6520021000-7f6524000000 ---p 00000000 00:00 0 
7f6524000000-7f6524021000 rw-p 00000000 00:00 0 
7f6524021000-7f6528000000 ---p 00000000 00:00 0 
7f652b5ed000-7f652ba2d000 rw-p 00000000 00:00 0 
7f652ba2d000-7f652bded000 ---p 00000000 00:00 0 
7f652c000000-7f652c021000 rw-p 00000000 00:00 0 
7f652c021000-7f6530000000 ---p 00000000 00:00 0 
7f6531ebc000-7f6532144000 rw-p 00000000 00:00 0 
7f6532144000-7f6532146000 r-xp 00000000 08:01 1192527                    /home/antchil/Documents/module-2.2/hash_table_JNI/libhash_table.so
7f6532146000-7f6532345000 ---p 00002000 08:01 1192527                    /home/antchil/Documents/module-2.2/hash_table_JNI/libhash_table.so
7f6532345000-7f6532346000 r--p 00001000 08:01 1192527                    /home/antchil/Documents/module-2.2/hash_table_JNI/libhash_table.so
7f6532346000-7f6532347000 rw-p 00002000 08:01 1192527                    /home/antchil/Documents/module-2.2/hash_table_JNI/libhash_table.so
7f6532347000-7f65323dd000 r--s 0110a000 08:01 2491209                    /usr/lib/jvm/java-8-oracle/jre/lib/ext/jfxrt.jar
7f65323dd000-7f65323de000 ---p 00000000 00:00 0 
7f65323de000-7f65324de000 rw-p 00000000 00:00 0 
7f65324de000-7f65324e1000 ---p 00000000 00:00 0 
7f65324e1000-7f65325df000 rw-p 00000000 00:00 0 
7f65325df000-7f65325e2000 ---p 00000000 00:00 0 
7f65325e2000-7f65326e0000 rw-p 00000000 00:00 0 
7f65326e0000-7f65326e3000 ---p 00000000 00:00 0 
7f65326e3000-7f65327e1000 rw-p 00000000 00:00 0 
7f65327e1000-7f65327e4000 ---p 00000000 00:00 0 
7f65327e4000-7f65328e2000 rw-p 00000000 00:00 0 
7f65328e2000-7f65328e5000 ---p 00000000 00:00 0 
7f65328e5000-7f65329e3000 rw-p 00000000 00:00 0 
7f65329e3000-7f6532cbb000 r--p 00000000 08:01 2360788                    /usr/lib/locale/locale-archive
7f6532cbb000-7f6532cbe000 ---p 00000000 00:00 0 
7f6532cbe000-7f6532dbc000 rw-p 00000000 00:00 0 
7f6532dbc000-7f6532dbf000 ---p 00000000 00:00 0 
7f6532dbf000-7f6532ebd000 rw-p 00000000 00:00 0 
7f6532ebd000-7f6532ebe000 ---p 00000000 00:00 0 
7f6532ebe000-7f6538000000 rw-p 00000000 00:00 0 
7f6538000000-7f6538021000 rw-p 00000000 00:00 0 
7f6538021000-7f653c000000 ---p 00000000 00:00 0 
7f653c00f000-7f653c173000 rw-p 00000000 00:00 0 
7f653c173000-7f653c34c000 r--s 03d64000 08:01 2491062                    /usr/lib/jvm/java-8-oracle/jre/lib/rt.jar
7f653c34c000-7f653c3c2000 rw-p 00000000 00:00 0 
7f653c3c2000-7f653c3c3000 ---p 00000000 00:00 0 
7f653c3c3000-7f653c4c3000 rw-p 00000000 00:00 0 
7f653c4c3000-7f653c4c4000 ---p 00000000 00:00 0 
7f653c4c4000-7f653c5ee000 rw-p 00000000 00:00 0 
7f653c5ee000-7f653c85c000 ---p 00000000 00:00 0 
7f653c85c000-7f653c886000 rw-p 00000000 00:00 0 
7f653c886000-7f653caf3000 ---p 00000000 00:00 0 
7f653caf3000-7f653cb09000 rw-p 00000000 00:00 0 
7f653cb09000-7f653cc3f000 ---p 00000000 00:00 0 
7f653cc3f000-7f653cc4a000 rw-p 00000000 00:00 0 
7f653cc4a000-7f653d000000 ---p 00000000 00:00 0 
7f653d000000-7f653d270000 rwxp 00000000 00:00 0 
7f653d270000-7f654c000000 ---p 00000000 00:00 0 
7f654c000000-7f654c124000 rw-p 00000000 00:00 0 
7f654c124000-7f6550000000 ---p 00000000 00:00 0 
7f655001b000-7f655006a000 rw-p 00000000 00:00 0 
7f655006a000-7f655006b000 ---p 00000000 00:00 0 
7f655006b000-7f655016b000 rw-p 00000000 00:00 0 
7f655016b000-7f655016c000 ---p 00000000 00:00 0 
7f655016c000-7f655026c000 rw-p 00000000 00:00 0 
7f655026c000-7f6550287000 r-xp 00000000 08:01 2491134                    /usr/lib/jvm/java-8-oracle/jre/lib/amd64/libzip.so
7f6550287000-7f6550487000 ---p 0001b000 08:01 2491134                    /usr/lib/jvm/java-8-oracle/jre/lib/amd64/libzip.so
7f6550487000-7f6550488000 rw-p 0001b000 08:01 2491134                    /usr/lib/jvm/java-8-oracle/jre/lib/amd64/libzip.so
7f6550488000-7f6550493000 r-xp 00000000 08:01 1451889                    /lib/x86_64-linux-gnu/libnss_files-2.23.so
7f6550493000-7f6550692000 ---p 0000b000 08:01 1451889                    /lib/x86_64-linux-gnu/libnss_files-2.23.so
7f6550692000-7f6550693000 r--p 0000a000 08:01 1451889                    /lib/x86_64-linux-gnu/libnss_files-2.23.so
7f6550693000-7f6550694000 rw-p 0000b000 08:01 1451889                    /lib/x86_64-linux-gnu/libnss_files-2.23.so
7f6550694000-7f655069a000 rw-p 00000000 00:00 0 
7f655069a000-7f65506a5000 r-xp 00000000 08:01 1451898                    /lib/x86_64-linux-gnu/libnss_nis-2.23.so
7f65506a5000-7f65508a4000 ---p 0000b000 08:01 1451898                    /lib/x86_64-linux-gnu/libnss_nis-2.23.so
7f65508a4000-7f65508a5000 r--p 0000a000 08:01 1451898                    /lib/x86_64-linux-gnu/libnss_nis-2.23.so
7f65508a5000-7f65508a6000 rw-p 0000b000 08:01 1451898                    /lib/x86_64-linux-gnu/libnss_nis-2.23.so
7f65508a6000-7f65508bc000 r-xp 00000000 08:01 1451823                    /lib/x86_64-linux-gnu/libnsl-2.23.so
7f65508bc000-7f6550abb000 ---p 00016000 08:01 1451823                    /lib/x86_64-linux-gnu/libnsl-2.23.so
7f6550abb000-7f6550abc000 r--p 00015000 08:01 1451823                    /lib/x86_64-linux-gnu/libnsl-2.23.so
7f6550abc000-7f6550abd000 rw-p 00016000 08:01 1451823                    /lib/x86_64-linux-gnu/libnsl-2.23.so
7f6550abd000-7f6550abf000 rw-p 00000000 00:00 0 
7f6550abf000-7f6550ac7000 r-xp 00000000 08:01 1451872                    /lib/x86_64-linux-gnu/libnss_compat-2.23.so
7f6550ac7000-7f6550cc6000 ---p 00008000 08:01 1451872                    /lib/x86_64-linux-gnu/libnss_compat-2.23.so
7f6550cc6000-7f6550cc7000 r--p 00007000 08:01 1451872                    /lib/x86_64-linux-gnu/libnss_compat-2.23.so
7f6550cc7000-7f6550cc8000 rw-p 00008000 08:01 1451872                    /lib/x86_64-linux-gnu/libnss_compat-2.23.so
7f6550cc8000-7f6550cf3000 r-xp 00000000 08:01 2491128                    /usr/lib/jvm/java-8-oracle/jre/lib/amd64/libjava.so
7f6550cf3000-7f6550ef2000 ---p 0002b000 08:01 2491128                    /usr/lib/jvm/java-8-oracle/jre/lib/amd64/libjava.so
7f6550ef2000-7f6550ef4000 rw-p 0002a000 08:01 2491128                    /usr/lib/jvm/java-8-oracle/jre/lib/amd64/libjava.so
7f6550ef4000-7f6550f01000 r-xp 00000000 08:01 2491133                    /usr/lib/jvm/java-8-oracle/jre/lib/amd64/libverify.so
7f6550f01000-7f6551101000 ---p 0000d000 08:01 2491133                    /usr/lib/jvm/java-8-oracle/jre/lib/amd64/libverify.so
7f6551101000-7f6551103000 rw-p 0000d000 08:01 2491133                    /usr/lib/jvm/java-8-oracle/jre/lib/amd64/libverify.so
7f6551103000-7f655110a000 r-xp 00000000 08:01 1451899                    /lib/x86_64-linux-gnu/librt-2.23.so
7f655110a000-7f6551309000 ---p 00007000 08:01 1451899                    /lib/x86_64-linux-gnu/librt-2.23.so
7f6551309000-7f655130a000 r--p 00006000 08:01 1451899                    /lib/x86_64-linux-gnu/librt-2.23.so
7f655130a000-7f655130b000 rw-p 00007000 08:01 1451899                    /lib/x86_64-linux-gnu/librt-2.23.so
7f655130b000-7f6551413000 r-xp 00000000 08:01 1451812                    /lib/x86_64-linux-gnu/libm-2.23.so
7f6551413000-7f6551612000 ---p 00108000 08:01 1451812                    /lib/x86_64-linux-gnu/libm-2.23.so
7f6551612000-7f6551613000 r--p 00107000 08:01 1451812                    /lib/x86_64-linux-gnu/libm-2.23.so
7f6551613000-7f6551614000 rw-p 00108000 08:01 1451812                    /lib/x86_64-linux-gnu/libm-2.23.so
7f6551614000-7f65522ed000 r-xp 00000000 08:01 2491156                    /usr/lib/jvm/java-8-oracle/jre/lib/amd64/server/libjvm.so
7f65522ed000-7f65524ec000 ---p 00cd9000 08:01 2491156                    /usr/lib/jvm/java-8-oracle/jre/lib/amd64/server/libjvm.so
7f65524ec000-7f65525c5000 rw-p 00cd8000 08:01 2491156                    /usr/lib/jvm/java-8-oracle/jre/lib/amd64/server/libjvm.so
7f65525c5000-7f6552611000 rw-p 00000000 00:00 0 
7f6552611000-7f65527d1000 r-xp 00000000 08:01 1451840                    /lib/x86_64-linux-gnu/libc-2.23.so
7f65527d1000-7f65529d1000 ---p 001c0000 08:01 1451840                    /lib/x86_64-linux-gnu/libc-2.23.so
7f65529d1000-7f65529d5000 r--p 001c0000 08:01 1451840                    /lib/x86_64-linux-gnu/libc-2.23.so
7f65529d5000-7f65529d7000 rw-p 001c4000 08:01 1451840                    /lib/x86_64-linux-gnu/libc-2.23.so
7f65529d7000-7f65529db000 rw-p 00000000 00:00 0 
7f65529db000-7f65529de000 r-xp 00000000 08:01 1451842                    /lib/x86_64-linux-gnu/libdl-2.23.so
7f65529de000-7f6552bdd000 ---p 00003000 08:01 1451842                    /lib/x86_64-linux-gnu/libdl-2.23.so
7f6552bdd000-7f6552bde000 r--p 00002000 08:01 1451842                    /lib/x86_64-linux-gnu/libdl-2.23.so
7f6552bde000-7f6552bdf000 rw-p 00003000 08:01 1451842                    /lib/x86_64-linux-gnu/libdl-2.23.so
7f6552bdf000-7f6552bf5000 r-xp 00000000 08:01 2491152                    /usr/lib/jvm/java-8-oracle/jre/lib/amd64/jli/libjli.so
7f6552bf5000-7f6552df4000 ---p 00016000 08:01 2491152                    /usr/lib/jvm/java-8-oracle/jre/lib/amd64/jli/libjli.so
7f6552df4000-7f6552df5000 rw-p 00015000 08:01 2491152                    /usr/lib/jvm/java-8-oracle/jre/lib/amd64/jli/libjli.so
7f6552df5000-7f6552e0d000 r-xp 00000000 08:01 1451839                    /lib/x86_64-linux-gnu/libpthread-2.23.so
7f6552e0d000-7f655300c000 ---p 00018000 08:01 1451839                    /lib/x86_64-linux-gnu/libpthread-2.23.so
7f655300c000-7f655300d000 r--p 00017000 08:01 1451839                    /lib/x86_64-linux-gnu/libpthread-2.23.so
7f655300d000-7f655300e000 rw-p 00018000 08:01 1451839                    /lib/x86_64-linux-gnu/libpthread-2.23.so
7f655300e000-7f6553012000 rw-p 00000000 00:00 0 
7f6553012000-7f6553038000 r-xp 00000000 08:01 1451838                    /lib/x86_64-linux-gnu/ld-2.23.so
7f655304f000-7f655311a000 rw-p 00000000 00:00 0 
7f655311a000-7f655311d000 ---p 00000000 00:00 0 
7f655311d000-7f6553220000 rw-p 00000000 00:00 0 
7f655322d000-7f6553235000 rw-s 00000000 08:01 2228286                    /tmp/hsperfdata_antchil/12780
7f6553235000-7f6553236000 rw-p 00000000 00:00 0 
7f6553236000-7f6553237000 r--p 00000000 00:00 0 
7f6553237000-7f6553238000 r--p 00025000 08:01 1451838                    /lib/x86_64-linux-gnu/ld-2.23.so
7f6553238000-7f6553239000 rw-p 00026000 08:01 1451838                    /lib/x86_64-linux-gnu/ld-2.23.so
7f6553239000-7f655323a000 rw-p 00000000 00:00 0 
7ffd92903000-7ffd92925000 rw-p 00000000 00:00 0                          [stack]
7ffd929e6000-7ffd929e9000 r--p 00000000 00:00 0                          [vvar]
7ffd929e9000-7ffd929eb000 r-xp 00000000 00:00 0                          [vdso]
ffffffffff600000-ffffffffff601000 r-xp 00000000 00:00 0                  [vsyscall]

VM Arguments:
jvm_args: -Djava.library.path=. 
java_command: HashTable
java_class_path (initial): .
Launcher Type: SUN_STANDARD

Environment Variables:
JAVA_HOME=/usr/lib/jvm/java-8-oracle
JRE_HOME=/usr/lib/jvm/java-8-oracle/jre
PATH=/home/antchil/bin:/home/antchil/.local/bin:/home/antchil/bin:/home/antchil/.local/bin:/usr/local/sbin:/usr/local/bin:/usr/sbin:/usr/bin:/sbin:/bin:/usr/games:/usr/local/games:/snap/bin:/usr/lib/jvm/java-8-oracle/bin:/usr/lib/jvm/java-8-oracle/db/bin:/usr/lib/jvm/java-8-oracle/jre/bin:/snap/bin:/usr/lib/jvm/java-8-oracle/bin:/usr/lib/jvm/java-8-oracle/db/bin:/usr/lib/jvm/java-8-oracle/jre/bin:/home/antchil/Documents/linux-master/script:/home/antchil/Documents/linux-master/script
SHELL=/bin/bash
DISPLAY=:0

Signal Handlers:
SIGSEGV: [libjvm.so+0xad01e0], sa_mask[0]=11111111011111111101111111111110, sa_flags=SA_RESTART|SA_SIGINFO
SIGBUS: [libjvm.so+0xad01e0], sa_mask[0]=11111111011111111101111111111110, sa_flags=SA_RESTART|SA_SIGINFO
SIGFPE: [libjvm.so+0x927fb0], sa_mask[0]=11111111011111111101111111111110, sa_flags=SA_RESTART|SA_SIGINFO
SIGPIPE: [libjvm.so+0x927fb0], sa_mask[0]=11111111011111111101111111111110, sa_flags=SA_RESTART|SA_SIGINFO
SIGXFSZ: [libjvm.so+0x927fb0], sa_mask[0]=11111111011111111101111111111110, sa_flags=SA_RESTART|SA_SIGINFO
SIGILL: [libjvm.so+0x927fb0], sa_mask[0]=11111111011111111101111111111110, sa_flags=SA_RESTART|SA_SIGINFO
SIGUSR1: SIG_DFL, sa_mask[0]=00000000000000000000000000000000, sa_flags=none
SIGUSR2: [libjvm.so+0x9297f0], sa_mask[0]=00000000000000000000000000000000, sa_flags=SA_RESTART|SA_SIGINFO
SIGHUP: [libjvm.so+0x92abf0], sa_mask[0]=11111111011111111101111111111110, sa_flags=SA_RESTART|SA_SIGINFO
SIGINT: [libjvm.so+0x92abf0], sa_mask[0]=11111111011111111101111111111110, sa_flags=SA_RESTART|SA_SIGINFO
SIGTERM: [libjvm.so+0x92abf0], sa_mask[0]=11111111011111111101111111111110, sa_flags=SA_RESTART|SA_SIGINFO
SIGQUIT: [libjvm.so+0x92abf0], sa_mask[0]=11111111011111111101111111111110, sa_flags=SA_RESTART|SA_SIGINFO


---------------  S Y S T E M  ---------------

OS:DISTRIB_ID=Ubuntu
DISTRIB_RELEASE=16.04
DISTRIB_CODENAME=xenial
DISTRIB_DESCRIPTION="Ubuntu 16.04.2 LTS"

uname:Linux 4.13.0-32-generic #35~16.04.1-Ubuntu SMP Thu Jan 25 10:13:43 UTC 2018 x86_64
libc:glibc 2.23 NPTL 2.23 
rlimit: STACK 8192k, CORE 0k, NPROC 31612, NOFILE 1048576, AS infinity
load average:0.55 0.74 0.90

/proc/meminfo:
MemTotal:        8145220 kB
MemFree:          372272 kB
MemAvailable:    1778780 kB
Buffers:           80508 kB
Cached:          1571252 kB
SwapCached:         2128 kB
Active:          3132444 kB
Inactive:        1328116 kB
Active(anon):    2216616 kB
Inactive(anon):   662572 kB
Active(file):     915828 kB
Inactive(file):   665544 kB
Unevictable:          32 kB
Mlocked:              32 kB
SwapTotal:       1045500 kB
SwapFree:        1024252 kB
Dirty:               332 kB
Writeback:             0 kB
AnonPages:       2807436 kB
Mapped:           294272 kB
Shmem:             70388 kB
Slab:             161072 kB
SReclaimable:      92852 kB
SUnreclaim:        68220 kB
KernelStack:       14640 kB
PageTables:        44060 kB
NFS_Unstable:          0 kB
Bounce:                0 kB
WritebackTmp:          0 kB
CommitLimit:     5118108 kB
Committed_AS:    7967832 kB
VmallocTotal:   34359738367 kB
VmallocUsed:           0 kB
VmallocChunk:          0 kB
HardwareCorrupted:     0 kB
AnonHugePages:         0 kB
ShmemHugePages:        0 kB
ShmemPmdMapped:        0 kB
CmaTotal:              0 kB
CmaFree:               0 kB
HugePages_Total:       0
HugePages_Free:        0
HugePages_Rsvd:        0
HugePages_Surp:        0
Hugepagesize:       2048 kB
DirectMap4k:       87872 kB
DirectMap2M:     6203392 kB
DirectMap1G:     4194304 kB


CPU:total 4 (initial active 4) (1 cores per cpu, 1 threads per core) family 6 model 158 stepping 9, cmov, cx8, fxsr, mmx, sse, sse2, sse3, ssse3, sse4.1, sse4.2, popcnt, aes, clmul, erms, 3dnowpref, lzcnt, tsc, tscinvbit

/proc/cpuinfo:
processor	: 0
vendor_id	: GenuineIntel
cpu family	: 6
model		: 158
model name	: Intel(R) Pentium(R) CPU G4600 @ 3.60GHz
stepping	: 9
microcode	: 0x5e
cpu MHz		: 3600.007
cache size	: 3072 KB
physical id	: 0
siblings	: 1
core id		: 0
cpu cores	: 1
apicid		: 0
initial apicid	: 0
fpu		: yes
fpu_exception	: yes
cpuid level	: 22
wp		: yes
flags		: fpu vme de pse tsc msr pae mce cx8 apic sep mtrr pge mca cmov pat pse36 clflush mmx fxsr sse sse2 ss syscall nx pdpe1gb rdtscp lm constant_tsc arch_perfmon nopl xtopology tsc_reliable nonstop_tsc cpuid pni pclmulqdq ssse3 cx16 pcid sse4_1 sse4_2 x2apic movbe popcnt tsc_deadline_timer aes xsave rdrand hypervisor lahf_lm abm 3dnowprefetch cpuid_fault invpcid_single pti fsgsbase tsc_adjust smep invpcid mpx rdseed smap clflushopt xsaveopt xsavec xsaves arat
bugs		: cpu_meltdown spectre_v1 spectre_v2
bogomips	: 7200.01
clflush size	: 64
cache_alignment	: 64
address sizes	: 43 bits physical, 48 bits virtual
power management:

processor	: 1
vendor_id	: GenuineIntel
cpu family	: 6
model		: 158
model name	: Intel(R) Pentium(R) CPU G4600 @ 3.60GHz
stepping	: 9
microcode	: 0x5e
cpu MHz		: 3600.007
cache size	: 3072 KB
physical id	: 2
siblings	: 1
core id		: 0
cpu cores	: 1
apicid		: 2
initial apicid	: 2
fpu		: yes
fpu_exception	: yes
cpuid level	: 22
wp		: yes
flags		: fpu vme de pse tsc msr pae mce cx8 apic sep mtrr pge mca cmov pat pse36 clflush mmx fxsr sse sse2 ss syscall nx pdpe1gb rdtscp lm constant_tsc arch_perfmon nopl xtopology tsc_reliable nonstop_tsc cpuid pni pclmulqdq ssse3 cx16 pcid sse4_1 sse4_2 x2apic movbe popcnt tsc_deadline_timer aes xsave rdrand hypervisor lahf_lm abm 3dnowprefetch cpuid_fault invpcid_single pti fsgsbase tsc_adjust smep invpcid mpx rdseed smap clflushopt xsaveopt xsavec xsaves arat
bugs		: cpu_meltdown spectre_v1 spectre_v2
bogomips	: 7200.01
clflush size	: 64
cache_alignment	: 64
address sizes	: 43 bits physical, 48 bits virtual
power management:

processor	: 2
vendor_id	: GenuineIntel
cpu family	: 6
model		: 158
model name	: Intel(R) Pentium(R) CPU G4600 @ 3.60GHz
stepping	: 9
microcode	: 0x5e
cpu MHz		: 3600.007
cache size	: 3072 KB
physical id	: 4
siblings	: 1
core id		: 0
cpu cores	: 1
apicid		: 4
initial apicid	: 4
fpu		: yes
fpu_exception	: yes
cpuid level	: 22
wp		: yes
flags		: fpu vme de pse tsc msr pae mce cx8 apic sep mtrr pge mca cmov pat pse36 clflush mmx fxsr sse sse2 ss syscall nx pdpe1gb rdtscp lm constant_tsc arch_perfmon nopl xtopology tsc_reliable nonstop_tsc cpuid pni pclmulqdq ssse3 cx16 pcid sse4_1 sse4_2 x2apic movbe popcnt tsc_deadline_timer aes xsave rdrand hypervisor lahf_lm abm 3dnowprefetch cpuid_fault invpcid_single pti fsgsbase tsc_adjust smep invpcid mpx rdseed smap clflushopt xsaveopt xsavec xsaves arat
bugs		: cpu_meltdown spectre_v1 spectre_v2
bogomips	: 7200.01
clflush size	: 64
cache_alignment	: 64
address sizes	: 43 bits physical, 48 bits virtual
power management:

processor	: 3
vendor_id	: GenuineIntel
cpu family	: 6
model		: 158
model name	: Intel(R) Pentium(R) CPU G4600 @ 3.60GHz
stepping	: 9
microcode	: 0x5e
cpu MHz		: 3600.007
cache size	: 3072 KB
physical id	: 6
siblings	: 1
core id		: 0
cpu cores	: 1
apicid		: 6
initial apicid	: 6
fpu		: yes
fpu_exception	: yes
cpuid level	: 22
wp		: yes
flags		: fpu vme de pse tsc msr pae mce cx8 apic sep mtrr pge mca cmov pat pse36 clflush mmx fxsr sse sse2 ss syscall nx pdpe1gb rdtscp lm constant_tsc arch_perfmon nopl xtopology tsc_reliable nonstop_tsc cpuid pni pclmulqdq ssse3 cx16 pcid sse4_1 sse4_2 x2apic movbe popcnt tsc_deadline_timer aes xsave rdrand hypervisor lahf_lm abm 3dnowprefetch cpuid_fault invpcid_single pti fsgsbase tsc_adjust smep invpcid mpx rdseed smap clflushopt xsaveopt xsavec xsaves arat
bugs		: cpu_meltdown spectre_v1 spectre_v2
bogomips	: 7200.01
clflush size	: 64
cache_alignment	: 64
address sizes	: 43 bits physical, 48 bits virtual
power management:



Memory: 4k page, physical 8145220k(372024k free), swap 1045500k(1024252k free)

vm_info: Java HotSpot(TM) 64-Bit Server VM (25.161-b12) for linux-amd64 JRE (1.8.0_161-b12), built on Dec 19 2017 16:12:43 by "java_re" with gcc 4.3.0 20080428 (Red Hat 4.3.0-8)

time: Mon Feb 12 09:11:30 2018
elapsed time: 0 seconds (0d 0h 0m 0s)

